Clock: clk
Sources: clk 
Generated: no
Virtual: yes
Propagated: no
Period: 25.000000

===========================================================================
report_clock_properties
============================================================================
Clock                   Period          Waveform
----------------------------------------------------
clk                  25.000000    0.000000 12.500000

===========================================================================
report_clock_latency
============================================================================
Clock clk
rise -> rise
    min     max
0.000000 0.000000 source latency
0.453050         network latency _4823_/CLK
        0.586395 network latency _4347_/CLK
---------------
0.453050 0.586395 latency
        0.133344 skew

fall -> fall
    min     max
0.000000 0.000000 source latency
0.366216         network latency _4823_/CLK
        0.492760 network latency _4347_/CLK
---------------
0.366216 0.492760 latency
        0.126543 skew



===========================================================================
report_clock_min_period
============================================================================
clk period_min = 2.61 fmax = 382.76
