[WARNING ORD-0039] .openroad ignored with -python
Unannotated report:
['report_parasitic_annotation -report_unannotated\n',
 '============================================================================\n',
 'Found 61 unannotated drivers.\n',
 ' value[0]\n',
 ' value[1]\n',
 ' value[2]\n',
 ' value[3]\n',
 ' clkload0/Y\n',
 ' clkload1/Y\n',
 ' clkload10/Y\n',
 ' clkload11/X\n',
 ' clkload12/Y\n',
 ' clkload13/Y\n',
 ' clkload14/X\n',
 ' clkload15/Y\n',
 ' clkload16/Y\n',
 ' clkload17/Y\n',
 ' clkload18/Y\n',
 ' clkload19/Y\n',
 ' clkload2/Y\n',
 ' clkload20/X\n',
 ' clkload21/Y\n',
 ' clkload22/X\n',
 ' clkload23/Y\n',
 ' clkload24/Y\n',
 ' clkload25/Y\n',
 ' clkload26/Y\n',
 ' clkload27/Y\n',
 ' clkload28/X\n',
 ' clkload29/Y\n',
 ' clkload3/X\n',
 ' clkload30/X\n',
 ' clkload31/Y\n',
 ' clkload32/X\n',
 ' clkload33/X\n',
 ' clkload34/Y\n',
 ' clkload35/Y\n',
 ' clkload36/Y\n',
 ' clkload37/X\n',
 ' clkload38/Y\n',
 ' clkload39/X\n',
 ' clkload4/X\n',
 ' clkload40/X\n',
 ' clkload41/X\n',
 ' clkload42/X\n',
 ' clkload43/X\n',
 ' clkload44/X\n',
 ' clkload45/Y\n',
 ' clkload46/Y\n',
 ' clkload47/Y\n',
 ' clkload48/Y\n',
 ' clkload49/Y\n',
 ' clkload5/Y\n',
 ' clkload50/Y\n',
 ' clkload51/X\n',
 ' clkload52/Y\n',
 ' clkload53/Y\n',
 ' clkload54/Y\n',
 ' clkload55/Y\n',
 ' clkload56/X\n',
 ' clkload6/X\n',
 ' clkload7/Y\n',
 ' clkload8/Y\n',
 ' clkload9/X\n',
 'Found 0 partially unannotated drivers.\n',
 '\n']
Reported nets:
['value[0]',
 'value[1]',
 'value[2]',
 'value[3]',
 'clkload0/Y',
 'clkload1/Y',
 'clkload10/Y',
 'clkload11/X',
 'clkload12/Y',
 'clkload13/Y',
 'clkload14/X',
 'clkload15/Y',
 'clkload16/Y',
 'clkload17/Y',
 'clkload18/Y',
 'clkload19/Y',
 'clkload2/Y',
 'clkload20/X',
 'clkload21/Y',
 'clkload22/X',
 'clkload23/Y',
 'clkload24/Y',
 'clkload25/Y',
 'clkload26/Y',
 'clkload27/Y',
 'clkload28/X',
 'clkload29/Y',
 'clkload3/X',
 'clkload30/X',
 'clkload31/Y',
 'clkload32/X',
 'clkload33/X',
 'clkload34/Y',
 'clkload35/Y',
 'clkload36/Y',
 'clkload37/X',
 'clkload38/Y',
 'clkload39/X',
 'clkload4/X',
 'clkload40/X',
 'clkload41/X',
 'clkload42/X',
 'clkload43/X',
 'clkload44/X',
 'clkload45/Y',
 'clkload46/Y',
 'clkload47/Y',
 'clkload48/Y',
 'clkload49/Y',
 'clkload5/Y',
 'clkload50/Y',
 'clkload51/X',
 'clkload52/Y',
 'clkload53/Y',
 'clkload54/Y',
 'clkload55/Y',
 'clkload56/X',
 'clkload6/X',
 'clkload7/Y',
 'clkload8/Y',
 'clkload9/X']
Filtered nets:
[]
done
