Reading OpenROAD database at '/home/niko_tambornini/EE531/my_designs/FPU_32_Bit/runs/RUN_2026-03-09_23-53-45/41-openroad-repairantennas/1-openroad-diodeinsertion/FP32_ADD.odb'…
Reading library file at '/home/niko_tambornini/.ciel/ciel/sky130/versions/0fe599b2afb6708d281543108caf8310912f54af/sky130A/libs.ref/sky130_fd_sc_hd/lib/sky130_fd_sc_hd__tt_025C_1v80.lib'…
Reading design constraints file at '/nix/store/svkrfkkpaij5qb9xjbcwfymcd4s8hczv-python3-3.11.9-env/lib/python3.11/site-packages/librelane/scripts/base.sdc'…
[INFO] Using clock clk…
[INFO] Setting output delay to: 5
[INFO] Setting input delay to: 5
[INFO] Setting load to: 0.033442
[INFO] Setting clock uncertainty to: 0.25
[INFO] Setting clock transition to: 0.1499999999999999944488848768742172978818416595458984375
[INFO] Setting timing derate to: 5%
[INFO ORD-0030] Using 28 thread(s).
[INFO DRT-0149] Reading tech and libs.
[WARNING DRT-0349] LEF58_ENCLOSURE with no CUTCLASS is not supported. Skipping for layer mcon
[WARNING DRT-0349] LEF58_ENCLOSURE with no CUTCLASS is not supported. Skipping for layer mcon
[WARNING DRT-0349] LEF58_ENCLOSURE with no CUTCLASS is not supported. Skipping for layer via
[WARNING DRT-0349] LEF58_ENCLOSURE with no CUTCLASS is not supported. Skipping for layer via
[WARNING DRT-0349] LEF58_ENCLOSURE with no CUTCLASS is not supported. Skipping for layer via2
[WARNING DRT-0349] LEF58_ENCLOSURE with no CUTCLASS is not supported. Skipping for layer via2
[WARNING DRT-0349] LEF58_ENCLOSURE with no CUTCLASS is not supported. Skipping for layer via3
[WARNING DRT-0349] LEF58_ENCLOSURE with no CUTCLASS is not supported. Skipping for layer via3
[WARNING DRT-0349] LEF58_ENCLOSURE with no CUTCLASS is not supported. Skipping for layer via4
[WARNING DRT-0349] LEF58_ENCLOSURE with no CUTCLASS is not supported. Skipping for layer via4

Units:                1000
Number of layers:     13
Number of macros:     441
Number of vias:       29
Number of viarulegen: 25

[INFO DRT-0150] Reading design.

Design:                   FP32_ADD
Die area:                 ( 0 0 ) ( 230335 241055 )
Number of track patterns: 12
Number of DEF vias:       0
Number of components:     3505
Number of terminals:      100
Number of snets:          2
Number of nets:           2728

[INFO DRT-0167] List of default vias:
  Layer via
    default via: M1M2_PR
  Layer via2
    default via: M2M3_PR
  Layer via3
    default via: M3M4_PR
  Layer via4
    default via: M4M5_PR
[INFO DRT-0162] Library cell analysis.
[INFO DRT-0163] Instance analysis.
[INFO DRT-0164] Number of unique instances = 285.
[INFO DRT-0168] Init region query.
[INFO DRT-0024]   Complete FR_MASTERSLICE.
[INFO DRT-0024]   Complete licon.
[INFO DRT-0024]   Complete li1.
[INFO DRT-0024]   Complete mcon.
[INFO DRT-0024]   Complete met1.
[INFO DRT-0024]   Complete via.
[INFO DRT-0024]   Complete met2.
[INFO DRT-0024]   Complete via2.
[INFO DRT-0024]   Complete met3.
[INFO DRT-0024]   Complete via3.
[INFO DRT-0024]   Complete met4.
[INFO DRT-0024]   Complete via4.
[INFO DRT-0024]   Complete met5.
[INFO DRT-0033] FR_MASTERSLICE shape region query size = 0.
[INFO DRT-0033] licon shape region query size = 0.
[INFO DRT-0033] li1 shape region query size = 83406.
[INFO DRT-0033] mcon shape region query size = 0.
[INFO DRT-0033] met1 shape region query size = 9819.
[INFO DRT-0033] via shape region query size = 810.
[INFO DRT-0033] met2 shape region query size = 501.
[INFO DRT-0033] via2 shape region query size = 648.
[INFO DRT-0033] met3 shape region query size = 569.
[INFO DRT-0033] via3 shape region query size = 648.
[INFO DRT-0033] met4 shape region query size = 178.
[INFO DRT-0033] via4 shape region query size = 8.
[INFO DRT-0033] met5 shape region query size = 16.
[INFO DRT-0165] Start pin access.
[INFO DRT-0076]   Complete 1000 pins.
[INFO DRT-0078]   Complete 1086 pins.
[INFO DRT-0079]   Complete 100 unique inst patterns.
[INFO DRT-0079]   Complete 200 unique inst patterns.
[INFO DRT-0081]   Complete 279 unique inst patterns.
[INFO DRT-0084]   Complete 1537 groups.
#scanned instances     = 3505
#unique  instances     = 285
#stdCellGenAp          = 8009
#stdCellValidPlanarAp  = 45
#stdCellValidViaAp     = 6381
#stdCellPinNoAp        = 0
#stdCellPinCnt         = 9264
#instTermValidViaApCnt = 0
#macroGenAp            = 0
#macroValidPlanarAp    = 0
#macroValidViaAp       = 0
#macroNoAp             = 0
[INFO DRT-0166] Complete pin access.
[INFO DRT-0267] cpu time = 00:00:39, elapsed time = 00:00:01, memory = 160.35 (MB), peak = 160.35 (MB)

[INFO DRT-0157] Number of guides:     19424

[INFO DRT-0169] Post process guides.
[INFO DRT-0176] GCELLGRID X 0 DO 33 STEP 6900 ;
[INFO DRT-0177] GCELLGRID Y 0 DO 34 STEP 6900 ;
[INFO DRT-0028]   Complete FR_MASTERSLICE.
[INFO DRT-0028]   Complete licon.
[INFO DRT-0028]   Complete li1.
[INFO DRT-0028]   Complete mcon.
[INFO DRT-0028]   Complete met1.
[INFO DRT-0028]   Complete via.
[INFO DRT-0028]   Complete met2.
[INFO DRT-0028]   Complete via2.
[INFO DRT-0028]   Complete met3.
[INFO DRT-0028]   Complete via3.
[INFO DRT-0028]   Complete met4.
[INFO DRT-0028]   Complete via4.
[INFO DRT-0028]   Complete met5.
[INFO DRT-0178] Init guide query.
[INFO DRT-0035]   Complete FR_MASTERSLICE (guide).
[INFO DRT-0035]   Complete licon (guide).
[INFO DRT-0035]   Complete li1 (guide).
[INFO DRT-0035]   Complete mcon (guide).
[INFO DRT-0035]   Complete met1 (guide).
[INFO DRT-0035]   Complete via (guide).
[INFO DRT-0035]   Complete met2 (guide).
[INFO DRT-0035]   Complete via2 (guide).
[INFO DRT-0035]   Complete met3 (guide).
[INFO DRT-0035]   Complete via3 (guide).
[INFO DRT-0035]   Complete met4 (guide).
[INFO DRT-0035]   Complete via4 (guide).
[INFO DRT-0035]   Complete met5 (guide).
[INFO DRT-0036] FR_MASTERSLICE guide region query size = 0.
[INFO DRT-0036] licon guide region query size = 0.
[INFO DRT-0036] li1 guide region query size = 7089.
[INFO DRT-0036] mcon guide region query size = 0.
[INFO DRT-0036] met1 guide region query size = 5321.
[INFO DRT-0036] via guide region query size = 0.
[INFO DRT-0036] met2 guide region query size = 2775.
[INFO DRT-0036] via2 guide region query size = 0.
[INFO DRT-0036] met3 guide region query size = 235.
[INFO DRT-0036] via3 guide region query size = 0.
[INFO DRT-0036] met4 guide region query size = 65.
[INFO DRT-0036] via4 guide region query size = 0.
[INFO DRT-0036] met5 guide region query size = 0.
[INFO DRT-0179] Init gr pin query.
[INFO DRT-0245] skipped writing guide updates to database.
[INFO DRT-0185] Post process initialize RPin region query.
[INFO DRT-0181] Start track assignment.
[INFO DRT-0184] Done with 9929 vertical wires in 1 frboxes and 5556 horizontal wires in 1 frboxes.
[INFO DRT-0186] Done with 1001 vertical wires in 1 frboxes and 1656 horizontal wires in 1 frboxes.
[INFO DRT-0182] Complete track assignment.
[INFO DRT-0267] cpu time = 00:00:06, elapsed time = 00:00:00, memory = 197.32 (MB), peak = 197.32 (MB)
[INFO DRT-0187] Start routing data preparation.
[INFO DRT-0267] cpu time = 00:00:00, elapsed time = 00:00:00, memory = 197.32 (MB), peak = 197.32 (MB)
[INFO DRT-0194] Start detail routing.
[INFO DRT-0195] Start 0th optimization iteration.
    Completing 10% with 0 violations.
    elapsed time = 00:00:00, memory = 339.38 (MB).
    Completing 20% with 0 violations.
    elapsed time = 00:00:00, memory = 329.65 (MB).
    Completing 30% with 0 violations.
    elapsed time = 00:00:00, memory = 294.55 (MB).
    Completing 40% with 181 violations.
    elapsed time = 00:00:01, memory = 397.16 (MB).
    Completing 50% with 181 violations.
    elapsed time = 00:00:02, memory = 407.00 (MB).
    Completing 60% with 181 violations.
    elapsed time = 00:00:02, memory = 407.00 (MB).
    Completing 70% with 490 violations.
    elapsed time = 00:00:03, memory = 512.66 (MB).
    Completing 80% with 490 violations.
    elapsed time = 00:00:04, memory = 498.06 (MB).
    Completing 90% with 705 violations.
    elapsed time = 00:00:06, memory = 582.64 (MB).
    Completing 100% with 1049 violations.
    elapsed time = 00:00:11, memory = 516.80 (MB).
[INFO DRT-0199]   Number of violations = 1180.
Viol/Layer         li1   mcon   met1   met2   met3
Metal Spacing       19      0    210     57     41
Recheck              1      0     96     34      0
Short                0      1    648     73      0
[INFO DRT-0267] cpu time = 00:00:53, elapsed time = 00:00:11, memory = 847.12 (MB), peak = 847.12 (MB)
Total wire length = 69777 um.
Total wire length on LAYER li1 = 0 um.
Total wire length on LAYER met1 = 32593 um.
Total wire length on LAYER met2 = 32007 um.
Total wire length on LAYER met3 = 1857 um.
Total wire length on LAYER met4 = 3319 um.
Total wire length on LAYER met5 = 0 um.
Total number of vias = 19358.
Up-via summary (total 19358):

------------------------
 FR_MASTERSLICE        0
            li1     9270
           met1     9617
           met2      340
           met3      131
           met4        0
------------------------
                   19358


[INFO DRT-0195] Start 1st optimization iteration.
    Completing 10% with 1180 violations.
    elapsed time = 00:00:00, memory = 956.93 (MB).
    Completing 20% with 1180 violations.
    elapsed time = 00:00:00, memory = 986.02 (MB).
    Completing 30% with 1061 violations.
    elapsed time = 00:00:01, memory = 988.65 (MB).
    Completing 40% with 1061 violations.
    elapsed time = 00:00:01, memory = 988.87 (MB).
    Completing 50% with 1061 violations.
    elapsed time = 00:00:02, memory = 1048.15 (MB).
    Completing 60% with 1061 violations.
    elapsed time = 00:00:02, memory = 1019.32 (MB).
    Completing 70% with 1032 violations.
    elapsed time = 00:00:03, memory = 1145.98 (MB).
    Completing 80% with 1032 violations.
    elapsed time = 00:00:04, memory = 1083.19 (MB).
    Completing 90% with 949 violations.
    elapsed time = 00:00:05, memory = 1156.47 (MB).
    Completing 100% with 810 violations.
    elapsed time = 00:00:08, memory = 1091.87 (MB).
[INFO DRT-0199]   Number of violations = 810.
Viol/Layer        mcon   met1   met2   met3
Cut Spacing          1      0      0      0
Metal Spacing        0    107     40     33
Short                0    597     32      0
[INFO DRT-0267] cpu time = 00:00:49, elapsed time = 00:00:08, memory = 1092.09 (MB), peak = 1156.47 (MB)
Total wire length = 69247 um.
Total wire length on LAYER li1 = 0 um.
Total wire length on LAYER met1 = 32260 um.
Total wire length on LAYER met2 = 31896 um.
Total wire length on LAYER met3 = 1829 um.
Total wire length on LAYER met4 = 3260 um.
Total wire length on LAYER met5 = 0 um.
Total number of vias = 19205.
Up-via summary (total 19205):

------------------------
 FR_MASTERSLICE        0
            li1     9261
           met1     9492
           met2      328
           met3      124
           met4        0
------------------------
                   19205


[INFO DRT-0195] Start 2nd optimization iteration.
    Completing 10% with 810 violations.
    elapsed time = 00:00:00, memory = 1235.59 (MB).
    Completing 20% with 810 violations.
    elapsed time = 00:00:02, memory = 1159.38 (MB).
    Completing 30% with 856 violations.
    elapsed time = 00:00:02, memory = 1227.54 (MB).
    Completing 40% with 856 violations.
    elapsed time = 00:00:03, memory = 1254.67 (MB).
    Completing 50% with 856 violations.
    elapsed time = 00:00:05, memory = 1246.74 (MB).
    Completing 60% with 727 violations.
    elapsed time = 00:00:05, memory = 1246.74 (MB).
    Completing 70% with 727 violations.
    elapsed time = 00:00:07, memory = 1293.12 (MB).
    Completing 80% with 688 violations.
    elapsed time = 00:00:07, memory = 1293.12 (MB).
    Completing 90% with 688 violations.
    elapsed time = 00:00:08, memory = 1327.02 (MB).
    Completing 100% with 660 violations.
    elapsed time = 00:00:08, memory = 1329.43 (MB).
[INFO DRT-0199]   Number of violations = 660.
Viol/Layer        mcon   met1   met2   met3
Cut Spacing          4      0      0      0
Metal Spacing        0     73     39     26
Short                0    501     17      0
[INFO DRT-0267] cpu time = 00:00:50, elapsed time = 00:00:09, memory = 1332.49 (MB), peak = 1332.49 (MB)
Total wire length = 69089 um.
Total wire length on LAYER li1 = 0 um.
Total wire length on LAYER met1 = 32111 um.
Total wire length on LAYER met2 = 31919 um.
Total wire length on LAYER met3 = 1817 um.
Total wire length on LAYER met4 = 3240 um.
Total wire length on LAYER met5 = 0 um.
Total number of vias = 19162.
Up-via summary (total 19162):

------------------------
 FR_MASTERSLICE        0
            li1     9261
           met1     9447
           met2      334
           met3      120
           met4        0
------------------------
                   19162


[INFO DRT-0195] Start 3rd optimization iteration.
    Completing 10% with 660 violations.
    elapsed time = 00:00:00, memory = 1332.49 (MB).
    Completing 20% with 660 violations.
    elapsed time = 00:00:00, memory = 1355.24 (MB).
    Completing 30% with 660 violations.
    elapsed time = 00:00:00, memory = 1360.05 (MB).
    Completing 40% with 579 violations.
    elapsed time = 00:00:01, memory = 1430.71 (MB).
    Completing 50% with 579 violations.
    elapsed time = 00:00:01, memory = 1440.55 (MB).
    Completing 60% with 579 violations.
    elapsed time = 00:00:03, memory = 1449.96 (MB).
    Completing 70% with 412 violations.
    elapsed time = 00:00:03, memory = 1484.52 (MB).
    Completing 80% with 412 violations.
    elapsed time = 00:00:04, memory = 1489.34 (MB).
    Completing 90% with 282 violations.
    elapsed time = 00:00:06, memory = 1538.80 (MB).
    Completing 100% with 19 violations.
    elapsed time = 00:00:08, memory = 1463.99 (MB).
[INFO DRT-0199]   Number of violations = 19.
Viol/Layer        met1   met2
Metal Spacing        5      1
Short               13      0
[INFO DRT-0267] cpu time = 00:00:42, elapsed time = 00:00:08, memory = 1463.99 (MB), peak = 1570.52 (MB)
Total wire length = 68940 um.
Total wire length on LAYER li1 = 0 um.
Total wire length on LAYER met1 = 30372 um.
Total wire length on LAYER met2 = 31861 um.
Total wire length on LAYER met3 = 3385 um.
Total wire length on LAYER met4 = 3320 um.
Total wire length on LAYER met5 = 0 um.
Total number of vias = 19459.
Up-via summary (total 19459):

------------------------
 FR_MASTERSLICE        0
            li1     9261
           met1     9437
           met2      625
           met3      136
           met4        0
------------------------
                   19459


[INFO DRT-0195] Start 4th optimization iteration.
    Completing 10% with 19 violations.
    elapsed time = 00:00:00, memory = 1463.99 (MB).
    Completing 20% with 19 violations.
    elapsed time = 00:00:00, memory = 1463.99 (MB).
    Completing 30% with 19 violations.
    elapsed time = 00:00:00, memory = 1463.99 (MB).
    Completing 40% with 1 violations.
    elapsed time = 00:00:00, memory = 1469.02 (MB).
    Completing 50% with 1 violations.
    elapsed time = 00:00:00, memory = 1469.02 (MB).
    Completing 60% with 1 violations.
    elapsed time = 00:00:00, memory = 1469.02 (MB).
    Completing 70% with 1 violations.
    elapsed time = 00:00:00, memory = 1469.02 (MB).
    Completing 80% with 1 violations.
    elapsed time = 00:00:00, memory = 1469.02 (MB).
    Completing 90% with 1 violations.
    elapsed time = 00:00:00, memory = 1469.02 (MB).
    Completing 100% with 0 violations.
    elapsed time = 00:00:00, memory = 1486.12 (MB).
[INFO DRT-0199]   Number of violations = 0.
[INFO DRT-0267] cpu time = 00:00:15, elapsed time = 00:00:00, memory = 1486.12 (MB), peak = 1570.52 (MB)
Total wire length = 68901 um.
Total wire length on LAYER li1 = 0 um.
Total wire length on LAYER met1 = 30328 um.
Total wire length on LAYER met2 = 31830 um.
Total wire length on LAYER met3 = 3421 um.
Total wire length on LAYER met4 = 3320 um.
Total wire length on LAYER met5 = 0 um.
Total number of vias = 19462.
Up-via summary (total 19462):

------------------------
 FR_MASTERSLICE        0
            li1     9261
           met1     9434
           met2      631
           met3      136
           met4        0
------------------------
                   19462


[INFO DRT-0198] Complete detail routing.
Total wire length = 68901 um.
Total wire length on LAYER li1 = 0 um.
Total wire length on LAYER met1 = 30328 um.
Total wire length on LAYER met2 = 31830 um.
Total wire length on LAYER met3 = 3421 um.
Total wire length on LAYER met4 = 3320 um.
Total wire length on LAYER met5 = 0 um.
Total number of vias = 19462.
Up-via summary (total 19462):

------------------------
 FR_MASTERSLICE        0
            li1     9261
           met1     9434
           met2      631
           met3      136
           met4        0
------------------------
                   19462


[INFO DRT-0267] cpu time = 00:03:31, elapsed time = 00:00:38, memory = 1486.12 (MB), peak = 1570.52 (MB)

[INFO DRT-0180] Post processing.
Setting global connections for newly added cells…
[INFO] Setting global connections...
Updating metrics…
Cell type report:                       Count       Area
  Fill cell                               160     600.58
  Tap cell                                656     820.79
  Clock buffer                             35     531.76
  Timing Repair Buffer                    390    2592.49
  Inverter                                136     510.49
  Clock inverter                           25     412.90
  Sequential cell                         312    6277.27
  Multi-Input combinational cell         1791   14331.24
  Total                                  3505   26077.51
Writing OpenROAD database to '/home/niko_tambornini/EE531/my_designs/FPU_32_Bit/runs/RUN_2026-03-09_23-53-45/43-openroad-detailedrouting/FP32_ADD.odb'…
Writing netlist to '/home/niko_tambornini/EE531/my_designs/FPU_32_Bit/runs/RUN_2026-03-09_23-53-45/43-openroad-detailedrouting/FP32_ADD.nl.v'…
Writing powered netlist to '/home/niko_tambornini/EE531/my_designs/FPU_32_Bit/runs/RUN_2026-03-09_23-53-45/43-openroad-detailedrouting/FP32_ADD.pnl.v'…
Writing layout to '/home/niko_tambornini/EE531/my_designs/FPU_32_Bit/runs/RUN_2026-03-09_23-53-45/43-openroad-detailedrouting/FP32_ADD.def'…
Writing timing constraints to '/home/niko_tambornini/EE531/my_designs/FPU_32_Bit/runs/RUN_2026-03-09_23-53-45/43-openroad-detailedrouting/FP32_ADD.sdc'…
