Reading OpenROAD database at '/home/niko_tambornini/EE531/my_designs/FPU_32_Bit/runs/RUN_2026-03-09_23-53-45/15-odb-setpowerconnections/FP32_ADD.odb'…
Reading library file at '/home/niko_tambornini/.ciel/ciel/sky130/versions/0fe599b2afb6708d281543108caf8310912f54af/sky130A/libs.ref/sky130_fd_sc_hd/lib/sky130_fd_sc_hd__tt_025C_1v80.lib'…
Reading design constraints file at '/nix/store/svkrfkkpaij5qb9xjbcwfymcd4s8hczv-python3-3.11.9-env/lib/python3.11/site-packages/librelane/scripts/base.sdc'…
[INFO] Using clock clk…
[INFO] Setting output delay to: 5
[INFO] Setting input delay to: 5
[INFO] Setting load to: 0.033442
[INFO] Setting clock uncertainty to: 0.25
[INFO] Setting clock transition to: 0.1499999999999999944488848768742172978818416595458984375
[INFO] Setting timing derate to: 5%
Setting global connections for newly added cells…
[INFO] Setting global connections...
Updating metrics…
Cell type report:                       Count       Area
  Inverter                                136     510.49
  Sequential cell                         312    6636.36
  Multi-Input combinational cell         1791   16898.71
  Total                                  2239   24045.56
Writing OpenROAD database to '/home/niko_tambornini/EE531/my_designs/FPU_32_Bit/runs/RUN_2026-03-09_23-53-45/17-openroad-cutrows/FP32_ADD.odb'…
Writing layout to '/home/niko_tambornini/EE531/my_designs/FPU_32_Bit/runs/RUN_2026-03-09_23-53-45/17-openroad-cutrows/FP32_ADD.def'…
