Clock: clk
Sources: clk 
Generated: no
Virtual: yes
Propagated: no
Period: 25.000000

===========================================================================
report_clock_properties
============================================================================
Clock                   Period          Waveform
----------------------------------------------------
clk                  25.000000    0.000000 12.500000

===========================================================================
report_clock_latency
============================================================================
Clock clk
rise -> rise
    min     max
0.000000 0.000000 source latency
4.500028         network latency _4827_/CLK
        4.542121 network latency _4580_/CLK
---------------
4.500028 4.542121 latency
        0.042094 skew

fall -> fall
    min     max
0.000000 0.000000 source latency
2.211202         network latency _4827_/CLK
        2.250204 network latency _4580_/CLK
---------------
2.211202 2.250204 latency
        0.039002 skew



===========================================================================
report_clock_min_period
============================================================================
clk period_min = 6.16 fmax = 162.39
