131. Printing statistics.

=== Reorder_buffer ===

   Number of wires:               3053
   Number of wire bits:           3806
   Number of public wires:          53
   Number of public wire bits:     768
   Number of ports:                 15
   Number of port bits:            157
   Number of memories:               0
   Number of memory bits:            0
   Number of processes:              0
   Number of cells:               3618
     $_ANDNOT_                     623
     $_AND_                          3
     $_MUX_                       2141
     $_NAND_                        22
     $_NOR_                          3
     $_NOT_                          9
     $_ORNOT_                       45
     $_OR_                         175
     $_XNOR_                         2
     $_XOR_                         15
     sky130_fd_sc_hd__dfxtp_2      580

   Area for cell type $_NOT_ is unknown!
   Area for cell type $_AND_ is unknown!
   Area for cell type $_NAND_ is unknown!
   Area for cell type $_OR_ is unknown!
   Area for cell type $_NOR_ is unknown!
   Area for cell type $_XOR_ is unknown!
   Area for cell type $_XNOR_ is unknown!
   Area for cell type $_ANDNOT_ is unknown!
   Area for cell type $_ORNOT_ is unknown!
   Area for cell type $_MUX_ is unknown!

   Chip area for module '\Reorder_buffer': 12336.832000
     of which used for sequential elements: 12336.832000 (100.00%)

