125. Printing statistics.

=== Reorder_buffer ===

   Number of wires:               2465
   Number of wire bits:           3218
   Number of public wires:          53
   Number of public wire bits:     768
   Number of ports:                 15
   Number of port bits:            157
   Number of memories:               0
   Number of memory bits:            0
   Number of processes:              0
   Number of cells:               3030
     $_ANDNOT_                     623
     $_AND_                          3
     $_DFFE_PN_                      5
     $_DFFE_PP_                    544
     $_MUX_                       1553
     $_NAND_                        22
     $_NOR_                          3
     $_NOT_                          9
     $_ORNOT_                       45
     $_OR_                         175
     $_SDFFE_PP0P_                   8
     $_SDFF_PP0_                    21
     $_SDFF_PP1_                     2
     $_XNOR_                         2
     $_XOR_                         15

   Area for cell type $_NOT_ is unknown!
   Area for cell type $_AND_ is unknown!
   Area for cell type $_NAND_ is unknown!
   Area for cell type $_OR_ is unknown!
   Area for cell type $_NOR_ is unknown!
   Area for cell type $_XOR_ is unknown!
   Area for cell type $_XNOR_ is unknown!
   Area for cell type $_ANDNOT_ is unknown!
   Area for cell type $_ORNOT_ is unknown!
   Area for cell type $_MUX_ is unknown!
   Area for cell type $_DFFE_PN_ is unknown!
   Area for cell type $_DFFE_PP_ is unknown!
   Area for cell type $_SDFF_PP0_ is unknown!
   Area for cell type $_SDFF_PP1_ is unknown!
   Area for cell type $_SDFFE_PP0P_ is unknown!

