                                                                        Cells by Master                                                                         
┏━━━━━━━━━━━━━━━━━━━━━━━━━━━━━━━━━━━━━━━━━━━━━━━━━━━━━━━━━━━━━━━━━━━━━━━━━━━━━━━━━━━━━━━━━━━━━━━━━━━━━━━━━━━━━━━━━━━━━━━━━━━━━━━━━━┳━━━━━━━━━━━━━━━━━━━━━━━━━━━┓
┃ Cell                                                                                                                             ┃ Count                     ┃
┡━━━━━━━━━━━━━━━━━━━━━━━━━━━━━━━━━━━━━━━━━━━━━━━━━━━━━━━━━━━━━━━━━━━━━━━━━━━━━━━━━━━━━━━━━━━━━━━━━━━━━━━━━━━━━━━━━━━━━━━━━━━━━━━━━━╇━━━━━━━━━━━━━━━━━━━━━━━━━━━┩
│ sky130_ef_sc_hd__decap_12                                                                                                        │ 835                       │
│ sky130_fd_sc_hd__a2111o_1                                                                                                        │ 3                         │
│ sky130_fd_sc_hd__a211o_1                                                                                                         │ 16                        │
│ sky130_fd_sc_hd__a211oi_1                                                                                                        │ 3                         │
│ sky130_fd_sc_hd__a21bo_1                                                                                                         │ 8                         │
│ sky130_fd_sc_hd__a21boi_1                                                                                                        │ 7                         │
│ sky130_fd_sc_hd__a21o_1                                                                                                          │ 51                        │
│ sky130_fd_sc_hd__a21oi_1                                                                                                         │ 68                        │
│ sky130_fd_sc_hd__a221o_1                                                                                                         │ 15                        │
│ sky130_fd_sc_hd__a22o_1                                                                                                          │ 72                        │
│ sky130_fd_sc_hd__a22oi_1                                                                                                         │ 3                         │
│ sky130_fd_sc_hd__a22oi_2                                                                                                         │ 3                         │
│ sky130_fd_sc_hd__a2bb2o_1                                                                                                        │ 45                        │
│ sky130_fd_sc_hd__a311o_1                                                                                                         │ 4                         │
│ sky130_fd_sc_hd__a31o_1                                                                                                          │ 71                        │
│ sky130_fd_sc_hd__a31oi_1                                                                                                         │ 2                         │
│ sky130_fd_sc_hd__a31oi_2                                                                                                         │ 1                         │
│ sky130_fd_sc_hd__a32o_1                                                                                                          │ 5                         │
│ sky130_fd_sc_hd__and2_1                                                                                                          │ 66                        │
│ sky130_fd_sc_hd__and2_2                                                                                                          │ 1                         │
│ sky130_fd_sc_hd__and2b_1                                                                                                         │ 63                        │
│ sky130_fd_sc_hd__and3_1                                                                                                          │ 41                        │
│ sky130_fd_sc_hd__and3_2                                                                                                          │ 1                         │
│ sky130_fd_sc_hd__and3b_1                                                                                                         │ 10                        │
│ sky130_fd_sc_hd__and4_1                                                                                                          │ 9                         │
│ sky130_fd_sc_hd__and4b_1                                                                                                         │ 5                         │
│ sky130_fd_sc_hd__and4bb_1                                                                                                        │ 5                         │
│ sky130_fd_sc_hd__buf_1                                                                                                           │ 60                        │
│ sky130_fd_sc_hd__buf_2                                                                                                           │ 111                       │
│ sky130_fd_sc_hd__buf_4                                                                                                           │ 1                         │
│ sky130_fd_sc_hd__bufinv_16                                                                                                       │ 1                         │
│ sky130_fd_sc_hd__clkbuf_1                                                                                                        │ 14                        │
│ sky130_fd_sc_hd__clkbuf_16                                                                                                       │ 5                         │
│ sky130_fd_sc_hd__clkbuf_2                                                                                                        │ 50                        │
│ sky130_fd_sc_hd__clkbuf_4                                                                                                        │ 28                        │
│ sky130_fd_sc_hd__clkbuf_8                                                                                                        │ 29                        │
│ sky130_fd_sc_hd__clkinv_16                                                                                                       │ 2                         │
│ sky130_fd_sc_hd__clkinv_2                                                                                                        │ 1                         │
│ sky130_fd_sc_hd__clkinv_8                                                                                                        │ 5                         │
│ sky130_fd_sc_hd__clkinvlp_4                                                                                                      │ 3                         │
│ sky130_fd_sc_hd__decap_3                                                                                                         │ 432                       │
│ sky130_fd_sc_hd__decap_4                                                                                                         │ 288                       │
│ sky130_fd_sc_hd__decap_6                                                                                                         │ 265                       │
│ sky130_fd_sc_hd__decap_8                                                                                                         │ 278                       │
│ sky130_fd_sc_hd__dfxtp_1                                                                                                         │ 287                       │
│ sky130_fd_sc_hd__dfxtp_2                                                                                                         │ 25                        │
│ sky130_fd_sc_hd__dlygate4sd3_1                                                                                                   │ 116                       │
│ sky130_fd_sc_hd__dlymetal6s2s_1                                                                                                  │ 11                        │
│ sky130_fd_sc_hd__fill_1                                                                                                          │ 670                       │
│ sky130_fd_sc_hd__fill_2                                                                                                          │ 383                       │
│ sky130_fd_sc_hd__inv_12                                                                                                          │ 4                         │
│ sky130_fd_sc_hd__inv_16                                                                                                          │ 6                         │
│ sky130_fd_sc_hd__inv_2                                                                                                           │ 136                       │
│ sky130_fd_sc_hd__inv_6                                                                                                           │ 2                         │
│ sky130_fd_sc_hd__inv_8                                                                                                           │ 1                         │
│ sky130_fd_sc_hd__mux2_1                                                                                                          │ 364                       │
│ sky130_fd_sc_hd__mux2_2                                                                                                          │ 4                         │
│ sky130_fd_sc_hd__mux4_1                                                                                                          │ 4                         │
│ sky130_fd_sc_hd__nand2_1                                                                                                         │ 108                       │
│ sky130_fd_sc_hd__nand2_2                                                                                                         │ 3                         │
│ sky130_fd_sc_hd__nand2b_1                                                                                                        │ 31                        │
│ sky130_fd_sc_hd__nand3_1                                                                                                         │ 5                         │
│ sky130_fd_sc_hd__nand3b_1                                                                                                        │ 3                         │
│ sky130_fd_sc_hd__nand4_1                                                                                                         │ 1                         │
│ sky130_fd_sc_hd__nand4_2                                                                                                         │ 1                         │
│ sky130_fd_sc_hd__nor2_1                                                                                                          │ 117                       │
│ sky130_fd_sc_hd__nor2_2                                                                                                          │ 7                         │
│ sky130_fd_sc_hd__nor2_4                                                                                                          │ 2                         │
│ sky130_fd_sc_hd__nor3_1                                                                                                          │ 19                        │
│ sky130_fd_sc_hd__nor3_2                                                                                                          │ 1                         │
│ sky130_fd_sc_hd__nor3b_1                                                                                                         │ 2                         │
│ sky130_fd_sc_hd__nor4_1                                                                                                          │ 8                         │
│ sky130_fd_sc_hd__o2111a_1                                                                                                        │ 3                         │
│ sky130_fd_sc_hd__o2111ai_1                                                                                                       │ 1                         │
│ sky130_fd_sc_hd__o211a_1                                                                                                         │ 13                        │
│ sky130_fd_sc_hd__o211ai_1                                                                                                        │ 1                         │
│ sky130_fd_sc_hd__o21a_1                                                                                                          │ 40                        │
│ sky130_fd_sc_hd__o21a_2                                                                                                          │ 1                         │
│ sky130_fd_sc_hd__o21ai_1                                                                                                         │ 41                        │
│ sky130_fd_sc_hd__o21ba_1                                                                                                         │ 3                         │
│ sky130_fd_sc_hd__o21bai_1                                                                                                        │ 1                         │
│ sky130_fd_sc_hd__o221a_1                                                                                                         │ 16                        │
│ sky130_fd_sc_hd__o22a_1                                                                                                          │ 36                        │
│ sky130_fd_sc_hd__o2bb2a_1                                                                                                        │ 12                        │
│ sky130_fd_sc_hd__o311a_1                                                                                                         │ 6                         │
│ sky130_fd_sc_hd__o31a_1                                                                                                          │ 12                        │
│ sky130_fd_sc_hd__o31ai_1                                                                                                         │ 6                         │
│ sky130_fd_sc_hd__o32a_1                                                                                                          │ 4                         │
│ sky130_fd_sc_hd__o41a_1                                                                                                          │ 5                         │
│ sky130_fd_sc_hd__or2_1                                                                                                           │ 89                        │
│ sky130_fd_sc_hd__or2_2                                                                                                           │ 5                         │
│ sky130_fd_sc_hd__or3_1                                                                                                           │ 36                        │
│ sky130_fd_sc_hd__or3_2                                                                                                           │ 9                         │
│ sky130_fd_sc_hd__or3_4                                                                                                           │ 3                         │
│ sky130_fd_sc_hd__or3b_1                                                                                                          │ 14                        │
│ sky130_fd_sc_hd__or4_1                                                                                                           │ 65                        │
│ sky130_fd_sc_hd__or4_2                                                                                                           │ 19                        │
│ sky130_fd_sc_hd__or4_4                                                                                                           │ 3                         │
│ sky130_fd_sc_hd__or4b_1                                                                                                          │ 20                        │
│ sky130_fd_sc_hd__or4b_2                                                                                                          │ 2                         │
│ sky130_fd_sc_hd__or4bb_1                                                                                                         │ 3                         │
│ sky130_fd_sc_hd__or4bb_2                                                                                                         │ 1                         │
│ sky130_fd_sc_hd__tapvpwrvgnd_1                                                                                                   │ 656                       │
│ sky130_fd_sc_hd__xnor2_1                                                                                                         │ 44                        │
│ sky130_fd_sc_hd__xor2_1                                                                                                          │ 18                        │
│ sky130_fd_sc_hd__xor2_2                                                                                                          │ 1                         │
└──────────────────────────────────────────────────────────────────────────────────────────────────────────────────────────────────┴───────────────────────────┘
