Reading OpenROAD database at '/home/niko_tambornini/EE531/my_designs/FPU_32_Bit/runs/RUN_2026-03-09_23-53-45/20-openroad-generatepdn/FP32_ADD.odb'…
Reading library file at '/home/niko_tambornini/.ciel/ciel/sky130/versions/0fe599b2afb6708d281543108caf8310912f54af/sky130A/libs.ref/sky130_fd_sc_hd/lib/sky130_fd_sc_hd__tt_025C_1v80.lib'…
Reading design constraints file at '/nix/store/svkrfkkpaij5qb9xjbcwfymcd4s8hczv-python3-3.11.9-env/lib/python3.11/site-packages/librelane/scripts/base.sdc'…
[INFO] Using clock clk…
[INFO] Setting output delay to: 5
[INFO] Setting input delay to: 5
[INFO] Setting load to: 0.033442
[INFO] Setting clock uncertainty to: 0.25
[INFO] Setting clock transition to: 0.1499999999999999944488848768742172978818416595458984375
[INFO] Setting timing derate to: 5%
+ global_placement -density 0.621901 -skip_io -pad_right 0 -pad_left 0 -init_wirelength_coef 0.25
[INFO GPL-0002] DBU: 1000
[INFO GPL-0003] SiteSize: (  0.460  2.720 ) um
[INFO GPL-0004] CoreBBox: (  5.520 10.880 ) ( 224.480 228.480 ) um
[INFO GPL-0006] NumInstances:              3055
[INFO GPL-0007] NumPlaceInstances:         2239
[INFO GPL-0008] NumFixedInstances:          816
[INFO GPL-0009] NumDummyInstances:            0
[INFO GPL-0010] NumNets:                   2305
[INFO GPL-0011] NumPins:                   8391
[INFO GPL-0012] DieBBox:  (  0.000  0.000 ) ( 230.335 241.055 ) um
[INFO GPL-0013] CoreBBox: (  5.520 10.880 ) ( 224.480 228.480 ) um
[INFO GPL-0016] CoreArea:             47645.696 um^2
[INFO GPL-0017] NonPlaceInstsArea:     1421.363 um^2
[INFO GPL-0018] PlaceInstsArea:       24045.562 um^2
[INFO GPL-0019] Util:                    52.019 %
[INFO GPL-0020] StdInstsArea:         24045.562 um^2
[INFO GPL-0021] MacroInstsArea:           0.000 um^2
[INFO GPL-0031] FillerInit:NumGCells:      2685
[INFO GPL-0032] FillerInit:NumGNets:       2305
[INFO GPL-0033] FillerInit:NumGPins:       8391
[INFO GPL-0023] TargetDensity:            0.622
[INFO GPL-0024] AvrgPlaceInstArea:       10.739 um^2
[INFO GPL-0025] IdealBinArea:            17.269 um^2
[INFO GPL-0026] IdealBinCnt:               2759
[INFO GPL-0027] TotalBinArea:         47645.696 um^2
[INFO GPL-0028] BinCnt:        32     32
[INFO GPL-0029] BinSize: (  6.843  6.800 )
[INFO GPL-0030] NumBins: 1024
[NesterovSolve] Iter:    1 overflow: 0.995 HPWL: 6090299
[NesterovSolve] Iter:   10 overflow: 0.990 HPWL: 3551346
[NesterovSolve] Iter:   20 overflow: 0.989 HPWL: 3346187
[NesterovSolve] Iter:   30 overflow: 0.989 HPWL: 3245951
[NesterovSolve] Iter:   40 overflow: 0.989 HPWL: 3186215
[NesterovSolve] Iter:   50 overflow: 0.989 HPWL: 3163948
[NesterovSolve] Iter:   60 overflow: 0.989 HPWL: 3158798
[NesterovSolve] Iter:   70 overflow: 0.988 HPWL: 3159683
[NesterovSolve] Iter:   80 overflow: 0.988 HPWL: 3163638
[NesterovSolve] Iter:   90 overflow: 0.988 HPWL: 3177707
[NesterovSolve] Iter:  100 overflow: 0.986 HPWL: 3226472
[NesterovSolve] Iter:  110 overflow: 0.985 HPWL: 3366147
[NesterovSolve] Iter:  120 overflow: 0.981 HPWL: 3676487
[NesterovSolve] Iter:  130 overflow: 0.973 HPWL: 4242470
[NesterovSolve] Iter:  140 overflow: 0.967 HPWL: 5126252
[NesterovSolve] Iter:  150 overflow: 0.958 HPWL: 6421666
[NesterovSolve] Iter:  160 overflow: 0.933 HPWL: 8230319
[NesterovSolve] Iter:  170 overflow: 0.911 HPWL: 10190543
[NesterovSolve] Iter:  180 overflow: 0.882 HPWL: 12234821
[NesterovSolve] Iter:  190 overflow: 0.855 HPWL: 14340524
[NesterovSolve] Iter:  200 overflow: 0.825 HPWL: 16663380
[NesterovSolve] Iter:  210 overflow: 0.783 HPWL: 18887592
[NesterovSolve] Iter:  220 overflow: 0.746 HPWL: 21144572
[NesterovSolve] Iter:  230 overflow: 0.706 HPWL: 23671180
[NesterovSolve] Iter:  240 overflow: 0.664 HPWL: 26043965
[NesterovSolve] Iter:  250 overflow: 0.620 HPWL: 28179102
[NesterovSolve] Iter:  260 overflow: 0.573 HPWL: 30444348
[NesterovSolve] Iter:  270 overflow: 0.525 HPWL: 32793992
[NesterovSolve] Iter:  280 overflow: 0.474 HPWL: 34915958
[NesterovSolve] Iter:  290 overflow: 0.424 HPWL: 36747995
[NesterovSolve] Iter:  300 overflow: 0.377 HPWL: 38229085
[NesterovSolve] Iter:  310 overflow: 0.327 HPWL: 39272089
[NesterovSolve] Iter:  320 overflow: 0.285 HPWL: 39674687
[NesterovSolve] Iter:  330 overflow: 0.257 HPWL: 40146727
[NesterovSolve] Iter:  340 overflow: 0.227 HPWL: 40671662
[NesterovSolve] Iter:  350 overflow: 0.194 HPWL: 40887853
[NesterovSolve] Iter:  360 overflow: 0.167 HPWL: 41025271
[NesterovSolve] Iter:  370 overflow: 0.143 HPWL: 41276210
[NesterovSolve] Iter:  380 overflow: 0.125 HPWL: 41542660
[NesterovSolve] Iter:  390 overflow: 0.105 HPWL: 41687726
[NesterovSolve] Finished with Overflow: 0.099735
[INFO] Setting RC values…
Setting global connections for newly added cells…
[INFO] Setting global connections...
Updating metrics…
Cell type report:                       Count       Area
  Fill cell                               160     600.58
  Tap cell                                656     820.79
  Inverter                                136     510.49
  Sequential cell                         312    6636.36
  Multi-Input combinational cell         1791   16898.71
  Total                                  3055   25466.92
Writing OpenROAD database to '/home/niko_tambornini/EE531/my_designs/FPU_32_Bit/runs/RUN_2026-03-09_23-53-45/23-openroad-globalplacementskipio/FP32_ADD.odb'…
Writing netlist to '/home/niko_tambornini/EE531/my_designs/FPU_32_Bit/runs/RUN_2026-03-09_23-53-45/23-openroad-globalplacementskipio/FP32_ADD.nl.v'…
Writing powered netlist to '/home/niko_tambornini/EE531/my_designs/FPU_32_Bit/runs/RUN_2026-03-09_23-53-45/23-openroad-globalplacementskipio/FP32_ADD.pnl.v'…
Writing layout to '/home/niko_tambornini/EE531/my_designs/FPU_32_Bit/runs/RUN_2026-03-09_23-53-45/23-openroad-globalplacementskipio/FP32_ADD.def'…
Writing timing constraints to '/home/niko_tambornini/EE531/my_designs/FPU_32_Bit/runs/RUN_2026-03-09_23-53-45/23-openroad-globalplacementskipio/FP32_ADD.sdc'…
