Clock: clk
Sources: clk 
Generated: no
Virtual: yes
Propagated: no
Period: 25.000000

===========================================================================
report_clock_properties
============================================================================
Clock                   Period          Waveform
----------------------------------------------------
clk                  25.000000    0.000000 12.500000

===========================================================================
report_clock_latency
============================================================================
Clock clk
rise -> rise
    min     max
0.000000 0.000000 source latency
0.513340         network latency _4823_/CLK
        0.693303 network latency _4386_/CLK
---------------
0.513340 0.693303 latency
        0.179963 skew

fall -> fall
    min     max
0.000000 0.000000 source latency
0.441210         network latency _4823_/CLK
        0.614235 network latency _4386_/CLK
---------------
0.441210 0.614235 latency
        0.173025 skew



===========================================================================
report_clock_min_period
============================================================================
clk period_min = 3.73 fmax = 267.87
