Clock: clk
Sources: clk 
Generated: no
Virtual: yes
Propagated: no
Period: 25.000000

===========================================================================
report_clock_properties
============================================================================
Clock                   Period          Waveform
----------------------------------------------------
clk                  25.000000    0.000000 12.500000

===========================================================================
report_clock_latency
============================================================================
Clock clk
rise -> rise
    min     max
0.000000 0.000000 source latency
1.176990         network latency _4823_/CLK
        1.523154 network latency _4347_/CLK
---------------
1.176990 1.523154 latency
        0.346164 skew

fall -> fall
    min     max
0.000000 0.000000 source latency
0.988577         network latency _4823_/CLK
        1.316724 network latency _4347_/CLK
---------------
0.988577 1.316724 latency
        0.328146 skew



===========================================================================
report_clock_min_period
============================================================================
clk period_min = 8.28 fmax = 120.79
