┏━━━━━━━┳━━━━━━━━━┳━━━━━━━━━━┳━━━━━━━━━┳━━━━━━━━━━━━━┳━━━━━━━┓
┃ P / R ┃ Partial ┃ Required ┃ Net     ┃ Pin         ┃ Layer ┃
┡━━━━━━━╇━━━━━━━━━╇━━━━━━━━━━╇━━━━━━━━━╇━━━━━━━━━━━━━╇━━━━━━━┩
│ 3.78  │ 1510.12 │ 400.00   │ net545  │ fanout544/A │ met3  │
│ 1.97  │ 788.14  │ 400.00   │ net731  │ fanout730/A │ met3  │
│ 1.68  │ 670.15  │ 400.00   │ _08408_ │ _24263_/A   │ met2  │
│ 1.68  │ 670.15  │ 400.00   │ _08408_ │ _27068_/A   │ met2  │
│ 1.64  │ 655.60  │ 400.00   │ _09941_ │ fanout631/A │ met2  │
│ 1.55  │ 620.43  │ 400.00   │ net94   │ output94/A  │ met3  │
│ 1.50  │ 598.37  │ 400.00   │ net865  │ fanout856/A │ met2  │
│ 1.41  │ 563.60  │ 400.00   │ _08334_ │ _18205_/D_N │ met3  │
│ 1.41  │ 563.60  │ 400.00   │ _08334_ │ _19276_/A   │ met3  │
│ 1.21  │ 484.30  │ 400.00   │ _08408_ │ _18281_/C   │ met3  │
│ 1.21  │ 484.30  │ 400.00   │ _08408_ │ _18638_/A   │ met3  │
│ 1.21  │ 484.30  │ 400.00   │ _08408_ │ _24263_/A   │ met3  │
│ 1.21  │ 484.30  │ 400.00   │ _08408_ │ _27068_/A   │ met3  │
│ 1.20  │ 478.87  │ 400.00   │ net533  │ fanout532/A │ met3  │
│ 1.13  │ 450.97  │ 400.00   │ net601  │ _21103_/A   │ met1  │
│ 1.11  │ 444.13  │ 400.00   │ net1094 │ _21847_/B1  │ met3  │
│ 1.07  │ 429.53  │ 400.00   │ net692  │ _15768_/C   │ met1  │
│ 1.06  │ 423.59  │ 400.00   │ _13447_ │ _15043_/C   │ met3  │
│ 1.06  │ 423.59  │ 400.00   │ _13447_ │ _15071_/D   │ met3  │
│ 1.04  │ 416.42  │ 400.00   │ _10018_ │ fanout585/A │ met3  │
│ 1.03  │ 413.50  │ 400.00   │ net554  │ _16785_/A   │ met1  │
│ 1.03  │ 411.75  │ 400.00   │ _01452_ │ _26061_/A   │ met1  │
│ 1.02  │ 406.25  │ 400.00   │ _14407_ │ _29222_/C   │ met1  │
│ 1.01  │ 404.11  │ 400.00   │ net885  │ fanout884/A │ met1  │
│ 1.01  │ 402.08  │ 400.00   │ _12150_ │ _22780_/B   │ met2  │
└───────┴─────────┴──────────┴─────────┴─────────────┴───────┘
