Clock: clk
Sources: clk 
Generated: no
Virtual: yes
Propagated: no
Period: 25.000000

===========================================================================
report_clock_properties
============================================================================
Clock                   Period          Waveform
----------------------------------------------------
clk                  25.000000    0.000000 12.500000

===========================================================================
report_clock_latency
============================================================================
Clock clk
rise -> rise
    min     max
0.000000 0.000000 source latency
0.688928         network latency _4823_/CLK
        0.888718 network latency _4347_/CLK
---------------
0.688928 0.888718 latency
        0.199790 skew

fall -> fall
    min     max
0.000000 0.000000 source latency
0.554321         network latency _4823_/CLK
        0.742182 network latency _4347_/CLK
---------------
0.554321 0.742182 latency
        0.187861 skew



===========================================================================
report_clock_min_period
============================================================================
clk period_min = 4.15 fmax = 240.68
