Clock: clk
Sources: clk 
Generated: no
Virtual: yes
Propagated: no
Period: 25.000000

===========================================================================
report_clock_properties
============================================================================
Clock                   Period          Waveform
----------------------------------------------------
clk                  25.000000    0.000000 12.500000

===========================================================================
report_clock_latency
============================================================================
Clock clk
rise -> rise
    min     max
0.000000 0.000000 source latency
0.835363         network latency _3978_/CLK
        1.238112 network latency _3954_/CLK
---------------
0.835363 1.238112 latency
        0.402749 skew

fall -> fall
    min     max
0.000000 0.000000 source latency
0.753476         network latency _3978_/CLK
        1.123282 network latency _3954_/CLK
---------------
0.753476 1.123282 latency
        0.369806 skew



===========================================================================
report_clock_min_period
============================================================================
clk period_min = 23.38 fmax = 42.77
