
===========================================================================
Violator List
============================================================================
[setup reg-reg] _29541_/Q -> _29577_/D : -96.800690
[setup reg-reg] _29541_/Q -> _29578_/D : -94.619865
[setup reg-reg] _29541_/Q -> _29579_/D : -91.707939
[setup reg-reg] _29541_/Q -> _29580_/D : -89.220490
[setup reg-reg] _29541_/Q -> _29581_/D : -86.732346
[setup reg-reg] _29541_/Q -> _29582_/D : -84.261070
[setup reg-reg] _29541_/Q -> _29583_/D : -81.520554
[setup reg-reg] _29541_/Q -> _29584_/D : -78.999336
[setup reg-reg] _29541_/Q -> _29585_/D : -76.256424
[setup reg-reg] _29541_/Q -> _29586_/D : -73.825699
[setup reg-reg] _29541_/Q -> _29587_/D : -71.685631
[setup reg-reg] _29541_/Q -> _29588_/D : -69.161842
[setup reg-reg] _29541_/Q -> _29589_/D : -66.235542
[setup reg-reg] _29541_/Q -> _29590_/D : -63.872971
[setup reg-reg] _29541_/Q -> _29591_/D : -61.528824
[setup reg-reg] _29541_/Q -> _29592_/D : -59.081314
[setup reg-reg] _29541_/Q -> _29593_/D : -56.629879
[setup reg-reg] _29541_/Q -> _29594_/D : -54.368088
[setup reg-reg] _29541_/Q -> _29595_/D : -51.593472
[setup reg-reg] _29541_/Q -> _29596_/D : -49.196957
[setup reg-reg] _29541_/Q -> _29597_/D : -46.248699
[setup reg-reg] _29541_/Q -> _29598_/D : -43.667126
[setup reg-reg] _29541_/Q -> _29599_/D : -40.787506
[setup reg-reg] _29541_/Q -> _29600_/D : -38.317474
[setup reg-reg] _29541_/Q -> _29601_/D : -35.899456
[setup reg-reg] _29541_/Q -> _29602_/D : -33.218822
[setup reg-reg] _29541_/Q -> _29603_/D : -29.719442
[setup reg-reg] _29541_/Q -> _29604_/D : -27.687468
[setup reg-reg] _29541_/Q -> _29605_/D : -25.354731
[setup reg-reg] _29541_/Q -> _29606_/D : -23.047617
[setup reg-reg] _29541_/Q -> _29607_/D : -20.146217
[setup reg-reg] _29541_/Q -> _29608_/D : -18.260864
[setup reg-reg] _29541_/Q -> _29609_/D : -16.128895
[setup reg-reg] _29541_/Q -> _29610_/D : -13.856660
[setup reg-reg] _29541_/Q -> _29611_/D : -10.934677
[setup reg-reg] _29541_/Q -> _29612_/D : -8.557340
[setup reg-reg] _29541_/Q -> _29613_/D : -5.999123
[setup reg-reg] _29541_/Q -> _29614_/D : -3.090534
[setup reg-reg] _29541_/Q -> _29615_/D : -0.553470
Writing metric timing__hold_vio__count__corner:nom_tt_025C_1v80: 0
Writing metric timing__hold_r2r__ws__corner:nom_tt_025C_1v80: 0.312457
Writing metric timing__hold_r2r_vio__count__corner:nom_tt_025C_1v80: 0
Writing metric timing__setup_vio__count__corner:nom_tt_025C_1v80: 39
Writing metric timing__setup_r2r__ws__corner:nom_tt_025C_1v80: -96.800690
Writing metric timing__setup_r2r_vio__count__corner:nom_tt_025C_1v80: 39
