
===========================================================================
report_checks -unconstrained
===========================================================================
======================= max_ss_100C_1v60 Corner ===================================

Startpoint: reset (input port clocked by clk)
Endpoint: _4442_ (rising edge-triggered flip-flop clocked by clk)
Path Group: clk
Path Type: max

Fanout         Cap        Slew       Delay        Time   Description
---------------------------------------------------------------------------------------------
                                  0.000000    0.000000   clock clk (rise edge)
                                  0.000000    0.000000   clock network delay (propagated)
                                  5.000000    5.000000 ^ input external delay
     1    0.003285    0.035472    0.018401    5.018402 ^ reset (in)
                                                         reset (net)
                      0.035472    0.000000    5.018402 ^ input6/A (sky130_fd_sc_hd__buf_1)
     3    0.027743    0.524684    0.456045    5.474446 ^ input6/X (sky130_fd_sc_hd__buf_1)
                                                         net6 (net)
                      0.524689    0.001306    5.475752 ^ fanout656/A (sky130_fd_sc_hd__clkbuf_2)
     6    0.039884    0.341887    0.568760    6.044512 ^ fanout656/X (sky130_fd_sc_hd__clkbuf_2)
                                                         net656 (net)
                      0.341887    0.000982    6.045494 ^ fanout653/A (sky130_fd_sc_hd__buf_2)
    10    0.040853    0.321184    0.493749    6.539243 ^ fanout653/X (sky130_fd_sc_hd__buf_2)
                                                         net653 (net)
                      0.321300    0.005730    6.544973 ^ _2221_/B_N (sky130_fd_sc_hd__and4bb_1)
     6    0.015580    0.177380    0.623452    7.168425 v _2221_/X (sky130_fd_sc_hd__and4bb_1)
                                                         _0627_ (net)
                      0.177380    0.000919    7.169344 v _2440_/B (sky130_fd_sc_hd__and3_2)
     5    0.060155    0.292998    0.695710    7.865055 v _2440_/X (sky130_fd_sc_hd__and3_2)
                                                         _0782_ (net)
                      0.293001    0.001799    7.866854 v fanout514/A (sky130_fd_sc_hd__buf_4)
     9    0.091706    0.212588    0.503671    8.370525 v fanout514/X (sky130_fd_sc_hd__buf_4)
                                                         net514 (net)
                      0.212644    0.003556    8.374082 v _2441_/B1 (sky130_fd_sc_hd__a31o_2)
     4    0.095798    0.424161    0.783254    9.157335 v _2441_/X (sky130_fd_sc_hd__a31o_2)
                                                         _0783_ (net)
                      0.424206    0.004732    9.162067 v fanout403/A (sky130_fd_sc_hd__clkbuf_4)
    10    0.069584    0.252206    0.576923    9.738991 v fanout403/X (sky130_fd_sc_hd__clkbuf_4)
                                                         net403 (net)
                      0.252305    0.004666    9.743657 v _2447_/A (sky130_fd_sc_hd__nor2_2)
     3    0.103508    1.775578    1.464466   11.208123 ^ _2447_/Y (sky130_fd_sc_hd__nor2_2)
                                                         _0789_ (net)
                      1.775610    0.006428   11.214550 ^ fanout305/A (sky130_fd_sc_hd__clkbuf_4)
     8    0.078394    0.387074    1.070466   12.285016 ^ fanout305/X (sky130_fd_sc_hd__clkbuf_4)
                                                         net305 (net)
                      0.387136    0.004912   12.289927 ^ fanout304/A (sky130_fd_sc_hd__clkbuf_4)
    10    0.087982    0.415723    0.632522   12.922449 ^ fanout304/X (sky130_fd_sc_hd__clkbuf_4)
                                                         net304 (net)
                      0.416802    0.017463   12.939913 ^ _2542_/A2 (sky130_fd_sc_hd__a221o_1)
     1    0.005848    0.127209    0.449611   13.389524 ^ _2542_/X (sky130_fd_sc_hd__a221o_1)
                                                         _0853_ (net)
                      0.127209    0.000326   13.389850 ^ _2543_/B1 (sky130_fd_sc_hd__o21a_1)
     1    0.002943    0.073513    0.240950   13.630800 ^ _2543_/X (sky130_fd_sc_hd__o21a_1)
                                                         _0553_ (net)
                      0.073513    0.000115   13.630916 ^ _4442_/D (sky130_fd_sc_hd__dfxtp_1)
                                             13.630916   data arrival time

                                 25.000000   25.000000   clock clk (rise edge)
                                  0.000000   25.000000   clock source latency
     1    0.054344    0.390569    0.273820   25.273819 ^ clk (in)
                                                         clk (net)
                      0.390637    0.000000   25.273819 ^ clkbuf_0_clk/A (sky130_fd_sc_hd__clkbuf_16)
     8    0.189734    0.302088    0.539856   25.813675 ^ clkbuf_0_clk/X (sky130_fd_sc_hd__clkbuf_16)
                                                         clknet_0_clk (net)
                      0.304207    0.020462   25.834137 ^ clkbuf_3_2__f_clk/A (sky130_fd_sc_hd__clkbuf_16)
     8    0.081895    0.152204    0.397192   26.231329 ^ clkbuf_3_2__f_clk/X (sky130_fd_sc_hd__clkbuf_16)
                                                         clknet_3_2__leaf_clk (net)
                      0.152266    0.003050   26.234379 ^ clkbuf_leaf_46_clk/A (sky130_fd_sc_hd__clkbuf_8)
     8    0.031425    0.109322    0.299064   26.533443 ^ clkbuf_leaf_46_clk/X (sky130_fd_sc_hd__clkbuf_8)
                                                         clknet_leaf_46_clk (net)
                      0.109332    0.001089   26.534533 ^ _4442_/CLK (sky130_fd_sc_hd__dfxtp_1)
                                 -0.250000   26.284533   clock uncertainty
                                  0.000000   26.284533   clock reconvergence pessimism
                                 -0.122634   26.161898   library setup time
                                             26.161898   data required time
---------------------------------------------------------------------------------------------
                                             26.161898   data required time
                                            -13.630916   data arrival time
---------------------------------------------------------------------------------------------
                                             12.530983   slack (MET)




===========================================================================
report_checks --slack_max -0.01
============================================================================
======================= max_ss_100C_1v60 Corner ===================================

No paths found.


===========================================================================
 report_check_types -max_slew -max_cap -max_fanout -violators
============================================================================
======================= max_ss_100C_1v60 Corner ===================================

max slew

Pin                                        Limit        Slew       Slack
------------------------------------------------------------------------
fanout336/A                             0.750000    2.313178   -1.563178 (VIOLATED)
max_cap339/A                            0.750000    2.313159   -1.563159 (VIOLATED)
_4245_/Y                                0.750000    2.313152   -1.563152 (VIOLATED)
fanout224/A                             0.750000    1.938293   -1.188293 (VIOLATED)
ANTENNA_57/DIODE                        0.750000    1.938292   -1.188292 (VIOLATED)
fanout222/A                             0.750000    1.938149   -1.188149 (VIOLATED)
fanout223/A                             0.750000    1.938125   -1.188125 (VIOLATED)
ANTENNA_56/DIODE                        0.750000    1.938124   -1.188124 (VIOLATED)
fanout221/A                             0.750000    1.938101   -1.188101 (VIOLATED)
_4243_/Y                                0.750000    1.938058   -1.188058 (VIOLATED)
ANTENNA_51/DIODE                        0.750000    1.927385   -1.177385 (VIOLATED)
fanout244/A                             0.750000    1.927386   -1.177386 (VIOLATED)
ANTENNA_50/DIODE                        0.750000    1.927357   -1.177357 (VIOLATED)
fanout242/A                             0.750000    1.927358   -1.177358 (VIOLATED)
fanout243/A                             0.750000    1.926886   -1.176887 (VIOLATED)
ANTENNA_49/DIODE                        0.750000    1.926876   -1.176876 (VIOLATED)
fanout241/A                             0.750000    1.926876   -1.176876 (VIOLATED)
_3668_/Y                                0.750000    1.926845   -1.176845 (VIOLATED)
_3565_/C1                               0.750000    1.887534   -1.137534 (VIOLATED)
_3574_/C1                               0.750000    1.887527   -1.137527 (VIOLATED)
fanout253/A                             0.750000    1.887470   -1.137470 (VIOLATED)
fanout254/A                             0.750000    1.887179   -1.137179 (VIOLATED)
_3489_/Y                                0.750000    1.887124   -1.137124 (VIOLATED)
fanout230/A                             0.750000    1.787839   -1.037839 (VIOLATED)
ANTENNA_54/DIODE                        0.750000    1.787815   -1.037815 (VIOLATED)
fanout232/A                             0.750000    1.787816   -1.037816 (VIOLATED)
ANTENNA_133/DIODE                       0.750000    1.787699   -1.037699 (VIOLATED)
fanout231/A                             0.750000    1.787699   -1.037699 (VIOLATED)
fanout229/A                             0.750000    1.787654   -1.037654 (VIOLATED)
_4147_/Y                                0.750000    1.787630   -1.037630 (VIOLATED)
fanout307/A                             0.750000    1.775684   -1.025684 (VIOLATED)
fanout306/A                             0.750000    1.775640   -1.025640 (VIOLATED)
fanout305/A                             0.750000    1.775610   -1.025610 (VIOLATED)
_2447_/Y                                0.750000    1.775578   -1.025578 (VIOLATED)
ANTENNA_20/DIODE                        0.750000    1.618279   -0.868279 (VIOLATED)
fanout194/A                             0.750000    1.618280   -0.868280 (VIOLATED)
max_cap198/A                            0.750000    1.618238   -0.868239 (VIOLATED)
_2971_/Y                                0.750000    1.618235   -0.868235 (VIOLATED)
fanout264/A                             0.750000    1.510766   -0.760766 (VIOLATED)
ANTENNA_36/DIODE                        0.750000    1.510755   -0.760755 (VIOLATED)
fanout266/A                             0.750000    1.510755   -0.760755 (VIOLATED)
ANTENNA_35/DIODE                        0.750000    1.510729   -0.760729 (VIOLATED)
fanout265/A                             0.750000    1.510729   -0.760729 (VIOLATED)
fanout263/A                             0.750000    1.510669   -0.760669 (VIOLATED)
_3385_/Y                                0.750000    1.510641   -0.760641 (VIOLATED)
fanout301/A                             0.750000    1.437838   -0.687838 (VIOLATED)
fanout303/A                             0.750000    1.437826   -0.687826 (VIOLATED)
fanout302/A                             0.750000    1.437757   -0.687758 (VIOLATED)
ANTENNA_9/DIODE                         0.750000    1.437757   -0.687757 (VIOLATED)
fanout300/A                             0.750000    1.437674   -0.687674 (VIOLATED)
_2556_/Y                                0.750000    1.437653   -0.687653 (VIOLATED)
fanout438/A                             0.750000    1.306207   -0.556207 (VIOLATED)
ANTENNA_40/DIODE                        0.750000    1.306204   -0.556204 (VIOLATED)
fanout437/A                             0.750000    1.306126   -0.556126 (VIOLATED)
fanout436/A                             0.750000    1.305962   -0.555962 (VIOLATED)
ANTENNA_39/DIODE                        0.750000    1.305961   -0.555961 (VIOLATED)
fanout435/A                             0.750000    1.305956   -0.555956 (VIOLATED)
_3625_/Y                                0.750000    1.305891   -0.555891 (VIOLATED)
fanout418/A                             0.750000    1.224058   -0.474058 (VIOLATED)
ANTENNA_3/DIODE                         0.750000    1.224057   -0.474057 (VIOLATED)
fanout416/A                             0.750000    1.223729   -0.473729 (VIOLATED)
ANTENNA_125/DIODE                       0.750000    1.223727   -0.473727 (VIOLATED)
fanout417/A                             0.750000    1.223498   -0.473498 (VIOLATED)
ANTENNA_2/DIODE                         0.750000    1.223496   -0.473496 (VIOLATED)
fanout415/A                             0.750000    1.223476   -0.473476 (VIOLATED)
_2205_/Y                                0.750000    1.223426   -0.473426 (VIOLATED)
fanout356/A                             0.750000    1.041665   -0.291665 (VIOLATED)
fanout358/A                             0.750000    1.041629   -0.291629 (VIOLATED)
fanout357/A                             0.750000    1.041290   -0.291290 (VIOLATED)
fanout355/A                             0.750000    1.041227   -0.291227 (VIOLATED)
_3617_/Y                                0.750000    1.041155   -0.291155 (VIOLATED)
fanout353/A                             0.750000    0.961539   -0.211539 (VIOLATED)
ANTENNA_45/DIODE                        0.750000    0.961537   -0.211537 (VIOLATED)
ANTENNA_46/DIODE                        0.750000    0.961534   -0.211534 (VIOLATED)
fanout354/A                             0.750000    0.961493   -0.211493 (VIOLATED)
ANTENNA_47/DIODE                        0.750000    0.961492   -0.211492 (VIOLATED)
fanout352/A                             0.750000    0.961423   -0.211423 (VIOLATED)
ANTENNA_44/DIODE                        0.750000    0.961422   -0.211422 (VIOLATED)
fanout351/A                             0.750000    0.961294   -0.211294 (VIOLATED)
_3637_/Y                                0.750000    0.961213   -0.211213 (VIOLATED)
fanout433/A                             0.750000    0.946148   -0.196148 (VIOLATED)
fanout434/A                             0.750000    0.946069   -0.196069 (VIOLATED)
ANTENNA_42/DIODE                        0.750000    0.946066   -0.196066 (VIOLATED)
ANTENNA_43/DIODE                        0.750000    0.946062   -0.196062 (VIOLATED)
fanout432/A                             0.750000    0.945905   -0.195905 (VIOLATED)
ANTENNA_41/DIODE                        0.750000    0.945786   -0.195786 (VIOLATED)
fanout431/A                             0.750000    0.945370   -0.195370 (VIOLATED)
_3632_/X                                0.750000    0.945336   -0.195336 (VIOLATED)
fanout455/A                             0.750000    0.923797   -0.173797 (VIOLATED)
fanout446/A                             0.750000    0.923790   -0.173790 (VIOLATED)
_3610_/Y                                0.750000    0.923783   -0.173783 (VIOLATED)
fanout334/A                             0.750000    0.889588   -0.139588 (VIOLATED)
ANTENNA_60/DIODE                        0.750000    0.889585   -0.139585 (VIOLATED)
fanout332/A                             0.750000    0.889145   -0.139145 (VIOLATED)
ANTENNA_170/DIODE                       0.750000    0.889144   -0.139144 (VIOLATED)
fanout333/A                             0.750000    0.889121   -0.139121 (VIOLATED)
fanout331/A                             0.750000    0.889112   -0.139112 (VIOLATED)
_4246_/X                                0.750000    0.889094   -0.139094 (VIOLATED)
fanout460/A                             0.750000    0.852732   -0.102732 (VIOLATED)
ANTENNA_116/DIODE                       0.750000    0.852730   -0.102730 (VIOLATED)
fanout462/A                             0.750000    0.852680   -0.102680 (VIOLATED)
fanout461/A                             0.750000    0.852670   -0.102670 (VIOLATED)
ANTENNA_153/DIODE                       0.750000    0.852496   -0.102496 (VIOLATED)
fanout459/A                             0.750000    0.852493   -0.102493 (VIOLATED)
fanout458/A                             0.750000    0.851564   -0.101564 (VIOLATED)
fanout463/X                             0.750000    0.851552   -0.101552 (VIOLATED)
_2518_/B2                               0.750000    0.840820   -0.090820 (VIOLATED)
fanout405/A                             0.750000    0.840790   -0.090790 (VIOLATED)
fanout404/A                             0.750000    0.840712   -0.090712 (VIOLATED)
fanout403/A                             0.750000    0.840504   -0.090504 (VIOLATED)
_2441_/X                                0.750000    0.840466   -0.090466 (VIOLATED)
_3785_/A2                               0.750000    0.827076   -0.077076 (VIOLATED)
ANTENNA_52/DIODE                        0.750000    0.827075   -0.077075 (VIOLATED)
_3779_/X                                0.750000    0.827029   -0.077029 (VIOLATED)
_3364_/B1                               0.750000    0.787178   -0.037178 (VIOLATED)
_3340_/B1                               0.750000    0.787149   -0.037149 (VIOLATED)
fanout369/A                             0.750000    0.787138   -0.037138 (VIOLATED)
ANTENNA_150/DIODE                       0.750000    0.787137   -0.037137 (VIOLATED)
_3326_/B1                               0.750000    0.787060   -0.037060 (VIOLATED)
_3346_/B1                               0.750000    0.786889   -0.036889 (VIOLATED)
fanout368/A                             0.750000    0.786813   -0.036813 (VIOLATED)
ANTENNA_94/DIODE                        0.750000    0.786810   -0.036810 (VIOLATED)
fanout367/A                             0.750000    0.786632   -0.036632 (VIOLATED)
fanout370/X                             0.750000    0.786599   -0.036599 (VIOLATED)
_2640_/B                                0.750000    0.768981   -0.018981 (VIOLATED)
ANTENNA_8/DIODE                         0.750000    0.768980   -0.018980 (VIOLATED)
fanout401/A                             0.750000    0.768969   -0.018969 (VIOLATED)
_2552_/Y                                0.750000    0.768961   -0.018961 (VIOLATED)
_2914_/C1                               0.750000    0.768644   -0.018644 (VIOLATED)
_2920_/C1                               0.750000    0.768489   -0.018489 (VIOLATED)
fanout268/A                             0.750000    0.768382   -0.018382 (VIOLATED)
fanout270/A                             0.750000    0.768007   -0.018007 (VIOLATED)
_2858_/X                                0.750000    0.767768   -0.017768 (VIOLATED)

max fanout

Pin                                   Limit Fanout  Slack
---------------------------------------------------------
fanout401/X                              10     17     -7 (VIOLATED)
fanout508/X                              10     17     -7 (VIOLATED)
clkbuf_leaf_0_clk/X                      10     16     -6 (VIOLATED)
clkbuf_leaf_2_clk/X                      10     16     -6 (VIOLATED)
clkbuf_leaf_57_clk/X                     10     15     -5 (VIOLATED)
clkbuf_leaf_40_clk/X                     10     14     -4 (VIOLATED)
clkbuf_leaf_60_clk/X                     10     14     -4 (VIOLATED)
clkbuf_leaf_62_clk/X                     10     14     -4 (VIOLATED)
fanout299/X                              10     14     -4 (VIOLATED)
fanout350/X                              10     14     -4 (VIOLATED)
fanout542/X                              10     14     -4 (VIOLATED)
clkbuf_leaf_41_clk/X                     10     13     -3 (VIOLATED)
clkbuf_leaf_54_clk/X                     10     13     -3 (VIOLATED)
clkbuf_leaf_58_clk/X                     10     13     -3 (VIOLATED)
clkbuf_leaf_15_clk/X                     10     12     -2 (VIOLATED)
clkbuf_leaf_17_clk/X                     10     12     -2 (VIOLATED)
clkbuf_leaf_33_clk/X                     10     12     -2 (VIOLATED)
clkbuf_leaf_38_clk/X                     10     12     -2 (VIOLATED)
fanout164/X                              10     12     -2 (VIOLATED)
fanout178/X                              10     12     -2 (VIOLATED)
fanout279/X                              10     12     -2 (VIOLATED)
fanout419/X                              10     12     -2 (VIOLATED)
fanout435/X                              10     12     -2 (VIOLATED)
fanout483/X                              10     12     -2 (VIOLATED)
clkbuf_leaf_13_clk/X                     10     11        (VIOLATED)
clkbuf_leaf_16_clk/X                     10     11        (VIOLATED)
clkbuf_leaf_18_clk/X                     10     11        (VIOLATED)
clkbuf_leaf_19_clk/X                     10     11        (VIOLATED)
clkbuf_leaf_20_clk/X                     10     11        (VIOLATED)
clkbuf_leaf_21_clk/X                     10     11        (VIOLATED)
clkbuf_leaf_23_clk/X                     10     11        (VIOLATED)
clkbuf_leaf_25_clk/X                     10     11        (VIOLATED)
clkbuf_leaf_26_clk/X                     10     11        (VIOLATED)
clkbuf_leaf_32_clk/X                     10     11        (VIOLATED)
clkbuf_leaf_3_clk/X                      10     11        (VIOLATED)
clkbuf_leaf_43_clk/X                     10     11        (VIOLATED)
clkbuf_leaf_4_clk/X                      10     11        (VIOLATED)
clkbuf_leaf_55_clk/X                     10     11        (VIOLATED)
clkbuf_leaf_56_clk/X                     10     11        (VIOLATED)
clkbuf_leaf_59_clk/X                     10     11        (VIOLATED)
clkbuf_leaf_8_clk/X                      10     11        (VIOLATED)
clkbuf_leaf_9_clk/X                      10     11        (VIOLATED)
fanout174/X                              10     11        (VIOLATED)
fanout176/X                              10     11        (VIOLATED)
fanout186/X                              10     11        (VIOLATED)
fanout188/X                              10     11        (VIOLATED)
fanout190/X                              10     11        (VIOLATED)
fanout233/X                              10     11        (VIOLATED)
fanout245/X                              10     11        (VIOLATED)
fanout249/X                              10     11        (VIOLATED)
fanout257/X                              10     11        (VIOLATED)
fanout261/X                              10     11        (VIOLATED)
fanout330/X                              10     11        (VIOLATED)
fanout351/X                              10     11        (VIOLATED)
fanout368/X                              10     11        (VIOLATED)
fanout373/X                              10     11        (VIOLATED)
fanout376/X                              10     11        (VIOLATED)
fanout491/X                              10     11        (VIOLATED)

max capacitance

Pin                                        Limit         Cap       Slack
------------------------------------------------------------------------
_4243_/Y                                0.086070    0.113315   -0.027245 (VIOLATED)
_3668_/Y                                0.086070    0.112568   -0.026498 (VIOLATED)
_3489_/Y                                0.086070    0.110205   -0.024135 (VIOLATED)
_4147_/Y                                0.086070    0.104230   -0.018160 (VIOLATED)
_4245_/Y                                0.027476    0.045560   -0.018084 (VIOLATED)
_2447_/Y                                0.086070    0.103508   -0.017438 (VIOLATED)
_2971_/Y                                0.036631    0.041427   -0.004796 (VIOLATED)
_3385_/Y                                0.086070    0.087516   -0.001446 (VIOLATED)



===========================================================================
report_parasitic_annotation -report_unannotated
============================================================================
Found 61 unannotated drivers.
 value[0]
 value[1]
 value[2]
 value[3]
 clkload0/Y
 clkload1/Y
 clkload10/Y
 clkload11/X
 clkload12/Y
 clkload13/Y
 clkload14/X
 clkload15/Y
 clkload16/Y
 clkload17/Y
 clkload18/Y
 clkload19/Y
 clkload2/Y
 clkload20/X
 clkload21/Y
 clkload22/X
 clkload23/Y
 clkload24/Y
 clkload25/Y
 clkload26/Y
 clkload27/Y
 clkload28/X
 clkload29/Y
 clkload3/X
 clkload30/X
 clkload31/Y
 clkload32/X
 clkload33/X
 clkload34/Y
 clkload35/Y
 clkload36/Y
 clkload37/X
 clkload38/Y
 clkload39/X
 clkload4/X
 clkload40/X
 clkload41/X
 clkload42/X
 clkload43/X
 clkload44/X
 clkload45/Y
 clkload46/Y
 clkload47/Y
 clkload48/Y
 clkload49/Y
 clkload5/Y
 clkload50/Y
 clkload51/X
 clkload52/Y
 clkload53/Y
 clkload54/Y
 clkload55/Y
 clkload56/X
 clkload6/X
 clkload7/Y
 clkload8/Y
 clkload9/X
Found 0 partially unannotated drivers.

===========================================================================
max slew violation count 133
max fanout violation count 58
max cap violation count 8
============================================================================

===========================================================================
check_setup -verbose -unconstrained_endpoints -multiple_clock -no_clock -no_input_delay -loops -generated_clocks
===========================================================================
