Clock: clk
Sources: clk 
Generated: no
Virtual: yes
Propagated: no
Period: 25.000000

===========================================================================
report_clock_properties
============================================================================
Clock                   Period          Waveform
----------------------------------------------------
clk                  25.000000    0.000000 12.500000

===========================================================================
report_clock_latency
============================================================================
Clock clk
rise -> rise
    min     max
0.000000 0.000000 source latency
1.237559         network latency _4823_/CLK
        1.594507 network latency _4561_/CLK
---------------
1.237559 1.594507 latency
        0.356947 skew

fall -> fall
    min     max
0.000000 0.000000 source latency
1.030966         network latency _4823_/CLK
        1.366646 network latency _4561_/CLK
---------------
1.030966 1.366646 latency
        0.335681 skew



===========================================================================
report_clock_min_period
============================================================================
clk period_min = 8.42 fmax = 118.76
