┏━━━━━━━┳━━━━━━━━━┳━━━━━━━━━━┳━━━━━━━━┳━━━━━━━━━━━━━┳━━━━━━━┓
┃ P / R ┃ Partial ┃ Required ┃ Net    ┃ Pin         ┃ Layer ┃
┡━━━━━━━╇━━━━━━━━━╇━━━━━━━━━━╇━━━━━━━━╇━━━━━━━━━━━━━╇━━━━━━━┩
│ 3.14  │ 1254.61 │ 400.00   │ _1511_ │ fanout254/A │ met3  │
│ 2.76  │ 1104.26 │ 400.00   │ _0789_ │ fanout307/A │ met3  │
│ 2.36  │ 942.71  │ 400.00   │ net248 │ _3564_/B    │ met3  │
│ 2.36  │ 942.71  │ 400.00   │ net248 │ _3576_/B    │ met3  │
│ 2.36  │ 942.71  │ 400.00   │ net248 │ fanout247/A │ met3  │
│ 1.93  │ 770.87  │ 400.00   │ _1435_ │ fanout480/A │ met3  │
│ 1.80  │ 718.38  │ 400.00   │ _0867_ │ _2651_/A2   │ met3  │
│ 1.76  │ 705.46  │ 400.00   │ net215 │ _3786_/A    │ met3  │
│ 1.76  │ 705.46  │ 400.00   │ net215 │ _3798_/A    │ met3  │
│ 1.71  │ 682.57  │ 400.00   │ net288 │ fanout287/A │ met3  │
│ 1.61  │ 643.19  │ 400.00   │ _1600_ │ fanout358/A │ met3  │
│ 1.57  │ 629.04  │ 400.00   │ net210 │ fanout209/A │ met3  │
│ 1.46  │ 584.60  │ 400.00   │ net351 │ _3933_/B2   │ met3  │
│ 1.44  │ 577.89  │ 400.00   │ _0783_ │ _2518_/B2   │ met3  │
│ 1.44  │ 577.89  │ 400.00   │ _0783_ │ fanout405/A │ met3  │
│ 1.35  │ 539.99  │ 400.00   │ net174 │ _3295_/B1   │ met3  │
│ 1.34  │ 534.98  │ 400.00   │ net247 │ _3540_/B    │ met3  │
│ 1.26  │ 505.81  │ 400.00   │ _2047_ │ fanout230/A │ met4  │
│ 1.25  │ 500.08  │ 400.00   │ _0866_ │ fanout301/A │ met3  │
│ 1.21  │ 485.30  │ 400.00   │ _1151_ │ fanout381/A │ met2  │
│ 1.18  │ 471.92  │ 400.00   │ _2045_ │ fanout235/A │ met3  │
│ 1.14  │ 455.18  │ 400.00   │ _1606_ │ fanout437/A │ met3  │
│ 1.13  │ 450.62  │ 400.00   │ _0715_ │ fanout314/A │ met3  │
│ 1.13  │ 450.62  │ 400.00   │ net389 │ _2666_/B2   │ met3  │
│ 1.04  │ 416.78  │ 400.00   │ _0789_ │ fanout306/A │ met4  │
│ 1.04  │ 416.78  │ 400.00   │ _0789_ │ fanout307/A │ met4  │
│ 1.03  │ 412.06  │ 400.00   │ net508 │ _2603_/C    │ met3  │
│ 1.03  │ 412.06  │ 400.00   │ net508 │ _2629_/C    │ met3  │
│ 1.03  │ 410.76  │ 400.00   │ net345 │ _3748_/B1   │ met3  │
│ 1.02  │ 406.17  │ 400.00   │ net367 │ _3321_/B1   │ met3  │
│ 1.02  │ 406.01  │ 400.00   │ _1072_ │ _2914_/C1   │ met3  │
│ 1.00  │ 400.19  │ 400.00   │ _1619_ │ fanout429/A │ met4  │
│ 1.00  │ 400.19  │ 400.00   │ _1619_ │ fanout430/A │ met4  │
└───────┴─────────┴──────────┴────────┴─────────────┴───────┘
