Clock: clk
Sources: clk 
Generated: no
Virtual: yes
Propagated: no
Period: 50.000000

===========================================================================
report_clock_properties
============================================================================
Clock                   Period          Waveform
----------------------------------------------------
clk                  50.000000    0.000000 25.000000

===========================================================================
report_clock_latency
============================================================================
Clock clk
rise -> rise
    min     max
0.000000 0.000000 source latency
0.490074         network latency _29490_/CLK
        0.681764 network latency _29580_/CLK
---------------
0.490074 0.681764 latency
        0.191689 skew

fall -> fall
    min     max
0.000000 0.000000 source latency
0.420735         network latency _29490_/CLK
        0.602421 network latency _29580_/CLK
---------------
0.420735 0.602421 latency
        0.181686 skew



===========================================================================
report_clock_min_period
============================================================================
clk period_min = 143.65 fmax = 6.96
