
===========================================================================
Violator List
============================================================================
[setup reg-reg] _29541_/Q -> _29577_/D : -93.646553
[setup reg-reg] _29541_/Q -> _29578_/D : -91.532295
[setup reg-reg] _29541_/Q -> _29579_/D : -88.740692
[setup reg-reg] _29541_/Q -> _29580_/D : -86.309998
[setup reg-reg] _29541_/Q -> _29581_/D : -83.863586
[setup reg-reg] _29541_/Q -> _29582_/D : -81.458565
[setup reg-reg] _29541_/Q -> _29583_/D : -78.741379
[setup reg-reg] _29541_/Q -> _29584_/D : -76.286842
[setup reg-reg] _29541_/Q -> _29585_/D : -73.593430
[setup reg-reg] _29541_/Q -> _29586_/D : -71.216789
[setup reg-reg] _29541_/Q -> _29587_/D : -69.138237
[setup reg-reg] _29541_/Q -> _29588_/D : -66.648964
[setup reg-reg] _29541_/Q -> _29589_/D : -63.755154
[setup reg-reg] _29541_/Q -> _29590_/D : -61.463539
[setup reg-reg] _29541_/Q -> _29591_/D : -59.163406
[setup reg-reg] _29541_/Q -> _29592_/D : -56.746803
[setup reg-reg] _29541_/Q -> _29593_/D : -54.361183
[setup reg-reg] _29541_/Q -> _29594_/D : -52.130219
[setup reg-reg] _29541_/Q -> _29595_/D : -49.393959
[setup reg-reg] _29541_/Q -> _29596_/D : -47.051559
[setup reg-reg] _29541_/Q -> _29597_/D : -44.154755
[setup reg-reg] _29541_/Q -> _29598_/D : -41.636482
[setup reg-reg] _29541_/Q -> _29599_/D : -38.772629
[setup reg-reg] _29541_/Q -> _29600_/D : -36.389889
[setup reg-reg] _29541_/Q -> _29601_/D : -33.969612
[setup reg-reg] _29541_/Q -> _29602_/D : -31.368452
[setup reg-reg] _29541_/Q -> _29603_/D : -27.920471
[setup reg-reg] _29541_/Q -> _29604_/D : -25.911842
[setup reg-reg] _29541_/Q -> _29605_/D : -23.592312
[setup reg-reg] _29541_/Q -> _29606_/D : -21.353754
[setup reg-reg] _29541_/Q -> _29607_/D : -18.560017
[setup reg-reg] _29541_/Q -> _29608_/D : -16.717455
[setup reg-reg] _29541_/Q -> _29609_/D : -14.637814
[setup reg-reg] _29541_/Q -> _29610_/D : -12.418685
[setup reg-reg] _29541_/Q -> _29611_/D : -9.558502
[setup reg-reg] _29541_/Q -> _29612_/D : -7.241933
[setup reg-reg] _29541_/Q -> _29613_/D : -4.744880
[setup reg-reg] _29541_/Q -> _29614_/D : -1.901210
Writing metric timing__hold_vio__count__corner:nom_tt_025C_1v80: 0
Writing metric timing__hold_r2r__ws__corner:nom_tt_025C_1v80: 0.300931
Writing metric timing__hold_r2r_vio__count__corner:nom_tt_025C_1v80: 0
Writing metric timing__setup_vio__count__corner:nom_tt_025C_1v80: 38
Writing metric timing__setup_r2r__ws__corner:nom_tt_025C_1v80: -93.646553
Writing metric timing__setup_r2r_vio__count__corner:nom_tt_025C_1v80: 38
