Clock: clk
Sources: clk 
Generated: no
Virtual: yes
Propagated: no
Period: 25.000000

===========================================================================
report_clock_properties
============================================================================
Clock                   Period          Waveform
----------------------------------------------------
clk                  25.000000    0.000000 12.500000

===========================================================================
report_clock_latency
============================================================================
Clock clk
rise -> rise
    min     max
0.000000 0.000000 source latency
2.358176         network latency _3965_/CLK
        2.384643 network latency _3892_/CLK
---------------
2.358176 2.384643 latency
        0.026467 skew

fall -> fall
    min     max
0.000000 0.000000 source latency
1.154018         network latency _3965_/CLK
        1.178531 network latency _3892_/CLK
---------------
1.154018 1.178531 latency
        0.024513 skew



===========================================================================
report_clock_min_period
============================================================================
clk period_min = 10.89 fmax = 91.82
