┏━━━━━━━┳━━━━━━━━━┳━━━━━━━━━━┳━━━━━━━━┳━━━━━━━━━━━━━┳━━━━━━━┓
┃ P / R ┃ Partial ┃ Required ┃ Net    ┃ Pin         ┃ Layer ┃
┡━━━━━━━╇━━━━━━━━━╇━━━━━━━━━━╇━━━━━━━━╇━━━━━━━━━━━━━╇━━━━━━━┩
│ 4.86  │ 1945.33 │ 400.00   │ net174 │ _3337_/B    │ met3  │
│ 4.72  │ 1889.26 │ 400.00   │ _1300_ │ fanout182/A │ met3  │
│ 3.50  │ 1400.86 │ 400.00   │ _1221_ │ fanout491/A │ met3  │
│ 3.25  │ 1298.26 │ 400.00   │ _1616_ │ fanout353/A │ met3  │
│ 3.14  │ 1256.91 │ 400.00   │ _0631_ │ fanout524/A │ met3  │
│ 2.87  │ 1148.00 │ 400.00   │ net245 │ _3496_/B    │ met3  │
│ 2.86  │ 1145.58 │ 400.00   │ _1151_ │ fanout380/A │ met3  │
│ 2.86  │ 1145.58 │ 400.00   │ _2114_ │ fanout334/A │ met3  │
│ 2.73  │ 1093.75 │ 400.00   │ _1635_ │ fanout425/A │ met3  │
│ 2.62  │ 1048.60 │ 400.00   │ _1153_ │ fanout194/A │ met3  │
│ 2.60  │ 1041.92 │ 400.00   │ _1151_ │ fanout382/A │ met3  │
│ 2.48  │ 990.08  │ 400.00   │ net197 │ fanout196/A │ met3  │
│ 2.36  │ 943.44  │ 400.00   │ _0604_ │ fanout172/A │ met3  │
│ 2.11  │ 845.33  │ 400.00   │ net322 │ fanout321/A │ met3  │
│ 2.02  │ 806.86  │ 400.00   │ net350 │ _3738_/B    │ met3  │
│ 2.01  │ 804.45  │ 400.00   │ _1299_ │ fanout158/A │ met3  │
│ 2.01  │ 804.45  │ 400.00   │ _1299_ │ fanout160/A │ met3  │
│ 1.98  │ 790.76  │ 400.00   │ net401 │ _2574_/B    │ met3  │
│ 1.98  │ 790.76  │ 400.00   │ net401 │ _2606_/B    │ met3  │
│ 1.98  │ 790.76  │ 400.00   │ net401 │ fanout400/A │ met3  │
│ 1.93  │ 771.88  │ 400.00   │ net206 │ fanout205/A │ met3  │
│ 1.93  │ 770.87  │ 400.00   │ _0613_ │ fanout418/A │ met3  │
│ 1.93  │ 770.87  │ 400.00   │ _1149_ │ fanout494/A │ met3  │
│ 1.93  │ 770.87  │ 400.00   │ _1606_ │ fanout438/A │ met3  │
│ 1.91  │ 762.86  │ 400.00   │ net164 │ fanout162/A │ met3  │
│ 1.84  │ 736.45  │ 400.00   │ _1296_ │ fanout485/A │ met3  │
│ 1.83  │ 730.86  │ 400.00   │ net483 │ _3338_/A2   │ met4  │
│ 1.80  │ 719.24  │ 400.00   │ net350 │ _3708_/B    │ met3  │
│ 1.80  │ 718.25  │ 400.00   │ net192 │ fanout190/A │ met3  │
│ 1.80  │ 718.25  │ 400.00   │ net370 │ fanout368/A │ met3  │
│ 1.75  │ 701.69  │ 400.00   │ _1435_ │ fanout478/A │ met3  │
│ 1.75  │ 701.43  │ 400.00   │ _0869_ │ fanout396/A │ met3  │
│ 1.74  │ 694.52  │ 400.00   │ _1301_ │ fanout373/A │ met3  │
│ 1.74  │ 694.52  │ 400.00   │ _1301_ │ fanout374/A │ met3  │
│ 1.70  │ 679.10  │ 400.00   │ _1611_ │ fanout434/A │ met3  │
│ 1.70  │ 679.10  │ 400.00   │ _2049_ │ fanout343/A │ met3  │
│ 1.70  │ 679.10  │ 400.00   │ _2111_ │ fanout224/A │ met3  │
│ 1.68  │ 673.65  │ 400.00   │ net368 │ _3338_/B1   │ met3  │
│ 1.57  │ 629.04  │ 400.00   │ net351 │ _3820_/A1   │ met3  │
│ 1.56  │ 622.29  │ 400.00   │ _0862_ │ _2640_/B    │ met3  │
│ 1.49  │ 595.58  │ 400.00   │ net373 │ _3262_/B    │ met1  │
│ 1.47  │ 586.63  │ 400.00   │ _2112_ │ _4293_/A2   │ met3  │
│ 1.47  │ 586.63  │ 400.00   │ _2112_ │ fanout220/A │ met3  │
│ 1.46  │ 584.60  │ 400.00   │ net186 │ _3086_/A2   │ met3  │
│ 1.46  │ 584.57  │ 400.00   │ net190 │ _3086_/C1   │ met3  │
│ 1.46  │ 584.44  │ 400.00   │ net435 │ _3820_/B2   │ met3  │
│ 1.46  │ 583.09  │ 400.00   │ net422 │ _3738_/C    │ met1  │
│ 1.45  │ 580.33  │ 400.00   │ _0782_ │ fanout515/A │ met3  │
│ 1.45  │ 580.33  │ 400.00   │ _0782_ │ fanout516/A │ met3  │
│ 1.44  │ 575.59  │ 400.00   │ net422 │ fanout421/A │ met3  │
│ 1.42  │ 569.76  │ 400.00   │ _0936_ │ fanout296/A │ met3  │
│ 1.38  │ 553.27  │ 400.00   │ net508 │ _2574_/C    │ met3  │
│ 1.38  │ 553.27  │ 400.00   │ net508 │ _2606_/C    │ met3  │
│ 1.38  │ 553.27  │ 400.00   │ net508 │ fanout507/A │ met3  │
│ 1.38  │ 553.24  │ 400.00   │ _1296_ │ fanout488/A │ met2  │
│ 1.35  │ 539.83  │ 400.00   │ _0613_ │ fanout417/A │ met3  │
│ 1.35  │ 539.83  │ 400.00   │ _1717_ │ _3785_/A2   │ met3  │
│ 1.35  │ 539.83  │ 400.00   │ net491 │ _3127_/A2   │ met3  │
│ 1.34  │ 8.05    │ 6.00     │ _1616_ │ fanout352/A │ via4  │
│ 1.34  │ 534.12  │ 400.00   │ _2047_ │ fanout232/A │ met3  │
│ 1.33  │ 530.79  │ 400.00   │ net350 │ _3741_/B    │ met3  │
│ 1.33  │ 530.79  │ 400.00   │ net350 │ _3747_/B    │ met3  │
│ 1.32  │ 528.98  │ 400.00   │ _2045_ │ fanout234/A │ met3  │
│ 1.32  │ 528.75  │ 400.00   │ net330 │ fanout329/A │ met2  │
│ 1.31  │ 523.76  │ 400.00   │ net476 │ fanout475/A │ met3  │
│ 1.31  │ 523.61  │ 400.00   │ _0787_ │ fanout311/A │ met3  │
│ 1.28  │ 512.88  │ 400.00   │ net394 │ _2704_/S    │ met3  │
│ 1.28  │ 512.88  │ 400.00   │ net394 │ fanout393/A │ met3  │
│ 1.25  │ 500.53  │ 400.00   │ _1439_ │ fanout266/A │ met3  │
│ 1.24  │ 494.73  │ 400.00   │ net378 │ fanout377/A │ met2  │
│ 1.24  │ 494.37  │ 400.00   │ net378 │ fanout376/A │ met3  │
│ 1.24  │ 494.37  │ 400.00   │ net378 │ fanout377/A │ met3  │
│ 1.23  │ 493.13  │ 400.00   │ _1442_ │ fanout366/A │ met3  │
│ 1.23  │ 492.07  │ 400.00   │ net188 │ fanout187/A │ met2  │
│ 1.23  │ 490.92  │ 400.00   │ _1149_ │ fanout494/A │ met4  │
│ 1.23  │ 490.92  │ 400.00   │ _1149_ │ fanout496/A │ met4  │
│ 1.22  │ 488.68  │ 400.00   │ net401 │ _2571_/B    │ met3  │
│ 1.22  │ 488.68  │ 400.00   │ net401 │ _2586_/B    │ met3  │
│ 1.22  │ 488.68  │ 400.00   │ net401 │ _2632_/B    │ met3  │
│ 1.22  │ 488.68  │ 400.00   │ net401 │ _2649_/B    │ met3  │
│ 1.22  │ 487.70  │ 400.00   │ net164 │ fanout163/A │ met3  │
│ 1.21  │ 482.29  │ 400.00   │ _1442_ │ fanout363/A │ met3  │
│ 1.19  │ 477.07  │ 400.00   │ _0866_ │ fanout302/A │ met3  │
│ 1.19  │ 476.96  │ 400.00   │ net463 │ fanout460/A │ met3  │
│ 1.18  │ 471.77  │ 400.00   │ net446 │ fanout442/A │ met3  │
│ 1.17  │ 467.21  │ 400.00   │ net188 │ fanout186/A │ met3  │
│ 1.17  │ 467.21  │ 400.00   │ net188 │ fanout187/A │ met3  │
│ 1.15  │ 460.08  │ 400.00   │ net176 │ _3326_/A2   │ met3  │
│ 1.15  │ 460.08  │ 400.00   │ net176 │ _3341_/B1   │ met3  │
│ 1.15  │ 460.08  │ 400.00   │ net176 │ _3363_/B    │ met3  │
│ 1.15  │ 460.08  │ 400.00   │ net176 │ fanout175/A │ met3  │
│ 1.12  │ 447.37  │ 400.00   │ net257 │ _3395_/B    │ met3  │
│ 1.12  │ 446.01  │ 400.00   │ _1152_ │ fanout166/A │ met1  │
│ 1.11  │ 442.63  │ 400.00   │ net279 │ _2768_/B    │ met3  │
│ 1.11  │ 442.63  │ 400.00   │ net279 │ _2834_/B    │ met3  │
│ 1.09  │ 436.46  │ 400.00   │ net414 │ _2241_/B2   │ met3  │
│ 1.09  │ 436.46  │ 400.00   │ net414 │ fanout413/A │ met3  │
│ 1.07  │ 428.28  │ 400.00   │ net178 │ _3295_/A2   │ met3  │
│ 1.07  │ 428.28  │ 400.00   │ net178 │ _3338_/C1   │ met3  │
│ 1.07  │ 426.90  │ 400.00   │ _1611_ │ fanout432/A │ met4  │
│ 1.07  │ 426.90  │ 400.00   │ _1611_ │ fanout434/A │ met4  │
│ 1.06  │ 425.28  │ 400.00   │ _2111_ │ fanout223/A │ met3  │
│ 1.06  │ 425.24  │ 400.00   │ net292 │ fanout291/A │ met3  │
│ 1.06  │ 423.95  │ 400.00   │ net533 │ fanout530/A │ met3  │
│ 1.06  │ 423.70  │ 400.00   │ _1606_ │ fanout436/A │ met3  │
│ 1.06  │ 423.70  │ 400.00   │ net472 │ fanout471/A │ met3  │
│ 1.06  │ 422.93  │ 400.00   │ _1639_ │ fanout241/A │ met3  │
│ 1.06  │ 422.93  │ 400.00   │ _1639_ │ fanout242/A │ met3  │
│ 1.06  │ 422.93  │ 400.00   │ _1639_ │ fanout244/A │ met3  │
│ 1.05  │ 421.51  │ 400.00   │ _1296_ │ fanout486/A │ met3  │
│ 1.05  │ 421.51  │ 400.00   │ _1296_ │ fanout488/A │ met3  │
│ 1.05  │ 420.09  │ 400.00   │ net339 │ fanout337/A │ met3  │
│ 1.04  │ 417.12  │ 400.00   │ _1299_ │ fanout160/A │ met2  │
└───────┴─────────┴──────────┴────────┴─────────────┴───────┘
