Reading OpenROAD database at '/mnt/c/Users/nikot/ee531/my_designs/FPU_32_Bit/runs/RUN_2026-03-13_00-42-29/41-openroad-repairantennas/1-diodeinsertion/FP32_Div.odb'…
Reading library file at '/home/nikotambo/.ciel/ciel/sky130/versions/0fe599b2afb6708d281543108caf8310912f54af/sky130A/libs.ref/sky130_fd_sc_hd/lib/sky130_fd_sc_hd__tt_025C_1v80.lib'…
Reading design constraints file at '/nix/store/ggca3knjd8cr3mvwr221rbqfs4vr36zy-python3-3.11.9-env/lib/python3.11/site-packages/librelane/scripts/base.sdc'…
[INFO] Using clock clk…
[INFO] Setting output delay to: 10
[INFO] Setting input delay to: 10
[INFO] Setting load to: 0.033442
[INFO] Setting clock uncertainty to: 0.25
[INFO] Setting clock transition to: 0.1499999999999999944488848768742172978818416595458984375
[INFO] Setting timing derate to: 5%
[INFO ORD-0030] Using 22 thread(s).
[INFO DRT-0149] Reading tech and libs.
[WARNING DRT-0349] LEF58_ENCLOSURE with no CUTCLASS is not supported. Skipping for layer mcon
[WARNING DRT-0349] LEF58_ENCLOSURE with no CUTCLASS is not supported. Skipping for layer mcon
[WARNING DRT-0349] LEF58_ENCLOSURE with no CUTCLASS is not supported. Skipping for layer via
[WARNING DRT-0349] LEF58_ENCLOSURE with no CUTCLASS is not supported. Skipping for layer via
[WARNING DRT-0349] LEF58_ENCLOSURE with no CUTCLASS is not supported. Skipping for layer via2
[WARNING DRT-0349] LEF58_ENCLOSURE with no CUTCLASS is not supported. Skipping for layer via2
[WARNING DRT-0349] LEF58_ENCLOSURE with no CUTCLASS is not supported. Skipping for layer via3
[WARNING DRT-0349] LEF58_ENCLOSURE with no CUTCLASS is not supported. Skipping for layer via3
[WARNING DRT-0349] LEF58_ENCLOSURE with no CUTCLASS is not supported. Skipping for layer via4
[WARNING DRT-0349] LEF58_ENCLOSURE with no CUTCLASS is not supported. Skipping for layer via4

Units:                1000
Number of layers:     13
Number of macros:     441
Number of vias:       29
Number of viarulegen: 25

[INFO DRT-0150] Reading design.

Design:                   FP32_Div
Die area:                 ( 0 0 ) ( 545040 555760 )
Number of track patterns: 12
Number of DEF vias:       0
Number of components:     20808
Number of terminals:      99
Number of snets:          2
Number of nets:           16308

[INFO DRT-0167] List of default vias:
  Layer via
    default via: M1M2_PR
  Layer via2
    default via: M2M3_PR
  Layer via3
    default via: M3M4_PR
  Layer via4
    default via: M4M5_PR
[INFO DRT-0162] Library cell analysis.
[INFO DRT-0163] Instance analysis.
[INFO DRT-0164] Number of unique instances = 732.
[INFO DRT-0168] Init region query.
[INFO DRT-0024]   Complete FR_MASTERSLICE.
[INFO DRT-0024]   Complete licon.
[INFO DRT-0024]   Complete li1.
[INFO DRT-0024]   Complete mcon.
[INFO DRT-0024]   Complete met1.
[INFO DRT-0024]   Complete via.
[INFO DRT-0024]   Complete met2.
[INFO DRT-0024]   Complete via2.
[INFO DRT-0024]   Complete met3.
[INFO DRT-0024]   Complete via3.
[INFO DRT-0024]   Complete met4.
[INFO DRT-0024]   Complete via4.
[INFO DRT-0024]   Complete met5.
[INFO DRT-0033] FR_MASTERSLICE shape region query size = 0.
[INFO DRT-0033] licon shape region query size = 0.
[INFO DRT-0033] li1 shape region query size = 490463.
[INFO DRT-0033] mcon shape region query size = 0.
[INFO DRT-0033] met1 shape region query size = 46736.
[INFO DRT-0033] via shape region query size = 3940.
[INFO DRT-0033] met2 shape region query size = 2387.
[INFO DRT-0033] via2 shape region query size = 3152.
[INFO DRT-0033] met3 shape region query size = 2438.
[INFO DRT-0033] via3 shape region query size = 3152.
[INFO DRT-0033] met4 shape region query size = 836.
[INFO DRT-0033] via4 shape region query size = 32.
[INFO DRT-0033] met5 shape region query size = 48.
[INFO DRT-0165] Start pin access.
[INFO DRT-0076]   Complete 1000 pins.
[INFO DRT-0076]   Complete 2000 pins.
[INFO DRT-0076]   Complete 3000 pins.
[INFO DRT-0078]   Complete 3124 pins.
[INFO DRT-0079]   Complete 100 unique inst patterns.
[INFO DRT-0079]   Complete 200 unique inst patterns.
[INFO DRT-0079]   Complete 300 unique inst patterns.
[INFO DRT-0079]   Complete 400 unique inst patterns.
[INFO DRT-0079]   Complete 500 unique inst patterns.
[INFO DRT-0079]   Complete 600 unique inst patterns.
[INFO DRT-0079]   Complete 700 unique inst patterns.
[INFO DRT-0081]   Complete 726 unique inst patterns.
[INFO DRT-0084]   Complete 9901 groups.
#scanned instances     = 20808
#unique  instances     = 732
#stdCellGenAp          = 22398
#stdCellValidPlanarAp  = 60
#stdCellValidViaAp     = 17238
#stdCellPinNoAp        = 0
#stdCellPinCnt         = 57332
#instTermValidViaApCnt = 0
#macroGenAp            = 0
#macroValidPlanarAp    = 0
#macroValidViaAp       = 0
#macroNoAp             = 0
[INFO DRT-0166] Complete pin access.
[INFO DRT-0267] cpu time = 00:04:25, elapsed time = 00:00:12, memory = 256.03 (MB), peak = 256.03 (MB)
[INFO DRT-0156] guideIn read 100000 guides.

[INFO DRT-0157] Number of guides:     116917

[INFO DRT-0169] Post process guides.
[INFO DRT-0176] GCELLGRID X 0 DO 78 STEP 6900 ;
[INFO DRT-0177] GCELLGRID Y 0 DO 80 STEP 6900 ;
[INFO DRT-0026]   Complete 100000 origin guides.
[INFO DRT-0028]   Complete FR_MASTERSLICE.
[INFO DRT-0028]   Complete licon.
[INFO DRT-0028]   Complete li1.
[INFO DRT-0028]   Complete mcon.
[INFO DRT-0028]   Complete met1.
[INFO DRT-0028]   Complete via.
[INFO DRT-0028]   Complete met2.
[INFO DRT-0028]   Complete via2.
[INFO DRT-0028]   Complete met3.
[INFO DRT-0028]   Complete via3.
[INFO DRT-0028]   Complete met4.
[INFO DRT-0028]   Complete via4.
[INFO DRT-0028]   Complete met5.
[INFO DRT-0178] Init guide query.
[INFO DRT-0035]   Complete FR_MASTERSLICE (guide).
[INFO DRT-0035]   Complete licon (guide).
[INFO DRT-0035]   Complete li1 (guide).
[INFO DRT-0035]   Complete mcon (guide).
[INFO DRT-0035]   Complete met1 (guide).
[INFO DRT-0035]   Complete via (guide).
[INFO DRT-0035]   Complete met2 (guide).
[INFO DRT-0035]   Complete via2 (guide).
[INFO DRT-0035]   Complete met3 (guide).
[INFO DRT-0035]   Complete via3 (guide).
[INFO DRT-0035]   Complete met4 (guide).
[INFO DRT-0035]   Complete via4 (guide).
[INFO DRT-0035]   Complete met5 (guide).
[INFO DRT-0036] FR_MASTERSLICE guide region query size = 0.
[INFO DRT-0036] licon guide region query size = 0.
[INFO DRT-0036] li1 guide region query size = 42844.
[INFO DRT-0036] mcon guide region query size = 0.
[INFO DRT-0036] met1 guide region query size = 32008.
[INFO DRT-0036] via guide region query size = 0.
[INFO DRT-0036] met2 guide region query size = 16214.
[INFO DRT-0036] via2 guide region query size = 0.
[INFO DRT-0036] met3 guide region query size = 1001.
[INFO DRT-0036] via3 guide region query size = 0.
[INFO DRT-0036] met4 guide region query size = 389.
[INFO DRT-0036] via4 guide region query size = 0.
[INFO DRT-0036] met5 guide region query size = 0.
[INFO DRT-0179] Init gr pin query.
[INFO DRT-0245] skipped writing guide updates to database.
[INFO DRT-0185] Post process initialize RPin region query.
[INFO DRT-0181] Start track assignment.
[INFO DRT-0184] Done with 59447 vertical wires in 2 frboxes and 33009 horizontal wires in 2 frboxes.
[INFO DRT-0186] Done with 5589 vertical wires in 2 frboxes and 10394 horizontal wires in 2 frboxes.
[INFO DRT-0182] Complete track assignment.
[INFO DRT-0267] cpu time = 00:00:10, elapsed time = 00:00:02, memory = 497.96 (MB), peak = 497.96 (MB)
[INFO DRT-0187] Start routing data preparation.
[INFO DRT-0267] cpu time = 00:00:00, elapsed time = 00:00:00, memory = 497.96 (MB), peak = 497.96 (MB)
[INFO DRT-0194] Start detail routing.
[INFO DRT-0195] Start 0th optimization iteration.
    Completing 10% with 0 violations.
    elapsed time = 00:00:03, memory = 1316.21 (MB).
    Completing 20% with 0 violations.
    elapsed time = 00:00:05, memory = 1087.73 (MB).
    Completing 30% with 1562 violations.
    elapsed time = 00:00:09, memory = 1380.33 (MB).
    Completing 40% with 1562 violations.
    elapsed time = 00:00:12, memory = 1537.65 (MB).
    Completing 50% with 1562 violations.
    elapsed time = 00:00:16, memory = 1301.54 (MB).
    Completing 60% with 3208 violations.
    elapsed time = 00:00:19, memory = 1536.93 (MB).
    Completing 70% with 3208 violations.
    elapsed time = 00:00:23, memory = 1584.95 (MB).
    Completing 80% with 4937 violations.
    elapsed time = 00:00:27, memory = 1906.93 (MB).
    Completing 90% with 4937 violations.
    elapsed time = 00:00:34, memory = 1978.06 (MB).
    Completing 100% with 6561 violations.
    elapsed time = 00:00:38, memory = 1523.51 (MB).
[INFO DRT-0199]   Number of violations = 7317.
Viol/Layer         li1   mcon   met1   met2   met3   met4
Cut Spacing          0     11      0      0      0      0
Metal Spacing      185      0   1530    241     12      0
Min Hole             0      0     11      0      0      0
NS Metal             1      0      0      0      0      0
Recheck              2      0    519    215     15      5
Short                0      1   4206    363      0      0
[INFO DRT-0267] cpu time = 00:09:13, elapsed time = 00:00:39, memory = 1858.25 (MB), peak = 2072.66 (MB)
Total wire length = 478806 um.
Total wire length on LAYER li1 = 0 um.
Total wire length on LAYER met1 = 220974 um.
Total wire length on LAYER met2 = 203939 um.
Total wire length on LAYER met3 = 25498 um.
Total wire length on LAYER met4 = 28393 um.
Total wire length on LAYER met5 = 0 um.
Total number of vias = 116846.
Up-via summary (total 116846):

-------------------------
 FR_MASTERSLICE         0
            li1     57361
           met1     57248
           met2      1506
           met3       731
           met4         0
-------------------------
                   116846


[INFO DRT-0195] Start 1st optimization iteration.
    Completing 10% with 7317 violations.
    elapsed time = 00:00:02, memory = 2281.02 (MB).
    Completing 20% with 7317 violations.
    elapsed time = 00:00:05, memory = 2050.43 (MB).
    Completing 30% with 6334 violations.
    elapsed time = 00:00:07, memory = 2118.54 (MB).
    Completing 40% with 6334 violations.
    elapsed time = 00:00:11, memory = 2170.42 (MB).
    Completing 50% with 6334 violations.
    elapsed time = 00:00:14, memory = 1885.45 (MB).
    Completing 60% with 5402 violations.
    elapsed time = 00:00:15, memory = 2346.96 (MB).
    Completing 70% with 5402 violations.
    elapsed time = 00:00:19, memory = 2109.87 (MB).
    Completing 80% with 4596 violations.
    elapsed time = 00:00:25, memory = 2071.79 (MB).
    Completing 90% with 4596 violations.
    elapsed time = 00:00:28, memory = 2215.55 (MB).
    Completing 100% with 3746 violations.
    elapsed time = 00:00:31, memory = 1900.88 (MB).
[INFO DRT-0199]   Number of violations = 3746.
Viol/Layer        mcon   met1   met2
Cut Spacing         15      0      0
Metal Spacing        0    689    151
Short                0   2764    127
[INFO DRT-0267] cpu time = 00:07:30, elapsed time = 00:00:32, memory = 1903.98 (MB), peak = 2351.73 (MB)
Total wire length = 474734 um.
Total wire length on LAYER li1 = 0 um.
Total wire length on LAYER met1 = 219031 um.
Total wire length on LAYER met2 = 201813 um.
Total wire length on LAYER met3 = 25565 um.
Total wire length on LAYER met4 = 28324 um.
Total wire length on LAYER met5 = 0 um.
Total number of vias = 115776.
Up-via summary (total 115776):

-------------------------
 FR_MASTERSLICE         0
            li1     57302
           met1     56211
           met2      1544
           met3       719
           met4         0
-------------------------
                   115776


[INFO DRT-0195] Start 2nd optimization iteration.
    Completing 10% with 3746 violations.
    elapsed time = 00:00:00, memory = 1903.98 (MB).
    Completing 20% with 3746 violations.
    elapsed time = 00:00:05, memory = 2121.39 (MB).
    Completing 30% with 3652 violations.
    elapsed time = 00:00:07, memory = 1910.90 (MB).
    Completing 40% with 3652 violations.
    elapsed time = 00:00:11, memory = 2126.42 (MB).
    Completing 50% with 3652 violations.
    elapsed time = 00:00:15, memory = 1921.86 (MB).
    Completing 60% with 3510 violations.
    elapsed time = 00:00:16, memory = 2236.42 (MB).
    Completing 70% with 3510 violations.
    elapsed time = 00:00:19, memory = 2144.77 (MB).
    Completing 80% with 3479 violations.
    elapsed time = 00:00:22, memory = 1930.26 (MB).
    Completing 90% with 3479 violations.
    elapsed time = 00:00:26, memory = 2146.41 (MB).
    Completing 100% with 3280 violations.
    elapsed time = 00:00:30, memory = 1932.45 (MB).
[INFO DRT-0199]   Number of violations = 3280.
Viol/Layer        mcon   met1   met2   met4
Cut Spacing          6      0      0      0
Metal Spacing        0    602    112      0
Min Hole             0      1      0      0
Short                0   2474     84      1
[INFO DRT-0267] cpu time = 00:07:40, elapsed time = 00:00:30, memory = 1935.47 (MB), peak = 2351.73 (MB)
Total wire length = 473985 um.
Total wire length on LAYER li1 = 0 um.
Total wire length on LAYER met1 = 218421 um.
Total wire length on LAYER met2 = 201705 um.
Total wire length on LAYER met3 = 25518 um.
Total wire length on LAYER met4 = 28339 um.
Total wire length on LAYER met5 = 0 um.
Total number of vias = 115578.
Up-via summary (total 115578):

-------------------------
 FR_MASTERSLICE         0
            li1     57302
           met1     56032
           met2      1518
           met3       726
           met4         0
-------------------------
                   115578


[INFO DRT-0195] Start 3rd optimization iteration.
    Completing 10% with 3280 violations.
    elapsed time = 00:00:00, memory = 2304.00 (MB).
    Completing 20% with 3280 violations.
    elapsed time = 00:00:02, memory = 2097.69 (MB).
    Completing 30% with 2477 violations.
    elapsed time = 00:00:04, memory = 2117.57 (MB).
    Completing 40% with 2477 violations.
    elapsed time = 00:00:05, memory = 2101.41 (MB).
    Completing 50% with 2477 violations.
    elapsed time = 00:00:10, memory = 1954.91 (MB).
    Completing 60% with 1690 violations.
    elapsed time = 00:00:11, memory = 2332.38 (MB).
    Completing 70% with 1690 violations.
    elapsed time = 00:00:13, memory = 2127.83 (MB).
    Completing 80% with 872 violations.
    elapsed time = 00:00:15, memory = 1955.17 (MB).
    Completing 90% with 872 violations.
    elapsed time = 00:00:17, memory = 2299.45 (MB).
    Completing 100% with 183 violations.
    elapsed time = 00:00:20, memory = 1955.17 (MB).
[INFO DRT-0199]   Number of violations = 183.
Viol/Layer        met1    via   met2
Cut Spacing          0      2      0
Metal Spacing       66      0      8
Min Hole             1      0      0
NS Metal             1      0      0
Short               80      0     25
[INFO DRT-0267] cpu time = 00:04:01, elapsed time = 00:00:20, memory = 1955.17 (MB), peak = 2368.13 (MB)
Total wire length = 473442 um.
Total wire length on LAYER li1 = 0 um.
Total wire length on LAYER met1 = 208789 um.
Total wire length on LAYER met2 = 201702 um.
Total wire length on LAYER met3 = 34179 um.
Total wire length on LAYER met4 = 28770 um.
Total wire length on LAYER met5 = 0 um.
Total number of vias = 117583.
Up-via summary (total 117583):

-------------------------
 FR_MASTERSLICE         0
            li1     57302
           met1     56788
           met2      2744
           met3       749
           met4         0
-------------------------
                   117583


[INFO DRT-0195] Start 4th optimization iteration.
    Completing 10% with 183 violations.
    elapsed time = 00:00:00, memory = 1955.17 (MB).
    Completing 20% with 183 violations.
    elapsed time = 00:00:00, memory = 1955.17 (MB).
    Completing 30% with 156 violations.
    elapsed time = 00:00:00, memory = 1955.17 (MB).
    Completing 40% with 156 violations.
    elapsed time = 00:00:00, memory = 1955.17 (MB).
    Completing 50% with 156 violations.
    elapsed time = 00:00:01, memory = 1955.17 (MB).
    Completing 60% with 122 violations.
    elapsed time = 00:00:01, memory = 1955.17 (MB).
    Completing 70% with 122 violations.
    elapsed time = 00:00:01, memory = 1955.17 (MB).
    Completing 80% with 91 violations.
    elapsed time = 00:00:01, memory = 1955.17 (MB).
    Completing 90% with 91 violations.
    elapsed time = 00:00:01, memory = 1955.17 (MB).
    Completing 100% with 9 violations.
    elapsed time = 00:00:03, memory = 1955.17 (MB).
[INFO DRT-0199]   Number of violations = 9.
Viol/Layer        met1
Metal Spacing        3
Short                6
[INFO DRT-0267] cpu time = 00:00:35, elapsed time = 00:00:03, memory = 1955.17 (MB), peak = 2368.13 (MB)
Total wire length = 473406 um.
Total wire length on LAYER li1 = 0 um.
Total wire length on LAYER met1 = 208570 um.
Total wire length on LAYER met2 = 201667 um.
Total wire length on LAYER met3 = 34398 um.
Total wire length on LAYER met4 = 28770 um.
Total wire length on LAYER met5 = 0 um.
Total number of vias = 117558.
Up-via summary (total 117558):

-------------------------
 FR_MASTERSLICE         0
            li1     57302
           met1     56751
           met2      2756
           met3       749
           met4         0
-------------------------
                   117558


[INFO DRT-0195] Start 5th optimization iteration.
    Completing 10% with 9 violations.
    elapsed time = 00:00:00, memory = 1955.17 (MB).
    Completing 20% with 9 violations.
    elapsed time = 00:00:00, memory = 1955.17 (MB).
    Completing 30% with 9 violations.
    elapsed time = 00:00:00, memory = 1955.17 (MB).
    Completing 40% with 9 violations.
    elapsed time = 00:00:00, memory = 1955.17 (MB).
    Completing 50% with 9 violations.
    elapsed time = 00:00:00, memory = 1955.17 (MB).
    Completing 60% with 9 violations.
    elapsed time = 00:00:00, memory = 1955.17 (MB).
    Completing 70% with 9 violations.
    elapsed time = 00:00:00, memory = 1955.17 (MB).
    Completing 80% with 0 violations.
    elapsed time = 00:00:00, memory = 1955.17 (MB).
    Completing 90% with 0 violations.
    elapsed time = 00:00:00, memory = 1955.17 (MB).
    Completing 100% with 0 violations.
    elapsed time = 00:00:00, memory = 1955.17 (MB).
[INFO DRT-0199]   Number of violations = 0.
[INFO DRT-0267] cpu time = 00:00:08, elapsed time = 00:00:00, memory = 1955.17 (MB), peak = 2368.13 (MB)
Total wire length = 473401 um.
Total wire length on LAYER li1 = 0 um.
Total wire length on LAYER met1 = 208565 um.
Total wire length on LAYER met2 = 201666 um.
Total wire length on LAYER met3 = 34398 um.
Total wire length on LAYER met4 = 28770 um.
Total wire length on LAYER met5 = 0 um.
Total number of vias = 117554.
Up-via summary (total 117554):

-------------------------
 FR_MASTERSLICE         0
            li1     57302
           met1     56747
           met2      2756
           met3       749
           met4         0
-------------------------
                   117554


[INFO DRT-0198] Complete detail routing.
Total wire length = 473401 um.
Total wire length on LAYER li1 = 0 um.
Total wire length on LAYER met1 = 208565 um.
Total wire length on LAYER met2 = 201666 um.
Total wire length on LAYER met3 = 34398 um.
Total wire length on LAYER met4 = 28770 um.
Total wire length on LAYER met5 = 0 um.
Total number of vias = 117554.
Up-via summary (total 117554):

-------------------------
 FR_MASTERSLICE         0
            li1     57302
           met1     56747
           met2      2756
           met3       749
           met4         0
-------------------------
                   117554


[INFO DRT-0267] cpu time = 00:29:12, elapsed time = 00:02:07, memory = 1955.17 (MB), peak = 2368.13 (MB)

[INFO DRT-0180] Post processing.
Setting global connections for newly added cells…
[INFO] Setting global connections...
Updating metrics…
Cell type report:                       Count       Area
  Fill cell                               392    1471.41
  Tap cell                               4059    5078.62
  Antenna cell                             76     190.18
  Buffer                                   46     172.67
  Clock buffer                             52     753.22
  Timing Repair Buffer                   1214    9644.25
  Inverter                                656    2487.39
  Clock inverter                           30     446.68
  Sequential cell                         271    5502.78
  Multi-Input combinational cell        14012  112131.29
  Total                                 20808  137878.49
Writing OpenROAD database to '/mnt/c/Users/nikot/ee531/my_designs/FPU_32_Bit/runs/RUN_2026-03-13_00-42-29/43-openroad-detailedrouting/FP32_Div.odb'…
Writing netlist to '/mnt/c/Users/nikot/ee531/my_designs/FPU_32_Bit/runs/RUN_2026-03-13_00-42-29/43-openroad-detailedrouting/FP32_Div.nl.v'…
Writing powered netlist to '/mnt/c/Users/nikot/ee531/my_designs/FPU_32_Bit/runs/RUN_2026-03-13_00-42-29/43-openroad-detailedrouting/FP32_Div.pnl.v'…
Writing layout to '/mnt/c/Users/nikot/ee531/my_designs/FPU_32_Bit/runs/RUN_2026-03-13_00-42-29/43-openroad-detailedrouting/FP32_Div.def'…
Writing timing constraints to '/mnt/c/Users/nikot/ee531/my_designs/FPU_32_Bit/runs/RUN_2026-03-13_00-42-29/43-openroad-detailedrouting/FP32_Div.sdc'…
