135. Printing statistics.

=== FP32_ADD ===

   Number of wires:               3238
   Number of wire bits:           3714
   Number of public wires:          34
   Number of public wire bits:     458
   Number of ports:                 11
   Number of port bits:             98
   Number of memories:               0
   Number of memory bits:            0
   Number of processes:              0
   Number of cells:               3528
     $_ANDNOT_                     658
     $_AND_                         33
     $_MUX_                        972
     $_NAND_                        42
     $_NOR_                        124
     $_NOT_                        129
     $_ORNOT_                      206
     $_OR_                         837
     $_XNOR_                        48
     $_XOR_                        167
     sky130_fd_sc_hd__dfxtp_2      312

   Area for cell type $_NOT_ is unknown!
   Area for cell type $_AND_ is unknown!
   Area for cell type $_NAND_ is unknown!
   Area for cell type $_OR_ is unknown!
   Area for cell type $_NOR_ is unknown!
   Area for cell type $_XOR_ is unknown!
   Area for cell type $_XNOR_ is unknown!
   Area for cell type $_ANDNOT_ is unknown!
   Area for cell type $_ORNOT_ is unknown!
   Area for cell type $_MUX_ is unknown!

   Chip area for module '\FP32_ADD': 6636.364800
     of which used for sequential elements: 6636.364800 (100.00%)

