129. Printing statistics.

=== FP32_ADD ===

   Number of wires:               2951
   Number of wire bits:           3427
   Number of public wires:          34
   Number of public wire bits:     458
   Number of ports:                 11
   Number of port bits:             98
   Number of memories:               0
   Number of memory bits:            0
   Number of processes:              0
   Number of cells:               3241
     $_ANDNOT_                     658
     $_AND_                         33
     $_DFFE_PN_                     95
     $_DFFE_PP_                     66
     $_DFF_P_                       41
     $_MUX_                        685
     $_NAND_                        42
     $_NOR_                        124
     $_NOT_                        129
     $_ORNOT_                      206
     $_OR_                         837
     $_SDFFCE_PN0N_                 16
     $_SDFF_PP0_                    86
     $_SDFF_PP1_                     8
     $_XNOR_                        48
     $_XOR_                        167

   Area for cell type $_NOT_ is unknown!
   Area for cell type $_AND_ is unknown!
   Area for cell type $_NAND_ is unknown!
   Area for cell type $_OR_ is unknown!
   Area for cell type $_NOR_ is unknown!
   Area for cell type $_XOR_ is unknown!
   Area for cell type $_XNOR_ is unknown!
   Area for cell type $_ANDNOT_ is unknown!
   Area for cell type $_ORNOT_ is unknown!
   Area for cell type $_MUX_ is unknown!
   Area for cell type $_DFF_P_ is unknown!
   Area for cell type $_DFFE_PN_ is unknown!
   Area for cell type $_DFFE_PP_ is unknown!
   Area for cell type $_SDFF_PP0_ is unknown!
   Area for cell type $_SDFF_PP1_ is unknown!
   Area for cell type $_SDFFCE_PN0N_ is unknown!

