143. Printing statistics.

=== FP32_ADD ===

   Number of wires:               2218
   Number of wire bits:           2305
   Number of public wires:         291
   Number of public wire bits:     378
   Number of ports:                 11
   Number of port bits:             98
   Number of memories:               0
   Number of memory bits:            0
   Number of processes:              0
   Number of cells:               2239
     sky130_fd_sc_hd__a2111o_2       3
     sky130_fd_sc_hd__a211o_2       16
     sky130_fd_sc_hd__a211oi_2       3
     sky130_fd_sc_hd__a21bo_2        8
     sky130_fd_sc_hd__a21boi_2       7
     sky130_fd_sc_hd__a21o_2        51
     sky130_fd_sc_hd__a21oi_2       68
     sky130_fd_sc_hd__a221o_2       15
     sky130_fd_sc_hd__a22o_2        72
     sky130_fd_sc_hd__a22oi_2        6
     sky130_fd_sc_hd__a2bb2o_2      45
     sky130_fd_sc_hd__a311o_2        4
     sky130_fd_sc_hd__a31o_2        71
     sky130_fd_sc_hd__a31oi_2        3
     sky130_fd_sc_hd__a32o_2         5
     sky130_fd_sc_hd__and2_2        67
     sky130_fd_sc_hd__and2b_2       63
     sky130_fd_sc_hd__and3_2        42
     sky130_fd_sc_hd__and3b_2       10
     sky130_fd_sc_hd__and4_2         9
     sky130_fd_sc_hd__and4b_2        5
     sky130_fd_sc_hd__and4bb_2       5
     sky130_fd_sc_hd__dfxtp_2      312
     sky130_fd_sc_hd__inv_2        136
     sky130_fd_sc_hd__mux2_1       368
     sky130_fd_sc_hd__mux4_2         4
     sky130_fd_sc_hd__nand2_2      111
     sky130_fd_sc_hd__nand2b_2      31
     sky130_fd_sc_hd__nand3_2        5
     sky130_fd_sc_hd__nand3b_2       3
     sky130_fd_sc_hd__nand4_2        2
     sky130_fd_sc_hd__nor2_2       126
     sky130_fd_sc_hd__nor3_2        20
     sky130_fd_sc_hd__nor3b_2        2
     sky130_fd_sc_hd__nor4_2         8
     sky130_fd_sc_hd__o2111a_2       3
     sky130_fd_sc_hd__o2111ai_2      1
     sky130_fd_sc_hd__o211a_2       13
     sky130_fd_sc_hd__o211ai_2       1
     sky130_fd_sc_hd__o21a_2        41
     sky130_fd_sc_hd__o21ai_2       41
     sky130_fd_sc_hd__o21ba_2        3
     sky130_fd_sc_hd__o21bai_2       1
     sky130_fd_sc_hd__o221a_2       16
     sky130_fd_sc_hd__o22a_2        36
     sky130_fd_sc_hd__o2bb2a_2      12
     sky130_fd_sc_hd__o311a_2        6
     sky130_fd_sc_hd__o31a_2        12
     sky130_fd_sc_hd__o31ai_2        6
     sky130_fd_sc_hd__o32a_2         4
     sky130_fd_sc_hd__o41a_2         5
     sky130_fd_sc_hd__or2_2         94
     sky130_fd_sc_hd__or3_2         48
     sky130_fd_sc_hd__or3b_2        14
     sky130_fd_sc_hd__or4_2         87
     sky130_fd_sc_hd__or4b_2        22
     sky130_fd_sc_hd__or4bb_2        4
     sky130_fd_sc_hd__xnor2_2       44
     sky130_fd_sc_hd__xor2_2        19

   Chip area for module '\FP32_ADD': 24045.561600
     of which used for sequential elements: 6636.364800 (27.60%)

