Clock: clk
Sources: clk 
Generated: no
Virtual: yes
Propagated: no
Period: 50.000000

===========================================================================
report_clock_properties
============================================================================
Clock                   Period          Waveform
----------------------------------------------------
clk                  50.000000    0.000000 25.000000

===========================================================================
report_clock_latency
============================================================================
Clock clk
rise -> rise
    min     max
0.000000 0.000000 source latency
0.630011         network latency _29490_/CLK
        0.852899 network latency _29547_/CLK
---------------
0.630011 0.852899 latency
        0.222888 skew

fall -> fall
    min     max
0.000000 0.000000 source latency
0.517398         network latency _29490_/CLK
        0.724841 network latency _29547_/CLK
---------------
0.517398 0.724841 latency
        0.207443 skew



===========================================================================
report_clock_min_period
============================================================================
clk period_min = 154.30 fmax = 6.48
