
===========================================================================
report_checks -unconstrained
===========================================================================
======================= nom_tt_025C_1v80 Corner ===================================

Startpoint: _4104_ (rising edge-triggered flip-flop clocked by clk)
Endpoint: _4062_ (rising edge-triggered flip-flop clocked by clk)
Path Group: clk
Path Type: max

Fanout         Cap        Slew       Delay        Time   Description
---------------------------------------------------------------------------------------------
                                  0.000000    0.000000   clock clk (rise edge)
                                  0.000000    0.000000   clock source latency
     1    0.018432    0.088505    0.061448    0.061448 ^ clk (in)
                                                         clk (net)
                      0.088548    0.000000    0.061448 ^ clkbuf_0_clk/A (sky130_fd_sc_hd__clkbuf_16)
     4    0.055840    0.074364    0.168791    0.230239 ^ clkbuf_0_clk/X (sky130_fd_sc_hd__clkbuf_16)
                                                         clknet_0_clk (net)
                      0.074466    0.002397    0.232636 ^ clkbuf_2_0__f_clk/A (sky130_fd_sc_hd__clkbuf_16)
     9    0.064392    0.082066    0.170147    0.402784 ^ clkbuf_2_0__f_clk/X (sky130_fd_sc_hd__clkbuf_16)
                                                         clknet_2_0__leaf_clk (net)
                      0.082130    0.002092    0.404876 ^ clkbuf_leaf_26_clk/A (sky130_fd_sc_hd__clkbuf_8)
    25    0.066414    0.124076    0.202025    0.606900 ^ clkbuf_leaf_26_clk/X (sky130_fd_sc_hd__clkbuf_8)
                                                         clknet_leaf_26_clk (net)
                      0.124083    0.001042    0.607942 ^ _4104_/CLK (sky130_fd_sc_hd__dfxtp_1)
     5    0.012906    0.068451    0.359329    0.967272 v _4104_/Q (sky130_fd_sc_hd__dfxtp_1)
                                                         mantisaBshift[0] (net)
                      0.068452    0.000346    0.967617 v _2962_/A (sky130_fd_sc_hd__or4_2)
     5    0.013881    0.142681    0.732315    1.699933 v _2962_/X (sky130_fd_sc_hd__or4_2)
                                                         _0893_ (net)
                      0.142681    0.000330    1.700263 v _2973_/D (sky130_fd_sc_hd__or4_2)
     5    0.013259    0.141224    0.630756    2.331019 v _2973_/X (sky130_fd_sc_hd__or4_2)
                                                         _0901_ (net)
                      0.141224    0.000215    2.331234 v _2984_/D (sky130_fd_sc_hd__or4_2)
     5    0.012589    0.139655    0.627440    2.958673 v _2984_/X (sky130_fd_sc_hd__or4_2)
                                                         _0909_ (net)
                      0.139655    0.000408    2.959081 v _2995_/D (sky130_fd_sc_hd__or4_2)
     5    0.012191    0.137293    0.624525    3.583606 v _2995_/X (sky130_fd_sc_hd__or4_2)
                                                         _0917_ (net)
                      0.137293    0.000309    3.583916 v _3032_/D (sky130_fd_sc_hd__or4_2)
     6    0.016207    0.148178    0.641121    4.225037 v _3032_/X (sky130_fd_sc_hd__or4_2)
                                                         _0950_ (net)
                      0.148178    0.000564    4.225601 v _3047_/C (sky130_fd_sc_hd__or4_2)
     5    0.013678    0.142212    0.703652    4.929253 v _3047_/X (sky130_fd_sc_hd__or4_2)
                                                         _0961_ (net)
                      0.142212    0.000383    4.929636 v _3058_/D (sky130_fd_sc_hd__or4_2)
     5    0.011196    0.132573    0.618792    5.548428 v _3058_/X (sky130_fd_sc_hd__or4_2)
                                                         _0969_ (net)
                      0.132573    0.000217    5.548645 v _3082_/D (sky130_fd_sc_hd__or4_2)
     5    0.012275    0.137921    0.622535    6.171180 v _3082_/X (sky130_fd_sc_hd__or4_2)
                                                         _0989_ (net)
                      0.137921    0.000407    6.171587 v _3093_/D (sky130_fd_sc_hd__or4_2)
     5    0.012433    0.139120    0.625511    6.797098 v _3093_/X (sky130_fd_sc_hd__or4_2)
                                                         _0997_ (net)
                      0.139120    0.000353    6.797451 v _3104_/D (sky130_fd_sc_hd__or4_4)
     7    0.019008    0.111468    0.487672    7.285123 v _3104_/X (sky130_fd_sc_hd__or4_4)
                                                         _1005_ (net)
                      0.111468    0.000555    7.285678 v _3153_/A1 (sky130_fd_sc_hd__o32a_1)
     2    0.006411    0.068402    0.384991    7.670670 v _3153_/X (sky130_fd_sc_hd__o32a_1)
                                                         _1045_ (net)
                      0.068402    0.000234    7.670903 v _3162_/A2 (sky130_fd_sc_hd__o21ai_1)
     2    0.006453    0.159409    0.167613    7.838516 ^ _3162_/Y (sky130_fd_sc_hd__o21ai_1)
                                                         _1053_ (net)
                      0.159409    0.000215    7.838731 ^ _3171_/A2 (sky130_fd_sc_hd__a21o_1)
     2    0.005742    0.061003    0.152692    7.991423 ^ _3171_/X (sky130_fd_sc_hd__a21o_1)
                                                         _1061_ (net)
                      0.061003    0.000115    7.991539 ^ _3181_/A2 (sky130_fd_sc_hd__a21o_1)
     2    0.006164    0.064081    0.128866    8.120404 ^ _3181_/X (sky130_fd_sc_hd__a21o_1)
                                                         _1070_ (net)
                      0.064081    0.000208    8.120612 ^ _3205_/A2 (sky130_fd_sc_hd__a21o_1)
     2    0.006277    0.064958    0.130516    8.251128 ^ _3205_/X (sky130_fd_sc_hd__a21o_1)
                                                         _1092_ (net)
                      0.064958    0.000128    8.251256 ^ _3216_/A2 (sky130_fd_sc_hd__a21o_1)
     2    0.005737    0.061676    0.127420    8.378675 ^ _3216_/X (sky130_fd_sc_hd__a21o_1)
                                                         _1102_ (net)
                      0.061676    0.000173    8.378849 ^ _3225_/A2 (sky130_fd_sc_hd__a21o_1)
     2    0.006786    0.069058    0.132933    8.511782 ^ _3225_/X (sky130_fd_sc_hd__a21o_1)
                                                         _1110_ (net)
                      0.069058    0.000147    8.511929 ^ _3235_/A2 (sky130_fd_sc_hd__a21o_1)
     2    0.006319    0.065277    0.132245    8.644174 ^ _3235_/X (sky130_fd_sc_hd__a21o_1)
                                                         _1119_ (net)
                      0.065277    0.000155    8.644328 ^ _3244_/A2 (sky130_fd_sc_hd__a21o_1)
     4    0.011983    0.111101    0.165279    8.809608 ^ _3244_/X (sky130_fd_sc_hd__a21o_1)
                                                         _1127_ (net)
                      0.111101    0.000376    8.809983 ^ _3291_/A1 (sky130_fd_sc_hd__a21o_1)
     2    0.005963    0.062543    0.139299    8.949283 ^ _3291_/X (sky130_fd_sc_hd__a21o_1)
                                                         _1170_ (net)
                      0.062543    0.000234    8.949517 ^ _3348_/D_N (sky130_fd_sc_hd__or4bb_1)
     2    0.007428    0.110014    0.433069    9.382586 v _3348_/X (sky130_fd_sc_hd__or4bb_1)
                                                         _1222_ (net)
                      0.110014    0.000221    9.382807 v _3392_/A1 (sky130_fd_sc_hd__a211o_1)
     2    0.006298    0.064067    0.295501    9.678308 v _3392_/X (sky130_fd_sc_hd__a211o_1)
                                                         _1262_ (net)
                      0.064067    0.000196    9.678505 v _3402_/A1 (sky130_fd_sc_hd__a21o_1)
     2    0.006637    0.049427    0.175842    9.854346 v _3402_/X (sky130_fd_sc_hd__a21o_1)
                                                         _1271_ (net)
                      0.049427    0.000207    9.854553 v _3411_/A1 (sky130_fd_sc_hd__a21o_1)
     2    0.007097    0.051528    0.171900   10.026453 v _3411_/X (sky130_fd_sc_hd__a21o_1)
                                                         _1279_ (net)
                      0.051529    0.000248   10.026701 v _3414_/A3 (sky130_fd_sc_hd__a32o_1)
     1    0.005764    0.054128    0.268948   10.295649 v _3414_/X (sky130_fd_sc_hd__a32o_1)
                                                         _1282_ (net)
                      0.054128    0.000224   10.295872 v _3415_/B (sky130_fd_sc_hd__xor2_1)
     1    0.002888    0.050252    0.139247   10.435119 v _3415_/X (sky130_fd_sc_hd__xor2_1)
                                                         _1283_ (net)
                      0.050252    0.000071   10.435190 v _3416_/A1 (sky130_fd_sc_hd__mux2_1)
     1    0.002245    0.051972    0.283626   10.718817 v _3416_/X (sky130_fd_sc_hd__mux2_1)
                                                         _0173_ (net)
                      0.051972    0.000047   10.718863 v _4062_/D (sky130_fd_sc_hd__dfxtp_1)
                                             10.718863   data arrival time

                                 25.000000   25.000000   clock clk (rise edge)
                                  0.000000   25.000000   clock source latency
     1    0.018432    0.088505    0.061448   25.061447 ^ clk (in)
                                                         clk (net)
                      0.088548    0.000000   25.061447 ^ clkbuf_0_clk/A (sky130_fd_sc_hd__clkbuf_16)
     4    0.055840    0.074364    0.168791   25.230238 ^ clkbuf_0_clk/X (sky130_fd_sc_hd__clkbuf_16)
                                                         clknet_0_clk (net)
                      0.074470    0.002446   25.232685 ^ clkbuf_2_1__f_clk/A (sky130_fd_sc_hd__clkbuf_16)
    10    0.068872    0.086264    0.173319   25.406004 ^ clkbuf_2_1__f_clk/X (sky130_fd_sc_hd__clkbuf_16)
                                                         clknet_2_1__leaf_clk (net)
                      0.086298    0.001640   25.407642 ^ clkbuf_leaf_11_clk/A (sky130_fd_sc_hd__clkbuf_8)
    10    0.052866    0.102425    0.187185   25.594828 ^ clkbuf_leaf_11_clk/X (sky130_fd_sc_hd__clkbuf_8)
                                                         clknet_leaf_11_clk (net)
                      0.102429    0.000840   25.595669 ^ _4062_/CLK (sky130_fd_sc_hd__dfxtp_1)
                                 -0.250000   25.345669   clock uncertainty
                                  0.000000   25.345669   clock reconvergence pessimism
                                 -0.100166   25.245504   library setup time
                                             25.245504   data required time
---------------------------------------------------------------------------------------------
                                             25.245504   data required time
                                            -10.718863   data arrival time
---------------------------------------------------------------------------------------------
                                             14.526641   slack (MET)




===========================================================================
report_checks --slack_max -0.01
============================================================================
======================= nom_tt_025C_1v80 Corner ===================================

No paths found.


===========================================================================
 report_check_types -max_slew -max_cap -max_fanout -violators
============================================================================
======================= nom_tt_025C_1v80 Corner ===================================

max fanout

Pin                                   Limit Fanout  Slack
---------------------------------------------------------
clkbuf_leaf_26_clk/X                     10     25    -15 (VIOLATED)
clkbuf_leaf_6_clk/X                      10     25    -15 (VIOLATED)
clkbuf_leaf_24_clk/X                     10     19     -9 (VIOLATED)
clkbuf_leaf_16_clk/X                     10     17     -7 (VIOLATED)
clkbuf_leaf_9_clk/X                      10     16     -6 (VIOLATED)
clkbuf_leaf_17_clk/X                     10     15     -5 (VIOLATED)
clkbuf_leaf_8_clk/X                      10     15     -5 (VIOLATED)
clkbuf_leaf_14_clk/X                     10     14     -4 (VIOLATED)
clkbuf_leaf_20_clk/X                     10     14     -4 (VIOLATED)
clkbuf_leaf_29_clk/X                     10     14     -4 (VIOLATED)
clkbuf_leaf_2_clk/X                      10     14     -4 (VIOLATED)
clkbuf_leaf_15_clk/X                     10     13     -3 (VIOLATED)
clkbuf_leaf_21_clk/X                     10     13     -3 (VIOLATED)
clkbuf_leaf_12_clk/X                     10     12     -2 (VIOLATED)
clkbuf_leaf_1_clk/X                      10     12     -2 (VIOLATED)
clkbuf_leaf_25_clk/X                     10     11        (VIOLATED)



===========================================================================
report_parasitic_annotation -report_unannotated
============================================================================
Found 27 unannotated drivers.
 clkload0/Y
 clkload1/Y
 clkload10/Y
 clkload11/Y
 clkload12/Y
 clkload13/Y
 clkload14/Y
 clkload15/Y
 clkload16/Y
 clkload17/Y
 clkload18/Y
 clkload19/Y
 clkload2/Y
 clkload20/Y
 clkload21/X
 clkload22/X
 clkload23/Y
 clkload24/Y
 clkload25/Y
 clkload26/Y
 clkload3/Y
 clkload4/Y
 clkload5/Y
 clkload6/Y
 clkload7/Y
 clkload8/Y
 clkload9/Y
Found 0 partially unannotated drivers.

===========================================================================
max slew violation count 0
Writing metric design__max_slew_violation__count__corner:nom_tt_025C_1v80: 0
max fanout violation count 16
Writing metric design__max_fanout_violation__count__corner:nom_tt_025C_1v80: 16
max cap violation count 0
Writing metric design__max_cap_violation__count__corner:nom_tt_025C_1v80: 0
============================================================================

===========================================================================
check_setup -verbose -unconstrained_endpoints -multiple_clock -no_clock -no_input_delay -loops -generated_clocks
===========================================================================
