Clock: clk
Sources: clk 
Generated: no
Virtual: yes
Propagated: no
Period: 25.000000

===========================================================================
report_clock_properties
============================================================================
Clock                   Period          Waveform
----------------------------------------------------
clk                  25.000000    0.000000 12.500000

===========================================================================
report_clock_latency
============================================================================
Clock clk
rise -> rise
    min     max
0.000000 0.000000 source latency
0.397872         network latency _3978_/CLK
        0.610633 network latency _3954_/CLK
---------------
0.397872 0.610633 latency
        0.212760 skew

fall -> fall
    min     max
0.000000 0.000000 source latency
0.365188         network latency _3978_/CLK
        0.561708 network latency _3954_/CLK
---------------
0.365188 0.561708 latency
        0.196520 skew



===========================================================================
report_clock_min_period
============================================================================
clk period_min = 10.47 fmax = 95.48
