Reading OpenROAD database at '/home/niko_tambornini/EE531/my_designs/FPU_32_Bit/runs/RUN_2026-03-10_00-07-47/24-openroad-ioplacement/Reorder_buffer.odb'…
Reading library file at '/home/niko_tambornini/.ciel/ciel/sky130/versions/0fe599b2afb6708d281543108caf8310912f54af/sky130A/libs.ref/sky130_fd_sc_hd/lib/sky130_fd_sc_hd__tt_025C_1v80.lib'…
Reading design constraints file at '/nix/store/svkrfkkpaij5qb9xjbcwfymcd4s8hczv-python3-3.11.9-env/lib/python3.11/site-packages/librelane/scripts/base.sdc'…
[INFO] Using clock clk…
[INFO] Setting output delay to: 5
[INFO] Setting input delay to: 5
[INFO] Setting load to: 0.033442
[INFO] Setting clock uncertainty to: 0.25
[INFO] Setting clock transition to: 0.1499999999999999944488848768742172978818416595458984375
[INFO] Setting timing derate to: 5%
[INFO] Setting RC values…
[INFO] Setting signal min routing layer to: met1 and clock min routing layer to met1. 
[INFO] Setting signal max routing layer to: met5 and clock max routing layer to met5. 
+ global_placement -density 0.6221800000000001 -timing_driven -routability_driven -pad_right 0 -pad_left 0 -init_wirelength_coef 0.25
[INFO GPL-0002] DBU: 1000
[INFO GPL-0003] SiteSize: (  0.460  2.720 ) um
[INFO GPL-0004] CoreBBox: (  5.520 10.880 ) ( 265.420 269.280 ) um
[INFO GPL-0006] NumInstances:              3909
[INFO GPL-0007] NumPlaceInstances:         2749
[INFO GPL-0008] NumFixedInstances:         1160
[INFO GPL-0009] NumDummyInstances:            0
[INFO GPL-0010] NumNets:                   2868
[INFO GPL-0011] NumPins:                  12040
[INFO GPL-0012] DieBBox:  (  0.000  0.000 ) ( 271.250 281.970 ) um
[INFO GPL-0013] CoreBBox: (  5.520 10.880 ) ( 265.420 269.280 ) um
[INFO GPL-0016] CoreArea:             67158.160 um^2
[INFO GPL-0017] NonPlaceInstsArea:     1926.848 um^2
[INFO GPL-0018] PlaceInstsArea:       33854.970 um^2
[INFO GPL-0019] Util:                    51.900 %
[INFO GPL-0020] StdInstsArea:         33854.970 um^2
[INFO GPL-0021] MacroInstsArea:           0.000 um^2
[InitialPlace]  Iter: 1 CG residual: 0.00000012 HPWL: 81001075
[InitialPlace]  Iter: 2 CG residual: 0.00000008 HPWL: 53112339
[InitialPlace]  Iter: 3 CG residual: 0.00000011 HPWL: 53714711
[InitialPlace]  Iter: 4 CG residual: 0.00000005 HPWL: 53729416
[InitialPlace]  Iter: 5 CG residual: 0.00000011 HPWL: 53927810
[INFO GPL-0031] FillerInit:NumGCells:      3303
[INFO GPL-0032] FillerInit:NumGNets:       2868
[INFO GPL-0033] FillerInit:NumGPins:      12040
[INFO GPL-0023] TargetDensity:            0.622
[INFO GPL-0024] AvrgPlaceInstArea:       12.315 um^2
[INFO GPL-0025] IdealBinArea:            19.794 um^2
[INFO GPL-0026] IdealBinCnt:               3392
[INFO GPL-0027] TotalBinArea:         67158.160 um^2
[INFO GPL-0028] BinCnt:        32     32
[INFO GPL-0029] BinSize: (  8.122  8.075 )
[INFO GPL-0030] NumBins: 1024
[NesterovSolve] Iter:    1 overflow: 0.952 HPWL: 32628883
[NesterovSolve] Iter:   10 overflow: 0.896 HPWL: 40051161
[NesterovSolve] Iter:   20 overflow: 0.876 HPWL: 41058434
[NesterovSolve] Iter:   30 overflow: 0.874 HPWL: 41466527
[NesterovSolve] Iter:   40 overflow: 0.874 HPWL: 41610790
[NesterovSolve] Iter:   50 overflow: 0.874 HPWL: 41496745
[NesterovSolve] Iter:   60 overflow: 0.873 HPWL: 41321568
[NesterovSolve] Iter:   70 overflow: 0.873 HPWL: 41287480
[NesterovSolve] Iter:   80 overflow: 0.874 HPWL: 41371908
[NesterovSolve] Iter:   90 overflow: 0.873 HPWL: 41440722
[NesterovSolve] Iter:  100 overflow: 0.873 HPWL: 41437114
[NesterovSolve] Iter:  110 overflow: 0.873 HPWL: 41390898
[NesterovSolve] Iter:  120 overflow: 0.873 HPWL: 41383149
[NesterovSolve] Iter:  130 overflow: 0.873 HPWL: 41439133
[NesterovSolve] Iter:  140 overflow: 0.872 HPWL: 41523213
[NesterovSolve] Iter:  150 overflow: 0.871 HPWL: 41617430
[NesterovSolve] Iter:  160 overflow: 0.869 HPWL: 41754196
[NesterovSolve] Iter:  170 overflow: 0.867 HPWL: 41982648
[NesterovSolve] Iter:  180 overflow: 0.862 HPWL: 42359942
[NesterovSolve] Iter:  190 overflow: 0.855 HPWL: 42899496
[NesterovSolve] Iter:  200 overflow: 0.842 HPWL: 43697096
[NesterovSolve] Iter:  210 overflow: 0.831 HPWL: 44932046
[NesterovSolve] Iter:  220 overflow: 0.808 HPWL: 46538723
[NesterovSolve] Iter:  230 overflow: 0.785 HPWL: 48398162
[INFO GPL-0100] Timing-driven: executing resizer for reweighting nets.
[INFO GPL-0101] Timing-driven: worst slack 1.48e-08
[INFO GPL-0103] Timing-driven: weighted 286 nets.
[NesterovSolve] Iter:  240 overflow: 0.739 HPWL: 52276101
[NesterovSolve] Iter:  250 overflow: 0.710 HPWL: 53178301
[NesterovSolve] Iter:  260 overflow: 0.672 HPWL: 54486180
[INFO GPL-0100] Timing-driven: executing resizer for reweighting nets.
[INFO GPL-0101] Timing-driven: worst slack 1.46e-08
[INFO GPL-0103] Timing-driven: weighted 286 nets.
[NesterovSolve] Iter:  270 overflow: 0.628 HPWL: 55668867
[NesterovSolve] Snapshot saved at iter = 274
[NesterovSolve] Iter:  280 overflow: 0.571 HPWL: 55912242
[NesterovSolve] Iter:  290 overflow: 0.510 HPWL: 54916481
[INFO GPL-0100] Timing-driven: executing resizer for reweighting nets.
[INFO GPL-0101] Timing-driven: worst slack 1.44e-08
[INFO GPL-0103] Timing-driven: weighted 286 nets.
[NesterovSolve] Iter:  300 overflow: 0.455 HPWL: 54269057
[NesterovSolve] Iter:  310 overflow: 0.396 HPWL: 54257731
[NesterovSolve] Iter:  320 overflow: 0.352 HPWL: 54992262
[NesterovSolve] Iter:  330 overflow: 0.310 HPWL: 55565500
[INFO GPL-0075] Routability numCall: 1 inflationIterCnt: 1 bloatIterCnt: 0
[INFO GPL-0036] TileBBox: (    0    0 ) ( 6900 6900 ) DBU
[INFO GPL-0038] TileCnt:      39   40
[INFO GPL-0040] NumTiles: 1560
[INFO GPL-0081] TotalRouteOverflow: 0
[INFO GPL-0082] OverflowTileCnt: 0
[INFO GPL-0083] 0.5%RC: 0.8789954259991646
[INFO GPL-0084] 1.0%RC: 0.8495776355266571
[INFO GPL-0085] 2.0%RC: 0.81909947283566
[INFO GPL-0086] 5.0%RC: 0.7749417966757065
[INFO GPL-0087] FinalRC: 0.86428654
[INFO GPL-0077] FinalRC lower than targetRC(1.01), routability not needed.
[INFO GPL-0100] Timing-driven: executing resizer for reweighting nets.
[INFO GPL-0101] Timing-driven: worst slack 1.42e-08
[INFO GPL-0103] Timing-driven: weighted 286 nets.
[NesterovSolve] Iter:  340 overflow: 0.283 HPWL: 55965181
[NesterovSolve] Iter:  350 overflow: 0.260 HPWL: 56326147
[NesterovSolve] Iter:  360 overflow: 0.229 HPWL: 56745032
[NesterovSolve] Iter:  370 overflow: 0.204 HPWL: 56940604
[INFO GPL-0100] Timing-driven: executing resizer for reweighting nets.
[INFO GPL-0101] Timing-driven: worst slack 1.41e-08
[INFO GPL-0103] Timing-driven: weighted 285 nets.
[NesterovSolve] Iter:  380 overflow: 0.180 HPWL: 57240184
[NesterovSolve] Iter:  390 overflow: 0.156 HPWL: 57390349
[INFO GPL-0100] Timing-driven: executing resizer for reweighting nets.
[INFO GPL-0101] Timing-driven: worst slack 1.4e-08
[INFO GPL-0103] Timing-driven: weighted 286 nets.
[NesterovSolve] Iter:  400 overflow: 0.139 HPWL: 57668532
[NesterovSolve] Iter:  410 overflow: 0.115 HPWL: 57810815
[NesterovSolve] Finished with Overflow: 0.099552
[INFO] Setting RC values…
Setting global connections for newly added cells…
[INFO] Setting global connections...
Updating metrics…
Cell type report:                       Count       Area
  Fill cell                               190     713.18
  Tap cell                                970    1213.66
  Inverter                                  9      33.78
  Sequential cell                         580   12336.83
  Multi-Input combinational cell         2160   21484.36
  Total                                  3909   35781.82
Writing OpenROAD database to '/home/niko_tambornini/EE531/my_designs/FPU_32_Bit/runs/RUN_2026-03-10_00-07-47/27-openroad-globalplacement/Reorder_buffer.odb'…
Writing netlist to '/home/niko_tambornini/EE531/my_designs/FPU_32_Bit/runs/RUN_2026-03-10_00-07-47/27-openroad-globalplacement/Reorder_buffer.nl.v'…
Writing powered netlist to '/home/niko_tambornini/EE531/my_designs/FPU_32_Bit/runs/RUN_2026-03-10_00-07-47/27-openroad-globalplacement/Reorder_buffer.pnl.v'…
Writing layout to '/home/niko_tambornini/EE531/my_designs/FPU_32_Bit/runs/RUN_2026-03-10_00-07-47/27-openroad-globalplacement/Reorder_buffer.def'…
Writing timing constraints to '/home/niko_tambornini/EE531/my_designs/FPU_32_Bit/runs/RUN_2026-03-10_00-07-47/27-openroad-globalplacement/Reorder_buffer.sdc'…
