Clock: clk
Sources: clk 
Generated: no
Virtual: yes
Propagated: no
Period: 25.000000

===========================================================================
report_clock_properties
============================================================================
Clock                   Period          Waveform
----------------------------------------------------
clk                  25.000000    0.000000 12.500000

===========================================================================
report_clock_latency
============================================================================
Clock clk
rise -> rise
    min     max
0.000000 0.000000 source latency
0.477809         network latency _4823_/CLK
        0.614599 network latency _4347_/CLK
---------------
0.477809 0.614599 latency
        0.136790 skew

fall -> fall
    min     max
0.000000 0.000000 source latency
0.385698         network latency _4823_/CLK
        0.514727 network latency _4347_/CLK
---------------
0.385698 0.514727 latency
        0.129029 skew



===========================================================================
report_clock_min_period
============================================================================
clk period_min = 2.71 fmax = 368.57
