Clock: clk
Sources: clk 
Generated: no
Virtual: yes
Propagated: no
Period: 50.000000

===========================================================================
report_clock_properties
============================================================================
Clock                   Period          Waveform
----------------------------------------------------
clk                  50.000000    0.000000 25.000000

===========================================================================
report_clock_latency
============================================================================
Clock clk
rise -> rise
    min     max
0.000000 0.000000 source latency
0.598477         network latency _29490_/CLK
        0.814363 network latency _29432_/CLK
---------------
0.598477 0.814363 latency
        0.215885 skew

fall -> fall
    min     max
0.000000 0.000000 source latency
0.495183         network latency _29490_/CLK
        0.695030 network latency _29547_/CLK
---------------
0.495183 0.695030 latency
        0.199847 skew



===========================================================================
report_clock_min_period
============================================================================
clk period_min = 152.17 fmax = 6.57
