
===========================================================================
Violator List
============================================================================
[setup reg-reg] _29564_/Q -> _29577_/D : -107.696266
[setup reg-reg] _29564_/Q -> _29578_/D : -105.482712
[setup reg-reg] _29564_/Q -> _29579_/D : -102.641823
[setup reg-reg] _29564_/Q -> _29580_/D : -100.017609
[setup reg-reg] _29564_/Q -> _29581_/D : -97.494370
[setup reg-reg] _29564_/Q -> _29582_/D : -94.473412
[setup reg-reg] _29564_/Q -> _29583_/D : -91.861839
[setup reg-reg] _29564_/Q -> _29584_/D : -89.013474
[setup reg-reg] _29564_/Q -> _29585_/D : -86.145103
[setup reg-reg] _29564_/Q -> _29586_/D : -83.374123
[setup reg-reg] _29564_/Q -> _29587_/D : -80.829391
[setup reg-reg] _29564_/Q -> _29588_/D : -78.124321
[setup reg-reg] _29564_/Q -> _29589_/D : -74.943398
[setup reg-reg] _29564_/Q -> _29590_/D : -72.223923
[setup reg-reg] _29564_/Q -> _29591_/D : -69.516945
[setup reg-reg] _29564_/Q -> _29592_/D : -66.799500
[setup reg-reg] _29564_/Q -> _29593_/D : -64.277107
[setup reg-reg] _29564_/Q -> _29594_/D : -61.797234
[setup reg-reg] _29564_/Q -> _29595_/D : -58.648605
[setup reg-reg] _29564_/Q -> _29596_/D : -56.164673
[setup reg-reg] _29564_/Q -> _29597_/D : -52.624393
[setup reg-reg] _29564_/Q -> _29598_/D : -49.712341
[setup reg-reg] _29564_/Q -> _29599_/D : -46.721931
[setup reg-reg] _29564_/Q -> _29600_/D : -43.897720
[setup reg-reg] _29564_/Q -> _29601_/D : -41.136173
[setup reg-reg] _29564_/Q -> _29602_/D : -38.654423
[setup reg-reg] _29564_/Q -> _29603_/D : -35.002674
[setup reg-reg] _29564_/Q -> _29604_/D : -32.959206
[setup reg-reg] _29564_/Q -> _29605_/D : -30.424137
[setup reg-reg] _29564_/Q -> _29606_/D : -27.753811
[setup reg-reg] _29564_/Q -> _29607_/D : -24.715590
[setup reg-reg] _29564_/Q -> _29608_/D : -22.595776
[setup reg-reg] _29564_/Q -> _29609_/D : -20.355167
[setup reg-reg] _29564_/Q -> _29610_/D : -17.901836
[setup reg-reg] _29564_/Q -> _29611_/D : -14.912128
[setup reg-reg] _29564_/Q -> _29612_/D : -12.149898
[setup reg-reg] _29564_/Q -> _29613_/D : -9.322619
[setup reg-reg] _29564_/Q -> _29614_/D : -6.223040
[setup reg-reg] _29564_/Q -> _29615_/D : -3.696911
[setup reg-reg] _29564_/Q -> _29616_/D : -1.130658
Writing metric timing__hold_vio__count__corner:nom_tt_025C_1v80: 0
Writing metric timing__hold_r2r__ws__corner:nom_tt_025C_1v80: 0.081586
Writing metric timing__hold_r2r_vio__count__corner:nom_tt_025C_1v80: 0
Writing metric timing__setup_vio__count__corner:nom_tt_025C_1v80: 40
Writing metric timing__setup_r2r__ws__corner:nom_tt_025C_1v80: -107.696266
Writing metric timing__setup_r2r_vio__count__corner:nom_tt_025C_1v80: 40
