Reading timing models for corner nom_tt_025C_1v80…
Reading timing library for the 'nom_tt_025C_1v80' corner at '/home/niko_tambornini/.ciel/ciel/sky130/versions/0fe599b2afb6708d281543108caf8310912f54af/sky130A/libs.ref/sky130_fd_sc_hd/lib/sky130_fd_sc_hd__tt_025C_1v80.lib'…
Reading timing models for corner nom_ff_n40C_1v95…
Reading timing library for the 'nom_ff_n40C_1v95' corner at '/home/niko_tambornini/.ciel/ciel/sky130/versions/0fe599b2afb6708d281543108caf8310912f54af/sky130A/libs.ref/sky130_fd_sc_hd/lib/sky130_fd_sc_hd__ff_n40C_1v95.lib'…
Reading timing models for corner nom_ss_100C_1v60…
Reading timing library for the 'nom_ss_100C_1v60' corner at '/home/niko_tambornini/.ciel/ciel/sky130/versions/0fe599b2afb6708d281543108caf8310912f54af/sky130A/libs.ref/sky130_fd_sc_hd/lib/sky130_fd_sc_hd__ss_100C_1v60.lib'…
Reading OpenROAD database at '/home/niko_tambornini/EE531/my_designs/FPU_32_Bit/runs/RUN_2026-03-09_23-53-45/34-openroad-cts/FP32_ADD.odb'…
Reading design constraints file at '/nix/store/svkrfkkpaij5qb9xjbcwfymcd4s8hczv-python3-3.11.9-env/lib/python3.11/site-packages/librelane/scripts/base.sdc'…
[INFO] Using clock clk…
[INFO] Setting output delay to: 5
[INFO] Setting input delay to: 5
[INFO] Setting load to: 0.033442
[INFO] Setting clock uncertainty to: 0.25
[INFO] Setting clock transition to: 0.1499999999999999944488848768742172978818416595458984375
[INFO] Setting timing derate to: 5%
[INFO] Setting RC values…
[INFO RSZ-0098] No setup violations found
[INFO RSZ-0046] Found 169 endpoints with hold violations.
Iteration | Resized | Buffers | Cloned Gates |   WNS   |   TNS   | Endpoint
---------------------------------------------------------------------------
        0 |       0 |       0 |            0 |  -0.065 |  -0.857 | _3889_/D
    final |       0 |     116 |            0 |   0.101 |   0.000 | _3959_/D
---------------------------------------------------------------------------
[INFO RSZ-0032] Inserted 116 hold buffers.
Placement Analysis
---------------------------------
total displacement        708.2 u
average displacement        0.2 u
max displacement           14.8 u
original HPWL           59746.9 u
legalized HPWL          62092.9 u
delta HPWL                    4 %

[INFO DPL-0020] Mirrored 1028 instances
[INFO DPL-0021] HPWL before           62092.9 u
[INFO DPL-0022] HPWL after            60225.6 u
[INFO DPL-0023] HPWL delta               -3.0 %
[INFO] Setting RC values…
Setting global connections for newly added cells…
[INFO] Setting global connections...
Updating metrics…
Cell type report:                       Count       Area
  Fill cell                               160     600.58
  Tap cell                                656     820.79
  Clock buffer                             35     531.76
  Timing Repair Buffer                    390    2592.49
  Inverter                                136     510.49
  Clock inverter                           25     412.90
  Sequential cell                         312    6277.27
  Multi-Input combinational cell         1791   14331.24
  Total                                  3505   26077.51
Writing OpenROAD database to '/home/niko_tambornini/EE531/my_designs/FPU_32_Bit/runs/RUN_2026-03-09_23-53-45/36-openroad-resizertimingpostcts/FP32_ADD.odb'…
Writing netlist to '/home/niko_tambornini/EE531/my_designs/FPU_32_Bit/runs/RUN_2026-03-09_23-53-45/36-openroad-resizertimingpostcts/FP32_ADD.nl.v'…
Writing powered netlist to '/home/niko_tambornini/EE531/my_designs/FPU_32_Bit/runs/RUN_2026-03-09_23-53-45/36-openroad-resizertimingpostcts/FP32_ADD.pnl.v'…
Writing layout to '/home/niko_tambornini/EE531/my_designs/FPU_32_Bit/runs/RUN_2026-03-09_23-53-45/36-openroad-resizertimingpostcts/FP32_ADD.def'…
Writing timing constraints to '/home/niko_tambornini/EE531/my_designs/FPU_32_Bit/runs/RUN_2026-03-09_23-53-45/36-openroad-resizertimingpostcts/FP32_ADD.sdc'…
