
 /----------------------------------------------------------------------------\
 |  yosys -- Yosys Open SYnthesis Suite                                       |
 |  Copyright (C) 2012 - 2024  Claire Xenia Wolf <claire@yosyshq.com>         |
 |  Distributed under an ISC-like license, type "license" to see terms        |
 \----------------------------------------------------------------------------/
 Yosys 0.46 (git sha1 e97731b9dda91fa5fa53ed87df7c34163ba59a41, clang++ 17.0.6 -fPIC -O3)
Loaded SDC plugin

1. Executing Verilog-2005 frontend: /home/niko_tambornini/EE531/my_designs/FPU_32_Bit/runs/RUN_2026-03-10_00-07-47/tmp/80adf39823b04d06b20a9390d7a5468a.bb.v
Parsing SystemVerilog input from `/home/niko_tambornini/EE531/my_designs/FPU_32_Bit/runs/RUN_2026-03-10_00-07-47/tmp/80adf39823b04d06b20a9390d7a5468a.bb.v' to AST representation.
Generating RTLIL representation for module `\sky130_ef_sc_hd__decap_12'.
Generating RTLIL representation for module `\sky130_ef_sc_hd__fill_12'.
Generating RTLIL representation for module `\sky130_ef_sc_hd__fill_4'.
Generating RTLIL representation for module `\sky130_ef_sc_hd__fill_8'.
Generating RTLIL representation for module `\sky130_fd_sc_hd__a2111o_1'.
Generating RTLIL representation for module `\sky130_fd_sc_hd__a2111o_2'.
Generating RTLIL representation for module `\sky130_fd_sc_hd__a2111o_4'.
Generating RTLIL representation for module `\sky130_fd_sc_hd__a2111oi_0'.
Generating RTLIL representation for module `\sky130_fd_sc_hd__a2111oi_1'.
Generating RTLIL representation for module `\sky130_fd_sc_hd__a2111oi_2'.
Generating RTLIL representation for module `\sky130_fd_sc_hd__a2111oi_4'.
Generating RTLIL representation for module `\sky130_fd_sc_hd__a211o_1'.
Generating RTLIL representation for module `\sky130_fd_sc_hd__a211o_2'.
Generating RTLIL representation for module `\sky130_fd_sc_hd__a211o_4'.
Generating RTLIL representation for module `\sky130_fd_sc_hd__a211oi_1'.
Generating RTLIL representation for module `\sky130_fd_sc_hd__a211oi_2'.
Generating RTLIL representation for module `\sky130_fd_sc_hd__a211oi_4'.
Generating RTLIL representation for module `\sky130_fd_sc_hd__a21bo_1'.
Generating RTLIL representation for module `\sky130_fd_sc_hd__a21bo_2'.
Generating RTLIL representation for module `\sky130_fd_sc_hd__a21bo_4'.
Generating RTLIL representation for module `\sky130_fd_sc_hd__a21boi_0'.
Generating RTLIL representation for module `\sky130_fd_sc_hd__a21boi_1'.
Generating RTLIL representation for module `\sky130_fd_sc_hd__a21boi_2'.
Generating RTLIL representation for module `\sky130_fd_sc_hd__a21boi_4'.
Generating RTLIL representation for module `\sky130_fd_sc_hd__a21o_1'.
Generating RTLIL representation for module `\sky130_fd_sc_hd__a21o_2'.
Generating RTLIL representation for module `\sky130_fd_sc_hd__a21o_4'.
Generating RTLIL representation for module `\sky130_fd_sc_hd__a21oi_1'.
Generating RTLIL representation for module `\sky130_fd_sc_hd__a21oi_2'.
Generating RTLIL representation for module `\sky130_fd_sc_hd__a21oi_4'.
Generating RTLIL representation for module `\sky130_fd_sc_hd__a221o_1'.
Generating RTLIL representation for module `\sky130_fd_sc_hd__a221o_2'.
Generating RTLIL representation for module `\sky130_fd_sc_hd__a221o_4'.
Generating RTLIL representation for module `\sky130_fd_sc_hd__a221oi_1'.
Generating RTLIL representation for module `\sky130_fd_sc_hd__a221oi_2'.
Generating RTLIL representation for module `\sky130_fd_sc_hd__a221oi_4'.
Generating RTLIL representation for module `\sky130_fd_sc_hd__a222oi_1'.
Generating RTLIL representation for module `\sky130_fd_sc_hd__a22o_1'.
Generating RTLIL representation for module `\sky130_fd_sc_hd__a22o_2'.
Generating RTLIL representation for module `\sky130_fd_sc_hd__a22o_4'.
Generating RTLIL representation for module `\sky130_fd_sc_hd__a22oi_1'.
Generating RTLIL representation for module `\sky130_fd_sc_hd__a22oi_2'.
Generating RTLIL representation for module `\sky130_fd_sc_hd__a22oi_4'.
Generating RTLIL representation for module `\sky130_fd_sc_hd__a2bb2o_1'.
Generating RTLIL representation for module `\sky130_fd_sc_hd__a2bb2o_2'.
Generating RTLIL representation for module `\sky130_fd_sc_hd__a2bb2o_4'.
Generating RTLIL representation for module `\sky130_fd_sc_hd__a2bb2oi_1'.
Generating RTLIL representation for module `\sky130_fd_sc_hd__a2bb2oi_2'.
Generating RTLIL representation for module `\sky130_fd_sc_hd__a2bb2oi_4'.
Generating RTLIL representation for module `\sky130_fd_sc_hd__a311o_1'.
Generating RTLIL representation for module `\sky130_fd_sc_hd__a311o_2'.
Generating RTLIL representation for module `\sky130_fd_sc_hd__a311o_4'.
Generating RTLIL representation for module `\sky130_fd_sc_hd__a311oi_1'.
Generating RTLIL representation for module `\sky130_fd_sc_hd__a311oi_2'.
Generating RTLIL representation for module `\sky130_fd_sc_hd__a311oi_4'.
Generating RTLIL representation for module `\sky130_fd_sc_hd__a31o_1'.
Generating RTLIL representation for module `\sky130_fd_sc_hd__a31o_2'.
Generating RTLIL representation for module `\sky130_fd_sc_hd__a31o_4'.
Generating RTLIL representation for module `\sky130_fd_sc_hd__a31oi_1'.
Generating RTLIL representation for module `\sky130_fd_sc_hd__a31oi_2'.
Generating RTLIL representation for module `\sky130_fd_sc_hd__a31oi_4'.
Generating RTLIL representation for module `\sky130_fd_sc_hd__a32o_1'.
Generating RTLIL representation for module `\sky130_fd_sc_hd__a32o_2'.
Generating RTLIL representation for module `\sky130_fd_sc_hd__a32o_4'.
Generating RTLIL representation for module `\sky130_fd_sc_hd__a32oi_1'.
Generating RTLIL representation for module `\sky130_fd_sc_hd__a32oi_2'.
Generating RTLIL representation for module `\sky130_fd_sc_hd__a32oi_4'.
Generating RTLIL representation for module `\sky130_fd_sc_hd__a41o_1'.
Generating RTLIL representation for module `\sky130_fd_sc_hd__a41o_2'.
Generating RTLIL representation for module `\sky130_fd_sc_hd__a41o_4'.
Generating RTLIL representation for module `\sky130_fd_sc_hd__a41oi_1'.
Generating RTLIL representation for module `\sky130_fd_sc_hd__a41oi_2'.
Generating RTLIL representation for module `\sky130_fd_sc_hd__a41oi_4'.
Generating RTLIL representation for module `\sky130_fd_sc_hd__and2_0'.
Generating RTLIL representation for module `\sky130_fd_sc_hd__and2_1'.
Generating RTLIL representation for module `\sky130_fd_sc_hd__and2_2'.
Generating RTLIL representation for module `\sky130_fd_sc_hd__and2_4'.
Generating RTLIL representation for module `\sky130_fd_sc_hd__and2b_1'.
Generating RTLIL representation for module `\sky130_fd_sc_hd__and2b_2'.
Generating RTLIL representation for module `\sky130_fd_sc_hd__and2b_4'.
Generating RTLIL representation for module `\sky130_fd_sc_hd__and3_1'.
Generating RTLIL representation for module `\sky130_fd_sc_hd__and3_2'.
Generating RTLIL representation for module `\sky130_fd_sc_hd__and3_4'.
Generating RTLIL representation for module `\sky130_fd_sc_hd__and3b_1'.
Generating RTLIL representation for module `\sky130_fd_sc_hd__and3b_2'.
Generating RTLIL representation for module `\sky130_fd_sc_hd__and3b_4'.
Generating RTLIL representation for module `\sky130_fd_sc_hd__and4_1'.
Generating RTLIL representation for module `\sky130_fd_sc_hd__and4_2'.
Generating RTLIL representation for module `\sky130_fd_sc_hd__and4_4'.
Generating RTLIL representation for module `\sky130_fd_sc_hd__and4b_1'.
Generating RTLIL representation for module `\sky130_fd_sc_hd__and4b_2'.
Generating RTLIL representation for module `\sky130_fd_sc_hd__and4b_4'.
Generating RTLIL representation for module `\sky130_fd_sc_hd__and4bb_1'.
Generating RTLIL representation for module `\sky130_fd_sc_hd__and4bb_2'.
Generating RTLIL representation for module `\sky130_fd_sc_hd__and4bb_4'.
Generating RTLIL representation for module `\sky130_fd_sc_hd__buf_1'.
Generating RTLIL representation for module `\sky130_fd_sc_hd__buf_12'.
Generating RTLIL representation for module `\sky130_fd_sc_hd__buf_16'.
Generating RTLIL representation for module `\sky130_fd_sc_hd__buf_2'.
Generating RTLIL representation for module `\sky130_fd_sc_hd__buf_4'.
Generating RTLIL representation for module `\sky130_fd_sc_hd__buf_6'.
Generating RTLIL representation for module `\sky130_fd_sc_hd__buf_8'.
Generating RTLIL representation for module `\sky130_fd_sc_hd__bufbuf_16'.
Generating RTLIL representation for module `\sky130_fd_sc_hd__bufbuf_8'.
Generating RTLIL representation for module `\sky130_fd_sc_hd__bufinv_16'.
Generating RTLIL representation for module `\sky130_fd_sc_hd__bufinv_8'.
Generating RTLIL representation for module `\sky130_fd_sc_hd__clkbuf_1'.
Generating RTLIL representation for module `\sky130_fd_sc_hd__clkbuf_16'.
Generating RTLIL representation for module `\sky130_fd_sc_hd__clkbuf_2'.
Generating RTLIL representation for module `\sky130_fd_sc_hd__clkbuf_4'.
Generating RTLIL representation for module `\sky130_fd_sc_hd__clkbuf_8'.
Generating RTLIL representation for module `\sky130_fd_sc_hd__clkdlybuf4s15_1'.
Generating RTLIL representation for module `\sky130_fd_sc_hd__clkdlybuf4s15_2'.
Generating RTLIL representation for module `\sky130_fd_sc_hd__clkdlybuf4s18_1'.
Generating RTLIL representation for module `\sky130_fd_sc_hd__clkdlybuf4s18_2'.
Generating RTLIL representation for module `\sky130_fd_sc_hd__clkdlybuf4s25_1'.
Generating RTLIL representation for module `\sky130_fd_sc_hd__clkdlybuf4s25_2'.
Generating RTLIL representation for module `\sky130_fd_sc_hd__clkdlybuf4s50_1'.
Generating RTLIL representation for module `\sky130_fd_sc_hd__clkdlybuf4s50_2'.
Generating RTLIL representation for module `\sky130_fd_sc_hd__clkinv_1'.
Generating RTLIL representation for module `\sky130_fd_sc_hd__clkinv_16'.
Generating RTLIL representation for module `\sky130_fd_sc_hd__clkinv_2'.
Generating RTLIL representation for module `\sky130_fd_sc_hd__clkinv_4'.
Generating RTLIL representation for module `\sky130_fd_sc_hd__clkinv_8'.
Generating RTLIL representation for module `\sky130_fd_sc_hd__clkinvlp_2'.
Generating RTLIL representation for module `\sky130_fd_sc_hd__clkinvlp_4'.
Generating RTLIL representation for module `\sky130_fd_sc_hd__conb_1'.
Generating RTLIL representation for module `\sky130_fd_sc_hd__decap_12'.
Generating RTLIL representation for module `\sky130_fd_sc_hd__decap_3'.
Generating RTLIL representation for module `\sky130_fd_sc_hd__decap_4'.
Generating RTLIL representation for module `\sky130_fd_sc_hd__decap_6'.
Generating RTLIL representation for module `\sky130_fd_sc_hd__decap_8'.
Generating RTLIL representation for module `\sky130_fd_sc_hd__dfbbn_1'.
Generating RTLIL representation for module `\sky130_fd_sc_hd__dfbbn_2'.
Generating RTLIL representation for module `\sky130_fd_sc_hd__dfbbp_1'.
Generating RTLIL representation for module `\sky130_fd_sc_hd__dfrbp_1'.
Generating RTLIL representation for module `\sky130_fd_sc_hd__dfrbp_2'.
Generating RTLIL representation for module `\sky130_fd_sc_hd__dfrtn_1'.
Generating RTLIL representation for module `\sky130_fd_sc_hd__dfrtp_1'.
Generating RTLIL representation for module `\sky130_fd_sc_hd__dfrtp_2'.
Generating RTLIL representation for module `\sky130_fd_sc_hd__dfrtp_4'.
Generating RTLIL representation for module `\sky130_fd_sc_hd__dfsbp_1'.
Generating RTLIL representation for module `\sky130_fd_sc_hd__dfsbp_2'.
Generating RTLIL representation for module `\sky130_fd_sc_hd__dfstp_1'.
Generating RTLIL representation for module `\sky130_fd_sc_hd__dfstp_2'.
Generating RTLIL representation for module `\sky130_fd_sc_hd__dfstp_4'.
Generating RTLIL representation for module `\sky130_fd_sc_hd__dfxbp_1'.
Generating RTLIL representation for module `\sky130_fd_sc_hd__dfxbp_2'.
Generating RTLIL representation for module `\sky130_fd_sc_hd__dfxtp_1'.
Generating RTLIL representation for module `\sky130_fd_sc_hd__dfxtp_2'.
Generating RTLIL representation for module `\sky130_fd_sc_hd__dfxtp_4'.
Generating RTLIL representation for module `\sky130_fd_sc_hd__diode_2'.
Generating RTLIL representation for module `\sky130_fd_sc_hd__dlclkp_1'.
Generating RTLIL representation for module `\sky130_fd_sc_hd__dlclkp_2'.
Generating RTLIL representation for module `\sky130_fd_sc_hd__dlclkp_4'.
Generating RTLIL representation for module `\sky130_fd_sc_hd__dlrbn_1'.
Generating RTLIL representation for module `\sky130_fd_sc_hd__dlrbn_2'.
Generating RTLIL representation for module `\sky130_fd_sc_hd__dlrbp_1'.
Generating RTLIL representation for module `\sky130_fd_sc_hd__dlrbp_2'.
Generating RTLIL representation for module `\sky130_fd_sc_hd__dlrtn_1'.
Generating RTLIL representation for module `\sky130_fd_sc_hd__dlrtn_2'.
Generating RTLIL representation for module `\sky130_fd_sc_hd__dlrtn_4'.
Generating RTLIL representation for module `\sky130_fd_sc_hd__dlrtp_1'.
Generating RTLIL representation for module `\sky130_fd_sc_hd__dlrtp_2'.
Generating RTLIL representation for module `\sky130_fd_sc_hd__dlrtp_4'.
Generating RTLIL representation for module `\sky130_fd_sc_hd__dlxbn_1'.
Generating RTLIL representation for module `\sky130_fd_sc_hd__dlxbn_2'.
Generating RTLIL representation for module `\sky130_fd_sc_hd__dlxbp_1'.
Generating RTLIL representation for module `\sky130_fd_sc_hd__dlxtn_1'.
Generating RTLIL representation for module `\sky130_fd_sc_hd__dlxtn_2'.
Generating RTLIL representation for module `\sky130_fd_sc_hd__dlxtn_4'.
Generating RTLIL representation for module `\sky130_fd_sc_hd__dlxtp_1'.
Generating RTLIL representation for module `\sky130_fd_sc_hd__dlygate4sd1_1'.
Generating RTLIL representation for module `\sky130_fd_sc_hd__dlygate4sd2_1'.
Generating RTLIL representation for module `\sky130_fd_sc_hd__dlygate4sd3_1'.
Generating RTLIL representation for module `\sky130_fd_sc_hd__dlymetal6s2s_1'.
Generating RTLIL representation for module `\sky130_fd_sc_hd__dlymetal6s4s_1'.
Generating RTLIL representation for module `\sky130_fd_sc_hd__dlymetal6s6s_1'.
Generating RTLIL representation for module `\sky130_fd_sc_hd__ebufn_1'.
Generating RTLIL representation for module `\sky130_fd_sc_hd__ebufn_2'.
Generating RTLIL representation for module `\sky130_fd_sc_hd__ebufn_4'.
Generating RTLIL representation for module `\sky130_fd_sc_hd__ebufn_8'.
Generating RTLIL representation for module `\sky130_fd_sc_hd__edfxbp_1'.
Generating RTLIL representation for module `\sky130_fd_sc_hd__edfxtp_1'.
Generating RTLIL representation for module `\sky130_fd_sc_hd__einvn_0'.
Generating RTLIL representation for module `\sky130_fd_sc_hd__einvn_1'.
Generating RTLIL representation for module `\sky130_fd_sc_hd__einvn_2'.
Generating RTLIL representation for module `\sky130_fd_sc_hd__einvn_4'.
Generating RTLIL representation for module `\sky130_fd_sc_hd__einvn_8'.
Generating RTLIL representation for module `\sky130_fd_sc_hd__einvp_1'.
Generating RTLIL representation for module `\sky130_fd_sc_hd__einvp_2'.
Generating RTLIL representation for module `\sky130_fd_sc_hd__einvp_4'.
Generating RTLIL representation for module `\sky130_fd_sc_hd__einvp_8'.
Generating RTLIL representation for module `\sky130_fd_sc_hd__fa_1'.
Generating RTLIL representation for module `\sky130_fd_sc_hd__fa_2'.
Generating RTLIL representation for module `\sky130_fd_sc_hd__fa_4'.
Generating RTLIL representation for module `\sky130_fd_sc_hd__fah_1'.
Generating RTLIL representation for module `\sky130_fd_sc_hd__fahcin_1'.
Generating RTLIL representation for module `\sky130_fd_sc_hd__fahcon_1'.
Generating RTLIL representation for module `\sky130_fd_sc_hd__fill_1'.
Generating RTLIL representation for module `\sky130_fd_sc_hd__fill_2'.
Generating RTLIL representation for module `\sky130_fd_sc_hd__fill_4'.
Generating RTLIL representation for module `\sky130_fd_sc_hd__fill_8'.
Generating RTLIL representation for module `\sky130_fd_sc_hd__ha_1'.
Generating RTLIL representation for module `\sky130_fd_sc_hd__ha_2'.
Generating RTLIL representation for module `\sky130_fd_sc_hd__ha_4'.
Generating RTLIL representation for module `\sky130_fd_sc_hd__inv_1'.
Generating RTLIL representation for module `\sky130_fd_sc_hd__inv_12'.
Generating RTLIL representation for module `\sky130_fd_sc_hd__inv_16'.
Generating RTLIL representation for module `\sky130_fd_sc_hd__inv_2'.
Generating RTLIL representation for module `\sky130_fd_sc_hd__inv_4'.
Generating RTLIL representation for module `\sky130_fd_sc_hd__inv_6'.
Generating RTLIL representation for module `\sky130_fd_sc_hd__inv_8'.
Generating RTLIL representation for module `\sky130_fd_sc_hd__lpflow_bleeder_1'.
Generating RTLIL representation for module `\sky130_fd_sc_hd__lpflow_clkbufkapwr_1'.
Generating RTLIL representation for module `\sky130_fd_sc_hd__lpflow_clkbufkapwr_16'.
Generating RTLIL representation for module `\sky130_fd_sc_hd__lpflow_clkbufkapwr_2'.
Generating RTLIL representation for module `\sky130_fd_sc_hd__lpflow_clkbufkapwr_4'.
Generating RTLIL representation for module `\sky130_fd_sc_hd__lpflow_clkbufkapwr_8'.
Generating RTLIL representation for module `\sky130_fd_sc_hd__lpflow_clkinvkapwr_1'.
Generating RTLIL representation for module `\sky130_fd_sc_hd__lpflow_clkinvkapwr_16'.
Generating RTLIL representation for module `\sky130_fd_sc_hd__lpflow_clkinvkapwr_2'.
Generating RTLIL representation for module `\sky130_fd_sc_hd__lpflow_clkinvkapwr_4'.
Generating RTLIL representation for module `\sky130_fd_sc_hd__lpflow_clkinvkapwr_8'.
Generating RTLIL representation for module `\sky130_fd_sc_hd__lpflow_decapkapwr_12'.
Generating RTLIL representation for module `\sky130_fd_sc_hd__lpflow_decapkapwr_3'.
Generating RTLIL representation for module `\sky130_fd_sc_hd__lpflow_decapkapwr_4'.
Generating RTLIL representation for module `\sky130_fd_sc_hd__lpflow_decapkapwr_6'.
Generating RTLIL representation for module `\sky130_fd_sc_hd__lpflow_decapkapwr_8'.
Generating RTLIL representation for module `\sky130_fd_sc_hd__lpflow_inputiso0n_1'.
Generating RTLIL representation for module `\sky130_fd_sc_hd__lpflow_inputiso0p_1'.
Generating RTLIL representation for module `\sky130_fd_sc_hd__lpflow_inputiso1n_1'.
Generating RTLIL representation for module `\sky130_fd_sc_hd__lpflow_inputiso1p_1'.
Generating RTLIL representation for module `\sky130_fd_sc_hd__lpflow_inputisolatch_1'.
Generating RTLIL representation for module `\sky130_fd_sc_hd__lpflow_isobufsrc_1'.
Generating RTLIL representation for module `\sky130_fd_sc_hd__lpflow_isobufsrc_16'.
Generating RTLIL representation for module `\sky130_fd_sc_hd__lpflow_isobufsrc_2'.
Generating RTLIL representation for module `\sky130_fd_sc_hd__lpflow_isobufsrc_4'.
Generating RTLIL representation for module `\sky130_fd_sc_hd__lpflow_isobufsrc_8'.
Generating RTLIL representation for module `\sky130_fd_sc_hd__lpflow_isobufsrckapwr_16'.
Generating RTLIL representation for module `\sky130_fd_sc_hd__lpflow_lsbuf_lh_hl_isowell_tap_1'.
Generating RTLIL representation for module `\sky130_fd_sc_hd__lpflow_lsbuf_lh_hl_isowell_tap_2'.
Generating RTLIL representation for module `\sky130_fd_sc_hd__lpflow_lsbuf_lh_hl_isowell_tap_4'.
Generating RTLIL representation for module `\sky130_fd_sc_hd__lpflow_lsbuf_lh_isowell_4'.
Generating RTLIL representation for module `\sky130_fd_sc_hd__lpflow_lsbuf_lh_isowell_tap_1'.
Generating RTLIL representation for module `\sky130_fd_sc_hd__lpflow_lsbuf_lh_isowell_tap_2'.
Generating RTLIL representation for module `\sky130_fd_sc_hd__lpflow_lsbuf_lh_isowell_tap_4'.
Generating RTLIL representation for module `\sky130_fd_sc_hd__macro_sparecell'.
Generating RTLIL representation for module `\sky130_fd_sc_hd__maj3_1'.
Generating RTLIL representation for module `\sky130_fd_sc_hd__maj3_2'.
Generating RTLIL representation for module `\sky130_fd_sc_hd__maj3_4'.
Generating RTLIL representation for module `\sky130_fd_sc_hd__mux2_1'.
Generating RTLIL representation for module `\sky130_fd_sc_hd__mux2_2'.
Generating RTLIL representation for module `\sky130_fd_sc_hd__mux2_4'.
Generating RTLIL representation for module `\sky130_fd_sc_hd__mux2_8'.
Generating RTLIL representation for module `\sky130_fd_sc_hd__mux2i_1'.
Generating RTLIL representation for module `\sky130_fd_sc_hd__mux2i_2'.
Generating RTLIL representation for module `\sky130_fd_sc_hd__mux2i_4'.
Generating RTLIL representation for module `\sky130_fd_sc_hd__mux4_1'.
Generating RTLIL representation for module `\sky130_fd_sc_hd__mux4_2'.
Generating RTLIL representation for module `\sky130_fd_sc_hd__mux4_4'.
Generating RTLIL representation for module `\sky130_fd_sc_hd__nand2_1'.
Generating RTLIL representation for module `\sky130_fd_sc_hd__nand2_2'.
Generating RTLIL representation for module `\sky130_fd_sc_hd__nand2_4'.
Generating RTLIL representation for module `\sky130_fd_sc_hd__nand2_8'.
Generating RTLIL representation for module `\sky130_fd_sc_hd__nand2b_1'.
Generating RTLIL representation for module `\sky130_fd_sc_hd__nand2b_2'.
Generating RTLIL representation for module `\sky130_fd_sc_hd__nand2b_4'.
Generating RTLIL representation for module `\sky130_fd_sc_hd__nand3_1'.
Generating RTLIL representation for module `\sky130_fd_sc_hd__nand3_2'.
Generating RTLIL representation for module `\sky130_fd_sc_hd__nand3_4'.
Generating RTLIL representation for module `\sky130_fd_sc_hd__nand3b_1'.
Generating RTLIL representation for module `\sky130_fd_sc_hd__nand3b_2'.
Generating RTLIL representation for module `\sky130_fd_sc_hd__nand3b_4'.
Generating RTLIL representation for module `\sky130_fd_sc_hd__nand4_1'.
Generating RTLIL representation for module `\sky130_fd_sc_hd__nand4_2'.
Generating RTLIL representation for module `\sky130_fd_sc_hd__nand4_4'.
Generating RTLIL representation for module `\sky130_fd_sc_hd__nand4b_1'.
Generating RTLIL representation for module `\sky130_fd_sc_hd__nand4b_2'.
Generating RTLIL representation for module `\sky130_fd_sc_hd__nand4b_4'.
Generating RTLIL representation for module `\sky130_fd_sc_hd__nand4bb_1'.
Generating RTLIL representation for module `\sky130_fd_sc_hd__nand4bb_2'.
Generating RTLIL representation for module `\sky130_fd_sc_hd__nand4bb_4'.
Generating RTLIL representation for module `\sky130_fd_sc_hd__nor2_1'.
Generating RTLIL representation for module `\sky130_fd_sc_hd__nor2_2'.
Generating RTLIL representation for module `\sky130_fd_sc_hd__nor2_4'.
Generating RTLIL representation for module `\sky130_fd_sc_hd__nor2_8'.
Generating RTLIL representation for module `\sky130_fd_sc_hd__nor2b_1'.
Generating RTLIL representation for module `\sky130_fd_sc_hd__nor2b_2'.
Generating RTLIL representation for module `\sky130_fd_sc_hd__nor2b_4'.
Generating RTLIL representation for module `\sky130_fd_sc_hd__nor3_1'.
Generating RTLIL representation for module `\sky130_fd_sc_hd__nor3_2'.
Generating RTLIL representation for module `\sky130_fd_sc_hd__nor3_4'.
Generating RTLIL representation for module `\sky130_fd_sc_hd__nor3b_1'.
Generating RTLIL representation for module `\sky130_fd_sc_hd__nor3b_2'.
Generating RTLIL representation for module `\sky130_fd_sc_hd__nor3b_4'.
Generating RTLIL representation for module `\sky130_fd_sc_hd__nor4_1'.
Generating RTLIL representation for module `\sky130_fd_sc_hd__nor4_2'.
Generating RTLIL representation for module `\sky130_fd_sc_hd__nor4_4'.
Generating RTLIL representation for module `\sky130_fd_sc_hd__nor4b_1'.
Generating RTLIL representation for module `\sky130_fd_sc_hd__nor4b_2'.
Generating RTLIL representation for module `\sky130_fd_sc_hd__nor4b_4'.
Generating RTLIL representation for module `\sky130_fd_sc_hd__nor4bb_1'.
Generating RTLIL representation for module `\sky130_fd_sc_hd__nor4bb_2'.
Generating RTLIL representation for module `\sky130_fd_sc_hd__nor4bb_4'.
Generating RTLIL representation for module `\sky130_fd_sc_hd__o2111a_1'.
Generating RTLIL representation for module `\sky130_fd_sc_hd__o2111a_2'.
Generating RTLIL representation for module `\sky130_fd_sc_hd__o2111a_4'.
Generating RTLIL representation for module `\sky130_fd_sc_hd__o2111ai_1'.
Generating RTLIL representation for module `\sky130_fd_sc_hd__o2111ai_2'.
Generating RTLIL representation for module `\sky130_fd_sc_hd__o2111ai_4'.
Generating RTLIL representation for module `\sky130_fd_sc_hd__o211a_1'.
Generating RTLIL representation for module `\sky130_fd_sc_hd__o211a_2'.
Generating RTLIL representation for module `\sky130_fd_sc_hd__o211a_4'.
Generating RTLIL representation for module `\sky130_fd_sc_hd__o211ai_1'.
Generating RTLIL representation for module `\sky130_fd_sc_hd__o211ai_2'.
Generating RTLIL representation for module `\sky130_fd_sc_hd__o211ai_4'.
Generating RTLIL representation for module `\sky130_fd_sc_hd__o21a_1'.
Generating RTLIL representation for module `\sky130_fd_sc_hd__o21a_2'.
Generating RTLIL representation for module `\sky130_fd_sc_hd__o21a_4'.
Generating RTLIL representation for module `\sky130_fd_sc_hd__o21ai_0'.
Generating RTLIL representation for module `\sky130_fd_sc_hd__o21ai_1'.
Generating RTLIL representation for module `\sky130_fd_sc_hd__o21ai_2'.
Generating RTLIL representation for module `\sky130_fd_sc_hd__o21ai_4'.
Generating RTLIL representation for module `\sky130_fd_sc_hd__o21ba_1'.
Generating RTLIL representation for module `\sky130_fd_sc_hd__o21ba_2'.
Generating RTLIL representation for module `\sky130_fd_sc_hd__o21ba_4'.
Generating RTLIL representation for module `\sky130_fd_sc_hd__o21bai_1'.
Generating RTLIL representation for module `\sky130_fd_sc_hd__o21bai_2'.
Generating RTLIL representation for module `\sky130_fd_sc_hd__o21bai_4'.
Generating RTLIL representation for module `\sky130_fd_sc_hd__o221a_1'.
Generating RTLIL representation for module `\sky130_fd_sc_hd__o221a_2'.
Generating RTLIL representation for module `\sky130_fd_sc_hd__o221a_4'.
Generating RTLIL representation for module `\sky130_fd_sc_hd__o221ai_1'.
Generating RTLIL representation for module `\sky130_fd_sc_hd__o221ai_2'.
Generating RTLIL representation for module `\sky130_fd_sc_hd__o221ai_4'.
Generating RTLIL representation for module `\sky130_fd_sc_hd__o22a_1'.
Generating RTLIL representation for module `\sky130_fd_sc_hd__o22a_2'.
Generating RTLIL representation for module `\sky130_fd_sc_hd__o22a_4'.
Generating RTLIL representation for module `\sky130_fd_sc_hd__o22ai_1'.
Generating RTLIL representation for module `\sky130_fd_sc_hd__o22ai_2'.
Generating RTLIL representation for module `\sky130_fd_sc_hd__o22ai_4'.
Generating RTLIL representation for module `\sky130_fd_sc_hd__o2bb2a_1'.
Generating RTLIL representation for module `\sky130_fd_sc_hd__o2bb2a_2'.
Generating RTLIL representation for module `\sky130_fd_sc_hd__o2bb2a_4'.
Generating RTLIL representation for module `\sky130_fd_sc_hd__o2bb2ai_1'.
Generating RTLIL representation for module `\sky130_fd_sc_hd__o2bb2ai_2'.
Generating RTLIL representation for module `\sky130_fd_sc_hd__o2bb2ai_4'.
Generating RTLIL representation for module `\sky130_fd_sc_hd__o311a_1'.
Generating RTLIL representation for module `\sky130_fd_sc_hd__o311a_2'.
Generating RTLIL representation for module `\sky130_fd_sc_hd__o311a_4'.
Generating RTLIL representation for module `\sky130_fd_sc_hd__o311ai_0'.
Generating RTLIL representation for module `\sky130_fd_sc_hd__o311ai_1'.
Generating RTLIL representation for module `\sky130_fd_sc_hd__o311ai_2'.
Generating RTLIL representation for module `\sky130_fd_sc_hd__o311ai_4'.
Generating RTLIL representation for module `\sky130_fd_sc_hd__o31a_1'.
Generating RTLIL representation for module `\sky130_fd_sc_hd__o31a_2'.
Generating RTLIL representation for module `\sky130_fd_sc_hd__o31a_4'.
Generating RTLIL representation for module `\sky130_fd_sc_hd__o31ai_1'.
Generating RTLIL representation for module `\sky130_fd_sc_hd__o31ai_2'.
Generating RTLIL representation for module `\sky130_fd_sc_hd__o31ai_4'.
Generating RTLIL representation for module `\sky130_fd_sc_hd__o32a_1'.
Generating RTLIL representation for module `\sky130_fd_sc_hd__o32a_2'.
Generating RTLIL representation for module `\sky130_fd_sc_hd__o32a_4'.
Generating RTLIL representation for module `\sky130_fd_sc_hd__o32ai_1'.
Generating RTLIL representation for module `\sky130_fd_sc_hd__o32ai_2'.
Generating RTLIL representation for module `\sky130_fd_sc_hd__o32ai_4'.
Generating RTLIL representation for module `\sky130_fd_sc_hd__o41a_1'.
Generating RTLIL representation for module `\sky130_fd_sc_hd__o41a_2'.
Generating RTLIL representation for module `\sky130_fd_sc_hd__o41a_4'.
Generating RTLIL representation for module `\sky130_fd_sc_hd__o41ai_1'.
Generating RTLIL representation for module `\sky130_fd_sc_hd__o41ai_2'.
Generating RTLIL representation for module `\sky130_fd_sc_hd__o41ai_4'.
Generating RTLIL representation for module `\sky130_fd_sc_hd__or2_0'.
Generating RTLIL representation for module `\sky130_fd_sc_hd__or2_1'.
Generating RTLIL representation for module `\sky130_fd_sc_hd__or2_2'.
Generating RTLIL representation for module `\sky130_fd_sc_hd__or2_4'.
Generating RTLIL representation for module `\sky130_fd_sc_hd__or2b_1'.
Generating RTLIL representation for module `\sky130_fd_sc_hd__or2b_2'.
Generating RTLIL representation for module `\sky130_fd_sc_hd__or2b_4'.
Generating RTLIL representation for module `\sky130_fd_sc_hd__or3_1'.
Generating RTLIL representation for module `\sky130_fd_sc_hd__or3_2'.
Generating RTLIL representation for module `\sky130_fd_sc_hd__or3_4'.
Generating RTLIL representation for module `\sky130_fd_sc_hd__or3b_1'.
Generating RTLIL representation for module `\sky130_fd_sc_hd__or3b_2'.
Generating RTLIL representation for module `\sky130_fd_sc_hd__or3b_4'.
Generating RTLIL representation for module `\sky130_fd_sc_hd__or4_1'.
Generating RTLIL representation for module `\sky130_fd_sc_hd__or4_2'.
Generating RTLIL representation for module `\sky130_fd_sc_hd__or4_4'.
Generating RTLIL representation for module `\sky130_fd_sc_hd__or4b_1'.
Generating RTLIL representation for module `\sky130_fd_sc_hd__or4b_2'.
Generating RTLIL representation for module `\sky130_fd_sc_hd__or4b_4'.
Generating RTLIL representation for module `\sky130_fd_sc_hd__or4bb_1'.
Generating RTLIL representation for module `\sky130_fd_sc_hd__or4bb_2'.
Generating RTLIL representation for module `\sky130_fd_sc_hd__or4bb_4'.
Generating RTLIL representation for module `\sky130_fd_sc_hd__probe_p_8'.
Generating RTLIL representation for module `\sky130_fd_sc_hd__probec_p_8'.
Generating RTLIL representation for module `\sky130_fd_sc_hd__sdfbbn_1'.
Generating RTLIL representation for module `\sky130_fd_sc_hd__sdfbbn_2'.
Generating RTLIL representation for module `\sky130_fd_sc_hd__sdfbbp_1'.
Generating RTLIL representation for module `\sky130_fd_sc_hd__sdfrbp_1'.
Generating RTLIL representation for module `\sky130_fd_sc_hd__sdfrbp_2'.
Generating RTLIL representation for module `\sky130_fd_sc_hd__sdfrtn_1'.
Generating RTLIL representation for module `\sky130_fd_sc_hd__sdfrtp_1'.
Generating RTLIL representation for module `\sky130_fd_sc_hd__sdfrtp_2'.
Generating RTLIL representation for module `\sky130_fd_sc_hd__sdfrtp_4'.
Generating RTLIL representation for module `\sky130_fd_sc_hd__sdfsbp_1'.
Generating RTLIL representation for module `\sky130_fd_sc_hd__sdfsbp_2'.
Generating RTLIL representation for module `\sky130_fd_sc_hd__sdfstp_1'.
Generating RTLIL representation for module `\sky130_fd_sc_hd__sdfstp_2'.
Generating RTLIL representation for module `\sky130_fd_sc_hd__sdfstp_4'.
Generating RTLIL representation for module `\sky130_fd_sc_hd__sdfxbp_1'.
Generating RTLIL representation for module `\sky130_fd_sc_hd__sdfxbp_2'.
Generating RTLIL representation for module `\sky130_fd_sc_hd__sdfxtp_1'.
Generating RTLIL representation for module `\sky130_fd_sc_hd__sdfxtp_2'.
Generating RTLIL representation for module `\sky130_fd_sc_hd__sdfxtp_4'.
Generating RTLIL representation for module `\sky130_fd_sc_hd__sdlclkp_1'.
Generating RTLIL representation for module `\sky130_fd_sc_hd__sdlclkp_2'.
Generating RTLIL representation for module `\sky130_fd_sc_hd__sdlclkp_4'.
Generating RTLIL representation for module `\sky130_fd_sc_hd__sedfxbp_1'.
Generating RTLIL representation for module `\sky130_fd_sc_hd__sedfxbp_2'.
Generating RTLIL representation for module `\sky130_fd_sc_hd__sedfxtp_1'.
Generating RTLIL representation for module `\sky130_fd_sc_hd__sedfxtp_2'.
Generating RTLIL representation for module `\sky130_fd_sc_hd__sedfxtp_4'.
Generating RTLIL representation for module `\sky130_fd_sc_hd__tap_1'.
Generating RTLIL representation for module `\sky130_fd_sc_hd__tap_2'.
Generating RTLIL representation for module `\sky130_fd_sc_hd__tapvgnd2_1'.
Generating RTLIL representation for module `\sky130_fd_sc_hd__tapvgnd_1'.
Generating RTLIL representation for module `\sky130_fd_sc_hd__tapvpwrvgnd_1'.
Generating RTLIL representation for module `\sky130_fd_sc_hd__xnor2_1'.
Generating RTLIL representation for module `\sky130_fd_sc_hd__xnor2_2'.
Generating RTLIL representation for module `\sky130_fd_sc_hd__xnor2_4'.
Generating RTLIL representation for module `\sky130_fd_sc_hd__xnor3_1'.
Generating RTLIL representation for module `\sky130_fd_sc_hd__xnor3_2'.
Generating RTLIL representation for module `\sky130_fd_sc_hd__xnor3_4'.
Generating RTLIL representation for module `\sky130_fd_sc_hd__xor2_1'.
Generating RTLIL representation for module `\sky130_fd_sc_hd__xor2_2'.
Generating RTLIL representation for module `\sky130_fd_sc_hd__xor2_4'.
Generating RTLIL representation for module `\sky130_fd_sc_hd__xor3_1'.
Generating RTLIL representation for module `\sky130_fd_sc_hd__xor3_2'.
Generating RTLIL representation for module `\sky130_fd_sc_hd__xor3_4'.
Successfully finished Verilog frontend.

2. Executing Verilog-2005 frontend: /home/niko_tambornini/EE531/my_designs/FPU_32_Bit/Reorder_buffer.sv
Parsing SystemVerilog input from `/home/niko_tambornini/EE531/my_designs/FPU_32_Bit/Reorder_buffer.sv' to AST representation.
Storing AST representation for module `$abstract\Reorder_buffer'.
Successfully finished Verilog frontend.

3. Executing HIERARCHY pass (managing design hierarchy).

4. Executing AST frontend in derive mode using pre-parsed AST for module `\Reorder_buffer'.
Generating RTLIL representation for module `\Reorder_buffer'.

4.1. Analyzing design hierarchy..
Top module:  \Reorder_buffer

4.2. Analyzing design hierarchy..
Top module:  \Reorder_buffer
Removing unused module `$abstract\Reorder_buffer'.
Removed 1 unused modules.
Renaming module Reorder_buffer to Reorder_buffer.

5. Executing PROC pass (convert processes to netlists).

5.1. Executing PROC_CLEAN pass (remove empty switches from decision trees).
Cleaned up 0 empty switches.

5.2. Executing PROC_RMDEAD pass (remove dead branches from decision trees).
Marked 11 switch rules as full_case in process $proc$/home/niko_tambornini/EE531/my_designs/FPU_32_Bit/Reorder_buffer.sv:33$57 in module Reorder_buffer.
Removed a total of 0 dead cases.

5.3. Executing PROC_PRUNE pass (remove redundant assignments in processes).
Removed 0 redundant assignments.
Promoted 73 assignments to connections.

5.4. Executing PROC_INIT pass (extract init attributes).

5.5. Executing PROC_ARST pass (detect async resets in processes).

5.6. Executing PROC_ROM pass (convert switches to ROMs).
Converted 0 switches.
<suppressed ~16 debug messages>

5.7. Executing PROC_MUX pass (convert decision trees to multiplexers).
Creating decoders for process `\Reorder_buffer.$proc$/home/niko_tambornini/EE531/my_designs/FPU_32_Bit/Reorder_buffer.sv:33$57'.
     1/192: $2$memwr$\ready_check$/home/niko_tambornini/EE531/my_designs/FPU_32_Bit/Reorder_buffer.sv:101$50_EN[0:0]$326
     2/192: $2$memwr$\ready_check$/home/niko_tambornini/EE531/my_designs/FPU_32_Bit/Reorder_buffer.sv:101$50_ADDR[4:0]$325
     3/192: $5$memwr$\ready_check$/home/niko_tambornini/EE531/my_designs/FPU_32_Bit/Reorder_buffer.sv:87$48_EN[0:0]$320
     4/192: $5$memwr$\ready_check$/home/niko_tambornini/EE531/my_designs/FPU_32_Bit/Reorder_buffer.sv:87$48_ADDR[3:0]$319
     5/192: $5$memwr$\array$/home/niko_tambornini/EE531/my_designs/FPU_32_Bit/Reorder_buffer.sv:86$47_EN[35:0]$318
     6/192: $5$memwr$\array$/home/niko_tambornini/EE531/my_designs/FPU_32_Bit/Reorder_buffer.sv:86$47_DATA[35:0]$317
     7/192: $5$memwr$\array$/home/niko_tambornini/EE531/my_designs/FPU_32_Bit/Reorder_buffer.sv:86$47_ADDR[3:0]$316
     8/192: $5$memwr$\ready_check$/home/niko_tambornini/EE531/my_designs/FPU_32_Bit/Reorder_buffer.sv:83$46_EN[0:0]$315
     9/192: $5$memwr$\ready_check$/home/niko_tambornini/EE531/my_designs/FPU_32_Bit/Reorder_buffer.sv:83$46_ADDR[3:0]$314
    10/192: $5$memwr$\array$/home/niko_tambornini/EE531/my_designs/FPU_32_Bit/Reorder_buffer.sv:82$45_EN[35:0]$313
    11/192: $5$memwr$\array$/home/niko_tambornini/EE531/my_designs/FPU_32_Bit/Reorder_buffer.sv:82$45_DATA[35:0]$312
    12/192: $5$memwr$\array$/home/niko_tambornini/EE531/my_designs/FPU_32_Bit/Reorder_buffer.sv:82$45_ADDR[3:0]$311
    13/192: $5$memwr$\ready_check$/home/niko_tambornini/EE531/my_designs/FPU_32_Bit/Reorder_buffer.sv:79$44_EN[0:0]$310
    14/192: $5$memwr$\ready_check$/home/niko_tambornini/EE531/my_designs/FPU_32_Bit/Reorder_buffer.sv:79$44_ADDR[3:0]$309
    15/192: $5$memwr$\array$/home/niko_tambornini/EE531/my_designs/FPU_32_Bit/Reorder_buffer.sv:78$43_EN[35:0]$308
    16/192: $5$memwr$\array$/home/niko_tambornini/EE531/my_designs/FPU_32_Bit/Reorder_buffer.sv:78$43_DATA[35:0]$307
    17/192: $5$memwr$\array$/home/niko_tambornini/EE531/my_designs/FPU_32_Bit/Reorder_buffer.sv:78$43_ADDR[3:0]$306
    18/192: $4$memwr$\array$/home/niko_tambornini/EE531/my_designs/FPU_32_Bit/Reorder_buffer.sv:89$49_EN[35:0]$305
    19/192: $4$memwr$\array$/home/niko_tambornini/EE531/my_designs/FPU_32_Bit/Reorder_buffer.sv:89$49_DATA[35:0]$304
    20/192: $4$memwr$\array$/home/niko_tambornini/EE531/my_designs/FPU_32_Bit/Reorder_buffer.sv:89$49_ADDR[4:0]$303
    21/192: $4$memwr$\ready_check$/home/niko_tambornini/EE531/my_designs/FPU_32_Bit/Reorder_buffer.sv:87$48_EN[0:0]$302
    22/192: $4$memwr$\ready_check$/home/niko_tambornini/EE531/my_designs/FPU_32_Bit/Reorder_buffer.sv:87$48_ADDR[3:0]$301
    23/192: $4$memwr$\array$/home/niko_tambornini/EE531/my_designs/FPU_32_Bit/Reorder_buffer.sv:86$47_EN[35:0]$300
    24/192: $4$memwr$\array$/home/niko_tambornini/EE531/my_designs/FPU_32_Bit/Reorder_buffer.sv:86$47_DATA[35:0]$299
    25/192: $4$memwr$\array$/home/niko_tambornini/EE531/my_designs/FPU_32_Bit/Reorder_buffer.sv:86$47_ADDR[3:0]$298
    26/192: $4$memwr$\ready_check$/home/niko_tambornini/EE531/my_designs/FPU_32_Bit/Reorder_buffer.sv:83$46_EN[0:0]$297
    27/192: $4$memwr$\ready_check$/home/niko_tambornini/EE531/my_designs/FPU_32_Bit/Reorder_buffer.sv:83$46_ADDR[3:0]$296
    28/192: $4$memwr$\array$/home/niko_tambornini/EE531/my_designs/FPU_32_Bit/Reorder_buffer.sv:82$45_EN[35:0]$295
    29/192: $4$memwr$\array$/home/niko_tambornini/EE531/my_designs/FPU_32_Bit/Reorder_buffer.sv:82$45_DATA[35:0]$294
    30/192: $4$memwr$\array$/home/niko_tambornini/EE531/my_designs/FPU_32_Bit/Reorder_buffer.sv:82$45_ADDR[3:0]$293
    31/192: $4$memwr$\ready_check$/home/niko_tambornini/EE531/my_designs/FPU_32_Bit/Reorder_buffer.sv:79$44_EN[0:0]$292
    32/192: $4$memwr$\ready_check$/home/niko_tambornini/EE531/my_designs/FPU_32_Bit/Reorder_buffer.sv:79$44_ADDR[3:0]$291
    33/192: $4$memwr$\array$/home/niko_tambornini/EE531/my_designs/FPU_32_Bit/Reorder_buffer.sv:78$43_EN[35:0]$290
    34/192: $4$memwr$\array$/home/niko_tambornini/EE531/my_designs/FPU_32_Bit/Reorder_buffer.sv:78$43_DATA[35:0]$289
    35/192: $4$memwr$\array$/home/niko_tambornini/EE531/my_designs/FPU_32_Bit/Reorder_buffer.sv:78$43_ADDR[3:0]$288
    36/192: $3$memwr$\array$/home/niko_tambornini/EE531/my_designs/FPU_32_Bit/Reorder_buffer.sv:64$42_EN[35:0]$265
    37/192: $3$memwr$\array$/home/niko_tambornini/EE531/my_designs/FPU_32_Bit/Reorder_buffer.sv:64$42_DATA[35:0]$264
    38/192: $3$memwr$\array$/home/niko_tambornini/EE531/my_designs/FPU_32_Bit/Reorder_buffer.sv:64$42_ADDR[4:0]$263
    39/192: $3$memwr$\ready_check$/home/niko_tambornini/EE531/my_designs/FPU_32_Bit/Reorder_buffer.sv:63$41_EN[0:0]$262
    40/192: $3$memwr$\ready_check$/home/niko_tambornini/EE531/my_designs/FPU_32_Bit/Reorder_buffer.sv:63$41_ADDR[4:0]$261
    41/192: $3$memwr$\array$/home/niko_tambornini/EE531/my_designs/FPU_32_Bit/Reorder_buffer.sv:89$49_EN[35:0]$283
    42/192: $3$memwr$\array$/home/niko_tambornini/EE531/my_designs/FPU_32_Bit/Reorder_buffer.sv:89$49_DATA[35:0]$282
    43/192: $3$memwr$\array$/home/niko_tambornini/EE531/my_designs/FPU_32_Bit/Reorder_buffer.sv:89$49_ADDR[4:0]$281
    44/192: $3$memwr$\ready_check$/home/niko_tambornini/EE531/my_designs/FPU_32_Bit/Reorder_buffer.sv:87$48_EN[0:0]$280
    45/192: $3$memwr$\ready_check$/home/niko_tambornini/EE531/my_designs/FPU_32_Bit/Reorder_buffer.sv:87$48_ADDR[3:0]$279
    46/192: $3$memwr$\array$/home/niko_tambornini/EE531/my_designs/FPU_32_Bit/Reorder_buffer.sv:86$47_EN[35:0]$278
    47/192: $3$memwr$\array$/home/niko_tambornini/EE531/my_designs/FPU_32_Bit/Reorder_buffer.sv:86$47_DATA[35:0]$277
    48/192: $3$memwr$\array$/home/niko_tambornini/EE531/my_designs/FPU_32_Bit/Reorder_buffer.sv:86$47_ADDR[3:0]$276
    49/192: $3$memwr$\ready_check$/home/niko_tambornini/EE531/my_designs/FPU_32_Bit/Reorder_buffer.sv:83$46_EN[0:0]$275
    50/192: $3$memwr$\ready_check$/home/niko_tambornini/EE531/my_designs/FPU_32_Bit/Reorder_buffer.sv:83$46_ADDR[3:0]$274
    51/192: $3$memwr$\array$/home/niko_tambornini/EE531/my_designs/FPU_32_Bit/Reorder_buffer.sv:82$45_EN[35:0]$273
    52/192: $3$memwr$\array$/home/niko_tambornini/EE531/my_designs/FPU_32_Bit/Reorder_buffer.sv:82$45_DATA[35:0]$272
    53/192: $3$memwr$\array$/home/niko_tambornini/EE531/my_designs/FPU_32_Bit/Reorder_buffer.sv:82$45_ADDR[3:0]$271
    54/192: $3$memwr$\ready_check$/home/niko_tambornini/EE531/my_designs/FPU_32_Bit/Reorder_buffer.sv:79$44_EN[0:0]$270
    55/192: $3$memwr$\ready_check$/home/niko_tambornini/EE531/my_designs/FPU_32_Bit/Reorder_buffer.sv:79$44_ADDR[3:0]$269
    56/192: $3$memwr$\array$/home/niko_tambornini/EE531/my_designs/FPU_32_Bit/Reorder_buffer.sv:78$43_EN[35:0]$268
    57/192: $3$memwr$\array$/home/niko_tambornini/EE531/my_designs/FPU_32_Bit/Reorder_buffer.sv:78$43_DATA[35:0]$267
    58/192: $3$memwr$\array$/home/niko_tambornini/EE531/my_designs/FPU_32_Bit/Reorder_buffer.sv:78$43_ADDR[3:0]$266
    59/192: $3$memwr$\ready_check$/home/niko_tambornini/EE531/my_designs/FPU_32_Bit/Reorder_buffer.sv:59$40_EN[0:0]$257
    60/192: $3$memwr$\ready_check$/home/niko_tambornini/EE531/my_designs/FPU_32_Bit/Reorder_buffer.sv:59$40_ADDR[3:0]$256
    61/192: $3$memwr$\array$/home/niko_tambornini/EE531/my_designs/FPU_32_Bit/Reorder_buffer.sv:58$39_EN[35:0]$255
    62/192: $3$memwr$\array$/home/niko_tambornini/EE531/my_designs/FPU_32_Bit/Reorder_buffer.sv:58$39_DATA[35:0]$254
    63/192: $3$memwr$\array$/home/niko_tambornini/EE531/my_designs/FPU_32_Bit/Reorder_buffer.sv:58$39_ADDR[3:0]$253
    64/192: $3$memwr$\ready_check$/home/niko_tambornini/EE531/my_designs/FPU_32_Bit/Reorder_buffer.sv:55$38_EN[0:0]$252
    65/192: $3$memwr$\ready_check$/home/niko_tambornini/EE531/my_designs/FPU_32_Bit/Reorder_buffer.sv:55$38_ADDR[3:0]$251
    66/192: $3$memwr$\array$/home/niko_tambornini/EE531/my_designs/FPU_32_Bit/Reorder_buffer.sv:54$37_EN[35:0]$250
    67/192: $3$memwr$\array$/home/niko_tambornini/EE531/my_designs/FPU_32_Bit/Reorder_buffer.sv:54$37_DATA[35:0]$249
    68/192: $3$memwr$\array$/home/niko_tambornini/EE531/my_designs/FPU_32_Bit/Reorder_buffer.sv:54$37_ADDR[3:0]$248
    69/192: $3$memwr$\ready_check$/home/niko_tambornini/EE531/my_designs/FPU_32_Bit/Reorder_buffer.sv:51$36_EN[0:0]$247
    70/192: $3$memwr$\ready_check$/home/niko_tambornini/EE531/my_designs/FPU_32_Bit/Reorder_buffer.sv:51$36_ADDR[3:0]$246
    71/192: $3$memwr$\array$/home/niko_tambornini/EE531/my_designs/FPU_32_Bit/Reorder_buffer.sv:50$35_EN[35:0]$245
    72/192: $3$memwr$\array$/home/niko_tambornini/EE531/my_designs/FPU_32_Bit/Reorder_buffer.sv:50$35_DATA[35:0]$244
    73/192: $3$memwr$\array$/home/niko_tambornini/EE531/my_designs/FPU_32_Bit/Reorder_buffer.sv:50$35_ADDR[3:0]$243
    74/192: $2$memwr$\ready_check$/home/niko_tambornini/EE531/my_designs/FPU_32_Bit/Reorder_buffer.sv:59$40_EN[0:0]$219
    75/192: $2$memwr$\ready_check$/home/niko_tambornini/EE531/my_designs/FPU_32_Bit/Reorder_buffer.sv:59$40_ADDR[3:0]$218
    76/192: $2$memwr$\array$/home/niko_tambornini/EE531/my_designs/FPU_32_Bit/Reorder_buffer.sv:58$39_EN[35:0]$217
    77/192: $2$memwr$\array$/home/niko_tambornini/EE531/my_designs/FPU_32_Bit/Reorder_buffer.sv:58$39_DATA[35:0]$216
    78/192: $2$memwr$\array$/home/niko_tambornini/EE531/my_designs/FPU_32_Bit/Reorder_buffer.sv:58$39_ADDR[3:0]$215
    79/192: $2$memwr$\ready_check$/home/niko_tambornini/EE531/my_designs/FPU_32_Bit/Reorder_buffer.sv:55$38_EN[0:0]$214
    80/192: $2$memwr$\ready_check$/home/niko_tambornini/EE531/my_designs/FPU_32_Bit/Reorder_buffer.sv:55$38_ADDR[3:0]$213
    81/192: $2$memwr$\array$/home/niko_tambornini/EE531/my_designs/FPU_32_Bit/Reorder_buffer.sv:54$37_EN[35:0]$212
    82/192: $2$memwr$\array$/home/niko_tambornini/EE531/my_designs/FPU_32_Bit/Reorder_buffer.sv:54$37_DATA[35:0]$211
    83/192: $2$memwr$\array$/home/niko_tambornini/EE531/my_designs/FPU_32_Bit/Reorder_buffer.sv:54$37_ADDR[3:0]$210
    84/192: $2$memwr$\ready_check$/home/niko_tambornini/EE531/my_designs/FPU_32_Bit/Reorder_buffer.sv:51$36_EN[0:0]$209
    85/192: $2$memwr$\ready_check$/home/niko_tambornini/EE531/my_designs/FPU_32_Bit/Reorder_buffer.sv:51$36_ADDR[3:0]$208
    86/192: $2$memwr$\array$/home/niko_tambornini/EE531/my_designs/FPU_32_Bit/Reorder_buffer.sv:50$35_EN[35:0]$207
    87/192: $2$memwr$\array$/home/niko_tambornini/EE531/my_designs/FPU_32_Bit/Reorder_buffer.sv:50$35_DATA[35:0]$206
    88/192: $2$memwr$\array$/home/niko_tambornini/EE531/my_designs/FPU_32_Bit/Reorder_buffer.sv:50$35_ADDR[3:0]$205
    89/192: $2$memwr$\array$/home/niko_tambornini/EE531/my_designs/FPU_32_Bit/Reorder_buffer.sv:89$49_EN[35:0]$242
    90/192: $2$memwr$\array$/home/niko_tambornini/EE531/my_designs/FPU_32_Bit/Reorder_buffer.sv:89$49_DATA[35:0]$241
    91/192: $2$memwr$\array$/home/niko_tambornini/EE531/my_designs/FPU_32_Bit/Reorder_buffer.sv:89$49_ADDR[4:0]$240
    92/192: $2$memwr$\ready_check$/home/niko_tambornini/EE531/my_designs/FPU_32_Bit/Reorder_buffer.sv:87$48_EN[0:0]$239
    93/192: $2$memwr$\ready_check$/home/niko_tambornini/EE531/my_designs/FPU_32_Bit/Reorder_buffer.sv:87$48_ADDR[3:0]$238
    94/192: $2$memwr$\array$/home/niko_tambornini/EE531/my_designs/FPU_32_Bit/Reorder_buffer.sv:86$47_EN[35:0]$237
    95/192: $2$memwr$\array$/home/niko_tambornini/EE531/my_designs/FPU_32_Bit/Reorder_buffer.sv:86$47_DATA[35:0]$236
    96/192: $2$memwr$\array$/home/niko_tambornini/EE531/my_designs/FPU_32_Bit/Reorder_buffer.sv:86$47_ADDR[3:0]$235
    97/192: $2$memwr$\ready_check$/home/niko_tambornini/EE531/my_designs/FPU_32_Bit/Reorder_buffer.sv:83$46_EN[0:0]$234
    98/192: $2$memwr$\ready_check$/home/niko_tambornini/EE531/my_designs/FPU_32_Bit/Reorder_buffer.sv:83$46_ADDR[3:0]$233
    99/192: $2$memwr$\array$/home/niko_tambornini/EE531/my_designs/FPU_32_Bit/Reorder_buffer.sv:82$45_EN[35:0]$232
   100/192: $2$memwr$\array$/home/niko_tambornini/EE531/my_designs/FPU_32_Bit/Reorder_buffer.sv:82$45_DATA[35:0]$231
   101/192: $2$memwr$\array$/home/niko_tambornini/EE531/my_designs/FPU_32_Bit/Reorder_buffer.sv:82$45_ADDR[3:0]$230
   102/192: $2$memwr$\ready_check$/home/niko_tambornini/EE531/my_designs/FPU_32_Bit/Reorder_buffer.sv:79$44_EN[0:0]$229
   103/192: $2$memwr$\ready_check$/home/niko_tambornini/EE531/my_designs/FPU_32_Bit/Reorder_buffer.sv:79$44_ADDR[3:0]$228
   104/192: $2$memwr$\array$/home/niko_tambornini/EE531/my_designs/FPU_32_Bit/Reorder_buffer.sv:78$43_EN[35:0]$227
   105/192: $2$memwr$\array$/home/niko_tambornini/EE531/my_designs/FPU_32_Bit/Reorder_buffer.sv:78$43_DATA[35:0]$226
   106/192: $2$memwr$\array$/home/niko_tambornini/EE531/my_designs/FPU_32_Bit/Reorder_buffer.sv:78$43_ADDR[3:0]$225
   107/192: $2$memwr$\array$/home/niko_tambornini/EE531/my_designs/FPU_32_Bit/Reorder_buffer.sv:64$42_EN[35:0]$224
   108/192: $2$memwr$\array$/home/niko_tambornini/EE531/my_designs/FPU_32_Bit/Reorder_buffer.sv:64$42_DATA[35:0]$223
   109/192: $2$memwr$\array$/home/niko_tambornini/EE531/my_designs/FPU_32_Bit/Reorder_buffer.sv:64$42_ADDR[4:0]$222
   110/192: $2$memwr$\ready_check$/home/niko_tambornini/EE531/my_designs/FPU_32_Bit/Reorder_buffer.sv:63$41_EN[0:0]$221
   111/192: $2$memwr$\ready_check$/home/niko_tambornini/EE531/my_designs/FPU_32_Bit/Reorder_buffer.sv:63$41_ADDR[4:0]$220
   112/192: $1$fordecl_block$1.i[31:0]$131
   113/192: $1$memwr$\ready_check$/home/niko_tambornini/EE531/my_designs/FPU_32_Bit/Reorder_buffer.sv:37$34_EN[0:0]$163
   114/192: $1$memwr$\array$/home/niko_tambornini/EE531/my_designs/FPU_32_Bit/Reorder_buffer.sv:36$33_EN[35:0]$162
   115/192: $1$memwr$\ready_check$/home/niko_tambornini/EE531/my_designs/FPU_32_Bit/Reorder_buffer.sv:37$32_EN[0:0]$161
   116/192: $1$memwr$\array$/home/niko_tambornini/EE531/my_designs/FPU_32_Bit/Reorder_buffer.sv:36$31_EN[35:0]$160
   117/192: $1$memwr$\ready_check$/home/niko_tambornini/EE531/my_designs/FPU_32_Bit/Reorder_buffer.sv:37$30_EN[0:0]$159
   118/192: $1$memwr$\array$/home/niko_tambornini/EE531/my_designs/FPU_32_Bit/Reorder_buffer.sv:36$29_EN[35:0]$158
   119/192: $1$memwr$\ready_check$/home/niko_tambornini/EE531/my_designs/FPU_32_Bit/Reorder_buffer.sv:37$28_EN[0:0]$157
   120/192: $1$memwr$\array$/home/niko_tambornini/EE531/my_designs/FPU_32_Bit/Reorder_buffer.sv:36$27_EN[35:0]$156
   121/192: $1$memwr$\ready_check$/home/niko_tambornini/EE531/my_designs/FPU_32_Bit/Reorder_buffer.sv:37$26_EN[0:0]$155
   122/192: $1$memwr$\array$/home/niko_tambornini/EE531/my_designs/FPU_32_Bit/Reorder_buffer.sv:36$25_EN[35:0]$154
   123/192: $1$memwr$\ready_check$/home/niko_tambornini/EE531/my_designs/FPU_32_Bit/Reorder_buffer.sv:37$24_EN[0:0]$153
   124/192: $1$memwr$\array$/home/niko_tambornini/EE531/my_designs/FPU_32_Bit/Reorder_buffer.sv:36$23_EN[35:0]$152
   125/192: $1$memwr$\ready_check$/home/niko_tambornini/EE531/my_designs/FPU_32_Bit/Reorder_buffer.sv:37$22_EN[0:0]$151
   126/192: $1$memwr$\array$/home/niko_tambornini/EE531/my_designs/FPU_32_Bit/Reorder_buffer.sv:36$21_EN[35:0]$150
   127/192: $1$memwr$\ready_check$/home/niko_tambornini/EE531/my_designs/FPU_32_Bit/Reorder_buffer.sv:37$20_EN[0:0]$149
   128/192: $1$memwr$\array$/home/niko_tambornini/EE531/my_designs/FPU_32_Bit/Reorder_buffer.sv:36$19_EN[35:0]$148
   129/192: $1$memwr$\ready_check$/home/niko_tambornini/EE531/my_designs/FPU_32_Bit/Reorder_buffer.sv:37$18_EN[0:0]$147
   130/192: $1$memwr$\array$/home/niko_tambornini/EE531/my_designs/FPU_32_Bit/Reorder_buffer.sv:36$17_EN[35:0]$146
   131/192: $1$memwr$\ready_check$/home/niko_tambornini/EE531/my_designs/FPU_32_Bit/Reorder_buffer.sv:37$16_EN[0:0]$145
   132/192: $1$memwr$\array$/home/niko_tambornini/EE531/my_designs/FPU_32_Bit/Reorder_buffer.sv:36$15_EN[35:0]$144
   133/192: $1$memwr$\ready_check$/home/niko_tambornini/EE531/my_designs/FPU_32_Bit/Reorder_buffer.sv:37$14_EN[0:0]$143
   134/192: $1$memwr$\array$/home/niko_tambornini/EE531/my_designs/FPU_32_Bit/Reorder_buffer.sv:36$13_EN[35:0]$142
   135/192: $1$memwr$\ready_check$/home/niko_tambornini/EE531/my_designs/FPU_32_Bit/Reorder_buffer.sv:37$12_EN[0:0]$141
   136/192: $1$memwr$\array$/home/niko_tambornini/EE531/my_designs/FPU_32_Bit/Reorder_buffer.sv:36$11_EN[35:0]$140
   137/192: $1$memwr$\ready_check$/home/niko_tambornini/EE531/my_designs/FPU_32_Bit/Reorder_buffer.sv:37$10_EN[0:0]$139
   138/192: $1$memwr$\array$/home/niko_tambornini/EE531/my_designs/FPU_32_Bit/Reorder_buffer.sv:36$9_EN[35:0]$138
   139/192: $1$memwr$\ready_check$/home/niko_tambornini/EE531/my_designs/FPU_32_Bit/Reorder_buffer.sv:37$8_EN[0:0]$137
   140/192: $1$memwr$\array$/home/niko_tambornini/EE531/my_designs/FPU_32_Bit/Reorder_buffer.sv:36$7_EN[35:0]$136
   141/192: $1$memwr$\ready_check$/home/niko_tambornini/EE531/my_designs/FPU_32_Bit/Reorder_buffer.sv:37$6_EN[0:0]$135
   142/192: $1$memwr$\array$/home/niko_tambornini/EE531/my_designs/FPU_32_Bit/Reorder_buffer.sv:36$5_EN[35:0]$134
   143/192: $1$memwr$\ready_check$/home/niko_tambornini/EE531/my_designs/FPU_32_Bit/Reorder_buffer.sv:37$4_EN[0:0]$133
   144/192: $1$memwr$\array$/home/niko_tambornini/EE531/my_designs/FPU_32_Bit/Reorder_buffer.sv:36$3_EN[35:0]$132
   145/192: $1$memwr$\ready_check$/home/niko_tambornini/EE531/my_designs/FPU_32_Bit/Reorder_buffer.sv:101$50_EN[0:0]$203
   146/192: $1$memwr$\ready_check$/home/niko_tambornini/EE531/my_designs/FPU_32_Bit/Reorder_buffer.sv:101$50_ADDR[4:0]$202
   147/192: $1$memwr$\array$/home/niko_tambornini/EE531/my_designs/FPU_32_Bit/Reorder_buffer.sv:89$49_EN[35:0]$201
   148/192: $1$memwr$\array$/home/niko_tambornini/EE531/my_designs/FPU_32_Bit/Reorder_buffer.sv:89$49_DATA[35:0]$200
   149/192: $1$memwr$\array$/home/niko_tambornini/EE531/my_designs/FPU_32_Bit/Reorder_buffer.sv:89$49_ADDR[4:0]$199
   150/192: $1$memwr$\ready_check$/home/niko_tambornini/EE531/my_designs/FPU_32_Bit/Reorder_buffer.sv:87$48_EN[0:0]$198
   151/192: $1$memwr$\ready_check$/home/niko_tambornini/EE531/my_designs/FPU_32_Bit/Reorder_buffer.sv:87$48_ADDR[3:0]$197
   152/192: $1$memwr$\array$/home/niko_tambornini/EE531/my_designs/FPU_32_Bit/Reorder_buffer.sv:86$47_EN[35:0]$196
   153/192: $1$memwr$\array$/home/niko_tambornini/EE531/my_designs/FPU_32_Bit/Reorder_buffer.sv:86$47_DATA[35:0]$195
   154/192: $1$memwr$\array$/home/niko_tambornini/EE531/my_designs/FPU_32_Bit/Reorder_buffer.sv:86$47_ADDR[3:0]$194
   155/192: $1$memwr$\ready_check$/home/niko_tambornini/EE531/my_designs/FPU_32_Bit/Reorder_buffer.sv:83$46_EN[0:0]$193
   156/192: $1$memwr$\ready_check$/home/niko_tambornini/EE531/my_designs/FPU_32_Bit/Reorder_buffer.sv:83$46_ADDR[3:0]$192
   157/192: $1$memwr$\array$/home/niko_tambornini/EE531/my_designs/FPU_32_Bit/Reorder_buffer.sv:82$45_EN[35:0]$191
   158/192: $1$memwr$\array$/home/niko_tambornini/EE531/my_designs/FPU_32_Bit/Reorder_buffer.sv:82$45_DATA[35:0]$190
   159/192: $1$memwr$\array$/home/niko_tambornini/EE531/my_designs/FPU_32_Bit/Reorder_buffer.sv:82$45_ADDR[3:0]$189
   160/192: $1$memwr$\ready_check$/home/niko_tambornini/EE531/my_designs/FPU_32_Bit/Reorder_buffer.sv:79$44_EN[0:0]$188
   161/192: $1$memwr$\ready_check$/home/niko_tambornini/EE531/my_designs/FPU_32_Bit/Reorder_buffer.sv:79$44_ADDR[3:0]$187
   162/192: $1$memwr$\array$/home/niko_tambornini/EE531/my_designs/FPU_32_Bit/Reorder_buffer.sv:78$43_EN[35:0]$186
   163/192: $1$memwr$\array$/home/niko_tambornini/EE531/my_designs/FPU_32_Bit/Reorder_buffer.sv:78$43_DATA[35:0]$185
   164/192: $1$memwr$\array$/home/niko_tambornini/EE531/my_designs/FPU_32_Bit/Reorder_buffer.sv:78$43_ADDR[3:0]$184
   165/192: $1$memwr$\array$/home/niko_tambornini/EE531/my_designs/FPU_32_Bit/Reorder_buffer.sv:64$42_EN[35:0]$183
   166/192: $1$memwr$\array$/home/niko_tambornini/EE531/my_designs/FPU_32_Bit/Reorder_buffer.sv:64$42_DATA[35:0]$182
   167/192: $1$memwr$\array$/home/niko_tambornini/EE531/my_designs/FPU_32_Bit/Reorder_buffer.sv:64$42_ADDR[4:0]$181
   168/192: $1$memwr$\ready_check$/home/niko_tambornini/EE531/my_designs/FPU_32_Bit/Reorder_buffer.sv:63$41_EN[0:0]$180
   169/192: $1$memwr$\ready_check$/home/niko_tambornini/EE531/my_designs/FPU_32_Bit/Reorder_buffer.sv:63$41_ADDR[4:0]$179
   170/192: $1$memwr$\ready_check$/home/niko_tambornini/EE531/my_designs/FPU_32_Bit/Reorder_buffer.sv:59$40_EN[0:0]$178
   171/192: $1$memwr$\ready_check$/home/niko_tambornini/EE531/my_designs/FPU_32_Bit/Reorder_buffer.sv:59$40_ADDR[3:0]$177
   172/192: $1$memwr$\array$/home/niko_tambornini/EE531/my_designs/FPU_32_Bit/Reorder_buffer.sv:58$39_EN[35:0]$176
   173/192: $1$memwr$\array$/home/niko_tambornini/EE531/my_designs/FPU_32_Bit/Reorder_buffer.sv:58$39_DATA[35:0]$175
   174/192: $1$memwr$\array$/home/niko_tambornini/EE531/my_designs/FPU_32_Bit/Reorder_buffer.sv:58$39_ADDR[3:0]$174
   175/192: $1$memwr$\ready_check$/home/niko_tambornini/EE531/my_designs/FPU_32_Bit/Reorder_buffer.sv:55$38_EN[0:0]$173
   176/192: $1$memwr$\ready_check$/home/niko_tambornini/EE531/my_designs/FPU_32_Bit/Reorder_buffer.sv:55$38_ADDR[3:0]$172
   177/192: $1$memwr$\array$/home/niko_tambornini/EE531/my_designs/FPU_32_Bit/Reorder_buffer.sv:54$37_EN[35:0]$171
   178/192: $1$memwr$\array$/home/niko_tambornini/EE531/my_designs/FPU_32_Bit/Reorder_buffer.sv:54$37_DATA[35:0]$170
   179/192: $1$memwr$\array$/home/niko_tambornini/EE531/my_designs/FPU_32_Bit/Reorder_buffer.sv:54$37_ADDR[3:0]$169
   180/192: $1$memwr$\ready_check$/home/niko_tambornini/EE531/my_designs/FPU_32_Bit/Reorder_buffer.sv:51$36_EN[0:0]$168
   181/192: $1$memwr$\ready_check$/home/niko_tambornini/EE531/my_designs/FPU_32_Bit/Reorder_buffer.sv:51$36_ADDR[3:0]$167
   182/192: $1$memwr$\array$/home/niko_tambornini/EE531/my_designs/FPU_32_Bit/Reorder_buffer.sv:50$35_EN[35:0]$166
   183/192: $1$memwr$\array$/home/niko_tambornini/EE531/my_designs/FPU_32_Bit/Reorder_buffer.sv:50$35_DATA[35:0]$165
   184/192: $1$memwr$\array$/home/niko_tambornini/EE531/my_designs/FPU_32_Bit/Reorder_buffer.sv:50$35_ADDR[3:0]$164
   185/192: $0\empty[0:0]
   186/192: $0\full[0:0]
   187/192: $0\tail[4:0]
   188/192: $0\head[4:0]
   189/192: $0\done[0:0]
   190/192: $0\success[0:0]
   191/192: $0\data_location[3:0]
   192/192: $0\out[31:0]

5.8. Executing PROC_DLATCH pass (convert process syncs to latches).

5.9. Executing PROC_DFF pass (convert process syncs to FFs).
Creating register for signal `\Reorder_buffer.\out' using process `\Reorder_buffer.$proc$/home/niko_tambornini/EE531/my_designs/FPU_32_Bit/Reorder_buffer.sv:33$57'.
  created $dff cell `$procdff$1663' with positive edge clock.
Creating register for signal `\Reorder_buffer.\data_location' using process `\Reorder_buffer.$proc$/home/niko_tambornini/EE531/my_designs/FPU_32_Bit/Reorder_buffer.sv:33$57'.
  created $dff cell `$procdff$1664' with positive edge clock.
Creating register for signal `\Reorder_buffer.\success' using process `\Reorder_buffer.$proc$/home/niko_tambornini/EE531/my_designs/FPU_32_Bit/Reorder_buffer.sv:33$57'.
  created $dff cell `$procdff$1665' with positive edge clock.
Creating register for signal `\Reorder_buffer.\done' using process `\Reorder_buffer.$proc$/home/niko_tambornini/EE531/my_designs/FPU_32_Bit/Reorder_buffer.sv:33$57'.
  created $dff cell `$procdff$1666' with positive edge clock.
Creating register for signal `\Reorder_buffer.\head' using process `\Reorder_buffer.$proc$/home/niko_tambornini/EE531/my_designs/FPU_32_Bit/Reorder_buffer.sv:33$57'.
  created $dff cell `$procdff$1667' with positive edge clock.
Creating register for signal `\Reorder_buffer.\tail' using process `\Reorder_buffer.$proc$/home/niko_tambornini/EE531/my_designs/FPU_32_Bit/Reorder_buffer.sv:33$57'.
  created $dff cell `$procdff$1668' with positive edge clock.
Creating register for signal `\Reorder_buffer.\full' using process `\Reorder_buffer.$proc$/home/niko_tambornini/EE531/my_designs/FPU_32_Bit/Reorder_buffer.sv:33$57'.
  created $dff cell `$procdff$1669' with positive edge clock.
Creating register for signal `\Reorder_buffer.\empty' using process `\Reorder_buffer.$proc$/home/niko_tambornini/EE531/my_designs/FPU_32_Bit/Reorder_buffer.sv:33$57'.
  created $dff cell `$procdff$1670' with positive edge clock.
Creating register for signal `\Reorder_buffer.$fordecl_block$1.i' using process `\Reorder_buffer.$proc$/home/niko_tambornini/EE531/my_designs/FPU_32_Bit/Reorder_buffer.sv:33$57'.
  created $dff cell `$procdff$1671' with positive edge clock.
Creating register for signal `\Reorder_buffer.$memwr$\array$/home/niko_tambornini/EE531/my_designs/FPU_32_Bit/Reorder_buffer.sv:36$3_EN' using process `\Reorder_buffer.$proc$/home/niko_tambornini/EE531/my_designs/FPU_32_Bit/Reorder_buffer.sv:33$57'.
  created $dff cell `$procdff$1672' with positive edge clock.
Creating register for signal `\Reorder_buffer.$memwr$\ready_check$/home/niko_tambornini/EE531/my_designs/FPU_32_Bit/Reorder_buffer.sv:37$4_EN' using process `\Reorder_buffer.$proc$/home/niko_tambornini/EE531/my_designs/FPU_32_Bit/Reorder_buffer.sv:33$57'.
  created $dff cell `$procdff$1673' with positive edge clock.
Creating register for signal `\Reorder_buffer.$memwr$\array$/home/niko_tambornini/EE531/my_designs/FPU_32_Bit/Reorder_buffer.sv:36$5_EN' using process `\Reorder_buffer.$proc$/home/niko_tambornini/EE531/my_designs/FPU_32_Bit/Reorder_buffer.sv:33$57'.
  created $dff cell `$procdff$1674' with positive edge clock.
Creating register for signal `\Reorder_buffer.$memwr$\ready_check$/home/niko_tambornini/EE531/my_designs/FPU_32_Bit/Reorder_buffer.sv:37$6_EN' using process `\Reorder_buffer.$proc$/home/niko_tambornini/EE531/my_designs/FPU_32_Bit/Reorder_buffer.sv:33$57'.
  created $dff cell `$procdff$1675' with positive edge clock.
Creating register for signal `\Reorder_buffer.$memwr$\array$/home/niko_tambornini/EE531/my_designs/FPU_32_Bit/Reorder_buffer.sv:36$7_EN' using process `\Reorder_buffer.$proc$/home/niko_tambornini/EE531/my_designs/FPU_32_Bit/Reorder_buffer.sv:33$57'.
  created $dff cell `$procdff$1676' with positive edge clock.
Creating register for signal `\Reorder_buffer.$memwr$\ready_check$/home/niko_tambornini/EE531/my_designs/FPU_32_Bit/Reorder_buffer.sv:37$8_EN' using process `\Reorder_buffer.$proc$/home/niko_tambornini/EE531/my_designs/FPU_32_Bit/Reorder_buffer.sv:33$57'.
  created $dff cell `$procdff$1677' with positive edge clock.
Creating register for signal `\Reorder_buffer.$memwr$\array$/home/niko_tambornini/EE531/my_designs/FPU_32_Bit/Reorder_buffer.sv:36$9_EN' using process `\Reorder_buffer.$proc$/home/niko_tambornini/EE531/my_designs/FPU_32_Bit/Reorder_buffer.sv:33$57'.
  created $dff cell `$procdff$1678' with positive edge clock.
Creating register for signal `\Reorder_buffer.$memwr$\ready_check$/home/niko_tambornini/EE531/my_designs/FPU_32_Bit/Reorder_buffer.sv:37$10_EN' using process `\Reorder_buffer.$proc$/home/niko_tambornini/EE531/my_designs/FPU_32_Bit/Reorder_buffer.sv:33$57'.
  created $dff cell `$procdff$1679' with positive edge clock.
Creating register for signal `\Reorder_buffer.$memwr$\array$/home/niko_tambornini/EE531/my_designs/FPU_32_Bit/Reorder_buffer.sv:36$11_EN' using process `\Reorder_buffer.$proc$/home/niko_tambornini/EE531/my_designs/FPU_32_Bit/Reorder_buffer.sv:33$57'.
  created $dff cell `$procdff$1680' with positive edge clock.
Creating register for signal `\Reorder_buffer.$memwr$\ready_check$/home/niko_tambornini/EE531/my_designs/FPU_32_Bit/Reorder_buffer.sv:37$12_EN' using process `\Reorder_buffer.$proc$/home/niko_tambornini/EE531/my_designs/FPU_32_Bit/Reorder_buffer.sv:33$57'.
  created $dff cell `$procdff$1681' with positive edge clock.
Creating register for signal `\Reorder_buffer.$memwr$\array$/home/niko_tambornini/EE531/my_designs/FPU_32_Bit/Reorder_buffer.sv:36$13_EN' using process `\Reorder_buffer.$proc$/home/niko_tambornini/EE531/my_designs/FPU_32_Bit/Reorder_buffer.sv:33$57'.
  created $dff cell `$procdff$1682' with positive edge clock.
Creating register for signal `\Reorder_buffer.$memwr$\ready_check$/home/niko_tambornini/EE531/my_designs/FPU_32_Bit/Reorder_buffer.sv:37$14_EN' using process `\Reorder_buffer.$proc$/home/niko_tambornini/EE531/my_designs/FPU_32_Bit/Reorder_buffer.sv:33$57'.
  created $dff cell `$procdff$1683' with positive edge clock.
Creating register for signal `\Reorder_buffer.$memwr$\array$/home/niko_tambornini/EE531/my_designs/FPU_32_Bit/Reorder_buffer.sv:36$15_EN' using process `\Reorder_buffer.$proc$/home/niko_tambornini/EE531/my_designs/FPU_32_Bit/Reorder_buffer.sv:33$57'.
  created $dff cell `$procdff$1684' with positive edge clock.
Creating register for signal `\Reorder_buffer.$memwr$\ready_check$/home/niko_tambornini/EE531/my_designs/FPU_32_Bit/Reorder_buffer.sv:37$16_EN' using process `\Reorder_buffer.$proc$/home/niko_tambornini/EE531/my_designs/FPU_32_Bit/Reorder_buffer.sv:33$57'.
  created $dff cell `$procdff$1685' with positive edge clock.
Creating register for signal `\Reorder_buffer.$memwr$\array$/home/niko_tambornini/EE531/my_designs/FPU_32_Bit/Reorder_buffer.sv:36$17_EN' using process `\Reorder_buffer.$proc$/home/niko_tambornini/EE531/my_designs/FPU_32_Bit/Reorder_buffer.sv:33$57'.
  created $dff cell `$procdff$1686' with positive edge clock.
Creating register for signal `\Reorder_buffer.$memwr$\ready_check$/home/niko_tambornini/EE531/my_designs/FPU_32_Bit/Reorder_buffer.sv:37$18_EN' using process `\Reorder_buffer.$proc$/home/niko_tambornini/EE531/my_designs/FPU_32_Bit/Reorder_buffer.sv:33$57'.
  created $dff cell `$procdff$1687' with positive edge clock.
Creating register for signal `\Reorder_buffer.$memwr$\array$/home/niko_tambornini/EE531/my_designs/FPU_32_Bit/Reorder_buffer.sv:36$19_EN' using process `\Reorder_buffer.$proc$/home/niko_tambornini/EE531/my_designs/FPU_32_Bit/Reorder_buffer.sv:33$57'.
  created $dff cell `$procdff$1688' with positive edge clock.
Creating register for signal `\Reorder_buffer.$memwr$\ready_check$/home/niko_tambornini/EE531/my_designs/FPU_32_Bit/Reorder_buffer.sv:37$20_EN' using process `\Reorder_buffer.$proc$/home/niko_tambornini/EE531/my_designs/FPU_32_Bit/Reorder_buffer.sv:33$57'.
  created $dff cell `$procdff$1689' with positive edge clock.
Creating register for signal `\Reorder_buffer.$memwr$\array$/home/niko_tambornini/EE531/my_designs/FPU_32_Bit/Reorder_buffer.sv:36$21_EN' using process `\Reorder_buffer.$proc$/home/niko_tambornini/EE531/my_designs/FPU_32_Bit/Reorder_buffer.sv:33$57'.
  created $dff cell `$procdff$1690' with positive edge clock.
Creating register for signal `\Reorder_buffer.$memwr$\ready_check$/home/niko_tambornini/EE531/my_designs/FPU_32_Bit/Reorder_buffer.sv:37$22_EN' using process `\Reorder_buffer.$proc$/home/niko_tambornini/EE531/my_designs/FPU_32_Bit/Reorder_buffer.sv:33$57'.
  created $dff cell `$procdff$1691' with positive edge clock.
Creating register for signal `\Reorder_buffer.$memwr$\array$/home/niko_tambornini/EE531/my_designs/FPU_32_Bit/Reorder_buffer.sv:36$23_EN' using process `\Reorder_buffer.$proc$/home/niko_tambornini/EE531/my_designs/FPU_32_Bit/Reorder_buffer.sv:33$57'.
  created $dff cell `$procdff$1692' with positive edge clock.
Creating register for signal `\Reorder_buffer.$memwr$\ready_check$/home/niko_tambornini/EE531/my_designs/FPU_32_Bit/Reorder_buffer.sv:37$24_EN' using process `\Reorder_buffer.$proc$/home/niko_tambornini/EE531/my_designs/FPU_32_Bit/Reorder_buffer.sv:33$57'.
  created $dff cell `$procdff$1693' with positive edge clock.
Creating register for signal `\Reorder_buffer.$memwr$\array$/home/niko_tambornini/EE531/my_designs/FPU_32_Bit/Reorder_buffer.sv:36$25_EN' using process `\Reorder_buffer.$proc$/home/niko_tambornini/EE531/my_designs/FPU_32_Bit/Reorder_buffer.sv:33$57'.
  created $dff cell `$procdff$1694' with positive edge clock.
Creating register for signal `\Reorder_buffer.$memwr$\ready_check$/home/niko_tambornini/EE531/my_designs/FPU_32_Bit/Reorder_buffer.sv:37$26_EN' using process `\Reorder_buffer.$proc$/home/niko_tambornini/EE531/my_designs/FPU_32_Bit/Reorder_buffer.sv:33$57'.
  created $dff cell `$procdff$1695' with positive edge clock.
Creating register for signal `\Reorder_buffer.$memwr$\array$/home/niko_tambornini/EE531/my_designs/FPU_32_Bit/Reorder_buffer.sv:36$27_EN' using process `\Reorder_buffer.$proc$/home/niko_tambornini/EE531/my_designs/FPU_32_Bit/Reorder_buffer.sv:33$57'.
  created $dff cell `$procdff$1696' with positive edge clock.
Creating register for signal `\Reorder_buffer.$memwr$\ready_check$/home/niko_tambornini/EE531/my_designs/FPU_32_Bit/Reorder_buffer.sv:37$28_EN' using process `\Reorder_buffer.$proc$/home/niko_tambornini/EE531/my_designs/FPU_32_Bit/Reorder_buffer.sv:33$57'.
  created $dff cell `$procdff$1697' with positive edge clock.
Creating register for signal `\Reorder_buffer.$memwr$\array$/home/niko_tambornini/EE531/my_designs/FPU_32_Bit/Reorder_buffer.sv:36$29_EN' using process `\Reorder_buffer.$proc$/home/niko_tambornini/EE531/my_designs/FPU_32_Bit/Reorder_buffer.sv:33$57'.
  created $dff cell `$procdff$1698' with positive edge clock.
Creating register for signal `\Reorder_buffer.$memwr$\ready_check$/home/niko_tambornini/EE531/my_designs/FPU_32_Bit/Reorder_buffer.sv:37$30_EN' using process `\Reorder_buffer.$proc$/home/niko_tambornini/EE531/my_designs/FPU_32_Bit/Reorder_buffer.sv:33$57'.
  created $dff cell `$procdff$1699' with positive edge clock.
Creating register for signal `\Reorder_buffer.$memwr$\array$/home/niko_tambornini/EE531/my_designs/FPU_32_Bit/Reorder_buffer.sv:36$31_EN' using process `\Reorder_buffer.$proc$/home/niko_tambornini/EE531/my_designs/FPU_32_Bit/Reorder_buffer.sv:33$57'.
  created $dff cell `$procdff$1700' with positive edge clock.
Creating register for signal `\Reorder_buffer.$memwr$\ready_check$/home/niko_tambornini/EE531/my_designs/FPU_32_Bit/Reorder_buffer.sv:37$32_EN' using process `\Reorder_buffer.$proc$/home/niko_tambornini/EE531/my_designs/FPU_32_Bit/Reorder_buffer.sv:33$57'.
  created $dff cell `$procdff$1701' with positive edge clock.
Creating register for signal `\Reorder_buffer.$memwr$\array$/home/niko_tambornini/EE531/my_designs/FPU_32_Bit/Reorder_buffer.sv:36$33_EN' using process `\Reorder_buffer.$proc$/home/niko_tambornini/EE531/my_designs/FPU_32_Bit/Reorder_buffer.sv:33$57'.
  created $dff cell `$procdff$1702' with positive edge clock.
Creating register for signal `\Reorder_buffer.$memwr$\ready_check$/home/niko_tambornini/EE531/my_designs/FPU_32_Bit/Reorder_buffer.sv:37$34_EN' using process `\Reorder_buffer.$proc$/home/niko_tambornini/EE531/my_designs/FPU_32_Bit/Reorder_buffer.sv:33$57'.
  created $dff cell `$procdff$1703' with positive edge clock.
Creating register for signal `\Reorder_buffer.$memwr$\array$/home/niko_tambornini/EE531/my_designs/FPU_32_Bit/Reorder_buffer.sv:50$35_ADDR' using process `\Reorder_buffer.$proc$/home/niko_tambornini/EE531/my_designs/FPU_32_Bit/Reorder_buffer.sv:33$57'.
  created $dff cell `$procdff$1704' with positive edge clock.
Creating register for signal `\Reorder_buffer.$memwr$\array$/home/niko_tambornini/EE531/my_designs/FPU_32_Bit/Reorder_buffer.sv:50$35_DATA' using process `\Reorder_buffer.$proc$/home/niko_tambornini/EE531/my_designs/FPU_32_Bit/Reorder_buffer.sv:33$57'.
  created $dff cell `$procdff$1705' with positive edge clock.
Creating register for signal `\Reorder_buffer.$memwr$\array$/home/niko_tambornini/EE531/my_designs/FPU_32_Bit/Reorder_buffer.sv:50$35_EN' using process `\Reorder_buffer.$proc$/home/niko_tambornini/EE531/my_designs/FPU_32_Bit/Reorder_buffer.sv:33$57'.
  created $dff cell `$procdff$1706' with positive edge clock.
Creating register for signal `\Reorder_buffer.$memwr$\ready_check$/home/niko_tambornini/EE531/my_designs/FPU_32_Bit/Reorder_buffer.sv:51$36_ADDR' using process `\Reorder_buffer.$proc$/home/niko_tambornini/EE531/my_designs/FPU_32_Bit/Reorder_buffer.sv:33$57'.
  created $dff cell `$procdff$1707' with positive edge clock.
Creating register for signal `\Reorder_buffer.$memwr$\ready_check$/home/niko_tambornini/EE531/my_designs/FPU_32_Bit/Reorder_buffer.sv:51$36_EN' using process `\Reorder_buffer.$proc$/home/niko_tambornini/EE531/my_designs/FPU_32_Bit/Reorder_buffer.sv:33$57'.
  created $dff cell `$procdff$1708' with positive edge clock.
Creating register for signal `\Reorder_buffer.$memwr$\array$/home/niko_tambornini/EE531/my_designs/FPU_32_Bit/Reorder_buffer.sv:54$37_ADDR' using process `\Reorder_buffer.$proc$/home/niko_tambornini/EE531/my_designs/FPU_32_Bit/Reorder_buffer.sv:33$57'.
  created $dff cell `$procdff$1709' with positive edge clock.
Creating register for signal `\Reorder_buffer.$memwr$\array$/home/niko_tambornini/EE531/my_designs/FPU_32_Bit/Reorder_buffer.sv:54$37_DATA' using process `\Reorder_buffer.$proc$/home/niko_tambornini/EE531/my_designs/FPU_32_Bit/Reorder_buffer.sv:33$57'.
  created $dff cell `$procdff$1710' with positive edge clock.
Creating register for signal `\Reorder_buffer.$memwr$\array$/home/niko_tambornini/EE531/my_designs/FPU_32_Bit/Reorder_buffer.sv:54$37_EN' using process `\Reorder_buffer.$proc$/home/niko_tambornini/EE531/my_designs/FPU_32_Bit/Reorder_buffer.sv:33$57'.
  created $dff cell `$procdff$1711' with positive edge clock.
Creating register for signal `\Reorder_buffer.$memwr$\ready_check$/home/niko_tambornini/EE531/my_designs/FPU_32_Bit/Reorder_buffer.sv:55$38_ADDR' using process `\Reorder_buffer.$proc$/home/niko_tambornini/EE531/my_designs/FPU_32_Bit/Reorder_buffer.sv:33$57'.
  created $dff cell `$procdff$1712' with positive edge clock.
Creating register for signal `\Reorder_buffer.$memwr$\ready_check$/home/niko_tambornini/EE531/my_designs/FPU_32_Bit/Reorder_buffer.sv:55$38_EN' using process `\Reorder_buffer.$proc$/home/niko_tambornini/EE531/my_designs/FPU_32_Bit/Reorder_buffer.sv:33$57'.
  created $dff cell `$procdff$1713' with positive edge clock.
Creating register for signal `\Reorder_buffer.$memwr$\array$/home/niko_tambornini/EE531/my_designs/FPU_32_Bit/Reorder_buffer.sv:58$39_ADDR' using process `\Reorder_buffer.$proc$/home/niko_tambornini/EE531/my_designs/FPU_32_Bit/Reorder_buffer.sv:33$57'.
  created $dff cell `$procdff$1714' with positive edge clock.
Creating register for signal `\Reorder_buffer.$memwr$\array$/home/niko_tambornini/EE531/my_designs/FPU_32_Bit/Reorder_buffer.sv:58$39_DATA' using process `\Reorder_buffer.$proc$/home/niko_tambornini/EE531/my_designs/FPU_32_Bit/Reorder_buffer.sv:33$57'.
  created $dff cell `$procdff$1715' with positive edge clock.
Creating register for signal `\Reorder_buffer.$memwr$\array$/home/niko_tambornini/EE531/my_designs/FPU_32_Bit/Reorder_buffer.sv:58$39_EN' using process `\Reorder_buffer.$proc$/home/niko_tambornini/EE531/my_designs/FPU_32_Bit/Reorder_buffer.sv:33$57'.
  created $dff cell `$procdff$1716' with positive edge clock.
Creating register for signal `\Reorder_buffer.$memwr$\ready_check$/home/niko_tambornini/EE531/my_designs/FPU_32_Bit/Reorder_buffer.sv:59$40_ADDR' using process `\Reorder_buffer.$proc$/home/niko_tambornini/EE531/my_designs/FPU_32_Bit/Reorder_buffer.sv:33$57'.
  created $dff cell `$procdff$1717' with positive edge clock.
Creating register for signal `\Reorder_buffer.$memwr$\ready_check$/home/niko_tambornini/EE531/my_designs/FPU_32_Bit/Reorder_buffer.sv:59$40_EN' using process `\Reorder_buffer.$proc$/home/niko_tambornini/EE531/my_designs/FPU_32_Bit/Reorder_buffer.sv:33$57'.
  created $dff cell `$procdff$1718' with positive edge clock.
Creating register for signal `\Reorder_buffer.$memwr$\ready_check$/home/niko_tambornini/EE531/my_designs/FPU_32_Bit/Reorder_buffer.sv:63$41_ADDR' using process `\Reorder_buffer.$proc$/home/niko_tambornini/EE531/my_designs/FPU_32_Bit/Reorder_buffer.sv:33$57'.
  created $dff cell `$procdff$1719' with positive edge clock.
Creating register for signal `\Reorder_buffer.$memwr$\ready_check$/home/niko_tambornini/EE531/my_designs/FPU_32_Bit/Reorder_buffer.sv:63$41_EN' using process `\Reorder_buffer.$proc$/home/niko_tambornini/EE531/my_designs/FPU_32_Bit/Reorder_buffer.sv:33$57'.
  created $dff cell `$procdff$1720' with positive edge clock.
Creating register for signal `\Reorder_buffer.$memwr$\array$/home/niko_tambornini/EE531/my_designs/FPU_32_Bit/Reorder_buffer.sv:64$42_ADDR' using process `\Reorder_buffer.$proc$/home/niko_tambornini/EE531/my_designs/FPU_32_Bit/Reorder_buffer.sv:33$57'.
  created $dff cell `$procdff$1721' with positive edge clock.
Creating register for signal `\Reorder_buffer.$memwr$\array$/home/niko_tambornini/EE531/my_designs/FPU_32_Bit/Reorder_buffer.sv:64$42_DATA' using process `\Reorder_buffer.$proc$/home/niko_tambornini/EE531/my_designs/FPU_32_Bit/Reorder_buffer.sv:33$57'.
  created $dff cell `$procdff$1722' with positive edge clock.
Creating register for signal `\Reorder_buffer.$memwr$\array$/home/niko_tambornini/EE531/my_designs/FPU_32_Bit/Reorder_buffer.sv:64$42_EN' using process `\Reorder_buffer.$proc$/home/niko_tambornini/EE531/my_designs/FPU_32_Bit/Reorder_buffer.sv:33$57'.
  created $dff cell `$procdff$1723' with positive edge clock.
Creating register for signal `\Reorder_buffer.$memwr$\array$/home/niko_tambornini/EE531/my_designs/FPU_32_Bit/Reorder_buffer.sv:78$43_ADDR' using process `\Reorder_buffer.$proc$/home/niko_tambornini/EE531/my_designs/FPU_32_Bit/Reorder_buffer.sv:33$57'.
  created $dff cell `$procdff$1724' with positive edge clock.
Creating register for signal `\Reorder_buffer.$memwr$\array$/home/niko_tambornini/EE531/my_designs/FPU_32_Bit/Reorder_buffer.sv:78$43_DATA' using process `\Reorder_buffer.$proc$/home/niko_tambornini/EE531/my_designs/FPU_32_Bit/Reorder_buffer.sv:33$57'.
  created $dff cell `$procdff$1725' with positive edge clock.
Creating register for signal `\Reorder_buffer.$memwr$\array$/home/niko_tambornini/EE531/my_designs/FPU_32_Bit/Reorder_buffer.sv:78$43_EN' using process `\Reorder_buffer.$proc$/home/niko_tambornini/EE531/my_designs/FPU_32_Bit/Reorder_buffer.sv:33$57'.
  created $dff cell `$procdff$1726' with positive edge clock.
Creating register for signal `\Reorder_buffer.$memwr$\ready_check$/home/niko_tambornini/EE531/my_designs/FPU_32_Bit/Reorder_buffer.sv:79$44_ADDR' using process `\Reorder_buffer.$proc$/home/niko_tambornini/EE531/my_designs/FPU_32_Bit/Reorder_buffer.sv:33$57'.
  created $dff cell `$procdff$1727' with positive edge clock.
Creating register for signal `\Reorder_buffer.$memwr$\ready_check$/home/niko_tambornini/EE531/my_designs/FPU_32_Bit/Reorder_buffer.sv:79$44_EN' using process `\Reorder_buffer.$proc$/home/niko_tambornini/EE531/my_designs/FPU_32_Bit/Reorder_buffer.sv:33$57'.
  created $dff cell `$procdff$1728' with positive edge clock.
Creating register for signal `\Reorder_buffer.$memwr$\array$/home/niko_tambornini/EE531/my_designs/FPU_32_Bit/Reorder_buffer.sv:82$45_ADDR' using process `\Reorder_buffer.$proc$/home/niko_tambornini/EE531/my_designs/FPU_32_Bit/Reorder_buffer.sv:33$57'.
  created $dff cell `$procdff$1729' with positive edge clock.
Creating register for signal `\Reorder_buffer.$memwr$\array$/home/niko_tambornini/EE531/my_designs/FPU_32_Bit/Reorder_buffer.sv:82$45_DATA' using process `\Reorder_buffer.$proc$/home/niko_tambornini/EE531/my_designs/FPU_32_Bit/Reorder_buffer.sv:33$57'.
  created $dff cell `$procdff$1730' with positive edge clock.
Creating register for signal `\Reorder_buffer.$memwr$\array$/home/niko_tambornini/EE531/my_designs/FPU_32_Bit/Reorder_buffer.sv:82$45_EN' using process `\Reorder_buffer.$proc$/home/niko_tambornini/EE531/my_designs/FPU_32_Bit/Reorder_buffer.sv:33$57'.
  created $dff cell `$procdff$1731' with positive edge clock.
Creating register for signal `\Reorder_buffer.$memwr$\ready_check$/home/niko_tambornini/EE531/my_designs/FPU_32_Bit/Reorder_buffer.sv:83$46_ADDR' using process `\Reorder_buffer.$proc$/home/niko_tambornini/EE531/my_designs/FPU_32_Bit/Reorder_buffer.sv:33$57'.
  created $dff cell `$procdff$1732' with positive edge clock.
Creating register for signal `\Reorder_buffer.$memwr$\ready_check$/home/niko_tambornini/EE531/my_designs/FPU_32_Bit/Reorder_buffer.sv:83$46_EN' using process `\Reorder_buffer.$proc$/home/niko_tambornini/EE531/my_designs/FPU_32_Bit/Reorder_buffer.sv:33$57'.
  created $dff cell `$procdff$1733' with positive edge clock.
Creating register for signal `\Reorder_buffer.$memwr$\array$/home/niko_tambornini/EE531/my_designs/FPU_32_Bit/Reorder_buffer.sv:86$47_ADDR' using process `\Reorder_buffer.$proc$/home/niko_tambornini/EE531/my_designs/FPU_32_Bit/Reorder_buffer.sv:33$57'.
  created $dff cell `$procdff$1734' with positive edge clock.
Creating register for signal `\Reorder_buffer.$memwr$\array$/home/niko_tambornini/EE531/my_designs/FPU_32_Bit/Reorder_buffer.sv:86$47_DATA' using process `\Reorder_buffer.$proc$/home/niko_tambornini/EE531/my_designs/FPU_32_Bit/Reorder_buffer.sv:33$57'.
  created $dff cell `$procdff$1735' with positive edge clock.
Creating register for signal `\Reorder_buffer.$memwr$\array$/home/niko_tambornini/EE531/my_designs/FPU_32_Bit/Reorder_buffer.sv:86$47_EN' using process `\Reorder_buffer.$proc$/home/niko_tambornini/EE531/my_designs/FPU_32_Bit/Reorder_buffer.sv:33$57'.
  created $dff cell `$procdff$1736' with positive edge clock.
Creating register for signal `\Reorder_buffer.$memwr$\ready_check$/home/niko_tambornini/EE531/my_designs/FPU_32_Bit/Reorder_buffer.sv:87$48_ADDR' using process `\Reorder_buffer.$proc$/home/niko_tambornini/EE531/my_designs/FPU_32_Bit/Reorder_buffer.sv:33$57'.
  created $dff cell `$procdff$1737' with positive edge clock.
Creating register for signal `\Reorder_buffer.$memwr$\ready_check$/home/niko_tambornini/EE531/my_designs/FPU_32_Bit/Reorder_buffer.sv:87$48_EN' using process `\Reorder_buffer.$proc$/home/niko_tambornini/EE531/my_designs/FPU_32_Bit/Reorder_buffer.sv:33$57'.
  created $dff cell `$procdff$1738' with positive edge clock.
Creating register for signal `\Reorder_buffer.$memwr$\array$/home/niko_tambornini/EE531/my_designs/FPU_32_Bit/Reorder_buffer.sv:89$49_ADDR' using process `\Reorder_buffer.$proc$/home/niko_tambornini/EE531/my_designs/FPU_32_Bit/Reorder_buffer.sv:33$57'.
  created $dff cell `$procdff$1739' with positive edge clock.
Creating register for signal `\Reorder_buffer.$memwr$\array$/home/niko_tambornini/EE531/my_designs/FPU_32_Bit/Reorder_buffer.sv:89$49_DATA' using process `\Reorder_buffer.$proc$/home/niko_tambornini/EE531/my_designs/FPU_32_Bit/Reorder_buffer.sv:33$57'.
  created $dff cell `$procdff$1740' with positive edge clock.
Creating register for signal `\Reorder_buffer.$memwr$\array$/home/niko_tambornini/EE531/my_designs/FPU_32_Bit/Reorder_buffer.sv:89$49_EN' using process `\Reorder_buffer.$proc$/home/niko_tambornini/EE531/my_designs/FPU_32_Bit/Reorder_buffer.sv:33$57'.
  created $dff cell `$procdff$1741' with positive edge clock.
Creating register for signal `\Reorder_buffer.$memwr$\ready_check$/home/niko_tambornini/EE531/my_designs/FPU_32_Bit/Reorder_buffer.sv:101$50_ADDR' using process `\Reorder_buffer.$proc$/home/niko_tambornini/EE531/my_designs/FPU_32_Bit/Reorder_buffer.sv:33$57'.
  created $dff cell `$procdff$1742' with positive edge clock.
Creating register for signal `\Reorder_buffer.$memwr$\ready_check$/home/niko_tambornini/EE531/my_designs/FPU_32_Bit/Reorder_buffer.sv:101$50_EN' using process `\Reorder_buffer.$proc$/home/niko_tambornini/EE531/my_designs/FPU_32_Bit/Reorder_buffer.sv:33$57'.
  created $dff cell `$procdff$1743' with positive edge clock.

5.10. Executing PROC_MEMWR pass (convert process memory writes to cells).

5.11. Executing PROC_CLEAN pass (remove empty switches from decision trees).
Found and cleaned up 16 empty switches in `\Reorder_buffer.$proc$/home/niko_tambornini/EE531/my_designs/FPU_32_Bit/Reorder_buffer.sv:33$57'.
Removing empty process `Reorder_buffer.$proc$/home/niko_tambornini/EE531/my_designs/FPU_32_Bit/Reorder_buffer.sv:33$57'.
Cleaned up 16 empty switches.

5.12. Executing OPT_EXPR pass (perform const folding).
Optimizing module Reorder_buffer.
<suppressed ~4 debug messages>

6. Executing FLATTEN pass (flatten design).

7. Executing OPT_CLEAN pass (remove unused cells and wires).
Finding unused cells or wires in module \Reorder_buffer..
Removed 74 unused cells and 788 unused wires.
<suppressed ~75 debug messages>
