Clock: clk
Sources: clk 
Generated: no
Virtual: yes
Propagated: no
Period: 50.000000

===========================================================================
report_clock_properties
============================================================================
Clock                   Period          Waveform
----------------------------------------------------
clk                  50.000000    0.000000 25.000000

===========================================================================
report_clock_latency
============================================================================
Clock clk
rise -> rise
    min     max
0.000000 0.000000 source latency
0.571221         network latency _29490_/CLK
        0.781977 network latency _29432_/CLK
---------------
0.571221 0.781977 latency
        0.210756 skew

fall -> fall
    min     max
0.000000 0.000000 source latency
0.476721         network latency _29490_/CLK
        0.672310 network latency _29432_/CLK
---------------
0.476721 0.672310 latency
        0.195589 skew



===========================================================================
report_clock_min_period
============================================================================
clk period_min = 150.36 fmax = 6.65
