
===========================================================================
report_checks -unconstrained
===========================================================================
======================= nom_tt_025C_1v80 Corner ===================================

Startpoint: _4104_ (rising edge-triggered flip-flop clocked by clk)
Endpoint: _4062_ (rising edge-triggered flip-flop clocked by clk)
Path Group: clk
Path Type: max

Fanout         Cap        Slew       Delay        Time   Description
---------------------------------------------------------------------------------------------
                      0.150000    0.000000    0.000000   clock clk (rise edge)
                                  0.000000    0.000000   clock network delay (ideal)
                      0.150000    0.000000    0.000000 ^ _4104_/CLK (sky130_fd_sc_hd__dfxtp_2)
     5    0.013985    0.047758    0.367728    0.367728 v _4104_/Q (sky130_fd_sc_hd__dfxtp_2)
                                                         mantisaBshift[0] (net)
                      0.047758    0.000000    0.367728 v _2962_/A (sky130_fd_sc_hd__or4_2)
     5    0.014379    0.147651    0.728488    1.096217 v _2962_/X (sky130_fd_sc_hd__or4_2)
                                                         _0893_ (net)
                      0.147651    0.000000    1.096217 v _2973_/D (sky130_fd_sc_hd__or4_2)
     5    0.013522    0.145068    0.633720    1.729937 v _2973_/X (sky130_fd_sc_hd__or4_2)
                                                         _0901_ (net)
                      0.145068    0.000000    1.729937 v _2984_/D (sky130_fd_sc_hd__or4_2)
     5    0.013522    0.145215    0.632812    2.362749 v _2984_/X (sky130_fd_sc_hd__or4_2)
                                                         _0909_ (net)
                      0.145215    0.000000    2.362749 v _2995_/D (sky130_fd_sc_hd__or4_2)
     5    0.013522    0.145215    0.632864    2.995612 v _2995_/X (sky130_fd_sc_hd__or4_2)
                                                         _0917_ (net)
                      0.145215    0.000000    2.995612 v _3032_/D (sky130_fd_sc_hd__or4_2)
     6    0.016147    0.152603    0.643868    3.639480 v _3032_/X (sky130_fd_sc_hd__or4_2)
                                                         _0950_ (net)
                      0.152603    0.000000    3.639480 v _3047_/C (sky130_fd_sc_hd__or4_2)
     5    0.014379    0.147536    0.708226    4.347706 v _3047_/X (sky130_fd_sc_hd__or4_2)
                                                         _0961_ (net)
                      0.147536    0.000000    4.347706 v _3058_/D (sky130_fd_sc_hd__or4_2)
     5    0.013522    0.145302    0.633679    4.981386 v _3058_/X (sky130_fd_sc_hd__or4_2)
                                                         _0969_ (net)
                      0.145302    0.000000    4.981386 v _3082_/D (sky130_fd_sc_hd__or4_2)
     5    0.013522    0.145215    0.632894    5.614280 v _3082_/X (sky130_fd_sc_hd__or4_2)
                                                         _0989_ (net)
                      0.145215    0.000000    5.614280 v _3093_/D (sky130_fd_sc_hd__or4_2)
     5    0.013522    0.145215    0.632864    6.247143 v _3093_/X (sky130_fd_sc_hd__or4_2)
                                                         _0997_ (net)
                      0.145215    0.000000    6.247143 v _3104_/D (sky130_fd_sc_hd__or4_2)
     7    0.018883    0.160091    0.655338    6.902482 v _3104_/X (sky130_fd_sc_hd__or4_2)
                                                         _1005_ (net)
                      0.160091    0.000000    6.902482 v _3153_/A1 (sky130_fd_sc_hd__o32a_2)
     2    0.005929    0.063532    0.431868    7.334350 v _3153_/X (sky130_fd_sc_hd__o32a_2)
                                                         _1045_ (net)
                      0.063532    0.000000    7.334350 v _3162_/A2 (sky130_fd_sc_hd__o21ai_2)
     2    0.004387    0.101068    0.117917    7.452267 ^ _3162_/Y (sky130_fd_sc_hd__o21ai_2)
                                                         _1053_ (net)
                      0.101068    0.000000    7.452267 ^ _3171_/A2 (sky130_fd_sc_hd__a21o_2)
     2    0.004387    0.037952    0.134816    7.587082 ^ _3171_/X (sky130_fd_sc_hd__a21o_2)
                                                         _1061_ (net)
                      0.037952    0.000000    7.587082 ^ _3181_/A2 (sky130_fd_sc_hd__a21o_2)
     2    0.004387    0.037930    0.115302    7.702384 ^ _3181_/X (sky130_fd_sc_hd__a21o_2)
                                                         _1070_ (net)
                      0.037930    0.000000    7.702384 ^ _3205_/A2 (sky130_fd_sc_hd__a21o_2)
     2    0.007475    0.051917    0.127144    7.829527 ^ _3205_/X (sky130_fd_sc_hd__a21o_2)
                                                         _1092_ (net)
                      0.051917    0.000000    7.829527 ^ _3216_/A2 (sky130_fd_sc_hd__a21o_2)
     2    0.004387    0.039305    0.119718    7.949245 ^ _3216_/X (sky130_fd_sc_hd__a21o_2)
                                                         _1102_ (net)
                      0.039305    0.000000    7.949245 ^ _3225_/A2 (sky130_fd_sc_hd__a21o_2)
     2    0.007475    0.051932    0.127577    8.076822 ^ _3225_/X (sky130_fd_sc_hd__a21o_2)
                                                         _1110_ (net)
                      0.051932    0.000000    8.076822 ^ _3235_/A2 (sky130_fd_sc_hd__a21o_2)
     2    0.004387    0.037945    0.119722    8.196544 ^ _3235_/X (sky130_fd_sc_hd__a21o_2)
                                                         _1119_ (net)
                      0.037945    0.000000    8.196544 ^ _3244_/A2 (sky130_fd_sc_hd__a21o_2)
     4    0.011473    0.070031    0.142488    8.339032 ^ _3244_/X (sky130_fd_sc_hd__a21o_2)
                                                         _1127_ (net)
                      0.070031    0.000000    8.339032 ^ _3291_/A1 (sky130_fd_sc_hd__a21o_2)
     2    0.002995    0.031525    0.114541    8.453573 ^ _3291_/X (sky130_fd_sc_hd__a21o_2)
                                                         _1170_ (net)
                      0.031525    0.000000    8.453573 ^ _3348_/D_N (sky130_fd_sc_hd__or4bb_2)
     2    0.006544    0.110834    0.535995    8.989569 v _3348_/X (sky130_fd_sc_hd__or4bb_2)
                                                         _1222_ (net)
                      0.110834    0.000000    8.989569 v _3392_/A1 (sky130_fd_sc_hd__a211o_2)
     2    0.003693    0.050979    0.314935    9.304503 v _3392_/X (sky130_fd_sc_hd__a211o_2)
                                                         _1262_ (net)
                      0.050979    0.000000    9.304503 v _3402_/A1 (sky130_fd_sc_hd__a21o_2)
     2    0.004527    0.039558    0.190314    9.494818 v _3402_/X (sky130_fd_sc_hd__a21o_2)
                                                         _1271_ (net)
                      0.039558    0.000000    9.494818 v _3411_/A1 (sky130_fd_sc_hd__a21o_2)
     2    0.004395    0.039253    0.185266    9.680083 v _3411_/X (sky130_fd_sc_hd__a21o_2)
                                                         _1279_ (net)
                      0.039253    0.000000    9.680083 v _3414_/A3 (sky130_fd_sc_hd__a32o_2)
     1    0.007837    0.057696    0.270967    9.951051 v _3414_/X (sky130_fd_sc_hd__a32o_2)
                                                         _1282_ (net)
                      0.057696    0.000000    9.951051 v _3415_/B (sky130_fd_sc_hd__xor2_2)
     1    0.001805    0.041210    0.133882   10.084933 v _3415_/X (sky130_fd_sc_hd__xor2_2)
                                                         _1283_ (net)
                      0.041210    0.000000   10.084933 v _3416_/A1 (sky130_fd_sc_hd__mux2_1)
     1    0.001681    0.050590    0.275915   10.360848 v _3416_/X (sky130_fd_sc_hd__mux2_1)
                                                         _0173_ (net)
                      0.050590    0.000000   10.360848 v _4062_/D (sky130_fd_sc_hd__dfxtp_2)
                                             10.360848   data arrival time

                      0.150000   25.000000   25.000000   clock clk (rise edge)
                                  0.000000   25.000000   clock network delay (ideal)
                                 -0.250000   24.750000   clock uncertainty
                                  0.000000   24.750000   clock reconvergence pessimism
                                             24.750000 ^ _4062_/CLK (sky130_fd_sc_hd__dfxtp_2)
                                 -0.090782   24.659218   library setup time
                                             24.659218   data required time
---------------------------------------------------------------------------------------------
                                             24.659218   data required time
                                            -10.360848   data arrival time
---------------------------------------------------------------------------------------------
                                             14.298369   slack (MET)




===========================================================================
report_checks --slack_max -0.01
============================================================================
======================= nom_tt_025C_1v80 Corner ===================================

No paths found.


===========================================================================
 report_check_types -max_slew -max_cap -max_fanout -violators
============================================================================
======================= nom_tt_025C_1v80 Corner ===================================

max slew

Pin                                        Limit        Slew       Slack
------------------------------------------------------------------------
_2663_/X                                0.750000    2.570455   -1.820455 (VIOLATED)
_2683_/A                                0.750000    2.570455   -1.820455 (VIOLATED)
_2684_/A1                               0.750000    2.570455   -1.820455 (VIOLATED)
_2706_/S                                0.750000    2.570455   -1.820455 (VIOLATED)
_2721_/S                                0.750000    2.570455   -1.820455 (VIOLATED)
_2737_/A_N                              0.750000    2.570455   -1.820455 (VIOLATED)
_2738_/A1                               0.750000    2.570455   -1.820455 (VIOLATED)
_2747_/A                                0.750000    2.570455   -1.820455 (VIOLATED)
_2754_/A1                               0.750000    2.570455   -1.820455 (VIOLATED)
_2768_/A                                0.750000    2.570455   -1.820455 (VIOLATED)
_2769_/A1                               0.750000    2.570455   -1.820455 (VIOLATED)
_2777_/B                                0.750000    2.570455   -1.820455 (VIOLATED)
_2778_/A1                               0.750000    2.570455   -1.820455 (VIOLATED)
_2789_/A_N                              0.750000    2.570455   -1.820455 (VIOLATED)
_2790_/A1                               0.750000    2.570455   -1.820455 (VIOLATED)
_2797_/A_N                              0.750000    2.570455   -1.820455 (VIOLATED)
_2798_/A1                               0.750000    2.570455   -1.820455 (VIOLATED)
_2811_/S                                0.750000    2.570455   -1.820455 (VIOLATED)
_2813_/A                                0.750000    2.570455   -1.820455 (VIOLATED)
_2825_/A_N                              0.750000    2.570455   -1.820455 (VIOLATED)
_2826_/A1                               0.750000    2.570455   -1.820455 (VIOLATED)
_2829_/S                                0.750000    2.570455   -1.820455 (VIOLATED)
_2837_/S                                0.750000    2.570455   -1.820455 (VIOLATED)
_2839_/A                                0.750000    2.570455   -1.820455 (VIOLATED)
_2844_/A1                               0.750000    2.570455   -1.820455 (VIOLATED)
_2849_/S                                0.750000    2.570455   -1.820455 (VIOLATED)
_2851_/A_N                              0.750000    2.570455   -1.820455 (VIOLATED)
_2859_/A_N                              0.750000    2.570455   -1.820455 (VIOLATED)
_2862_/S                                0.750000    2.570455   -1.820455 (VIOLATED)
_2868_/S                                0.750000    2.570455   -1.820455 (VIOLATED)
_2873_/S                                0.750000    2.570455   -1.820455 (VIOLATED)
_2878_/S                                0.750000    2.570455   -1.820455 (VIOLATED)
_2883_/S                                0.750000    2.570455   -1.820455 (VIOLATED)
_2890_/A                                0.750000    2.570455   -1.820455 (VIOLATED)
_2891_/S                                0.750000    2.570455   -1.820455 (VIOLATED)
_2894_/A                                0.750000    2.570455   -1.820455 (VIOLATED)
_2895_/A1                               0.750000    2.570455   -1.820455 (VIOLATED)
_2899_/A                                0.750000    2.570455   -1.820455 (VIOLATED)
_2900_/A1                               0.750000    2.570455   -1.820455 (VIOLATED)
_2903_/S                                0.750000    2.570455   -1.820455 (VIOLATED)
_2904_/A                                0.750000    2.570455   -1.820455 (VIOLATED)
_2905_/A1                               0.750000    2.570455   -1.820455 (VIOLATED)
_2911_/B1                               0.750000    2.570455   -1.820455 (VIOLATED)
_2912_/A1                               0.750000    2.570455   -1.820455 (VIOLATED)
_2913_/S                                0.750000    2.570455   -1.820455 (VIOLATED)
_2916_/S                                0.750000    2.570455   -1.820455 (VIOLATED)
_2920_/S                                0.750000    2.570455   -1.820455 (VIOLATED)
_2922_/S                                0.750000    2.570455   -1.820455 (VIOLATED)
_2923_/S                                0.750000    2.570455   -1.820455 (VIOLATED)
_2941_/S                                0.750000    2.570455   -1.820455 (VIOLATED)
_2942_/S                                0.750000    2.570455   -1.820455 (VIOLATED)
_2945_/A                                0.750000    2.570455   -1.820455 (VIOLATED)
_2946_/A1                               0.750000    2.570455   -1.820455 (VIOLATED)
_2950_/A_N                              0.750000    2.570455   -1.820455 (VIOLATED)
_2951_/A1                               0.750000    2.570455   -1.820455 (VIOLATED)
_2953_/S                                0.750000    2.570455   -1.820455 (VIOLATED)
_2954_/A                                0.750000    2.570455   -1.820455 (VIOLATED)
_2955_/A1                               0.750000    2.570455   -1.820455 (VIOLATED)
_2999_/S                                0.750000    2.570455   -1.820455 (VIOLATED)
_3002_/S                                0.750000    2.570455   -1.820455 (VIOLATED)
_3009_/B                                0.750000    2.570455   -1.820455 (VIOLATED)
_3010_/A1                               0.750000    2.570455   -1.820455 (VIOLATED)
_3011_/S                                0.750000    2.570455   -1.820455 (VIOLATED)
_3014_/S                                0.750000    2.570455   -1.820455 (VIOLATED)
_3018_/S                                0.750000    2.570455   -1.820455 (VIOLATED)
_3066_/S                                0.750000    2.570455   -1.820455 (VIOLATED)
_3117_/S                                0.750000    2.570455   -1.820455 (VIOLATED)
_3191_/S                                0.750000    2.570455   -1.820455 (VIOLATED)
_3309_/S                                0.750000    2.570455   -1.820455 (VIOLATED)
_3429_/S                                0.750000    2.570455   -1.820455 (VIOLATED)
_3450_/S                                0.750000    2.570455   -1.820455 (VIOLATED)
_3478_/S                                0.750000    2.570455   -1.820455 (VIOLATED)
_3498_/A_N                              0.750000    2.570455   -1.820455 (VIOLATED)
_3499_/A1                               0.750000    2.570455   -1.820455 (VIOLATED)
_3513_/S                                0.750000    2.570455   -1.820455 (VIOLATED)
_3522_/S                                0.750000    2.570455   -1.820455 (VIOLATED)
_3533_/S                                0.750000    2.570455   -1.820455 (VIOLATED)
_3547_/S                                0.750000    2.570455   -1.820455 (VIOLATED)
_3558_/S                                0.750000    2.570455   -1.820455 (VIOLATED)
_3570_/S                                0.750000    2.570455   -1.820455 (VIOLATED)
_3581_/S                                0.750000    2.570455   -1.820455 (VIOLATED)
_2100_/X                                0.750000    1.872149   -1.122149 (VIOLATED)
_2229_/S                                0.750000    1.872149   -1.122149 (VIOLATED)
_2232_/S                                0.750000    1.872149   -1.122149 (VIOLATED)
_2235_/S                                0.750000    1.872149   -1.122149 (VIOLATED)
_2238_/S                                0.750000    1.872149   -1.122149 (VIOLATED)
_2241_/S                                0.750000    1.872149   -1.122149 (VIOLATED)
_2244_/S                                0.750000    1.872149   -1.122149 (VIOLATED)
_2247_/S                                0.750000    1.872149   -1.122149 (VIOLATED)
_2250_/S                                0.750000    1.872149   -1.122149 (VIOLATED)
_2253_/S                                0.750000    1.872149   -1.122149 (VIOLATED)
_2256_/S                                0.750000    1.872149   -1.122149 (VIOLATED)
_2259_/S                                0.750000    1.872149   -1.122149 (VIOLATED)
_2262_/S                                0.750000    1.872149   -1.122149 (VIOLATED)
_2265_/S                                0.750000    1.872149   -1.122149 (VIOLATED)
_2268_/S                                0.750000    1.872149   -1.122149 (VIOLATED)
_2271_/S                                0.750000    1.872149   -1.122149 (VIOLATED)
_2274_/S                                0.750000    1.872149   -1.122149 (VIOLATED)
_2277_/S                                0.750000    1.872149   -1.122149 (VIOLATED)
_2280_/S                                0.750000    1.872149   -1.122149 (VIOLATED)
_2283_/S                                0.750000    1.872149   -1.122149 (VIOLATED)
_2286_/S                                0.750000    1.872149   -1.122149 (VIOLATED)
_2289_/S                                0.750000    1.872149   -1.122149 (VIOLATED)
_2292_/S                                0.750000    1.872149   -1.122149 (VIOLATED)
_2295_/S                                0.750000    1.872149   -1.122149 (VIOLATED)
_2297_/S                                0.750000    1.872149   -1.122149 (VIOLATED)
_2299_/S                                0.750000    1.872149   -1.122149 (VIOLATED)
_2301_/S                                0.750000    1.872149   -1.122149 (VIOLATED)
_2303_/S                                0.750000    1.872149   -1.122149 (VIOLATED)
_2305_/S                                0.750000    1.872149   -1.122149 (VIOLATED)
_2307_/S                                0.750000    1.872149   -1.122149 (VIOLATED)
_2309_/S                                0.750000    1.872149   -1.122149 (VIOLATED)
_2311_/S                                0.750000    1.872149   -1.122149 (VIOLATED)
_2313_/S                                0.750000    1.872149   -1.122149 (VIOLATED)
_2315_/S                                0.750000    1.872149   -1.122149 (VIOLATED)
_2317_/S                                0.750000    1.872149   -1.122149 (VIOLATED)
_2319_/S                                0.750000    1.872149   -1.122149 (VIOLATED)
_2321_/S                                0.750000    1.872149   -1.122149 (VIOLATED)
_2323_/S                                0.750000    1.872149   -1.122149 (VIOLATED)
_2325_/S                                0.750000    1.872149   -1.122149 (VIOLATED)
_2327_/S                                0.750000    1.872149   -1.122149 (VIOLATED)
_2329_/S                                0.750000    1.872149   -1.122149 (VIOLATED)
_2331_/S                                0.750000    1.872149   -1.122149 (VIOLATED)
_2333_/S                                0.750000    1.872149   -1.122149 (VIOLATED)
_2335_/S                                0.750000    1.872149   -1.122149 (VIOLATED)
_2337_/S                                0.750000    1.872149   -1.122149 (VIOLATED)
_2339_/S                                0.750000    1.872149   -1.122149 (VIOLATED)
_2341_/S                                0.750000    1.872149   -1.122149 (VIOLATED)
_2348_/S                                0.750000    1.872149   -1.122149 (VIOLATED)
_2932_/B                                0.750000    1.744077   -0.994077 (VIOLATED)
_2935_/B1                               0.750000    1.744077   -0.994077 (VIOLATED)
_2938_/B1                               0.750000    1.744077   -0.994077 (VIOLATED)
_2963_/A1                               0.750000    1.744077   -0.994077 (VIOLATED)
_2964_/A1                               0.750000    1.744077   -0.994077 (VIOLATED)
_2966_/B1                               0.750000    1.744077   -0.994077 (VIOLATED)
_2969_/B1                               0.750000    1.744077   -0.994077 (VIOLATED)
_2974_/A1                               0.750000    1.744077   -0.994077 (VIOLATED)
_2975_/A1                               0.750000    1.744077   -0.994077 (VIOLATED)
_2977_/B1                               0.750000    1.744077   -0.994077 (VIOLATED)
_2981_/A1                               0.750000    1.744077   -0.994077 (VIOLATED)
_2982_/A1                               0.750000    1.744077   -0.994077 (VIOLATED)
_2985_/A1                               0.750000    1.744077   -0.994077 (VIOLATED)
_2986_/A1                               0.750000    1.744077   -0.994077 (VIOLATED)
_2988_/B1                               0.750000    1.744077   -0.994077 (VIOLATED)
_2992_/A1                               0.750000    1.744077   -0.994077 (VIOLATED)
_2993_/A1                               0.750000    1.744077   -0.994077 (VIOLATED)
_2996_/A1                               0.750000    1.744077   -0.994077 (VIOLATED)
_2997_/A1                               0.750000    1.744077   -0.994077 (VIOLATED)
_3025_/B1                               0.750000    1.744077   -0.994077 (VIOLATED)
_3029_/A1                               0.750000    1.744077   -0.994077 (VIOLATED)
_3030_/A1                               0.750000    1.744077   -0.994077 (VIOLATED)
_3033_/A1                               0.750000    1.744077   -0.994077 (VIOLATED)
_3034_/A1                               0.750000    1.744077   -0.994077 (VIOLATED)
_3036_/B1                               0.750000    1.744077   -0.994077 (VIOLATED)
_3040_/B1                               0.750000    1.744077   -0.994077 (VIOLATED)
_3044_/A1                               0.750000    1.744077   -0.994077 (VIOLATED)
_3045_/A1                               0.750000    1.744077   -0.994077 (VIOLATED)
_3048_/A1                               0.750000    1.744077   -0.994077 (VIOLATED)
_3049_/A1                               0.750000    1.744077   -0.994077 (VIOLATED)
_3051_/B1                               0.750000    1.744077   -0.994077 (VIOLATED)
_3054_/B1                               0.750000    1.744077   -0.994077 (VIOLATED)
_3059_/A1                               0.750000    1.744077   -0.994077 (VIOLATED)
_3060_/A1                               0.750000    1.744077   -0.994077 (VIOLATED)
_3075_/B1                               0.750000    1.744077   -0.994077 (VIOLATED)
_3079_/A1                               0.750000    1.744077   -0.994077 (VIOLATED)
_3080_/A1                               0.750000    1.744077   -0.994077 (VIOLATED)
_3083_/A1                               0.750000    1.744077   -0.994077 (VIOLATED)
_3084_/A1                               0.750000    1.744077   -0.994077 (VIOLATED)
_3086_/B1                               0.750000    1.744077   -0.994077 (VIOLATED)
_3090_/A1                               0.750000    1.744077   -0.994077 (VIOLATED)
_3091_/A1                               0.750000    1.744077   -0.994077 (VIOLATED)
_3094_/A1                               0.750000    1.744077   -0.994077 (VIOLATED)
_3095_/A1                               0.750000    1.744077   -0.994077 (VIOLATED)
_3097_/B1                               0.750000    1.744077   -0.994077 (VIOLATED)
_3101_/A1                               0.750000    1.744077   -0.994077 (VIOLATED)
_3102_/A1                               0.750000    1.744077   -0.994077 (VIOLATED)
_3105_/A1                               0.750000    1.744077   -0.994077 (VIOLATED)
_3106_/A1                               0.750000    1.744077   -0.994077 (VIOLATED)
_3108_/B1                               0.750000    1.744077   -0.994077 (VIOLATED)
_3126_/B1                               0.750000    1.744077   -0.994077 (VIOLATED)
_3129_/B1                               0.750000    1.744077   -0.994077 (VIOLATED)
_3135_/A1                               0.750000    1.744077   -0.994077 (VIOLATED)
_3136_/A1                               0.750000    1.744077   -0.994077 (VIOLATED)
_3138_/B1                               0.750000    1.744077   -0.994077 (VIOLATED)
_3141_/B1                               0.750000    1.744077   -0.994077 (VIOLATED)
_3145_/B1                               0.750000    1.744077   -0.994077 (VIOLATED)
_3154_/S                                0.750000    1.744077   -0.994077 (VIOLATED)
_3163_/S                                0.750000    1.744077   -0.994077 (VIOLATED)
_3172_/S                                0.750000    1.744077   -0.994077 (VIOLATED)
_3182_/S                                0.750000    1.744077   -0.994077 (VIOLATED)
_3206_/A                                0.750000    1.744077   -0.994077 (VIOLATED)
_3207_/A1                               0.750000    1.744077   -0.994077 (VIOLATED)
_3217_/S                                0.750000    1.744077   -0.994077 (VIOLATED)
_3226_/A                                0.750000    1.744077   -0.994077 (VIOLATED)
_3227_/A1                               0.750000    1.744077   -0.994077 (VIOLATED)
_3236_/S                                0.750000    1.744077   -0.994077 (VIOLATED)
_3245_/A                                0.750000    1.744077   -0.994077 (VIOLATED)
_3247_/S                                0.750000    1.744077   -0.994077 (VIOLATED)
_3256_/C                                0.750000    1.744077   -0.994077 (VIOLATED)
_3257_/B2                               0.750000    1.744077   -0.994077 (VIOLATED)
_3269_/A                                0.750000    1.744077   -0.994077 (VIOLATED)
_3271_/S                                0.750000    1.744077   -0.994077 (VIOLATED)
_3278_/C                                0.750000    1.744077   -0.994077 (VIOLATED)
_3279_/B2                               0.750000    1.744077   -0.994077 (VIOLATED)
_3293_/A                                0.750000    1.744077   -0.994077 (VIOLATED)
_3295_/A1                               0.750000    1.744077   -0.994077 (VIOLATED)
_3302_/A                                0.750000    1.744077   -0.994077 (VIOLATED)
_3303_/B2                               0.750000    1.744077   -0.994077 (VIOLATED)
_3328_/B1                               0.750000    1.744077   -0.994077 (VIOLATED)
_3330_/A1                               0.750000    1.744077   -0.994077 (VIOLATED)
_3338_/C                                0.750000    1.744077   -0.994077 (VIOLATED)
_3339_/B2                               0.750000    1.744077   -0.994077 (VIOLATED)
_3352_/A                                0.750000    1.744077   -0.994077 (VIOLATED)
_3354_/A1                               0.750000    1.744077   -0.994077 (VIOLATED)
_3360_/A                                0.750000    1.744077   -0.994077 (VIOLATED)
_3362_/B2                               0.750000    1.744077   -0.994077 (VIOLATED)
_3373_/A                                0.750000    1.744077   -0.994077 (VIOLATED)
_3374_/A1                               0.750000    1.744077   -0.994077 (VIOLATED)
_3380_/S                                0.750000    1.744077   -0.994077 (VIOLATED)
_3381_/A1                               0.750000    1.744077   -0.994077 (VIOLATED)
_3396_/S                                0.750000    1.744077   -0.994077 (VIOLATED)
_3401_/A                                0.750000    1.744077   -0.994077 (VIOLATED)
_3404_/A1                               0.750000    1.744077   -0.994077 (VIOLATED)
_3413_/B1_N                             0.750000    1.744077   -0.994077 (VIOLATED)
_3414_/A1                               0.750000    1.744077   -0.994077 (VIOLATED)
_3418_/C1                               0.750000    1.744077   -0.994077 (VIOLATED)
_3420_/A_N                              0.750000    1.744077   -0.994077 (VIOLATED)
_3990_/Q                                0.750000    1.744077   -0.994077 (VIOLATED)
_2174_/X                                0.750000    1.215473   -0.465473 (VIOLATED)
_2175_/A                                0.750000    1.215473   -0.465473 (VIOLATED)
_2187_/S                                0.750000    1.215473   -0.465473 (VIOLATED)
_2196_/S                                0.750000    1.215473   -0.465473 (VIOLATED)
_2201_/S                                0.750000    1.215473   -0.465473 (VIOLATED)
_2205_/A                                0.750000    1.215473   -0.465473 (VIOLATED)
_2207_/A2                               0.750000    1.215473   -0.465473 (VIOLATED)
_2209_/S                                0.750000    1.215473   -0.465473 (VIOLATED)
_2211_/S                                0.750000    1.215473   -0.465473 (VIOLATED)
_2213_/S                                0.750000    1.215473   -0.465473 (VIOLATED)
_2215_/S                                0.750000    1.215473   -0.465473 (VIOLATED)
_2217_/S                                0.750000    1.215473   -0.465473 (VIOLATED)
_2219_/S                                0.750000    1.215473   -0.465473 (VIOLATED)
_2221_/S                                0.750000    1.215473   -0.465473 (VIOLATED)
_2228_/S                                0.750000    1.215473   -0.465473 (VIOLATED)
_2231_/S                                0.750000    1.215473   -0.465473 (VIOLATED)
_2234_/S                                0.750000    1.215473   -0.465473 (VIOLATED)
_2237_/S                                0.750000    1.215473   -0.465473 (VIOLATED)
_2240_/S                                0.750000    1.215473   -0.465473 (VIOLATED)
_2243_/S                                0.750000    1.215473   -0.465473 (VIOLATED)
_2246_/S                                0.750000    1.215473   -0.465473 (VIOLATED)
_2249_/S                                0.750000    1.215473   -0.465473 (VIOLATED)
_2252_/S                                0.750000    1.215473   -0.465473 (VIOLATED)
_2255_/S                                0.750000    1.215473   -0.465473 (VIOLATED)
_2258_/S                                0.750000    1.215473   -0.465473 (VIOLATED)
_2261_/S                                0.750000    1.215473   -0.465473 (VIOLATED)
_2264_/S                                0.750000    1.215473   -0.465473 (VIOLATED)
_2267_/S                                0.750000    1.215473   -0.465473 (VIOLATED)
_2270_/S                                0.750000    1.215473   -0.465473 (VIOLATED)
_2273_/S                                0.750000    1.215473   -0.465473 (VIOLATED)
_2276_/S                                0.750000    1.215473   -0.465473 (VIOLATED)
_2279_/S                                0.750000    1.215473   -0.465473 (VIOLATED)
_2282_/S                                0.750000    1.215473   -0.465473 (VIOLATED)
_2285_/S                                0.750000    1.215473   -0.465473 (VIOLATED)
_2288_/S                                0.750000    1.215473   -0.465473 (VIOLATED)
_2291_/S                                0.750000    1.215473   -0.465473 (VIOLATED)
_2294_/S                                0.750000    1.215473   -0.465473 (VIOLATED)
_2296_/S                                0.750000    1.215473   -0.465473 (VIOLATED)
_2298_/S                                0.750000    1.215473   -0.465473 (VIOLATED)
_2300_/S                                0.750000    1.215473   -0.465473 (VIOLATED)
_2302_/S                                0.750000    1.215473   -0.465473 (VIOLATED)
_2304_/S                                0.750000    1.215473   -0.465473 (VIOLATED)
_2306_/S                                0.750000    1.215473   -0.465473 (VIOLATED)
_2308_/S                                0.750000    1.215473   -0.465473 (VIOLATED)
_2310_/S                                0.750000    1.215473   -0.465473 (VIOLATED)
_2312_/S                                0.750000    1.215473   -0.465473 (VIOLATED)
_2314_/S                                0.750000    1.215473   -0.465473 (VIOLATED)
_2316_/S                                0.750000    1.215473   -0.465473 (VIOLATED)
_2318_/S                                0.750000    1.215473   -0.465473 (VIOLATED)
_2320_/S                                0.750000    1.215473   -0.465473 (VIOLATED)
_2322_/S                                0.750000    1.215473   -0.465473 (VIOLATED)
_2324_/S                                0.750000    1.215473   -0.465473 (VIOLATED)
_2326_/S                                0.750000    1.215473   -0.465473 (VIOLATED)
_2328_/S                                0.750000    1.215473   -0.465473 (VIOLATED)
_2330_/S                                0.750000    1.215473   -0.465473 (VIOLATED)
_2332_/S                                0.750000    1.215473   -0.465473 (VIOLATED)
_2334_/S                                0.750000    1.215473   -0.465473 (VIOLATED)
_2336_/S                                0.750000    1.215473   -0.465473 (VIOLATED)
_2338_/S                                0.750000    1.215473   -0.465473 (VIOLATED)
_2340_/S                                0.750000    1.215473   -0.465473 (VIOLATED)
_2343_/B                                0.750000    1.215473   -0.465473 (VIOLATED)
_2347_/S                                0.750000    1.215473   -0.465473 (VIOLATED)
_2194_/A0                               0.750000    1.139118   -0.389118 (VIOLATED)
_3608_/A                                0.750000    1.139118   -0.389118 (VIOLATED)
_3631_/A1                               0.750000    1.139118   -0.389118 (VIOLATED)
_3667_/A                                0.750000    1.139118   -0.389118 (VIOLATED)
_3668_/A1                               0.750000    1.139118   -0.389118 (VIOLATED)
_3672_/A                                0.750000    1.139118   -0.389118 (VIOLATED)
_3674_/A                                0.750000    1.139118   -0.389118 (VIOLATED)
_3676_/A                                0.750000    1.139118   -0.389118 (VIOLATED)
_3686_/A                                0.750000    1.139118   -0.389118 (VIOLATED)
_3693_/A2                               0.750000    1.139118   -0.389118 (VIOLATED)
_3705_/S                                0.750000    1.139118   -0.389118 (VIOLATED)
_3717_/S                                0.750000    1.139118   -0.389118 (VIOLATED)
_3725_/S                                0.750000    1.139118   -0.389118 (VIOLATED)
_3736_/S                                0.750000    1.139118   -0.389118 (VIOLATED)
_3745_/S                                0.750000    1.139118   -0.389118 (VIOLATED)
_3751_/S                                0.750000    1.139118   -0.389118 (VIOLATED)
_3756_/S                                0.750000    1.139118   -0.389118 (VIOLATED)
_3761_/S                                0.750000    1.139118   -0.389118 (VIOLATED)
_3764_/A                                0.750000    1.139118   -0.389118 (VIOLATED)
_3766_/A1                               0.750000    1.139118   -0.389118 (VIOLATED)
_3770_/A                                0.750000    1.139118   -0.389118 (VIOLATED)
_3771_/A1                               0.750000    1.139118   -0.389118 (VIOLATED)
_3776_/S                                0.750000    1.139118   -0.389118 (VIOLATED)
_3780_/S                                0.750000    1.139118   -0.389118 (VIOLATED)
_3784_/S                                0.750000    1.139118   -0.389118 (VIOLATED)
_3786_/A                                0.750000    1.139118   -0.389118 (VIOLATED)
_3787_/A1                               0.750000    1.139118   -0.389118 (VIOLATED)
_3788_/A1                               0.750000    1.139118   -0.389118 (VIOLATED)
_3789_/A                                0.750000    1.139118   -0.389118 (VIOLATED)
_3791_/A                                0.750000    1.139118   -0.389118 (VIOLATED)
_3793_/A                                0.750000    1.139118   -0.389118 (VIOLATED)
_3795_/A                                0.750000    1.139118   -0.389118 (VIOLATED)
_3797_/A                                0.750000    1.139118   -0.389118 (VIOLATED)
_3799_/A1                               0.750000    1.139118   -0.389118 (VIOLATED)
_3818_/B1                               0.750000    1.139118   -0.389118 (VIOLATED)
_3819_/A1                               0.750000    1.139118   -0.389118 (VIOLATED)
_3820_/A                                0.750000    1.139118   -0.389118 (VIOLATED)
_3821_/A1                               0.750000    1.139118   -0.389118 (VIOLATED)
_3822_/A                                0.750000    1.139118   -0.389118 (VIOLATED)
_3824_/A                                0.750000    1.139118   -0.389118 (VIOLATED)
_3825_/A1                               0.750000    1.139118   -0.389118 (VIOLATED)
_3826_/A                                0.750000    1.139118   -0.389118 (VIOLATED)
_3828_/A                                0.750000    1.139118   -0.389118 (VIOLATED)
_3829_/A1                               0.750000    1.139118   -0.389118 (VIOLATED)
_3830_/A1                               0.750000    1.139118   -0.389118 (VIOLATED)
_3831_/A                                0.750000    1.139118   -0.389118 (VIOLATED)
_3832_/A1                               0.750000    1.139118   -0.389118 (VIOLATED)
_3833_/A1                               0.750000    1.139118   -0.389118 (VIOLATED)
_3834_/A                                0.750000    1.139118   -0.389118 (VIOLATED)
_3835_/A1                               0.750000    1.139118   -0.389118 (VIOLATED)
_3836_/A1                               0.750000    1.139118   -0.389118 (VIOLATED)
_3837_/A                                0.750000    1.139118   -0.389118 (VIOLATED)
_3838_/A1                               0.750000    1.139118   -0.389118 (VIOLATED)
_3839_/A1                               0.750000    1.139118   -0.389118 (VIOLATED)
_3840_/A                                0.750000    1.139118   -0.389118 (VIOLATED)
_3843_/A                                0.750000    1.139118   -0.389118 (VIOLATED)
_3844_/A                                0.750000    1.139118   -0.389118 (VIOLATED)
_3845_/A                                0.750000    1.139118   -0.389118 (VIOLATED)
_3851_/A                                0.750000    1.139118   -0.389118 (VIOLATED)
_3853_/A                                0.750000    1.139118   -0.389118 (VIOLATED)
_3914_/Q                                0.750000    1.139118   -0.389118 (VIOLATED)
_2672_/Y                                0.750000    0.961179   -0.211179 (VIOLATED)
_2673_/B1                               0.750000    0.961179   -0.211179 (VIOLATED)
_2678_/A2                               0.750000    0.961179   -0.211179 (VIOLATED)
_2681_/A2                               0.750000    0.961179   -0.211179 (VIOLATED)
_2693_/A2                               0.750000    0.961179   -0.211179 (VIOLATED)
_2696_/A2                               0.750000    0.961179   -0.211179 (VIOLATED)
_2725_/A2                               0.750000    0.961179   -0.211179 (VIOLATED)
_2728_/A2                               0.750000    0.961179   -0.211179 (VIOLATED)
_2732_/A2                               0.750000    0.961179   -0.211179 (VIOLATED)
_2735_/A2                               0.750000    0.961179   -0.211179 (VIOLATED)
_2748_/B1                               0.750000    0.961179   -0.211179 (VIOLATED)
_2751_/A2                               0.750000    0.961179   -0.211179 (VIOLATED)
_2766_/B1                               0.750000    0.961179   -0.211179 (VIOLATED)
_2770_/A2                               0.750000    0.961179   -0.211179 (VIOLATED)
_2771_/A2                               0.750000    0.961179   -0.211179 (VIOLATED)
_2784_/B1                               0.750000    0.961179   -0.211179 (VIOLATED)
_2786_/A2                               0.750000    0.961179   -0.211179 (VIOLATED)
_2787_/A2                               0.750000    0.961179   -0.211179 (VIOLATED)
_2791_/A2                               0.750000    0.961179   -0.211179 (VIOLATED)
_2792_/A2                               0.750000    0.961179   -0.211179 (VIOLATED)
_2794_/A2                               0.750000    0.961179   -0.211179 (VIOLATED)
_2795_/A2                               0.750000    0.961179   -0.211179 (VIOLATED)
_2804_/A2                               0.750000    0.961179   -0.211179 (VIOLATED)
_2812_/B                                0.750000    0.961179   -0.211179 (VIOLATED)
_2871_/A2                               0.750000    0.961179   -0.211179 (VIOLATED)
_2918_/A2                               0.750000    0.961179   -0.211179 (VIOLATED)
_3007_/A2                               0.750000    0.961179   -0.211179 (VIOLATED)
_3115_/A2                               0.750000    0.961179   -0.211179 (VIOLATED)
_3307_/A2                               0.750000    0.961179   -0.211179 (VIOLATED)
_3448_/A2                               0.750000    0.961179   -0.211179 (VIOLATED)
_3475_/B1                               0.750000    0.961179   -0.211179 (VIOLATED)
_3511_/A2                               0.750000    0.961179   -0.211179 (VIOLATED)
_3520_/B1                               0.750000    0.961179   -0.211179 (VIOLATED)
_3545_/A2                               0.750000    0.961179   -0.211179 (VIOLATED)
_3556_/B1                               0.750000    0.961179   -0.211179 (VIOLATED)
_3568_/B1                               0.750000    0.961179   -0.211179 (VIOLATED)
_3579_/B1                               0.750000    0.961179   -0.211179 (VIOLATED)
_2668_/X                                0.750000    0.946773   -0.196773 (VIOLATED)
_2669_/B                                0.750000    0.946773   -0.196773 (VIOLATED)
_2671_/A3                               0.750000    0.946773   -0.196773 (VIOLATED)
_2672_/B                                0.750000    0.946773   -0.196773 (VIOLATED)
_2677_/C                                0.750000    0.946773   -0.196773 (VIOLATED)
_2680_/C                                0.750000    0.946773   -0.196773 (VIOLATED)
_2693_/B2                               0.750000    0.946773   -0.196773 (VIOLATED)
_2696_/B2                               0.750000    0.946773   -0.196773 (VIOLATED)
_2700_/B2                               0.750000    0.946773   -0.196773 (VIOLATED)
_2703_/B2                               0.750000    0.946773   -0.196773 (VIOLATED)
_2709_/A1_N                             0.750000    0.946773   -0.196773 (VIOLATED)
_2712_/A1_N                             0.750000    0.946773   -0.196773 (VIOLATED)
_2716_/A1_N                             0.750000    0.946773   -0.196773 (VIOLATED)
_2719_/A1_N                             0.750000    0.946773   -0.196773 (VIOLATED)
_2724_/C                                0.750000    0.946773   -0.196773 (VIOLATED)
_2727_/C                                0.750000    0.946773   -0.196773 (VIOLATED)
_2732_/B2                               0.750000    0.946773   -0.196773 (VIOLATED)
_2734_/C                                0.750000    0.946773   -0.196773 (VIOLATED)
_2742_/A1_N                             0.750000    0.946773   -0.196773 (VIOLATED)
_2745_/A1_N                             0.750000    0.946773   -0.196773 (VIOLATED)
_2751_/B2                               0.750000    0.946773   -0.196773 (VIOLATED)
_2761_/A1_N                             0.750000    0.946773   -0.196773 (VIOLATED)
_2763_/B2                               0.750000    0.946773   -0.196773 (VIOLATED)
_2765_/A1_N                             0.750000    0.946773   -0.196773 (VIOLATED)
_2770_/B2                               0.750000    0.946773   -0.196773 (VIOLATED)
_2771_/B2                               0.750000    0.946773   -0.196773 (VIOLATED)
_2773_/A1_N                             0.750000    0.946773   -0.196773 (VIOLATED)
_2774_/B2                               0.750000    0.946773   -0.196773 (VIOLATED)
_2782_/B2                               0.750000    0.946773   -0.196773 (VIOLATED)
_2786_/B2                               0.750000    0.946773   -0.196773 (VIOLATED)
_2787_/B2                               0.750000    0.946773   -0.196773 (VIOLATED)
_2791_/B2                               0.750000    0.946773   -0.196773 (VIOLATED)
_2792_/B2                               0.750000    0.946773   -0.196773 (VIOLATED)
_2794_/B2                               0.750000    0.946773   -0.196773 (VIOLATED)
_2795_/B2                               0.750000    0.946773   -0.196773 (VIOLATED)
_2803_/C                                0.750000    0.946773   -0.196773 (VIOLATED)
_2805_/A1_N                             0.750000    0.946773   -0.196773 (VIOLATED)
_2807_/A1_N                             0.750000    0.946773   -0.196773 (VIOLATED)
_2808_/A1_N                             0.750000    0.946773   -0.196773 (VIOLATED)
_2841_/B2                               0.750000    0.946773   -0.196773 (VIOLATED)
_2870_/C                                0.750000    0.946773   -0.196773 (VIOLATED)
_2897_/B2                               0.750000    0.946773   -0.196773 (VIOLATED)
_2917_/C                                0.750000    0.946773   -0.196773 (VIOLATED)
_2948_/B2                               0.750000    0.946773   -0.196773 (VIOLATED)
_3006_/C                                0.750000    0.946773   -0.196773 (VIOLATED)
_3064_/B2                               0.750000    0.946773   -0.196773 (VIOLATED)
_3114_/C                                0.750000    0.946773   -0.196773 (VIOLATED)
_3188_/A3                               0.750000    0.946773   -0.196773 (VIOLATED)
_3306_/C                                0.750000    0.946773   -0.196773 (VIOLATED)
_3426_/B2                               0.750000    0.946773   -0.196773 (VIOLATED)
_3448_/B2                               0.750000    0.946773   -0.196773 (VIOLATED)
_3496_/A1_N                             0.750000    0.946773   -0.196773 (VIOLATED)
_3510_/C                                0.750000    0.946773   -0.196773 (VIOLATED)
_3531_/A1_N                             0.750000    0.946773   -0.196773 (VIOLATED)
_3544_/C                                0.750000    0.946773   -0.196773 (VIOLATED)
_2665_/Y                                0.750000    0.908970   -0.158970 (VIOLATED)
_2675_/S                                0.750000    0.908970   -0.158970 (VIOLATED)
_2682_/S                                0.750000    0.908970   -0.158970 (VIOLATED)
_2697_/S                                0.750000    0.908970   -0.158970 (VIOLATED)
_2704_/S                                0.750000    0.908970   -0.158970 (VIOLATED)
_2713_/S                                0.750000    0.908970   -0.158970 (VIOLATED)
_2720_/S                                0.750000    0.908970   -0.158970 (VIOLATED)
_2729_/S                                0.750000    0.908970   -0.158970 (VIOLATED)
_2736_/S                                0.750000    0.908970   -0.158970 (VIOLATED)
_2746_/S                                0.750000    0.908970   -0.158970 (VIOLATED)
_2753_/A1                               0.750000    0.908970   -0.158970 (VIOLATED)
_2764_/S                                0.750000    0.908970   -0.158970 (VIOLATED)
_2767_/S                                0.750000    0.908970   -0.158970 (VIOLATED)
_2772_/S                                0.750000    0.908970   -0.158970 (VIOLATED)
_2776_/S                                0.750000    0.908970   -0.158970 (VIOLATED)
_2785_/S                                0.750000    0.908970   -0.158970 (VIOLATED)
_2788_/S                                0.750000    0.908970   -0.158970 (VIOLATED)
_2793_/S                                0.750000    0.908970   -0.158970 (VIOLATED)
_2796_/S                                0.750000    0.908970   -0.158970 (VIOLATED)
_2806_/S                                0.750000    0.908970   -0.158970 (VIOLATED)
_2809_/S                                0.750000    0.908970   -0.158970 (VIOLATED)
_2823_/S                                0.750000    0.908970   -0.158970 (VIOLATED)
_2824_/S                                0.750000    0.908970   -0.158970 (VIOLATED)
_2827_/S                                0.750000    0.908970   -0.158970 (VIOLATED)
_2835_/A                                0.750000    0.908970   -0.158970 (VIOLATED)
_2836_/A1                               0.750000    0.908970   -0.158970 (VIOLATED)
_2838_/S                                0.750000    0.908970   -0.158970 (VIOLATED)
_2847_/S                                0.750000    0.908970   -0.158970 (VIOLATED)
_2848_/S                                0.750000    0.908970   -0.158970 (VIOLATED)
_2857_/A                                0.750000    0.908970   -0.158970 (VIOLATED)
_2858_/A1                               0.750000    0.908970   -0.158970 (VIOLATED)
_2860_/S                                0.750000    0.908970   -0.158970 (VIOLATED)
_2865_/S                                0.750000    0.908970   -0.158970 (VIOLATED)
_2867_/S                                0.750000    0.908970   -0.158970 (VIOLATED)
_2869_/S                                0.750000    0.908970   -0.158970 (VIOLATED)
_2872_/S                                0.750000    0.908970   -0.158970 (VIOLATED)
_2877_/S                                0.750000    0.908970   -0.158970 (VIOLATED)
_2880_/S                                0.750000    0.908970   -0.158970 (VIOLATED)
_2882_/S                                0.750000    0.908970   -0.158970 (VIOLATED)
_2898_/S                                0.750000    0.908970   -0.158970 (VIOLATED)
_2919_/S                                0.750000    0.908970   -0.158970 (VIOLATED)
_2949_/S                                0.750000    0.908970   -0.158970 (VIOLATED)
_3008_/S                                0.750000    0.908970   -0.158970 (VIOLATED)
_3065_/S                                0.750000    0.908970   -0.158970 (VIOLATED)
_3116_/S                                0.750000    0.908970   -0.158970 (VIOLATED)
_3189_/S                                0.750000    0.908970   -0.158970 (VIOLATED)
_3308_/S                                0.750000    0.908970   -0.158970 (VIOLATED)
_3427_/S                                0.750000    0.908970   -0.158970 (VIOLATED)
_3449_/S                                0.750000    0.908970   -0.158970 (VIOLATED)
_3497_/S                                0.750000    0.908970   -0.158970 (VIOLATED)
_3512_/S                                0.750000    0.908970   -0.158970 (VIOLATED)
_3521_/S                                0.750000    0.908970   -0.158970 (VIOLATED)
_3532_/S                                0.750000    0.908970   -0.158970 (VIOLATED)
_3546_/S                                0.750000    0.908970   -0.158970 (VIOLATED)
_3557_/S                                0.750000    0.908970   -0.158970 (VIOLATED)
_3569_/A1                               0.750000    0.908970   -0.158970 (VIOLATED)
_3580_/S                                0.750000    0.908970   -0.158970 (VIOLATED)
_2096_/X                                0.750000    0.799507   -0.049507 (VIOLATED)
_2097_/A                                0.750000    0.799507   -0.049507 (VIOLATED)
_2101_/S                                0.750000    0.799507   -0.049507 (VIOLATED)
_2179_/S                                0.750000    0.799507   -0.049507 (VIOLATED)
_2185_/S                                0.750000    0.799507   -0.049507 (VIOLATED)
_2189_/S                                0.750000    0.799507   -0.049507 (VIOLATED)
_2194_/S                                0.750000    0.799507   -0.049507 (VIOLATED)
_2198_/B                                0.750000    0.799507   -0.049507 (VIOLATED)
_2199_/A1                               0.750000    0.799507   -0.049507 (VIOLATED)
_2203_/S                                0.750000    0.799507   -0.049507 (VIOLATED)
_2207_/C1                               0.750000    0.799507   -0.049507 (VIOLATED)
_2210_/A2                               0.750000    0.799507   -0.049507 (VIOLATED)
_2212_/A2                               0.750000    0.799507   -0.049507 (VIOLATED)
_2214_/A2                               0.750000    0.799507   -0.049507 (VIOLATED)
_2216_/A2                               0.750000    0.799507   -0.049507 (VIOLATED)
_2218_/A2                               0.750000    0.799507   -0.049507 (VIOLATED)
_2220_/A2                               0.750000    0.799507   -0.049507 (VIOLATED)
_2222_/A2                               0.750000    0.799507   -0.049507 (VIOLATED)
_2223_/B2                               0.750000    0.799507   -0.049507 (VIOLATED)
_2342_/S                                0.750000    0.799507   -0.049507 (VIOLATED)
_2344_/C1                               0.750000    0.799507   -0.049507 (VIOLATED)
_2930_/S                                0.750000    0.799507   -0.049507 (VIOLATED)
_2687_/X                                0.750000    0.752200   -0.002200 (VIOLATED)
_2688_/A3                               0.750000    0.752200   -0.002200 (VIOLATED)
_2690_/B                                0.750000    0.752200   -0.002200 (VIOLATED)
_2781_/B1                               0.750000    0.752200   -0.002200 (VIOLATED)
_2864_/A1                               0.750000    0.752200   -0.002200 (VIOLATED)
_2893_/A1                               0.750000    0.752200   -0.002200 (VIOLATED)
_2907_/A1                               0.750000    0.752200   -0.002200 (VIOLATED)
_2925_/B2                               0.750000    0.752200   -0.002200 (VIOLATED)
_2944_/A1                               0.750000    0.752200   -0.002200 (VIOLATED)
_2957_/B2                               0.750000    0.752200   -0.002200 (VIOLATED)
_3013_/B1                               0.750000    0.752200   -0.002200 (VIOLATED)
_3015_/B                                0.750000    0.752200   -0.002200 (VIOLATED)
_3019_/A                                0.750000    0.752200   -0.002200 (VIOLATED)
_3069_/B1                               0.750000    0.752200   -0.002200 (VIOLATED)
_3112_/A1                               0.750000    0.752200   -0.002200 (VIOLATED)
_3314_/B1                               0.750000    0.752200   -0.002200 (VIOLATED)
_3423_/B1                               0.750000    0.752200   -0.002200 (VIOLATED)
_3433_/B1                               0.750000    0.752200   -0.002200 (VIOLATED)
_3453_/B1                               0.750000    0.752200   -0.002200 (VIOLATED)
_3480_/C1                               0.750000    0.752200   -0.002200 (VIOLATED)
_3504_/A1                               0.750000    0.752200   -0.002200 (VIOLATED)
_3508_/S                                0.750000    0.752200   -0.002200 (VIOLATED)
_3525_/A1                               0.750000    0.752200   -0.002200 (VIOLATED)
_3535_/C1                               0.750000    0.752200   -0.002200 (VIOLATED)
_3537_/B2                               0.750000    0.752200   -0.002200 (VIOLATED)
_3542_/A                                0.750000    0.752200   -0.002200 (VIOLATED)
_3543_/A1                               0.750000    0.752200   -0.002200 (VIOLATED)
_3554_/S                                0.750000    0.752200   -0.002200 (VIOLATED)
_3577_/A                                0.750000    0.752200   -0.002200 (VIOLATED)

max fanout

Pin                                   Limit Fanout  Slack
---------------------------------------------------------
_3990_/Q                                 10     98    -88 (VIOLATED)
_2663_/X                                 10     80    -70 (VIOLATED)
_2174_/X                                 10     61    -51 (VIOLATED)
_3914_/Q                                 10     60    -50 (VIOLATED)
_2665_/Y                                 10     56    -46 (VIOLATED)
_3992_/Q                                 10     55    -45 (VIOLATED)
_2668_/X                                 10     54    -44 (VIOLATED)
_2100_/X                                 10     47    -37 (VIOLATED)
_1993_/Y                                 10     44    -34 (VIOLATED)
_2353_/X                                 10     43    -33 (VIOLATED)
_3913_/Q                                 10     42    -32 (VIOLATED)
_2666_/Y                                 10     39    -29 (VIOLATED)
_3912_/Q                                 10     38    -28 (VIOLATED)
_4066_/Q                                 10     38    -28 (VIOLATED)
_2672_/Y                                 10     36    -26 (VIOLATED)
_2669_/X                                 10     35    -25 (VIOLATED)
_4094_/Q                                 10     31    -21 (VIOLATED)
_2662_/Y                                 10     30    -20 (VIOLATED)
_1992_/Y                                 10     29    -19 (VIOLATED)
_3671_/X                                 10     29    -19 (VIOLATED)
_2687_/X                                 10     28    -18 (VIOLATED)
_3911_/Q                                 10     28    -18 (VIOLATED)
_2226_/X                                 10     24    -14 (VIOLATED)
_2612_/X                                 10     24    -14 (VIOLATED)
_2625_/Y                                 10     24    -14 (VIOLATED)
_2626_/X                                 10     24    -14 (VIOLATED)
_2096_/X                                 10     21    -11 (VIOLATED)
_3588_/Y                                 10     21    -11 (VIOLATED)
_3910_/Q                                 10     19     -9 (VIOLATED)
_3917_/Q                                 10     19     -9 (VIOLATED)
_2686_/X                                 10     18     -8 (VIOLATED)
_2664_/X                                 10     16     -6 (VIOLATED)
_4038_/Q                                 10     16     -6 (VIOLATED)
_2366_/X                                 10     14     -4 (VIOLATED)
_3626_/Y                                 10     14     -4 (VIOLATED)
_2659_/X                                 10     13     -3 (VIOLATED)
_2660_/X                                 10     13     -3 (VIOLATED)
_3589_/Y                                 10     13     -3 (VIOLATED)
_3672_/X                                 10     13     -3 (VIOLATED)
_4045_/Q                                 10     13     -3 (VIOLATED)
_2661_/X                                 10     12     -2 (VIOLATED)
_4032_/Q                                 10     12     -2 (VIOLATED)
_4040_/Q                                 10     12     -2 (VIOLATED)
_2801_/Y                                 10     11        (VIOLATED)
_3670_/Y                                 10     11        (VIOLATED)
_4039_/Q                                 10     11        (VIOLATED)
_4041_/Q                                 10     11        (VIOLATED)
_4043_/Q                                 10     11        (VIOLATED)
_4044_/Q                                 10     11        (VIOLATED)
_4047_/Q                                 10     11        (VIOLATED)
_4051_/Q                                 10     11        (VIOLATED)
_4052_/Q                                 10     11        (VIOLATED)

max capacitance

Pin                                        Limit         Cap       Slack
------------------------------------------------------------------------
_3990_/Q                                0.200000    0.352860   -0.152860 (VIOLATED)
_2663_/X                                0.173045    0.297431   -0.124386 (VIOLATED)
_2100_/X                                0.130015    0.165440   -0.035425 (VIOLATED)
_3914_/Q                                0.200000    0.229793   -0.029793 (VIOLATED)
_2174_/X                                0.200000    0.213851   -0.013851 (VIOLATED)
_2665_/Y                                0.200000    0.202352   -0.002352 (VIOLATED)



===========================================================================
report_parasitic_annotation -report_unannotated
============================================================================
Found 2305 unannotated drivers.
 clk
 expa[0]
 expa[1]
 expa[2]
 expa[3]
 expa[4]
 expa[5]
 expa[6]
 expa[7]
 expb[0]
 expb[1]
 expb[2]
 expb[3]
 expb[4]
 expb[5]
 expb[6]
 expb[7]
 mantisaA[0]
 mantisaA[10]
 mantisaA[11]
 mantisaA[12]
 mantisaA[13]
 mantisaA[14]
 mantisaA[15]
 mantisaA[16]
 mantisaA[17]
 mantisaA[18]
 mantisaA[19]
 mantisaA[1]
 mantisaA[20]
 mantisaA[21]
 mantisaA[22]
 mantisaA[2]
 mantisaA[3]
 mantisaA[4]
 mantisaA[5]
 mantisaA[6]
 mantisaA[7]
 mantisaA[8]
 mantisaA[9]
 mantisaB[0]
 mantisaB[10]
 mantisaB[11]
 mantisaB[12]
 mantisaB[13]
 mantisaB[14]
 mantisaB[15]
 mantisaB[16]
 mantisaB[17]
 mantisaB[18]
 mantisaB[19]
 mantisaB[1]
 mantisaB[20]
 mantisaB[21]
 mantisaB[22]
 mantisaB[2]
 mantisaB[3]
 mantisaB[4]
 mantisaB[5]
 mantisaB[6]
 mantisaB[7]
 mantisaB[8]
 mantisaB[9]
 op
 signa
 signb
 _1927_/Y
 _1928_/Y
 _1929_/Y
 _1930_/Y
 _1931_/Y
 _1932_/Y
 _1933_/Y
 _1934_/Y
 _1935_/Y
 _1936_/Y
 _1937_/Y
 _1938_/Y
 _1939_/Y
 _1940_/Y
 _1941_/Y
 _1942_/Y
 _1943_/Y
 _1944_/Y
 _1945_/Y
 _1946_/Y
 _1947_/Y
 _1948_/Y
 _1949_/Y
 _1950_/Y
 _1951_/Y
 _1952_/Y
 _1953_/Y
 _1954_/Y
 _1955_/Y
 _1956_/Y
 _1957_/Y
 _1958_/Y
 _1959_/Y
 _1960_/Y
 _1961_/Y
 _1962_/Y
 _1963_/Y
 _1964_/Y
 _1965_/Y
 _1966_/Y
 _1967_/Y
 _1968_/Y
 _1969_/Y
 _1970_/Y
 _1971_/Y
 _1972_/Y
 _1973_/Y
 _1974_/Y
 _1975_/Y
 _1976_/Y
 _1977_/Y
 _1978_/Y
 _1979_/Y
 _1980_/Y
 _1981_/Y
 _1982_/Y
 _1983_/Y
 _1984_/Y
 _1985_/Y
 _1986_/Y
 _1987_/Y
 _1988_/Y
 _1989_/Y
 _1990_/Y
 _1991_/Y
 _1992_/Y
 _1993_/Y
 _1994_/X
 _1995_/X
 _1996_/X
 _1997_/X
 _1998_/X
 _1999_/Y
 _2000_/Y
 _2001_/X
 _2002_/X
 _2003_/Y
 _2004_/X
 _2005_/X
 _2006_/Y
 _2007_/X
 _2008_/X
 _2009_/Y
 _2010_/X
 _2011_/X
 _2012_/X
 _2013_/X
 _2014_/X
 _2015_/Y
 _2016_/X
 _2017_/X
 _2018_/Y
 _2019_/X
 _2020_/Y
 _2021_/X
 _2022_/X
 _2023_/Y
 _2024_/X
 _2025_/Y
 _2026_/Y
 _2027_/Y
 _2028_/Y
 _2029_/X
 _2030_/X
 _2031_/X
 _2032_/Y
 _2033_/Y
 _2034_/Y
 _2035_/X
 _2036_/Y
 _2037_/X
 _2038_/Y
 _2039_/X
 _2040_/Y
 _2041_/X
 _2042_/Y
 _2043_/X
 _2044_/Y
 _2045_/X
 _2046_/Y
 _2047_/X
 _2048_/Y
 _2049_/X
 _2050_/Y
 _2051_/X
 _2052_/Y
 _2053_/X
 _2054_/Y
 _2055_/X
 _2056_/Y
 _2057_/X
 _2058_/Y
 _2059_/X
 _2060_/Y
 _2061_/X
 _2062_/X
 _2063_/Y
 _2064_/X
 _2065_/X
 _2066_/X
 _2067_/Y
 _2068_/Y
 _2069_/Y
 _2070_/X
 _2071_/X
 _2072_/X
 _2073_/X
 _2074_/X
 _2075_/X
 _2076_/X
 _2077_/X
 _2078_/X
 _2079_/X
 _2080_/X
 _2081_/X
 _2082_/X
 _2083_/X
 _2084_/X
 _2085_/X
 _2086_/X
 _2087_/X
 _2088_/X
 _2089_/X
 _2090_/X
 _2091_/X
 _2092_/X
 _2093_/Y
 _2094_/Y
 _2095_/Y
 _2096_/X
 _2097_/Y
 _2098_/X
 _2099_/X
 _2100_/X
 _2101_/X
 _2102_/X
 _2103_/Y
 _2104_/Y
 _2105_/X
 _2106_/Y
 _2107_/X
 _2108_/X
 _2109_/X
 _2110_/Y
 _2111_/Y
 _2112_/X
 _2113_/X
 _2114_/X
 _2115_/X
 _2116_/Y
 _2117_/Y
 _2118_/Y
 _2119_/X
 _2120_/X
 _2121_/Y
 _2122_/X
 _2123_/Y
 _2124_/X
 _2125_/Y
 _2126_/X
 _2127_/X
 _2128_/X
 _2129_/Y
 _2130_/Y
 _2131_/Y
 _2132_/Y
 _2133_/X
 _2134_/X
 _2135_/X
 _2136_/X
 _2137_/X
 _2138_/X
 _2139_/X
 _2140_/X
 _2141_/X
 _2142_/X
 _2143_/X
 _2144_/X
 _2145_/X
 _2146_/X
 _2147_/X
 _2148_/X
 _2149_/X
 _2150_/X
 _2151_/X
 _2152_/X
 _2153_/X
 _2154_/X
 _2155_/X
 _2156_/X
 _2157_/X
 _2158_/X
 _2159_/X
 _2160_/X
 _2161_/X
 _2162_/X
 _2163_/Y
 _2164_/Y
 _2165_/X
 _2166_/X
 _2167_/X
 _2168_/X
 _2169_/X
 _2170_/Y
 _2171_/Y
 _2172_/X
 _2173_/X
 _2174_/X
 _2175_/Y
 _2176_/Y
 _2177_/Y
 _2178_/Y
 _2179_/X
 _2180_/Y
 _2181_/Y
 _2182_/X
 _2183_/Y
 _2184_/Y
 _2185_/X
 _2186_/Y
 _2187_/X
 _2188_/Y
 _2189_/X
 _2190_/Y
 _2191_/X
 _2192_/Y
 _2193_/Y
 _2194_/X
 _2195_/Y
 _2196_/X
 _2197_/Y
 _2198_/Y
 _2199_/Y
 _2200_/Y
 _2201_/X
 _2202_/X
 _2203_/X
 _2204_/X
 _2205_/Y
 _2206_/Y
 _2207_/X
 _2208_/X
 _2209_/X
 _2210_/X
 _2211_/X
 _2212_/X
 _2213_/X
 _2214_/X
 _2215_/X
 _2216_/X
 _2217_/X
 _2218_/X
 _2219_/X
 _2220_/X
 _2221_/X
 _2222_/X
 _2223_/X
 _2224_/X
 _2225_/X
 _2226_/X
 _2227_/X
 _2228_/X
 _2229_/X
 _2230_/X
 _2231_/X
 _2232_/X
 _2233_/X
 _2234_/X
 _2235_/X
 _2236_/X
 _2237_/X
 _2238_/X
 _2239_/X
 _2240_/X
 _2241_/X
 _2242_/X
 _2243_/X
 _2244_/X
 _2245_/X
 _2246_/X
 _2247_/X
 _2248_/X
 _2249_/X
 _2250_/X
 _2251_/X
 _2252_/X
 _2253_/X
 _2254_/X
 _2255_/X
 _2256_/X
 _2257_/X
 _2258_/X
 _2259_/X
 _2260_/X
 _2261_/X
 _2262_/X
 _2263_/X
 _2264_/X
 _2265_/X
 _2266_/X
 _2267_/X
 _2268_/X
 _2269_/X
 _2270_/X
 _2271_/X
 _2272_/X
 _2273_/X
 _2274_/X
 _2275_/X
 _2276_/X
 _2277_/X
 _2278_/X
 _2279_/X
 _2280_/X
 _2281_/X
 _2282_/X
 _2283_/X
 _2284_/X
 _2285_/X
 _2286_/X
 _2287_/X
 _2288_/X
 _2289_/X
 _2290_/X
 _2291_/X
 _2292_/X
 _2293_/X
 _2294_/X
 _2295_/X
 _2296_/X
 _2297_/X
 _2298_/X
 _2299_/X
 _2300_/X
 _2301_/X
 _2302_/X
 _2303_/X
 _2304_/X
 _2305_/X
 _2306_/X
 _2307_/X
 _2308_/X
 _2309_/X
 _2310_/X
 _2311_/X
 _2312_/X
 _2313_/X
 _2314_/X
 _2315_/X
 _2316_/X
 _2317_/X
 _2318_/X
 _2319_/X
 _2320_/X
 _2321_/X
 _2322_/X
 _2323_/X
 _2324_/X
 _2325_/X
 _2326_/X
 _2327_/X
 _2328_/X
 _2329_/X
 _2330_/X
 _2331_/X
 _2332_/X
 _2333_/X
 _2334_/X
 _2335_/X
 _2336_/X
 _2337_/X
 _2338_/X
 _2339_/X
 _2340_/X
 _2341_/X
 _2342_/X
 _2343_/X
 _2344_/X
 _2345_/X
 _2346_/X
 _2347_/X
 _2348_/X
 _2349_/X
 _2350_/X
 _2351_/X
 _2352_/Y
 _2353_/X
 _2354_/Y
 _2355_/X
 _2356_/X
 _2357_/Y
 _2358_/Y
 _2359_/X
 _2360_/X
 _2361_/X
 _2362_/Y
 _2363_/X
 _2364_/Y
 _2365_/X
 _2366_/X
 _2367_/X
 _2368_/Y
 _2369_/X
 _2370_/Y
 _2371_/X
 _2372_/X
 _2373_/X
 _2374_/X
 _2375_/Y
 _2376_/X
 _2377_/Y
 _2378_/X
 _2379_/X
 _2380_/Y
 _2381_/X
 _2382_/X
 _2383_/Y
 _2384_/X
 _2385_/Y
 _2386_/X
 _2387_/X
 _2388_/X
 _2389_/X
 _2390_/X
 _2391_/X
 _2392_/Y
 _2393_/X
 _2394_/X
 _2395_/X
 _2396_/Y
 _2397_/X
 _2398_/X
 _2399_/X
 _2400_/Y
 _2401_/Y
 _2402_/X
 _2403_/Y
 _2404_/Y
 _2405_/X
 _2406_/Y
 _2407_/X
 _2408_/Y
 _2409_/X
 _2410_/Y
 _2411_/X
 _2412_/X
 _2413_/Y
 _2414_/X
 _2415_/X
 _2416_/X
 _2417_/X
 _2418_/X
 _2419_/X
 _2420_/X
 _2421_/X
 _2422_/X
 _2423_/Y
 _2424_/X
 _2425_/X
 _2426_/X
 _2427_/Y
 _2428_/X
 _2429_/X
 _2430_/X
 _2431_/X
 _2432_/X
 _2433_/X
 _2434_/X
 _2435_/X
 _2436_/X
 _2437_/Y
 _2438_/Y
 _2439_/X
 _2440_/X
 _2441_/Y
 _2442_/X
 _2443_/Y
 _2444_/X
 _2445_/X
 _2446_/Y
 _2447_/X
 _2448_/X
 _2449_/X
 _2450_/Y
 _2451_/Y
 _2452_/X
 _2453_/X
 _2454_/Y
 _2455_/X
 _2456_/Y
 _2457_/X
 _2458_/X
 _2459_/X
 _2460_/X
 _2461_/X
 _2462_/Y
 _2463_/X
 _2464_/X
 _2465_/Y
 _2466_/X
 _2467_/X
 _2468_/X
 _2469_/X
 _2470_/X
 _2471_/X
 _2472_/X
 _2473_/X
 _2474_/X
 _2475_/X
 _2476_/X
 _2477_/X
 _2478_/X
 _2479_/X
 _2480_/X
 _2481_/X
 _2482_/X
 _2483_/Y
 _2484_/X
 _2485_/X
 _2486_/Y
 _2487_/Y
 _2488_/Y
 _2489_/X
 _2490_/X
 _2491_/X
 _2492_/X
 _2493_/Y
 _2494_/X
 _2495_/X
 _2496_/X
 _2497_/X
 _2498_/X
 _2499_/X
 _2500_/X
 _2501_/X
 _2502_/Y
 _2503_/Y
 _2504_/X
 _2505_/X
 _2506_/X
 _2507_/X
 _2508_/X
 _2509_/X
 _2510_/X
 _2511_/X
 _2512_/X
 _2513_/X
 _2514_/X
 _2515_/X
 _2516_/X
 _2517_/X
 _2518_/X
 _2519_/X
 _2520_/X
 _2521_/X
 _2522_/X
 _2523_/Y
 _2524_/X
 _2525_/Y
 _2526_/X
 _2527_/Y
 _2528_/Y
 _2529_/X
 _2530_/X
 _2531_/Y
 _2532_/X
 _2533_/Y
 _2534_/X
 _2535_/X
 _2536_/X
 _2537_/X
 _2538_/X
 _2539_/X
 _2540_/Y
 _2541_/X
 _2542_/X
 _2543_/X
 _2544_/X
 _2545_/X
 _2546_/Y
 _2547_/X
 _2548_/X
 _2549_/X
 _2550_/Y
 _2551_/X
 _2552_/Y
 _2553_/Y
 _2554_/Y
 _2555_/X
 _2556_/X
 _2557_/X
 _2558_/X
 _2559_/Y
 _2560_/Y
 _2561_/X
 _2562_/X
 _2563_/X
 _2564_/X
 _2565_/X
 _2566_/X
 _2567_/X
 _2568_/X
 _2569_/X
 _2570_/X
 _2571_/X
 _2572_/Y
 _2573_/X
 _2574_/X
 _2575_/Y
 _2576_/X
 _2577_/X
 _2578_/X
 _2579_/X
 _2580_/X
 _2581_/X
 _2582_/X
 _2583_/X
 _2584_/X
 _2585_/Y
 _2586_/X
 _2587_/X
 _2588_/Y
 _2589_/X
 _2590_/X
 _2591_/Y
 _2592_/X
 _2593_/X
 _2594_/X
 _2595_/X
 _2596_/X
 _2597_/X
 _2598_/Y
 _2599_/X
 _2600_/X
 _2601_/X
 _2602_/Y
 _2603_/X
 _2604_/X
 _2605_/X
 _2606_/X
 _2607_/X
 _2608_/X
 _2609_/X
 _2610_/X
 _2611_/X
 _2612_/X
 _2613_/X
 _2614_/X
 _2615_/Y
 _2616_/Y
 _2617_/X
 _2618_/X
 _2619_/X
 _2620_/X
 _2621_/Y
 _2622_/X
 _2623_/X
 _2624_/X
 _2625_/Y
 _2626_/X
 _2627_/X
 _2628_/Y
 _2629_/Y
 _2630_/Y
 _2631_/X
 _2632_/Y
 _2633_/X
 _2634_/Y
 _2635_/X
 _2636_/X
 _2637_/Y
 _2638_/Y
 _2639_/X
 _2640_/Y
 _2641_/Y
 _2642_/Y
 _2643_/X
 _2644_/X
 _2645_/Y
 _2646_/Y
 _2647_/X
 _2648_/Y
 _2649_/X
 _2650_/Y
 _2651_/X
 _2652_/Y
 _2653_/Y
 _2654_/X
 _2655_/X
 _2656_/X
 _2657_/X
 _2658_/Y
 _2659_/X
 _2660_/X
 _2661_/X
 _2662_/Y
 _2663_/X
 _2664_/X
 _2665_/Y
 _2666_/Y
 _2667_/Y
 _2668_/X
 _2669_/X
 _2670_/Y
 _2671_/X
 _2672_/Y
 _2673_/X
 _2674_/Y
 _2675_/X
 _2676_/Y
 _2677_/X
 _2678_/X
 _2679_/Y
 _2680_/X
 _2681_/X
 _2682_/X
 _2683_/Y
 _2684_/Y
 _2685_/Y
 _2686_/X
 _2687_/X
 _2688_/X
 _2689_/Y
 _2690_/Y
 _2691_/Y
 _2692_/Y
 _2693_/X
 _2694_/Y
 _2695_/Y
 _2696_/X
 _2697_/X
 _2698_/Y
 _2699_/Y
 _2700_/X
 _2701_/Y
 _2702_/Y
 _2703_/X
 _2704_/X
 _2705_/Y
 _2706_/X
 _2707_/Y
 _2708_/Y
 _2709_/X
 _2710_/Y
 _2711_/Y
 _2712_/X
 _2713_/X
 _2714_/Y
 _2715_/Y
 _2716_/X
 _2717_/Y
 _2718_/Y
 _2719_/X
 _2720_/X
 _2721_/X
 _2722_/X
 _2723_/Y
 _2724_/X
 _2725_/X
 _2726_/Y
 _2727_/X
 _2728_/X
 _2729_/X
 _2730_/Y
 _2731_/Y
 _2732_/X
 _2733_/Y
 _2734_/X
 _2735_/X
 _2736_/X
 _2737_/X
 _2738_/Y
 _2739_/Y
 _2740_/Y
 _2741_/Y
 _2742_/X
 _2743_/Y
 _2744_/Y
 _2745_/X
 _2746_/X
 _2747_/Y
 _2748_/X
 _2749_/Y
 _2750_/Y
 _2751_/X
 _2752_/X
 _2753_/Y
 _2754_/Y
 _2755_/Y
 _2756_/X
 _2757_/X
 _2758_/X
 _2759_/X
 _2760_/X
 _2761_/X
 _2762_/Y
 _2763_/X
 _2764_/X
 _2765_/X
 _2766_/X
 _2767_/X
 _2768_/Y
 _2769_/Y
 _2770_/X
 _2771_/X
 _2772_/X
 _2773_/X
 _2774_/X
 _2775_/Y
 _2776_/X
 _2777_/Y
 _2778_/Y
 _2779_/Y
 _2780_/X
 _2781_/X
 _2782_/X
 _2783_/Y
 _2784_/X
 _2785_/X
 _2786_/X
 _2787_/X
 _2788_/X
 _2789_/X
 _2790_/Y
 _2791_/X
 _2792_/X
 _2793_/X
 _2794_/X
 _2795_/X
 _2796_/X
 _2797_/X
 _2798_/Y
 _2799_/X
 _2800_/Y
 _2801_/Y
 _2802_/X
 _2803_/X
 _2804_/X
 _2805_/X
 _2806_/X
 _2807_/X
 _2808_/X
 _2809_/X
 _2810_/Y
 _2811_/X
 _2812_/Y
 _2813_/Y
 _2814_/Y
 _2815_/Y
 _2816_/X
 _2817_/X
 _2818_/X
 _2819_/X
 _2820_/Y
 _2821_/X
 _2822_/X
 _2823_/X
 _2824_/X
 _2825_/X
 _2826_/Y
 _2827_/X
 _2828_/X
 _2829_/X
 _2830_/Y
 _2831_/X
 _2832_/Y
 _2833_/Y
 _2834_/Y
 _2835_/Y
 _2836_/Y
 _2837_/X
 _2838_/X
 _2839_/Y
 _2840_/Y
 _2841_/X
 _2842_/Y
 _2843_/Y
 _2844_/X
 _2845_/X
 _2846_/Y
 _2847_/X
 _2848_/X
 _2849_/X
 _2850_/Y
 _2851_/X
 _2852_/X
 _2853_/X
 _2854_/X
 _2855_/X
 _2856_/X
 _2857_/Y
 _2858_/Y
 _2859_/X
 _2860_/X
 _2861_/X
 _2862_/X
 _2863_/X
 _2864_/Y
 _2865_/X
 _2866_/Y
 _2867_/X
 _2868_/X
 _2869_/X
 _2870_/X
 _2871_/X
 _2872_/X
 _2873_/X
 _2874_/X
 _2875_/Y
 _2876_/X
 _2877_/X
 _2878_/X
 _2879_/Y
 _2880_/X
 _2881_/Y
 _2882_/X
 _2883_/X
 _2884_/X
 _2885_/Y
 _2886_/X
 _2887_/X
 _2888_/X
 _2889_/X
 _2890_/Y
 _2891_/X
 _2892_/X
 _2893_/X
 _2894_/Y
 _2895_/Y
 _2896_/Y
 _2897_/X
 _2898_/X
 _2899_/Y
 _2900_/Y
 _2901_/X
 _2902_/Y
 _2903_/X
 _2904_/Y
 _2905_/Y
 _2906_/X
 _2907_/X
 _2908_/X
 _2909_/X
 _2910_/X
 _2911_/Y
 _2912_/Y
 _2913_/X
 _2914_/X
 _2915_/Y
 _2916_/X
 _2917_/X
 _2918_/X
 _2919_/X
 _2920_/X
 _2921_/X
 _2922_/X
 _2923_/X
 _2924_/X
 _2925_/X
 _2926_/X
 _2927_/X
 _2928_/X
 _2929_/X
 _2930_/X
 _2931_/X
 _2932_/Y
 _2933_/Y
 _2934_/X
 _2935_/Y
 _2936_/Y
 _2937_/X
 _2938_/X
 _2939_/X
 _2940_/X
 _2941_/X
 _2942_/X
 _2943_/X
 _2944_/X
 _2945_/Y
 _2946_/X
 _2947_/Y
 _2948_/X
 _2949_/X
 _2950_/X
 _2951_/Y
 _2952_/X
 _2953_/X
 _2954_/Y
 _2955_/Y
 _2956_/X
 _2957_/X
 _2958_/X
 _2959_/X
 _2960_/X
 _2961_/X
 _2962_/X
 _2963_/Y
 _2964_/X
 _2965_/X
 _2966_/Y
 _2967_/Y
 _2968_/X
 _2969_/X
 _2970_/X
 _2971_/Y
 _2972_/X
 _2973_/X
 _2974_/Y
 _2975_/X
 _2976_/X
 _2977_/Y
 _2978_/Y
 _2979_/X
 _2980_/X
 _2981_/Y
 _2982_/X
 _2983_/X
 _2984_/X
 _2985_/Y
 _2986_/X
 _2987_/X
 _2988_/Y
 _2989_/Y
 _2990_/X
 _2991_/X
 _2992_/Y
 _2993_/X
 _2994_/X
 _2995_/X
 _2996_/Y
 _2997_/X
 _2998_/X
 _2999_/X
 _3000_/Y
 _3001_/Y
 _3002_/X
 _3003_/X
 _3004_/Y
 _3005_/X
 _3006_/X
 _3007_/X
 _3008_/X
 _3009_/Y
 _3010_/Y
 _3011_/X
 _3012_/X
 _3013_/X
 _3014_/X
 _3015_/Y
 _3016_/Y
 _3017_/Y
 _3018_/X
 _3019_/Y
 _3020_/X
 _3021_/X
 _3022_/X
 _3023_/X
 _3024_/X
 _3025_/Y
 _3026_/Y
 _3027_/X
 _3028_/X
 _3029_/Y
 _3030_/X
 _3031_/X
 _3032_/X
 _3033_/Y
 _3034_/X
 _3035_/X
 _3036_/Y
 _3037_/Y
 _3038_/X
 _3039_/X
 _3040_/X
 _3041_/X
 _3042_/X
 _3043_/X
 _3044_/Y
 _3045_/X
 _3046_/X
 _3047_/X
 _3048_/Y
 _3049_/X
 _3050_/X
 _3051_/Y
 _3052_/Y
 _3053_/X
 _3054_/X
 _3055_/X
 _3056_/Y
 _3057_/X
 _3058_/X
 _3059_/Y
 _3060_/X
 _3061_/X
 _3062_/X
 _3063_/Y
 _3064_/X
 _3065_/X
 _3066_/X
 _3067_/Y
 _3068_/X
 _3069_/X
 _3070_/X
 _3071_/X
 _3072_/X
 _3073_/X
 _3074_/X
 _3075_/Y
 _3076_/Y
 _3077_/X
 _3078_/X
 _3079_/Y
 _3080_/X
 _3081_/X
 _3082_/X
 _3083_/Y
 _3084_/X
 _3085_/X
 _3086_/Y
 _3087_/Y
 _3088_/X
 _3089_/X
 _3090_/Y
 _3091_/X
 _3092_/X
 _3093_/X
 _3094_/Y
 _3095_/X
 _3096_/X
 _3097_/Y
 _3098_/Y
 _3099_/X
 _3100_/X
 _3101_/Y
 _3102_/X
 _3103_/X
 _3104_/X
 _3105_/Y
 _3106_/X
 _3107_/X
 _3108_/Y
 _3109_/Y
 _3110_/X
 _3111_/X
 _3112_/X
 _3113_/Y
 _3114_/X
 _3115_/X
 _3116_/X
 _3117_/X
 _3118_/Y
 _3119_/X
 _3120_/X
 _3121_/X
 _3122_/Y
 _3123_/X
 _3124_/X
 _3125_/X
 _3126_/X
 _3127_/X
 _3128_/X
 _3129_/X
 _3130_/Y
 _3131_/X
 _3132_/X
 _3133_/X
 _3134_/X
 _3135_/Y
 _3136_/X
 _3137_/X
 _3138_/Y
 _3139_/Y
 _3140_/X
 _3141_/X
 _3142_/X
 _3143_/X
 _3144_/Y
 _3145_/X
 _3146_/Y
 _3147_/X
 _3148_/Y
 _3149_/Y
 _3150_/X
 _3151_/Y
 _3152_/X
 _3153_/X
 _3154_/X
 _3155_/X
 _3156_/X
 _3157_/Y
 _3158_/Y
 _3159_/Y
 _3160_/X
 _3161_/Y
 _3162_/Y
 _3163_/X
 _3164_/X
 _3165_/X
 _3166_/Y
 _3167_/Y
 _3168_/Y
 _3169_/X
 _3170_/X
 _3171_/X
 _3172_/X
 _3173_/X
 _3174_/Y
 _3175_/X
 _3176_/Y
 _3177_/Y
 _3178_/Y
 _3179_/X
 _3180_/X
 _3181_/X
 _3182_/X
 _3183_/X
 _3184_/Y
 _3185_/X
 _3186_/X
 _3187_/Y
 _3188_/X
 _3189_/X
 _3190_/Y
 _3191_/X
 _3192_/X
 _3193_/Y
 _3194_/Y
 _3195_/Y
 _3196_/X
 _3197_/X
 _3198_/X
 _3199_/X
 _3200_/X
 _3201_/X
 _3202_/Y
 _3203_/Y
 _3204_/X
 _3205_/X
 _3206_/Y
 _3207_/Y
 _3208_/Y
 _3209_/X
 _3210_/Y
 _3211_/Y
 _3212_/Y
 _3213_/X
 _3214_/Y
 _3215_/X
 _3216_/X
 _3217_/X
 _3218_/X
 _3219_/X
 _3220_/X
 _3221_/Y
 _3222_/Y
 _3223_/Y
 _3224_/X
 _3225_/X
 _3226_/Y
 _3227_/Y
 _3228_/Y
 _3229_/X
 _3230_/Y
 _3231_/Y
 _3232_/Y
 _3233_/Y
 _3234_/X
 _3235_/X
 _3236_/X
 _3237_/X
 _3238_/X
 _3239_/Y
 _3240_/Y
 _3241_/Y
 _3242_/Y
 _3243_/X
 _3244_/X
 _3245_/Y
 _3246_/X
 _3247_/X
 _3248_/Y
 _3249_/X
 _3250_/Y
 _3251_/Y
 _3252_/Y
 _3253_/Y
 _3254_/X
 _3255_/Y
 _3256_/Y
 _3257_/X
 _3258_/X
 _3259_/Y
 _3260_/X
 _3261_/Y
 _3262_/Y
 _3263_/Y
 _3264_/Y
 _3265_/Y
 _3266_/Y
 _3267_/X
 _3268_/X
 _3269_/Y
 _3270_/X
 _3271_/X
 _3272_/Y
 _3273_/X
 _3274_/X
 _3275_/X
 _3276_/X
 _3277_/Y
 _3278_/Y
 _3279_/X
 _3280_/X
 _3281_/X
 _3282_/X
 _3283_/X
 _3284_/Y
 _3285_/Y
 _3286_/X
 _3287_/X
 _3288_/Y
 _3289_/Y
 _3290_/X
 _3291_/X
 _3292_/X
 _3293_/Y
 _3294_/X
 _3295_/X
 _3296_/Y
 _3297_/X
 _3298_/X
 _3299_/X
 _3300_/Y
 _3301_/X
 _3302_/Y
 _3303_/X
 _3304_/Y
 _3305_/X
 _3306_/X
 _3307_/X
 _3308_/X
 _3309_/X
 _3310_/X
 _3311_/X
 _3312_/X
 _3313_/Y
 _3314_/X
 _3315_/X
 _3316_/X
 _3317_/X
 _3318_/X
 _3319_/X
 _3320_/X
 _3321_/X
 _3322_/Y
 _3323_/Y
 _3324_/Y
 _3325_/X
 _3326_/X
 _3327_/X
 _3328_/Y
 _3329_/X
 _3330_/X
 _3331_/Y
 _3332_/X
 _3333_/X
 _3334_/X
 _3335_/Y
 _3336_/X
 _3337_/X
 _3338_/Y
 _3339_/X
 _3340_/Y
 _3341_/X
 _3342_/X
 _3343_/X
 _3344_/Y
 _3345_/Y
 _3346_/Y
 _3347_/X
 _3348_/X
 _3349_/X
 _3350_/Y
 _3351_/Y
 _3352_/Y
 _3353_/X
 _3354_/X
 _3355_/Y
 _3356_/X
 _3357_/X
 _3358_/X
 _3359_/Y
 _3360_/Y
 _3361_/X
 _3362_/X
 _3363_/Y
 _3364_/X
 _3365_/X
 _3366_/X
 _3367_/Y
 _3368_/Y
 _3369_/X
 _3370_/X
 _3371_/X
 _3372_/X
 _3373_/Y
 _3374_/Y
 _3375_/Y
 _3376_/X
 _3377_/Y
 _3378_/Y
 _3379_/X
 _3380_/X
 _3381_/Y
 _3382_/Y
 _3383_/X
 _3384_/Y
 _3385_/X
 _3386_/X
 _3387_/Y
 _3388_/X
 _3389_/X
 _3390_/Y
 _3391_/X
 _3392_/X
 _3393_/X
 _3394_/Y
 _3395_/X
 _3396_/X
 _3397_/X
 _3398_/X
 _3399_/X
 _3400_/Y
 _3401_/Y
 _3402_/X
 _3403_/Y
 _3404_/X
 _3405_/X
 _3406_/X
 _3407_/X
 _3408_/Y
 _3409_/X
 _3410_/Y
 _3411_/X
 _3412_/X
 _3413_/X
 _3414_/X
 _3415_/X
 _3416_/X
 _3417_/X
 _3418_/X
 _3419_/X
 _3420_/X
 _3421_/X
 _3422_/X
 _3423_/Y
 _3424_/X
 _3425_/Y
 _3426_/X
 _3427_/X
 _3428_/Y
 _3429_/X
 _3430_/X
 _3431_/X
 _3432_/Y
 _3433_/X
 _3434_/X
 _3435_/X
 _3436_/X
 _3437_/X
 _3438_/X
 _3439_/X
 _3440_/X
 _3441_/X
 _3442_/X
 _3443_/X
 _3444_/X
 _3445_/X
 _3446_/X
 _3447_/X
 _3448_/X
 _3449_/X
 _3450_/X
 _3451_/X
 _3452_/X
 _3453_/X
 _3454_/X
 _3455_/X
 _3456_/X
 _3457_/X
 _3458_/X
 _3459_/X
 _3460_/X
 _3461_/X
 _3462_/X
 _3463_/X
 _3464_/X
 _3465_/Y
 _3466_/X
 _3467_/X
 _3468_/X
 _3469_/Y
 _3470_/X
 _3471_/X
 _3472_/X
 _3473_/X
 _3474_/X
 _3475_/X
 _3476_/Y
 _3477_/X
 _3478_/X
 _3479_/X
 _3480_/X
 _3481_/X
 _3482_/X
 _3483_/X
 _3484_/X
 _3485_/X
 _3486_/X
 _3487_/X
 _3488_/X
 _3489_/X
 _3490_/X
 _3491_/X
 _3492_/X
 _3493_/X
 _3494_/Y
 _3495_/Y
 _3496_/X
 _3497_/X
 _3498_/X
 _3499_/X
 _3500_/X
 _3501_/X
 _3502_/Y
 _3503_/X
 _3504_/X
 _3505_/X
 _3506_/X
 _3507_/X
 _3508_/X
 _3509_/Y
 _3510_/X
 _3511_/X
 _3512_/X
 _3513_/X
 _3514_/X
 _3515_/X
 _3516_/X
 _3517_/X
 _3518_/X
 _3519_/X
 _3520_/X
 _3521_/X
 _3522_/X
 _3523_/X
 _3524_/Y
 _3525_/Y
 _3526_/Y
 _3527_/X
 _3528_/X
 _3529_/X
 _3530_/Y
 _3531_/X
 _3532_/X
 _3533_/X
 _3534_/Y
 _3535_/X
 _3536_/Y
 _3537_/X
 _3538_/X
 _3539_/X
 _3540_/X
 _3541_/X
 _3542_/Y
 _3543_/X
 _3544_/X
 _3545_/X
 _3546_/X
 _3547_/X
 _3548_/X
 _3549_/X
 _3550_/X
 _3551_/X
 _3552_/X
 _3553_/X
 _3554_/X
 _3555_/X
 _3556_/X
 _3557_/X
 _3558_/X
 _3559_/Y
 _3560_/X
 _3561_/X
 _3562_/X
 _3563_/X
 _3564_/X
 _3565_/X
 _3566_/X
 _3567_/Y
 _3568_/X
 _3569_/X
 _3570_/X
 _3571_/X
 _3572_/X
 _3573_/X
 _3574_/X
 _3575_/X
 _3576_/X
 _3577_/X
 _3578_/X
 _3579_/X
 _3580_/X
 _3581_/X
 _3582_/X
 _3583_/X
 _3584_/X
 _3585_/X
 _3586_/X
 _3587_/X
 _3588_/Y
 _3589_/Y
 _3590_/X
 _3591_/X
 _3592_/X
 _3593_/X
 _3594_/X
 _3595_/X
 _3596_/X
 _3597_/X
 _3598_/X
 _3599_/X
 _3600_/X
 _3601_/X
 _3602_/X
 _3603_/X
 _3604_/Y
 _3605_/X
 _3606_/Y
 _3607_/X
 _3608_/Y
 _3609_/X
 _3610_/Y
 _3611_/X
 _3612_/Y
 _3613_/X
 _3614_/Y
 _3615_/X
 _3616_/Y
 _3617_/X
 _3618_/Y
 _3619_/X
 _3620_/X
 _3621_/X
 _3622_/Y
 _3623_/X
 _3624_/Y
 _3625_/X
 _3626_/Y
 _3627_/Y
 _3628_/X
 _3629_/X
 _3630_/X
 _3631_/X
 _3632_/Y
 _3633_/X
 _3634_/Y
 _3635_/X
 _3636_/X
 _3637_/X
 _3638_/X
 _3639_/Y
 _3640_/Y
 _3641_/X
 _3642_/Y
 _3643_/X
 _3644_/Y
 _3645_/Y
 _3646_/Y
 _3647_/Y
 _3648_/X
 _3649_/Y
 _3650_/X
 _3651_/Y
 _3652_/X
 _3653_/Y
 _3654_/X
 _3655_/X
 _3656_/X
 _3657_/Y
 _3658_/X
 _3659_/Y
 _3660_/X
 _3661_/Y
 _3662_/X
 _3663_/Y
 _3664_/X
 _3665_/X
 _3666_/X
 _3667_/Y
 _3668_/Y
 _3669_/Y
 _3670_/Y
 _3671_/X
 _3672_/X
 _3673_/Y
 _3674_/Y
 _3675_/X
 _3676_/Y
 _3677_/X
 _3678_/Y
 _3679_/X
 _3680_/X
 _3681_/X
 _3682_/X
 _3683_/X
 _3684_/X
 _3685_/X
 _3686_/X
 _3687_/X
 _3688_/X
 _3689_/X
 _3690_/Y
 _3691_/Y
 _3692_/Y
 _3693_/X
 _3694_/X
 _3695_/X
 _3696_/X
 _3697_/X
 _3698_/X
 _3699_/X
 _3700_/Y
 _3701_/X
 _3702_/X
 _3703_/X
 _3704_/X
 _3705_/X
 _3706_/X
 _3707_/X
 _3708_/X
 _3709_/Y
 _3710_/X
 _3711_/X
 _3712_/X
 _3713_/X
 _3714_/X
 _3715_/X
 _3716_/X
 _3717_/X
 _3718_/X
 _3719_/X
 _3720_/X
 _3721_/X
 _3722_/X
 _3723_/X
 _3724_/X
 _3725_/X
 _3726_/X
 _3727_/X
 _3728_/X
 _3729_/Y
 _3730_/Y
 _3731_/Y
 _3732_/X
 _3733_/X
 _3734_/X
 _3735_/X
 _3736_/X
 _3737_/Y
 _3738_/X
 _3739_/X
 _3740_/X
 _3741_/X
 _3742_/X
 _3743_/X
 _3744_/X
 _3745_/X
 _3746_/Y
 _3747_/X
 _3748_/X
 _3749_/X
 _3750_/X
 _3751_/X
 _3752_/X
 _3753_/X
 _3754_/X
 _3755_/X
 _3756_/X
 _3757_/X
 _3758_/X
 _3759_/X
 _3760_/X
 _3761_/X
 _3762_/Y
 _3763_/X
 _3764_/Y
 _3765_/X
 _3766_/Y
 _3767_/Y
 _3768_/X
 _3769_/X
 _3770_/Y
 _3771_/X
 _3772_/Y
 _3773_/X
 _3774_/Y
 _3775_/X
 _3776_/X
 _3777_/X
 _3778_/X
 _3779_/X
 _3780_/X
 _3781_/Y
 _3782_/X
 _3783_/X
 _3784_/X
 _3785_/Y
 _3786_/Y
 _3787_/X
 _3788_/Y
 _3789_/Y
 _3790_/X
 _3791_/Y
 _3792_/X
 _3793_/Y
 _3794_/X
 _3795_/Y
 _3796_/X
 _3797_/Y
 _3798_/X
 _3799_/X
 _3800_/Y
 _3801_/Y
 _3802_/X
 _3803_/Y
 _3804_/Y
 _3805_/Y
 _3806_/Y
 _3807_/Y
 _3808_/Y
 _3809_/Y
 _3810_/Y
 _3811_/Y
 _3812_/Y
 _3813_/Y
 _3814_/X
 _3815_/Y
 _3816_/Y
 _3817_/Y
 _3818_/Y
 _3819_/Y
 _3820_/Y
 _3821_/X
 _3822_/X
 _3823_/Y
 _3824_/Y
 _3825_/X
 _3826_/Y
 _3827_/X
 _3828_/Y
 _3829_/X
 _3830_/Y
 _3831_/Y
 _3832_/X
 _3833_/Y
 _3834_/Y
 _3835_/X
 _3836_/Y
 _3837_/Y
 _3838_/X
 _3839_/Y
 _3840_/Y
 _3841_/Y
 _3842_/X
 _3843_/Y
 _3844_/Y
 _3845_/Y
 _3846_/X
 _3847_/X
 _3848_/X
 _3849_/X
 _3850_/X
 _3851_/Y
 _3852_/X
 _3853_/Y
 _3854_/Q
 _3855_/Q
 _3856_/Q
 _3857_/Q
 _3858_/Q
 _3859_/Q
 _3860_/Q
 _3861_/Q
 _3862_/Q
 _3863_/Q
 _3864_/Q
 _3865_/Q
 _3866_/Q
 _3867_/Q
 _3868_/Q
 _3869_/Q
 _3870_/Q
 _3871_/Q
 _3872_/Q
 _3873_/Q
 _3874_/Q
 _3875_/Q
 _3876_/Q
 _3877_/Q
 _3878_/Q
 _3879_/Q
 _3880_/Q
 _3881_/Q
 _3882_/Q
 _3883_/Q
 _3884_/Q
 _3885_/Q
 _3886_/Q
 _3887_/Q
 _3888_/Q
 _3889_/Q
 _3890_/Q
 _3891_/Q
 _3892_/Q
 _3893_/Q
 _3894_/Q
 _3895_/Q
 _3896_/Q
 _3897_/Q
 _3898_/Q
 _3899_/Q
 _3900_/Q
 _3901_/Q
 _3902_/Q
 _3903_/Q
 _3904_/Q
 _3905_/Q
 _3906_/Q
 _3907_/Q
 _3908_/Q
 _3909_/Q
 _3910_/Q
 _3911_/Q
 _3912_/Q
 _3913_/Q
 _3914_/Q
 _3915_/Q
 _3916_/Q
 _3917_/Q
 _3918_/Q
 _3919_/Q
 _3920_/Q
 _3921_/Q
 _3922_/Q
 _3923_/Q
 _3924_/Q
 _3925_/Q
 _3926_/Q
 _3927_/Q
 _3928_/Q
 _3929_/Q
 _3930_/Q
 _3931_/Q
 _3932_/Q
 _3933_/Q
 _3934_/Q
 _3935_/Q
 _3936_/Q
 _3937_/Q
 _3938_/Q
 _3939_/Q
 _3940_/Q
 _3941_/Q
 _3942_/Q
 _3943_/Q
 _3944_/Q
 _3945_/Q
 _3946_/Q
 _3947_/Q
 _3948_/Q
 _3949_/Q
 _3950_/Q
 _3951_/Q
 _3952_/Q
 _3953_/Q
 _3954_/Q
 _3955_/Q
 _3956_/Q
 _3957_/Q
 _3958_/Q
 _3959_/Q
 _3960_/Q
 _3961_/Q
 _3962_/Q
 _3963_/Q
 _3964_/Q
 _3965_/Q
 _3966_/Q
 _3967_/Q
 _3968_/Q
 _3969_/Q
 _3970_/Q
 _3971_/Q
 _3972_/Q
 _3973_/Q
 _3974_/Q
 _3975_/Q
 _3976_/Q
 _3977_/Q
 _3978_/Q
 _3979_/Q
 _3980_/Q
 _3981_/Q
 _3982_/Q
 _3983_/Q
 _3984_/Q
 _3985_/Q
 _3986_/Q
 _3987_/Q
 _3988_/Q
 _3989_/Q
 _3990_/Q
 _3991_/Q
 _3992_/Q
 _3993_/Q
 _3994_/Q
 _3995_/Q
 _3996_/Q
 _3997_/Q
 _3998_/Q
 _3999_/Q
 _4000_/Q
 _4001_/Q
 _4002_/Q
 _4003_/Q
 _4004_/Q
 _4005_/Q
 _4006_/Q
 _4007_/Q
 _4008_/Q
 _4009_/Q
 _4010_/Q
 _4011_/Q
 _4012_/Q
 _4013_/Q
 _4014_/Q
 _4015_/Q
 _4016_/Q
 _4017_/Q
 _4018_/Q
 _4019_/Q
 _4020_/Q
 _4021_/Q
 _4022_/Q
 _4023_/Q
 _4024_/Q
 _4025_/Q
 _4026_/Q
 _4027_/Q
 _4028_/Q
 _4029_/Q
 _4030_/Q
 _4031_/Q
 _4032_/Q
 _4033_/Q
 _4034_/Q
 _4035_/Q
 _4036_/Q
 _4037_/Q
 _4038_/Q
 _4039_/Q
 _4040_/Q
 _4041_/Q
 _4042_/Q
 _4043_/Q
 _4044_/Q
 _4045_/Q
 _4046_/Q
 _4047_/Q
 _4048_/Q
 _4049_/Q
 _4050_/Q
 _4051_/Q
 _4052_/Q
 _4053_/Q
 _4054_/Q
 _4055_/Q
 _4056_/Q
 _4057_/Q
 _4058_/Q
 _4059_/Q
 _4060_/Q
 _4061_/Q
 _4062_/Q
 _4063_/Q
 _4064_/Q
 _4065_/Q
 _4066_/Q
 _4067_/Q
 _4068_/Q
 _4069_/Q
 _4070_/Q
 _4071_/Q
 _4072_/Q
 _4073_/Q
 _4074_/Q
 _4075_/Q
 _4076_/Q
 _4077_/Q
 _4078_/Q
 _4079_/Q
 _4080_/Q
 _4081_/Q
 _4082_/Q
 _4083_/Q
 _4084_/Q
 _4085_/Q
 _4086_/Q
 _4087_/Q
 _4088_/Q
 _4089_/Q
 _4090_/Q
 _4091_/Q
 _4092_/Q
 _4093_/Q
 _4094_/Q
 _4095_/Q
 _4096_/Q
 _4097_/Q
 _4098_/Q
 _4099_/Q
 _4100_/Q
 _4101_/Q
 _4102_/Q
 _4103_/Q
 _4104_/Q
 _4105_/Q
 _4106_/Q
 _4107_/Q
 _4108_/Q
 _4109_/Q
 _4110_/Q
 _4111_/Q
 _4112_/Q
 _4113_/Q
 _4114_/Q
 _4115_/Q
 _4116_/Q
 _4117_/Q
 _4118_/Q
 _4119_/Q
 _4120_/Q
 _4121_/Q
 _4122_/Q
 _4123_/Q
 _4124_/Q
 _4125_/Q
 _4126_/Q
 _4127_/Q
 _4128_/Q
 _4129_/Q
 _4130_/Q
 _4131_/Q
 _4132_/Q
 _4133_/Q
 _4134_/Q
 _4135_/Q
 _4136_/Q
 _4137_/Q
 _4138_/Q
 _4139_/Q
 _4140_/Q
 _4141_/Q
 _4142_/Q
 _4143_/Q
 _4144_/Q
 _4145_/Q
 _4146_/Q
 _4147_/Q
 _4148_/Q
 _4149_/Q
 _4150_/Q
 _4151_/Q
 _4152_/Q
 _4153_/Q
 _4154_/Q
 _4155_/Q
 _4156_/Q
 _4157_/Q
 _4158_/Q
 _4159_/Q
 _4160_/Q
 _4161_/Q
 _4162_/Q
 _4163_/Q
 _4164_/Q
 _4165_/Q
Found 0 partially unannotated drivers.

===========================================================================
max slew violation count 551
max fanout violation count 52
max cap violation count 6
============================================================================

===========================================================================
check_setup -verbose -unconstrained_endpoints -multiple_clock -no_clock -no_input_delay -loops -generated_clocks
===========================================================================
