Clock: clk
Sources: clk 
Generated: no
Virtual: no
Propagated: no
Period: 25.000000

===========================================================================
report_clock_properties
============================================================================
Clock                   Period          Waveform
----------------------------------------------------
clk                  25.000000    0.000000 12.500000

===========================================================================
report_clock_latency
============================================================================
Clock clk
rise -> rise
    min     max
0.000000 0.000000 source latency
1.792308         network latency _3854_/CLK
        1.792308 network latency _3854_/CLK
---------------
1.792308 1.792308 latency
        0.000000 skew

fall -> fall
    min     max
0.000000 0.000000 source latency
0.859284         network latency _3854_/CLK
        0.859284 network latency _3854_/CLK
---------------
0.859284 0.859284 latency
        0.000000 skew



===========================================================================
report_clock_min_period
============================================================================
clk period_min = 10.70 fmax = 93.44
