
Magic 8.3 revision 489 - Compiled on Thu Aug 22 13:45:15 UTC 2024.
Starting magic under Tcl interpreter
Using the terminal as the console.
Using NULL graphics device.
Processing system .magicrc file
Sourcing design .magicrc for technology sky130A ...
2 Magic internal units = 1 Lambda
Input style sky130(): scaleFactor=2, multiplier=2
The following types are not handled by extraction and will be treated as non-electrical types:
    ubm 
Scaled tech values by 2 / 1 to match internal grid scaling
Loading sky130A Device Generator Menu ...
Loading "/nix/store/ggca3knjd8cr3mvwr221rbqfs4vr36zy-python3-3.11.9-env/lib/python3.11/site-packages/librelane/scripts/magic/wrapper.tcl" from command line.
> lef read /home/nikotambo/.ciel/ciel/sky130/versions/0fe599b2afb6708d281543108caf8310912f54af/sky130A/libs.ref/sky130_fd_sc_hd/techlef/sky130_fd_sc_hd__nom.tlef
Reading LEF data from file /home/nikotambo/.ciel/ciel/sky130/versions/0fe599b2afb6708d281543108caf8310912f54af/sky130A/libs.ref/sky130_fd_sc_hd/techlef/sky130_fd_sc_hd__nom.tlef.
This action cannot be undone.
LEF read, Line 82 (Message): Unknown keyword "ANTENNAMODEL" in LEF file; ignoring.
LEF read, Line 83 (Message): Unknown keyword "ANTENNADIFFSIDEAREARATIO" in LEF file; ignoring.
LEF read, Line 116 (Message): Unknown keyword "MINENCLOSEDAREA" in LEF file; ignoring.
LEF read, Line 118 (Message): Unknown keyword "ANTENNAMODEL" in LEF file; ignoring.
LEF read, Line 119 (Message): Unknown keyword "ANTENNADIFFSIDEAREARATIO" in LEF file; ignoring.
LEF read, Line 125 (Message): Unknown keyword "MAXIMUMDENSITY" in LEF file; ignoring.
LEF read, Line 126 (Message): Unknown keyword "DENSITYCHECKWINDOW" in LEF file; ignoring.
LEF read, Line 127 (Message): Unknown keyword "DENSITYCHECKSTEP" in LEF file; ignoring.
LEF read, Line 160 (Message): Unknown keyword "MINENCLOSEDAREA" in LEF file; ignoring.
LEF read, Line 168 (Message): Unknown keyword "ANTENNAMODEL" in LEF file; ignoring.
LEF read, Line 169 (Message): Unknown keyword "ANTENNADIFFSIDEAREARATIO" in LEF file; ignoring.
LEF read, Line 171 (Message): Unknown keyword "MAXIMUMDENSITY" in LEF file; ignoring.
LEF read, Line 172 (Message): Unknown keyword "DENSITYCHECKWINDOW" in LEF file; ignoring.
LEF read, Line 173 (Message): Unknown keyword "DENSITYCHECKSTEP" in LEF file; ignoring.
LEF read, Line 210 (Message): Unknown keyword "ANTENNAMODEL" in LEF file; ignoring.
LEF read, Line 211 (Message): Unknown keyword "ANTENNADIFFSIDEAREARATIO" in LEF file; ignoring.
LEF read, Line 213 (Message): Unknown keyword "MAXIMUMDENSITY" in LEF file; ignoring.
LEF read, Line 214 (Message): Unknown keyword "DENSITYCHECKWINDOW" in LEF file; ignoring.
LEF read, Line 215 (Message): Unknown keyword "DENSITYCHECKSTEP" in LEF file; ignoring.
LEF read, Line 252 (Message): Unknown keyword "ANTENNAMODEL" in LEF file; ignoring.
LEF read, Line 253 (Message): Unknown keyword "ANTENNADIFFSIDEAREARATIO" in LEF file; ignoring.
LEF read, Line 255 (Message): Unknown keyword "MAXIMUMDENSITY" in LEF file; ignoring.
LEF read, Line 256 (Message): Unknown keyword "DENSITYCHECKWINDOW" in LEF file; ignoring.
LEF read, Line 257 (Message): Unknown keyword "DENSITYCHECKSTEP" in LEF file; ignoring.
LEF read, Line 294 (Message): Unknown keyword "ANTENNAMODEL" in LEF file; ignoring.
LEF read, Line 295 (Message): Unknown keyword "ANTENNADIFFSIDEAREARATIO" in LEF file; ignoring.
LEF read: Processed 801 lines.
> lef read /home/nikotambo/.ciel/ciel/sky130/versions/0fe599b2afb6708d281543108caf8310912f54af/sky130A/libs.ref/sky130_fd_sc_hd/lef/sky130_ef_sc_hd.lef
Reading LEF data from file /home/nikotambo/.ciel/ciel/sky130/versions/0fe599b2afb6708d281543108caf8310912f54af/sky130A/libs.ref/sky130_fd_sc_hd/lef/sky130_ef_sc_hd.lef.
This action cannot be undone.
LEF read: Processed 278 lines.
> lef read /home/nikotambo/.ciel/ciel/sky130/versions/0fe599b2afb6708d281543108caf8310912f54af/sky130A/libs.ref/sky130_fd_sc_hd/lef/sky130_fd_sc_hd.lef
Reading LEF data from file /home/nikotambo/.ciel/ciel/sky130/versions/0fe599b2afb6708d281543108caf8310912f54af/sky130A/libs.ref/sky130_fd_sc_hd/lef/sky130_fd_sc_hd.lef.
This action cannot be undone.
LEF read: Processed 56536 lines.
> def read /mnt/c/Users/nikot/ee531/my_designs/FPU_32_Bit/runs/RUN_2026-03-13_00-42-29/52-odb-cellfrequencytables/FP32_Div.def -noblockage -labels
Reading DEF data from file /mnt/c/Users/nikot/ee531/my_designs/FPU_32_Bit/runs/RUN_2026-03-13_00-42-29/52-odb-cellfrequencytables/FP32_Div.def.
This action cannot be undone.
  Processed 4 vias total.
  Processed 41113 subcell instances total.
  Processed 99 pins total.
  Processed 2 special nets total.
  Processed 16308 nets total.
DEF read: Processed 294543 lines.
Moving label "_00002_" from metal1 to viali in cell FP32_Div.
Moving label "_00014_" from metal1 to via1 in cell FP32_Div.
Moving label "_00040_" from metal2 to via2 in cell FP32_Div.
Moving label "_00061_" from metal2 to via2 in cell FP32_Div.
Moving label "_00078_" from metal1 to via1 in cell FP32_Div.
Moving label "_00093_" from metal1 to via1 in cell FP32_Div.
Moving label "_00105_" from metal1 to viali in cell FP32_Div.
Moving label "_00113_" from metal1 to via1 in cell FP32_Div.
Moving label "_00116_" from metal1 to via1 in cell FP32_Div.
Moving label "_00128_" from metal1 to via1 in cell FP32_Div.
Moving label "_00130_" from metal1 to via1 in cell FP32_Div.
Moving label "_00138_" from metal1 to via1 in cell FP32_Div.
Moving label "_00148_" from metal1 to via1 in cell FP32_Div.
Moving label "_00150_" from metal1 to via1 in cell FP32_Div.
Moving label "_00151_" from metal1 to via1 in cell FP32_Div.
Moving label "_00172_" from metal1 to via1 in cell FP32_Div.
Moving label "_00178_" from metal1 to via1 in cell FP32_Div.
Moving label "_00183_" from metal1 to via1 in cell FP32_Div.
Moving label "_00184_" from metal1 to via1 in cell FP32_Div.
Moving label "_00213_" from metal1 to via1 in cell FP32_Div.
Moving label "_00286_" from metal2 to via2 in cell FP32_Div.
Moving label "_00341_" from metal2 to via2 in cell FP32_Div.
Moving label "_00362_" from metal1 to viali in cell FP32_Div.
Moving label "_00451_" from metal1 to via1 in cell FP32_Div.
Moving label "_00537_" from metal1 to via1 in cell FP32_Div.
Moving label "_00579_" from metal2 to via1 in cell FP32_Div.
Moving label "_00581_" from metal2 to via1 in cell FP32_Div.
Moving label "_00595_" from metal2 to via2 in cell FP32_Div.
Moving label "_00661_" from metal1 to viali in cell FP32_Div.
Moving label "_00703_" from metal1 to viali in cell FP32_Div.
Moving label "_00705_" from metal1 to via1 in cell FP32_Div.
Moving label "_00808_" from metal2 to via2 in cell FP32_Div.
Moving label "_00916_" from metal1 to via1 in cell FP32_Div.
Moving label "_00963_" from metal1 to via1 in cell FP32_Div.
Moving label "_01083_" from metal1 to viali in cell FP32_Div.
Moving label "_01094_" from metal2 to via2 in cell FP32_Div.
Moving label "_01148_" from metal1 to viali in cell FP32_Div.
Moving label "_01361_" from metal1 to via1 in cell FP32_Div.
Moving label "_01435_" from metal2 to via2 in cell FP32_Div.
Moving label "_01439_" from metal2 to via2 in cell FP32_Div.
Moving label "_01469_" from metal1 to via1 in cell FP32_Div.
Moving label "_01506_" from metal2 to via2 in cell FP32_Div.
Moving label "_01541_" from metal1 to via1 in cell FP32_Div.
Moving label "_01558_" from metal1 to viali in cell FP32_Div.
Moving label "_01601_" from metal2 to via2 in cell FP32_Div.
Moving label "_01675_" from metal2 to via1 in cell FP32_Div.
Moving label "_01737_" from metal1 to via1 in cell FP32_Div.
Moving label "_01760_" from metal2 to via2 in cell FP32_Div.
Moving label "_01856_" from metal2 to via2 in cell FP32_Div.
Moving label "_01863_" from metal1 to via1 in cell FP32_Div.
Moving label "_01872_" from metal2 to via1 in cell FP32_Div.
Moving label "_01885_" from metal2 to via2 in cell FP32_Div.
Moving label "_01933_" from metal1 to viali in cell FP32_Div.
Moving label "_01942_" from metal2 to via2 in cell FP32_Div.
Moving label "_01948_" from metal1 to via1 in cell FP32_Div.
Moving label "_01979_" from metal2 to via1 in cell FP32_Div.
Moving label "_01989_" from metal2 to via2 in cell FP32_Div.
Moving label "_02017_" from metal1 to viali in cell FP32_Div.
Moving label "_02204_" from metal1 to viali in cell FP32_Div.
Moving label "_02323_" from metal2 to via1 in cell FP32_Div.
Moving label "_02377_" from metal2 to via2 in cell FP32_Div.
Moving label "_02379_" from metal2 to via2 in cell FP32_Div.
Moving label "_02415_" from metal2 to via1 in cell FP32_Div.
Moving label "_02452_" from metal1 to viali in cell FP32_Div.
Moving label "_02464_" from metal2 to via2 in cell FP32_Div.
Moving label "_02530_" from metal1 to viali in cell FP32_Div.
Moving label "_02556_" from metal1 to via1 in cell FP32_Div.
Moving label "_02584_" from metal1 to via1 in cell FP32_Div.
Moving label "_02611_" from metal1 to via1 in cell FP32_Div.
Moving label "_02612_" from metal1 to via1 in cell FP32_Div.
Moving label "_02784_" from metal1 to via1 in cell FP32_Div.
Moving label "_02856_" from metal1 to via1 in cell FP32_Div.
Moving label "_02866_" from metal1 to via1 in cell FP32_Div.
Moving label "_02911_" from metal1 to viali in cell FP32_Div.
Moving label "_02927_" from metal2 to via1 in cell FP32_Div.
Moving label "_03042_" from metal1 to via1 in cell FP32_Div.
Moving label "_03064_" from metal1 to via1 in cell FP32_Div.
Moving label "_03072_" from metal1 to via1 in cell FP32_Div.
Moving label "_03078_" from metal1 to via1 in cell FP32_Div.
Moving label "_03097_" from metal1 to via1 in cell FP32_Div.
Moving label "_03123_" from metal1 to via1 in cell FP32_Div.
Moving label "_03184_" from metal1 to viali in cell FP32_Div.
Moving label "_03219_" from metal2 to via2 in cell FP32_Div.
Moving label "_03220_" from metal1 to via1 in cell FP32_Div.
Moving label "_03273_" from metal1 to via1 in cell FP32_Div.
Moving label "_03299_" from metal2 to via2 in cell FP32_Div.
Moving label "_03320_" from metal2 to via2 in cell FP32_Div.
Moving label "_03376_" from metal1 to viali in cell FP32_Div.
Moving label "_03422_" from metal2 to via1 in cell FP32_Div.
Moving label "_03436_" from metal1 to viali in cell FP32_Div.
Moving label "_03478_" from metal1 to via1 in cell FP32_Div.
Moving label "_03596_" from metal1 to via1 in cell FP32_Div.
Moving label "_03606_" from metal1 to viali in cell FP32_Div.
Moving label "_03694_" from metal1 to viali in cell FP32_Div.
Moving label "_03704_" from metal2 to via1 in cell FP32_Div.
Moving label "_03737_" from metal1 to viali in cell FP32_Div.
Moving label "_03742_" from metal1 to via1 in cell FP32_Div.
Moving label "_03746_" from metal1 to viali in cell FP32_Div.
Moving label "_03773_" from metal2 to via1 in cell FP32_Div.
Moving label "_03787_" from metal1 to via1 in cell FP32_Div.
Moving label "_03862_" from metal2 to via2 in cell FP32_Div.
Moving label "_03890_" from metal1 to via1 in cell FP32_Div.
Moving label "_03973_" from metal1 to via1 in cell FP32_Div.
Moving label "_04054_" from metal1 to via1 in cell FP32_Div.
Moving label "_04058_" from metal2 to via1 in cell FP32_Div.
Moving label "_04151_" from metal1 to viali in cell FP32_Div.
Moving label "_04162_" from metal1 to via1 in cell FP32_Div.
Moving label "_04203_" from metal1 to via1 in cell FP32_Div.
Moving label "_04294_" from metal2 to via2 in cell FP32_Div.
Moving label "_04311_" from metal1 to via1 in cell FP32_Div.
Moving label "_04324_" from metal1 to via1 in cell FP32_Div.
Moving label "_04339_" from metal1 to via1 in cell FP32_Div.
Moving label "_04364_" from metal1 to via1 in cell FP32_Div.
Moving label "_04378_" from metal2 to via1 in cell FP32_Div.
Moving label "_04383_" from metal2 to via2 in cell FP32_Div.
Moving label "_04391_" from metal2 to via2 in cell FP32_Div.
Moving label "_04392_" from metal2 to via2 in cell FP32_Div.
Moving label "_04413_" from metal2 to via2 in cell FP32_Div.
Moving label "_04433_" from metal2 to via2 in cell FP32_Div.
Moving label "_04496_" from metal1 to via1 in cell FP32_Div.
Moving label "_04520_" from metal1 to via1 in cell FP32_Div.
Moving label "_04530_" from metal2 to via2 in cell FP32_Div.
Moving label "_04542_" from metal1 to via1 in cell FP32_Div.
Moving label "_04646_" from metal2 to via2 in cell FP32_Div.
Moving label "_04661_" from metal2 to via1 in cell FP32_Div.
Moving label "_04671_" from metal2 to via2 in cell FP32_Div.
Moving label "_04703_" from metal1 to via1 in cell FP32_Div.
Moving label "_04886_" from metal1 to via1 in cell FP32_Div.
Moving label "_04891_" from metal2 to via2 in cell FP32_Div.
Moving label "_05050_" from metal1 to via1 in cell FP32_Div.
Moving label "_05198_" from metal1 to via1 in cell FP32_Div.
Moving label "_05285_" from metal1 to via1 in cell FP32_Div.
Moving label "_05402_" from metal2 to via1 in cell FP32_Div.
Moving label "_05412_" from metal1 to via1 in cell FP32_Div.
Moving label "_05520_" from metal2 to via2 in cell FP32_Div.
Moving label "_05623_" from metal3 to via3 in cell FP32_Div.
Moving label "_05697_" from metal2 to via2 in cell FP32_Div.
Moving label "_05728_" from metal1 to via1 in cell FP32_Div.
Moving label "_05761_" from metal1 to viali in cell FP32_Div.
Moving label "_05773_" from metal1 to viali in cell FP32_Div.
Moving label "_05787_" from metal1 to via1 in cell FP32_Div.
Moving label "_05878_" from metal2 to via1 in cell FP32_Div.
Moving label "_05918_" from metal2 to via2 in cell FP32_Div.
Moving label "_05951_" from metal3 to via3 in cell FP32_Div.
Moving label "_06020_" from metal2 to via1 in cell FP32_Div.
Moving label "_06087_" from metal2 to via1 in cell FP32_Div.
Moving label "_06106_" from metal1 to via1 in cell FP32_Div.
Moving label "_06163_" from metal1 to via1 in cell FP32_Div.
Moving label "_06244_" from metal1 to via1 in cell FP32_Div.
Moving label "_06274_" from metal2 to via2 in cell FP32_Div.
Moving label "_06503_" from metal1 to viali in cell FP32_Div.
Moving label "_06545_" from metal1 to via1 in cell FP32_Div.
Moving label "_06583_" from metal2 to via2 in cell FP32_Div.
Moving label "_06621_" from metal2 to via1 in cell FP32_Div.
Moving label "_06662_" from metal1 to via1 in cell FP32_Div.
Moving label "_06722_" from metal1 to via1 in cell FP32_Div.
Moving label "_06791_" from metal2 to via2 in cell FP32_Div.
Moving label "_06795_" from metal1 to via1 in cell FP32_Div.
Moving label "_06935_" from metal1 to via1 in cell FP32_Div.
Moving label "_07049_" from metal1 to via1 in cell FP32_Div.
Moving label "_07179_" from metal1 to via1 in cell FP32_Div.
Moving label "_07220_" from metal1 to via1 in cell FP32_Div.
Moving label "_07229_" from metal2 to via2 in cell FP32_Div.
Moving label "_07312_" from metal1 to viali in cell FP32_Div.
Moving label "_07334_" from metal1 to via1 in cell FP32_Div.
Moving label "_07409_" from metal2 to via1 in cell FP32_Div.
Moving label "_07477_" from metal2 to via1 in cell FP32_Div.
Moving label "_07509_" from metal1 to via1 in cell FP32_Div.
Moving label "_07525_" from metal1 to viali in cell FP32_Div.
Moving label "_07576_" from metal1 to viali in cell FP32_Div.
Moving label "_07597_" from metal2 to via1 in cell FP32_Div.
Moving label "_07660_" from metal2 to via1 in cell FP32_Div.
Moving label "_07667_" from metal1 to via1 in cell FP32_Div.
Moving label "_07684_" from metal2 to via2 in cell FP32_Div.
Moving label "_07725_" from metal1 to viali in cell FP32_Div.
Moving label "_07735_" from metal2 to via2 in cell FP32_Div.
Moving label "_07854_" from metal1 to via1 in cell FP32_Div.
Moving label "_07909_" from metal1 to via1 in cell FP32_Div.
Moving label "_07945_" from metal1 to via1 in cell FP32_Div.
Moving label "_07948_" from metal1 to via1 in cell FP32_Div.
Moving label "_08031_" from metal1 to via1 in cell FP32_Div.
Moving label "_08041_" from metal1 to via1 in cell FP32_Div.
Moving label "_08045_" from metal1 to via1 in cell FP32_Div.
Moving label "_08079_" from metal1 to via1 in cell FP32_Div.
Moving label "_08146_" from metal1 to via1 in cell FP32_Div.
Moving label "_08227_" from metal1 to via1 in cell FP32_Div.
Moving label "_08341_" from metal2 to via2 in cell FP32_Div.
Moving label "_08361_" from metal1 to via1 in cell FP32_Div.
Moving label "_08373_" from metal2 to via2 in cell FP32_Div.
Moving label "_08391_" from metal1 to viali in cell FP32_Div.
Moving label "_08438_" from metal1 to via1 in cell FP32_Div.
Moving label "_08478_" from metal2 to via2 in cell FP32_Div.
Moving label "_08493_" from metal2 to via1 in cell FP32_Div.
Moving label "_08505_" from metal1 to viali in cell FP32_Div.
Moving label "_08528_" from metal1 to viali in cell FP32_Div.
Moving label "_08589_" from metal1 to via1 in cell FP32_Div.
Moving label "_08638_" from metal1 to via1 in cell FP32_Div.
Moving label "_08660_" from metal1 to via1 in cell FP32_Div.
Moving label "_08699_" from metal1 to via1 in cell FP32_Div.
Moving label "_08806_" from metal1 to via1 in cell FP32_Div.
Moving label "_08900_" from metal1 to viali in cell FP32_Div.
Moving label "_08975_" from metal2 to via1 in cell FP32_Div.
Moving label "_09009_" from metal1 to viali in cell FP32_Div.
Moving label "_09074_" from metal1 to viali in cell FP32_Div.
Moving label "_09280_" from metal1 to via1 in cell FP32_Div.
Moving label "_09368_" from metal2 to via1 in cell FP32_Div.
Moving label "_09410_" from metal2 to via2 in cell FP32_Div.
Moving label "_09444_" from metal1 to via1 in cell FP32_Div.
Moving label "_09503_" from metal1 to via1 in cell FP32_Div.
Moving label "_09516_" from metal1 to via1 in cell FP32_Div.
Moving label "_09543_" from metal1 to viali in cell FP32_Div.
Moving label "_09577_" from metal2 to via2 in cell FP32_Div.
Moving label "_09580_" from metal1 to viali in cell FP32_Div.
Moving label "_09602_" from metal1 to via1 in cell FP32_Div.
Moving label "_09645_" from metal1 to viali in cell FP32_Div.
Moving label "_09742_" from metal2 to via2 in cell FP32_Div.
Moving label "_09749_" from metal1 to via1 in cell FP32_Div.
Moving label "_09750_" from metal1 to via1 in cell FP32_Div.
Moving label "_09852_" from metal1 to viali in cell FP32_Div.
Moving label "_09897_" from metal3 to via3 in cell FP32_Div.
Moving label "_09913_" from metal2 to via2 in cell FP32_Div.
Moving label "_09917_" from metal1 to via1 in cell FP32_Div.
Moving label "_09941_" from metal2 to via2 in cell FP32_Div.
Moving label "_10033_" from metal2 to via2 in cell FP32_Div.
Moving label "_10097_" from metal1 to viali in cell FP32_Div.
Moving label "_10171_" from metal1 to via1 in cell FP32_Div.
Moving label "_10226_" from metal2 to via1 in cell FP32_Div.
Moving label "_10345_" from metal1 to viali in cell FP32_Div.
Moving label "_10353_" from metal1 to via1 in cell FP32_Div.
Moving label "_10363_" from metal1 to viali in cell FP32_Div.
Moving label "_10364_" from metal1 to viali in cell FP32_Div.
Moving label "_10377_" from metal2 to via2 in cell FP32_Div.
Moving label "_10382_" from metal1 to via1 in cell FP32_Div.
Moving label "_10433_" from metal1 to via1 in cell FP32_Div.
Moving label "_10467_" from metal2 to via2 in cell FP32_Div.
Moving label "_10475_" from metal1 to via1 in cell FP32_Div.
Moving label "_10538_" from metal2 to via2 in cell FP32_Div.
Moving label "_10546_" from metal1 to via1 in cell FP32_Div.
Moving label "_10566_" from metal2 to via1 in cell FP32_Div.
Moving label "_10634_" from metal1 to via1 in cell FP32_Div.
Moving label "_10683_" from metal1 to via1 in cell FP32_Div.
Moving label "_10711_" from metal2 to via2 in cell FP32_Div.
Moving label "_10719_" from metal2 to via1 in cell FP32_Div.
Moving label "_10736_" from metal2 to via2 in cell FP32_Div.
Moving label "_10737_" from metal1 to via1 in cell FP32_Div.
Moving label "_10807_" from metal1 to via1 in cell FP32_Div.
Moving label "_10917_" from metal1 to via1 in cell FP32_Div.
Moving label "_10963_" from metal1 to via1 in cell FP32_Div.
Moving label "_10988_" from metal1 to via1 in cell FP32_Div.
Moving label "_10997_" from metal2 to via1 in cell FP32_Div.
Moving label "_11025_" from metal1 to via1 in cell FP32_Div.
Moving label "_11052_" from metal2 to via1 in cell FP32_Div.
Moving label "_11289_" from metal2 to via2 in cell FP32_Div.
Moving label "_11303_" from metal1 to via1 in cell FP32_Div.
Moving label "_11311_" from metal1 to via1 in cell FP32_Div.
Moving label "_11339_" from metal1 to via1 in cell FP32_Div.
Moving label "_11378_" from metal2 to via2 in cell FP32_Div.
Moving label "_11380_" from metal1 to via1 in cell FP32_Div.
Moving label "_11419_" from metal1 to viali in cell FP32_Div.
Moving label "_11451_" from metal1 to viali in cell FP32_Div.
Moving label "_11471_" from metal1 to via1 in cell FP32_Div.
Moving label "_11473_" from metal2 to via2 in cell FP32_Div.
Moving label "_11503_" from metal1 to via1 in cell FP32_Div.
Moving label "_11507_" from metal1 to via1 in cell FP32_Div.
Moving label "_11587_" from metal1 to viali in cell FP32_Div.
Moving label "_11597_" from metal1 to via1 in cell FP32_Div.
Moving label "_11603_" from metal2 to via1 in cell FP32_Div.
Moving label "_11622_" from metal2 to via2 in cell FP32_Div.
Moving label "_11626_" from metal1 to via1 in cell FP32_Div.
Moving label "_11633_" from metal1 to via1 in cell FP32_Div.
Moving label "_11665_" from metal2 to via2 in cell FP32_Div.
Moving label "_11715_" from metal1 to via1 in cell FP32_Div.
Moving label "_11720_" from metal2 to via2 in cell FP32_Div.
Moving label "_11830_" from metal2 to via1 in cell FP32_Div.
Moving label "_11871_" from metal1 to via1 in cell FP32_Div.
Moving label "_11897_" from metal1 to via1 in cell FP32_Div.
Moving label "_11898_" from metal2 to via2 in cell FP32_Div.
Moving label "_11907_" from metal1 to via1 in cell FP32_Div.
Moving label "_11977_" from metal2 to via2 in cell FP32_Div.
Moving label "_12049_" from metal1 to viali in cell FP32_Div.
Moving label "_12065_" from metal2 to via1 in cell FP32_Div.
Moving label "_12077_" from metal2 to via2 in cell FP32_Div.
Moving label "_12087_" from metal1 to viali in cell FP32_Div.
Moving label "_12144_" from metal1 to via1 in cell FP32_Div.
Moving label "_12164_" from metal1 to viali in cell FP32_Div.
Moving label "_12264_" from metal2 to via2 in cell FP32_Div.
Moving label "_12372_" from metal2 to via2 in cell FP32_Div.
Moving label "_12438_" from metal2 to via2 in cell FP32_Div.
Moving label "_12447_" from metal1 to via1 in cell FP32_Div.
Moving label "_12513_" from metal1 to via1 in cell FP32_Div.
Moving label "_12624_" from metal1 to via1 in cell FP32_Div.
Moving label "_12680_" from metal1 to via1 in cell FP32_Div.
Moving label "_12830_" from metal1 to via1 in cell FP32_Div.
Moving label "_12842_" from metal1 to viali in cell FP32_Div.
Moving label "_12860_" from metal1 to via1 in cell FP32_Div.
Moving label "_12957_" from metal1 to via1 in cell FP32_Div.
Moving label "_12961_" from metal1 to via1 in cell FP32_Div.
Moving label "_12962_" from metal1 to via1 in cell FP32_Div.
Moving label "_13188_" from metal2 to via2 in cell FP32_Div.
Moving label "_13191_" from metal1 to via1 in cell FP32_Div.
Moving label "_13216_" from metal2 to via2 in cell FP32_Div.
Moving label "_13264_" from metal1 to via1 in cell FP32_Div.
Moving label "_13280_" from metal2 to via2 in cell FP32_Div.
Moving label "_13376_" from metal1 to viali in cell FP32_Div.
Moving label "_13415_" from metal1 to via1 in cell FP32_Div.
Moving label "_13422_" from metal1 to viali in cell FP32_Div.
Moving label "_13452_" from metal2 to via2 in cell FP32_Div.
Moving label "_13628_" from metal1 to viali in cell FP32_Div.
Moving label "_13643_" from metal2 to via1 in cell FP32_Div.
Moving label "_13671_" from metal1 to viali in cell FP32_Div.
Moving label "_13702_" from metal2 to via1 in cell FP32_Div.
Moving label "_13722_" from metal2 to via2 in cell FP32_Div.
Moving label "_13723_" from metal1 to via1 in cell FP32_Div.
Moving label "_13766_" from metal1 to viali in cell FP32_Div.
Moving label "_13786_" from metal2 to via2 in cell FP32_Div.
Moving label "_13797_" from metal1 to viali in cell FP32_Div.
Moving label "_13827_" from metal2 to via1 in cell FP32_Div.
Moving label "_13906_" from metal1 to via1 in cell FP32_Div.
Moving label "_14030_" from metal2 to via2 in cell FP32_Div.
Moving label "_14083_" from metal1 to viali in cell FP32_Div.
Moving label "_14162_" from metal3 to via3 in cell FP32_Div.
Moving label "_14190_" from metal1 to via1 in cell FP32_Div.
Moving label "_14234_" from metal1 to via1 in cell FP32_Div.
Moving label "_14300_" from metal1 to via1 in cell FP32_Div.
Moving label "_14323_" from metal2 to via2 in cell FP32_Div.
Moving label "_14459_" from metal2 to via2 in cell FP32_Div.
Moving label "_14465_" from metal2 to via2 in cell FP32_Div.
Moving label "_14477_" from metal1 to viali in cell FP32_Div.
Moving label "_14500_" from metal1 to via1 in cell FP32_Div.
Moving label "_14507_" from metal2 to via2 in cell FP32_Div.
Moving label "_14524_" from metal1 to via1 in cell FP32_Div.
Moving label "_14535_" from metal1 to via1 in cell FP32_Div.
Moving label "_14599_" from metal1 to via1 in cell FP32_Div.
Moving label "_14654_" from metal1 to via1 in cell FP32_Div.
Moving label "clknet_2_1__leaf_clk" from metal2 to via2 in cell FP32_Div.
Moving label "clknet_leaf_27_clk" from metal1 to viali in cell FP32_Div.
Moving label "exp[1]" from metal2 to via2 in cell FP32_Div.
Moving label "expb[1]" from metal2 to via2 in cell FP32_Div.
Moving label "mantisaA[18]" from metal2 to via2 in cell FP32_Div.
Moving label "mantisaAshift\[62\]" from metal2 to via2 in cell FP32_Div.
Moving label "mantisaBshift\[10\]" from metal2 to via2 in cell FP32_Div.
Moving label "mantisaBshift\[23\]" from metal2 to via2 in cell FP32_Div.
Moving label "mantisa[11]" from metal2 to via2 in cell FP32_Div.
Moving label "mantisa[20]" from metal2 to via2 in cell FP32_Div.
Moving label "mantisa[22]" from metal2 to via2 in cell FP32_Div.
Moving label "mantisa[2]" from metal2 to via2 in cell FP32_Div.
Moving label "mantisaresult\[25\]" from metal2 to via2 in cell FP32_Div.
Moving label "mantisaresult\[26\]" from metal1 to via1 in cell FP32_Div.
Moving label "mantisaresult\[60\]" from metal1 to via1 in cell FP32_Div.
Moving label "net1" from metal2 to via1 in cell FP32_Div.
Moving label "net100" from metal2 to via2 in cell FP32_Div.
Moving label "net101" from metal2 to via1 in cell FP32_Div.
Moving label "net1045" from metal1 to via1 in cell FP32_Div.
Moving label "net1079" from metal2 to via2 in cell FP32_Div.
Moving label "net1085" from metal2 to via2 in cell FP32_Div.
Moving label "net1154" from metal1 to via1 in cell FP32_Div.
Moving label "net1184" from metal1 to via1 in cell FP32_Div.
Moving label "net134" from metal2 to via1 in cell FP32_Div.
Moving label "net155" from metal1 to via1 in cell FP32_Div.
Moving label "net164" from metal1 to via1 in cell FP32_Div.
Moving label "net186" from metal3 to via3 in cell FP32_Div.
Moving label "net229" from metal2 to via1 in cell FP32_Div.
Moving label "net245" from metal2 to via1 in cell FP32_Div.
Moving label "net263" from metal1 to via1 in cell FP32_Div.
Moving label "net337" from metal1 to via1 in cell FP32_Div.
Moving label "net338" from metal2 to via1 in cell FP32_Div.
Moving label "net341" from metal2 to via2 in cell FP32_Div.
Moving label "net342" from metal3 to via3 in cell FP32_Div.
Moving label "net358" from metal2 to via2 in cell FP32_Div.
Moving label "net418" from metal2 to via1 in cell FP32_Div.
Moving label "net429" from metal1 to viali in cell FP32_Div.
Moving label "net500" from metal2 to via2 in cell FP32_Div.
Moving label "net531" from metal2 to via2 in cell FP32_Div.
Moving label "net592" from metal2 to via2 in cell FP32_Div.
Moving label "net597" from metal2 to via2 in cell FP32_Div.
Moving label "net598" from metal2 to via2 in cell FP32_Div.
Moving label "net60" from metal2 to via2 in cell FP32_Div.
Moving label "net610" from metal2 to via2 in cell FP32_Div.
Moving label "net611" from metal2 to via2 in cell FP32_Div.
Moving label "net615" from metal1 to via1 in cell FP32_Div.
Moving label "net679" from metal2 to via2 in cell FP32_Div.
Moving label "net701" from metal3 to via3 in cell FP32_Div.
Moving label "net705" from metal2 to via2 in cell FP32_Div.
Moving label "net720" from metal2 to via2 in cell FP32_Div.
Moving label "net743" from metal2 to via2 in cell FP32_Div.
Moving label "net772" from metal2 to via2 in cell FP32_Div.
Moving label "net79" from metal2 to via2 in cell FP32_Div.
Moving label "net790" from metal3 to via3 in cell FP32_Div.
Moving label "net842" from metal2 to via2 in cell FP32_Div.
Moving label "net865" from metal3 to via2 in cell FP32_Div.
Moving label "net869" from metal1 to viali in cell FP32_Div.
Moving label "net932" from metal2 to via2 in cell FP32_Div.
Moving label "net936" from metal2 to via2 in cell FP32_Div.
Moving label "net987" from metal2 to via2 in cell FP32_Div.
Processing FP32_Div
Extracting sky130_ef_sc_hd__decap_12 into sky130_ef_sc_hd__decap_12.ext:
Extracting sky130_fd_sc_hd__decap_3 into sky130_fd_sc_hd__decap_3.ext:
Extracting sky130_fd_sc_hd__fill_1 into sky130_fd_sc_hd__fill_1.ext:
Extracting sky130_fd_sc_hd__tapvpwrvgnd_1 into sky130_fd_sc_hd__tapvpwrvgnd_1.ext:
Extracting sky130_fd_sc_hd__decap_4 into sky130_fd_sc_hd__decap_4.ext:
Extracting sky130_fd_sc_hd__decap_6 into sky130_fd_sc_hd__decap_6.ext:
Extracting sky130_fd_sc_hd__decap_8 into sky130_fd_sc_hd__decap_8.ext:
Extracting sky130_fd_sc_hd__clkbuf_1 into sky130_fd_sc_hd__clkbuf_1.ext:
Extracting sky130_fd_sc_hd__or4_1 into sky130_fd_sc_hd__or4_1.ext:
Extracting sky130_fd_sc_hd__fill_2 into sky130_fd_sc_hd__fill_2.ext:
Extracting sky130_fd_sc_hd__dfxtp_1 into sky130_fd_sc_hd__dfxtp_1.ext:
Extracting sky130_fd_sc_hd__or4_4 into sky130_fd_sc_hd__or4_4.ext:
Extracting sky130_fd_sc_hd__diode_2 into sky130_fd_sc_hd__diode_2.ext:
Extracting sky130_fd_sc_hd__buf_2 into sky130_fd_sc_hd__buf_2.ext:
Extracting sky130_fd_sc_hd__clkbuf_8 into sky130_fd_sc_hd__clkbuf_8.ext:
Extracting sky130_fd_sc_hd__or4_2 into sky130_fd_sc_hd__or4_2.ext:
Extracting sky130_fd_sc_hd__mux2_1 into sky130_fd_sc_hd__mux2_1.ext:
Extracting sky130_fd_sc_hd__dlygate4sd3_1 into sky130_fd_sc_hd__dlygate4sd3_1.ext:
Extracting sky130_fd_sc_hd__bufinv_16 into sky130_fd_sc_hd__bufinv_16.ext:
Extracting sky130_fd_sc_hd__inv_6 into sky130_fd_sc_hd__inv_6.ext:
Extracting sky130_fd_sc_hd__xnor2_1 into sky130_fd_sc_hd__xnor2_1.ext:
Extracting sky130_fd_sc_hd__inv_2 into sky130_fd_sc_hd__inv_2.ext:
Extracting sky130_fd_sc_hd__nand2_1 into sky130_fd_sc_hd__nand2_1.ext:
Extracting sky130_fd_sc_hd__nor2_1 into sky130_fd_sc_hd__nor2_1.ext:
Extracting sky130_fd_sc_hd__a21oi_1 into sky130_fd_sc_hd__a21oi_1.ext:
Extracting sky130_fd_sc_hd__xnor2_2 into sky130_fd_sc_hd__xnor2_2.ext:
Extracting sky130_fd_sc_hd__xor2_2 into sky130_fd_sc_hd__xor2_2.ext:
Extracting sky130_fd_sc_hd__buf_4 into sky130_fd_sc_hd__buf_4.ext:
Extracting sky130_fd_sc_hd__and2_1 into sky130_fd_sc_hd__and2_1.ext:
Extracting sky130_fd_sc_hd__or2_1 into sky130_fd_sc_hd__or2_1.ext:
Extracting sky130_fd_sc_hd__clkbuf_4 into sky130_fd_sc_hd__clkbuf_4.ext:
Extracting sky130_fd_sc_hd__a21o_1 into sky130_fd_sc_hd__a21o_1.ext:
Extracting sky130_fd_sc_hd__a211oi_2 into sky130_fd_sc_hd__a211oi_2.ext:
Extracting sky130_fd_sc_hd__mux2_2 into sky130_fd_sc_hd__mux2_2.ext:
Extracting sky130_fd_sc_hd__or3_4 into sky130_fd_sc_hd__or3_4.ext:
Extracting sky130_fd_sc_hd__xor2_1 into sky130_fd_sc_hd__xor2_1.ext:
Extracting sky130_fd_sc_hd__o211a_1 into sky130_fd_sc_hd__o211a_1.ext:
Extracting sky130_fd_sc_hd__o21ai_1 into sky130_fd_sc_hd__o21ai_1.ext:
Extracting sky130_fd_sc_hd__a221o_1 into sky130_fd_sc_hd__a221o_1.ext:
Extracting sky130_fd_sc_hd__o21a_1 into sky130_fd_sc_hd__o21a_1.ext:
Extracting sky130_fd_sc_hd__mux2_4 into sky130_fd_sc_hd__mux2_4.ext:
Extracting sky130_fd_sc_hd__a21bo_1 into sky130_fd_sc_hd__a21bo_1.ext:
Extracting sky130_fd_sc_hd__xnor2_4 into sky130_fd_sc_hd__xnor2_4.ext:
Extracting sky130_fd_sc_hd__dfxtp_2 into sky130_fd_sc_hd__dfxtp_2.ext:
Extracting sky130_fd_sc_hd__or3b_4 into sky130_fd_sc_hd__or3b_4.ext:
Extracting sky130_fd_sc_hd__o211a_4 into sky130_fd_sc_hd__o211a_4.ext:
Extracting sky130_fd_sc_hd__nand2b_1 into sky130_fd_sc_hd__nand2b_1.ext:
Extracting sky130_fd_sc_hd__o21ai_2 into sky130_fd_sc_hd__o21ai_2.ext:
Extracting sky130_fd_sc_hd__and3_4 into sky130_fd_sc_hd__and3_4.ext:
Extracting sky130_fd_sc_hd__nand3_1 into sky130_fd_sc_hd__nand3_1.ext:
Extracting sky130_fd_sc_hd__buf_6 into sky130_fd_sc_hd__buf_6.ext:
Extracting sky130_fd_sc_hd__a2111o_1 into sky130_fd_sc_hd__a2111o_1.ext:
Extracting sky130_fd_sc_hd__a21oi_2 into sky130_fd_sc_hd__a21oi_2.ext:
Extracting sky130_fd_sc_hd__a31o_1 into sky130_fd_sc_hd__a31o_1.ext:
Extracting sky130_fd_sc_hd__o32a_1 into sky130_fd_sc_hd__o32a_1.ext:
Extracting sky130_fd_sc_hd__or3_1 into sky130_fd_sc_hd__or3_1.ext:
Extracting sky130_fd_sc_hd__o32ai_2 into sky130_fd_sc_hd__o32ai_2.ext:
Extracting sky130_fd_sc_hd__and4bb_1 into sky130_fd_sc_hd__and4bb_1.ext:
Extracting sky130_fd_sc_hd__nand2b_2 into sky130_fd_sc_hd__nand2b_2.ext:
Extracting sky130_fd_sc_hd__and3_1 into sky130_fd_sc_hd__and3_1.ext:
Extracting sky130_fd_sc_hd__a211o_1 into sky130_fd_sc_hd__a211o_1.ext:
Extracting sky130_fd_sc_hd__o21bai_1 into sky130_fd_sc_hd__o21bai_1.ext:
Extracting sky130_fd_sc_hd__dfxtp_4 into sky130_fd_sc_hd__dfxtp_4.ext:
Extracting sky130_fd_sc_hd__o21ba_1 into sky130_fd_sc_hd__o21ba_1.ext:
Extracting sky130_fd_sc_hd__o22a_1 into sky130_fd_sc_hd__o22a_1.ext:
Extracting sky130_fd_sc_hd__o32a_4 into sky130_fd_sc_hd__o32a_4.ext:
Extracting sky130_fd_sc_hd__and2b_1 into sky130_fd_sc_hd__and2b_1.ext:
Extracting sky130_fd_sc_hd__o211ai_1 into sky130_fd_sc_hd__o211ai_1.ext:
Extracting sky130_fd_sc_hd__o211ai_2 into sky130_fd_sc_hd__o211ai_2.ext:
Extracting sky130_fd_sc_hd__nor2_2 into sky130_fd_sc_hd__nor2_2.ext:
Extracting sky130_fd_sc_hd__a31oi_4 into sky130_fd_sc_hd__a31oi_4.ext:
Extracting sky130_fd_sc_hd__a311o_1 into sky130_fd_sc_hd__a311o_1.ext:
Extracting sky130_fd_sc_hd__and4_1 into sky130_fd_sc_hd__and4_1.ext:
Extracting sky130_fd_sc_hd__o221a_1 into sky130_fd_sc_hd__o221a_1.ext:
Extracting sky130_fd_sc_hd__a22o_1 into sky130_fd_sc_hd__a22o_1.ext:
Extracting sky130_fd_sc_hd__a2bb2o_2 into sky130_fd_sc_hd__a2bb2o_2.ext:
Extracting sky130_fd_sc_hd__and2_4 into sky130_fd_sc_hd__and2_4.ext:
Extracting sky130_fd_sc_hd__nand2_2 into sky130_fd_sc_hd__nand2_2.ext:
Extracting sky130_fd_sc_hd__nor2_4 into sky130_fd_sc_hd__nor2_4.ext:
Extracting sky130_fd_sc_hd__or2_4 into sky130_fd_sc_hd__or2_4.ext:
Extracting sky130_fd_sc_hd__o41a_1 into sky130_fd_sc_hd__o41a_1.ext:
Extracting sky130_fd_sc_hd__buf_8 into sky130_fd_sc_hd__buf_8.ext:
Extracting sky130_fd_sc_hd__a21boi_1 into sky130_fd_sc_hd__a21boi_1.ext:
Extracting sky130_fd_sc_hd__o2bb2a_1 into sky130_fd_sc_hd__o2bb2a_1.ext:
Extracting sky130_fd_sc_hd__or4bb_4 into sky130_fd_sc_hd__or4bb_4.ext:
Extracting sky130_fd_sc_hd__o31a_1 into sky130_fd_sc_hd__o31a_1.ext:
Extracting sky130_fd_sc_hd__o31a_4 into sky130_fd_sc_hd__o31a_4.ext:
Extracting sky130_fd_sc_hd__o31ai_4 into sky130_fd_sc_hd__o31ai_4.ext:
Extracting sky130_fd_sc_hd__a32o_1 into sky130_fd_sc_hd__a32o_1.ext:
Extracting sky130_fd_sc_hd__o22ai_1 into sky130_fd_sc_hd__o22ai_1.ext:
Extracting sky130_fd_sc_hd__o311ai_4 into sky130_fd_sc_hd__o311ai_4.ext:
Extracting sky130_fd_sc_hd__o311a_1 into sky130_fd_sc_hd__o311a_1.ext:
Extracting sky130_fd_sc_hd__o221ai_4 into sky130_fd_sc_hd__o221ai_4.ext:
Extracting sky130_fd_sc_hd__clkbuf_2 into sky130_fd_sc_hd__clkbuf_2.ext:
Extracting sky130_fd_sc_hd__or3b_1 into sky130_fd_sc_hd__or3b_1.ext:
Extracting sky130_fd_sc_hd__o21a_4 into sky130_fd_sc_hd__o21a_4.ext:
Extracting sky130_fd_sc_hd__or4b_4 into sky130_fd_sc_hd__or4b_4.ext:
Extracting sky130_fd_sc_hd__a21oi_4 into sky130_fd_sc_hd__a21oi_4.ext:
Extracting sky130_fd_sc_hd__o21ba_4 into sky130_fd_sc_hd__o21ba_4.ext:
Extracting sky130_fd_sc_hd__nand4_2 into sky130_fd_sc_hd__nand4_2.ext:
Extracting sky130_fd_sc_hd__a2bb2o_1 into sky130_fd_sc_hd__a2bb2o_1.ext:
Extracting sky130_fd_sc_hd__a311oi_2 into sky130_fd_sc_hd__a311oi_2.ext:
Extracting sky130_fd_sc_hd__a21o_4 into sky130_fd_sc_hd__a21o_4.ext:
Extracting sky130_fd_sc_hd__o311a_4 into sky130_fd_sc_hd__o311a_4.ext:
Extracting sky130_fd_sc_hd__a31oi_2 into sky130_fd_sc_hd__a31oi_2.ext:
Extracting sky130_fd_sc_hd__dlymetal6s2s_1 into sky130_fd_sc_hd__dlymetal6s2s_1.ext:
Extracting sky130_fd_sc_hd__o41ai_4 into sky130_fd_sc_hd__o41ai_4.ext:
Extracting sky130_fd_sc_hd__a311oi_4 into sky130_fd_sc_hd__a311oi_4.ext:
Extracting sky130_fd_sc_hd__o22ai_2 into sky130_fd_sc_hd__o22ai_2.ext:
Extracting sky130_fd_sc_hd__and4b_1 into sky130_fd_sc_hd__and4b_1.ext:
Extracting sky130_fd_sc_hd__a211o_4 into sky130_fd_sc_hd__a211o_4.ext:
Extracting sky130_fd_sc_hd__o221a_4 into sky130_fd_sc_hd__o221a_4.ext:
Extracting sky130_fd_sc_hd__nand3b_1 into sky130_fd_sc_hd__nand3b_1.ext:
Extracting sky130_fd_sc_hd__o21bai_2 into sky130_fd_sc_hd__o21bai_2.ext:
Extracting sky130_fd_sc_hd__a21boi_2 into sky130_fd_sc_hd__a21boi_2.ext:
Extracting sky130_fd_sc_hd__or4bb_1 into sky130_fd_sc_hd__or4bb_1.ext:
Extracting sky130_fd_sc_hd__inv_8 into sky130_fd_sc_hd__inv_8.ext:
Extracting sky130_fd_sc_hd__o41ai_1 into sky130_fd_sc_hd__o41ai_1.ext:
Extracting sky130_fd_sc_hd__o2111a_1 into sky130_fd_sc_hd__o2111a_1.ext:
Extracting sky130_fd_sc_hd__a211oi_1 into sky130_fd_sc_hd__a211oi_1.ext:
Extracting sky130_fd_sc_hd__and3b_1 into sky130_fd_sc_hd__and3b_1.ext:
Extracting sky130_fd_sc_hd__nor3_1 into sky130_fd_sc_hd__nor3_1.ext:
Extracting sky130_fd_sc_hd__o31ai_2 into sky130_fd_sc_hd__o31ai_2.ext:
Extracting sky130_fd_sc_hd__nor3b_2 into sky130_fd_sc_hd__nor3b_2.ext:
Extracting sky130_fd_sc_hd__or4b_1 into sky130_fd_sc_hd__or4b_1.ext:
Extracting sky130_fd_sc_hd__o221ai_2 into sky130_fd_sc_hd__o221ai_2.ext:
Extracting sky130_fd_sc_hd__a31oi_1 into sky130_fd_sc_hd__a31oi_1.ext:
Extracting sky130_fd_sc_hd__a41oi_4 into sky130_fd_sc_hd__a41oi_4.ext:
Extracting sky130_fd_sc_hd__o41ai_2 into sky130_fd_sc_hd__o41ai_2.ext:
Extracting sky130_fd_sc_hd__nand2_4 into sky130_fd_sc_hd__nand2_4.ext:
Extracting sky130_fd_sc_hd__and2_2 into sky130_fd_sc_hd__and2_2.ext:
Extracting sky130_fd_sc_hd__buf_12 into sky130_fd_sc_hd__buf_12.ext:
Extracting sky130_fd_sc_hd__a221o_2 into sky130_fd_sc_hd__a221o_2.ext:
Extracting sky130_fd_sc_hd__nand4_4 into sky130_fd_sc_hd__nand4_4.ext:
Extracting sky130_fd_sc_hd__a41o_1 into sky130_fd_sc_hd__a41o_1.ext:
Extracting sky130_fd_sc_hd__a31o_4 into sky130_fd_sc_hd__a31o_4.ext:
Extracting sky130_fd_sc_hd__nand4_1 into sky130_fd_sc_hd__nand4_1.ext:
Extracting sky130_fd_sc_hd__clkinv_8 into sky130_fd_sc_hd__clkinv_8.ext:
Extracting sky130_fd_sc_hd__o211ai_4 into sky130_fd_sc_hd__o211ai_4.ext:
Extracting sky130_fd_sc_hd__nor2_8 into sky130_fd_sc_hd__nor2_8.ext:
Extracting sky130_fd_sc_hd__nor3b_1 into sky130_fd_sc_hd__nor3b_1.ext:
Extracting sky130_fd_sc_hd__nand3b_4 into sky130_fd_sc_hd__nand3b_4.ext:
Extracting sky130_fd_sc_hd__nand3_4 into sky130_fd_sc_hd__nand3_4.ext:
Extracting sky130_fd_sc_hd__nor3_4 into sky130_fd_sc_hd__nor3_4.ext:
Extracting sky130_fd_sc_hd__and3_2 into sky130_fd_sc_hd__and3_2.ext:
Extracting sky130_fd_sc_hd__or2_2 into sky130_fd_sc_hd__or2_2.ext:
Extracting sky130_fd_sc_hd__o2111ai_4 into sky130_fd_sc_hd__o2111ai_4.ext:
Extracting sky130_fd_sc_hd__a311oi_1 into sky130_fd_sc_hd__a311oi_1.ext:
Extracting sky130_fd_sc_hd__or3_2 into sky130_fd_sc_hd__or3_2.ext:
Extracting sky130_fd_sc_hd__o2bb2a_4 into sky130_fd_sc_hd__o2bb2a_4.ext:
Extracting sky130_fd_sc_hd__nand2b_4 into sky130_fd_sc_hd__nand2b_4.ext:
Extracting sky130_fd_sc_hd__a211oi_4 into sky130_fd_sc_hd__a211oi_4.ext:
Extracting sky130_fd_sc_hd__o21bai_4 into sky130_fd_sc_hd__o21bai_4.ext:
Extracting sky130_fd_sc_hd__o221a_2 into sky130_fd_sc_hd__o221a_2.ext:
Extracting sky130_fd_sc_hd__buf_1 into sky130_fd_sc_hd__buf_1.ext:
Extracting sky130_fd_sc_hd__and4bb_4 into sky130_fd_sc_hd__and4bb_4.ext:
Extracting sky130_fd_sc_hd__a41o_4 into sky130_fd_sc_hd__a41o_4.ext:
Extracting sky130_fd_sc_hd__a21bo_4 into sky130_fd_sc_hd__a21bo_4.ext:
Extracting sky130_fd_sc_hd__a31o_2 into sky130_fd_sc_hd__a31o_2.ext:
Extracting sky130_fd_sc_hd__nor4_4 into sky130_fd_sc_hd__nor4_4.ext:
Extracting sky130_fd_sc_hd__clkbuf_16 into sky130_fd_sc_hd__clkbuf_16.ext:
Extracting sky130_fd_sc_hd__and2b_2 into sky130_fd_sc_hd__and2b_2.ext:
Extracting sky130_fd_sc_hd__o22a_2 into sky130_fd_sc_hd__o22a_2.ext:
Extracting sky130_fd_sc_hd__inv_16 into sky130_fd_sc_hd__inv_16.ext:
Extracting sky130_fd_sc_hd__a21boi_4 into sky130_fd_sc_hd__a21boi_4.ext:
Extracting sky130_fd_sc_hd__clkinvlp_4 into sky130_fd_sc_hd__clkinvlp_4.ext:
Extracting sky130_fd_sc_hd__nand2_8 into sky130_fd_sc_hd__nand2_8.ext:
Extracting sky130_fd_sc_hd__o221ai_1 into sky130_fd_sc_hd__o221ai_1.ext:
Extracting sky130_fd_sc_hd__a22oi_1 into sky130_fd_sc_hd__a22oi_1.ext:
Extracting sky130_fd_sc_hd__nand3_2 into sky130_fd_sc_hd__nand3_2.ext:
Extracting sky130_fd_sc_hd__a2111o_2 into sky130_fd_sc_hd__a2111o_2.ext:
Extracting sky130_fd_sc_hd__a221o_4 into sky130_fd_sc_hd__a221o_4.ext:
Extracting sky130_fd_sc_hd__a32oi_4 into sky130_fd_sc_hd__a32oi_4.ext:
Extracting sky130_fd_sc_hd__a21bo_2 into sky130_fd_sc_hd__a21bo_2.ext:
Extracting sky130_fd_sc_hd__a22oi_4 into sky130_fd_sc_hd__a22oi_4.ext:
Extracting sky130_fd_sc_hd__nor3b_4 into sky130_fd_sc_hd__nor3b_4.ext:
Extracting sky130_fd_sc_hd__nor4b_1 into sky130_fd_sc_hd__nor4b_1.ext:
Extracting sky130_fd_sc_hd__or3b_2 into sky130_fd_sc_hd__or3b_2.ext:
Extracting sky130_fd_sc_hd__nor4_2 into sky130_fd_sc_hd__nor4_2.ext:
Extracting sky130_fd_sc_hd__o22ai_4 into sky130_fd_sc_hd__o22ai_4.ext:
Extracting sky130_fd_sc_hd__nor3_2 into sky130_fd_sc_hd__nor3_2.ext:
Extracting sky130_fd_sc_hd__o2bb2a_2 into sky130_fd_sc_hd__o2bb2a_2.ext:
Extracting sky130_fd_sc_hd__a2111o_4 into sky130_fd_sc_hd__a2111o_4.ext:
Extracting sky130_fd_sc_hd__nor4_1 into sky130_fd_sc_hd__nor4_1.ext:
Extracting sky130_fd_sc_hd__and4_2 into sky130_fd_sc_hd__and4_2.ext:
Extracting sky130_fd_sc_hd__clkinv_2 into sky130_fd_sc_hd__clkinv_2.ext:
Extracting sky130_fd_sc_hd__o311a_2 into sky130_fd_sc_hd__o311a_2.ext:
Extracting sky130_fd_sc_hd__or4b_2 into sky130_fd_sc_hd__or4b_2.ext:
Extracting sky130_fd_sc_hd__clkinv_4 into sky130_fd_sc_hd__clkinv_4.ext:
Extracting sky130_fd_sc_hd__o2111ai_2 into sky130_fd_sc_hd__o2111ai_2.ext:
Extracting sky130_fd_sc_hd__o31ai_1 into sky130_fd_sc_hd__o31ai_1.ext:
Extracting sky130_fd_sc_hd__a21o_2 into sky130_fd_sc_hd__a21o_2.ext:
Extracting sky130_fd_sc_hd__inv_12 into sky130_fd_sc_hd__inv_12.ext:
Extracting sky130_fd_sc_hd__a2111oi_2 into sky130_fd_sc_hd__a2111oi_2.ext:
Extracting sky130_fd_sc_hd__a311o_4 into sky130_fd_sc_hd__a311o_4.ext:
Extracting sky130_fd_sc_hd__and4b_2 into sky130_fd_sc_hd__and4b_2.ext:
Extracting sky130_fd_sc_hd__a2111oi_1 into sky130_fd_sc_hd__a2111oi_1.ext:
Extracting sky130_fd_sc_hd__a221oi_4 into sky130_fd_sc_hd__a221oi_4.ext:
Extracting sky130_fd_sc_hd__o31a_2 into sky130_fd_sc_hd__o31a_2.ext:
Extracting sky130_fd_sc_hd__nor4b_4 into sky130_fd_sc_hd__nor4b_4.ext:
Extracting sky130_fd_sc_hd__nand3b_2 into sky130_fd_sc_hd__nand3b_2.ext:
Extracting sky130_fd_sc_hd__a221oi_2 into sky130_fd_sc_hd__a221oi_2.ext:
Extracting sky130_fd_sc_hd__o21ai_4 into sky130_fd_sc_hd__o21ai_4.ext:
Extracting sky130_fd_sc_hd__a2bb2o_4 into sky130_fd_sc_hd__a2bb2o_4.ext:
Extracting sky130_fd_sc_hd__o2bb2ai_1 into sky130_fd_sc_hd__o2bb2ai_1.ext:
Extracting sky130_fd_sc_hd__o32a_2 into sky130_fd_sc_hd__o32a_2.ext:
Extracting sky130_fd_sc_hd__o41a_2 into sky130_fd_sc_hd__o41a_2.ext:
Extracting sky130_fd_sc_hd__o311ai_2 into sky130_fd_sc_hd__o311ai_2.ext:
Extracting sky130_fd_sc_hd__dlygate4sd1_1 into sky130_fd_sc_hd__dlygate4sd1_1.ext:
Extracting sky130_fd_sc_hd__o21ba_2 into sky130_fd_sc_hd__o21ba_2.ext:
Extracting sky130_fd_sc_hd__and3b_2 into sky130_fd_sc_hd__and3b_2.ext:
Extracting sky130_fd_sc_hd__a32o_2 into sky130_fd_sc_hd__a32o_2.ext:
Extracting sky130_fd_sc_hd__and4_4 into sky130_fd_sc_hd__and4_4.ext:
Extracting sky130_fd_sc_hd__o21a_2 into sky130_fd_sc_hd__o21a_2.ext:
Extracting sky130_fd_sc_hd__a2111oi_4 into sky130_fd_sc_hd__a2111oi_4.ext:
Extracting sky130_fd_sc_hd__and3b_4 into sky130_fd_sc_hd__and3b_4.ext:
Extracting sky130_fd_sc_hd__o311ai_1 into sky130_fd_sc_hd__o311ai_1.ext:
Extracting sky130_fd_sc_hd__o2111a_4 into sky130_fd_sc_hd__o2111a_4.ext:
Extracting sky130_fd_sc_hd__xor2_4 into sky130_fd_sc_hd__xor2_4.ext:
Extracting sky130_fd_sc_hd__dlymetal6s4s_1 into sky130_fd_sc_hd__dlymetal6s4s_1.ext:
Extracting sky130_fd_sc_hd__a221oi_1 into sky130_fd_sc_hd__a221oi_1.ext:
Extracting sky130_fd_sc_hd__or4bb_2 into sky130_fd_sc_hd__or4bb_2.ext:
Extracting sky130_fd_sc_hd__o211a_2 into sky130_fd_sc_hd__o211a_2.ext:
Extracting sky130_fd_sc_hd__o2111a_2 into sky130_fd_sc_hd__o2111a_2.ext:
Extracting sky130_fd_sc_hd__nand4b_1 into sky130_fd_sc_hd__nand4b_1.ext:
Extracting sky130_fd_sc_hd__and4bb_2 into sky130_fd_sc_hd__and4bb_2.ext:
Extracting sky130_fd_sc_hd__a22oi_2 into sky130_fd_sc_hd__a22oi_2.ext:
Extracting sky130_fd_sc_hd__and4b_4 into sky130_fd_sc_hd__and4b_4.ext:
Extracting sky130_fd_sc_hd__nand4b_2 into sky130_fd_sc_hd__nand4b_2.ext:
Extracting sky130_fd_sc_hd__o2111ai_1 into sky130_fd_sc_hd__o2111ai_1.ext:
Extracting sky130_fd_sc_hd__a22o_4 into sky130_fd_sc_hd__a22o_4.ext:
Extracting sky130_fd_sc_hd__nand4b_4 into sky130_fd_sc_hd__nand4b_4.ext:
Extracting sky130_fd_sc_hd__nor4b_2 into sky130_fd_sc_hd__nor4b_2.ext:
Extracting FP32_Div into FP32_Div.ext:
exttospice finished.
