Clock: clk
Sources: clk 
Generated: no
Virtual: yes
Propagated: no
Period: 25.000000

===========================================================================
report_clock_properties
============================================================================
Clock                   Period          Waveform
----------------------------------------------------
clk                  25.000000    0.000000 12.500000

===========================================================================
report_clock_latency
============================================================================
Clock clk
rise -> rise
    min     max
0.000000 0.000000 source latency
0.389809         network latency _3978_/CLK
        0.592415 network latency _3953_/CLK
---------------
0.389809 0.592415 latency
        0.202606 skew

fall -> fall
    min     max
0.000000 0.000000 source latency
0.359440         network latency _3978_/CLK
        0.548368 network latency _3953_/CLK
---------------
0.359440 0.548368 latency
        0.188928 skew



===========================================================================
report_clock_min_period
============================================================================
clk period_min = 10.24 fmax = 97.65
