Clock: clk
Sources: clk 
Generated: no
Virtual: yes
Propagated: no
Period: 25.000000

===========================================================================
report_clock_properties
============================================================================
Clock                   Period          Waveform
----------------------------------------------------
clk                  25.000000    0.000000 12.500000

===========================================================================
report_clock_latency
============================================================================
Clock clk
rise -> rise
    min     max
0.000000 0.000000 source latency
0.493566         network latency _4823_/CLK
        0.665874 network latency _4764_/CLK
---------------
0.493566 0.665874 latency
        0.172308 skew

fall -> fall
    min     max
0.000000 0.000000 source latency
0.424221         network latency _4823_/CLK
        0.592018 network latency _4764_/CLK
---------------
0.424221 0.592018 latency
        0.167797 skew



===========================================================================
report_clock_min_period
============================================================================
clk period_min = 3.61 fmax = 276.71
