Clock: clk
Sources: clk 
Generated: no
Virtual: yes
Propagated: no
Period: 50.000000

===========================================================================
report_clock_properties
============================================================================
Clock                   Period          Waveform
----------------------------------------------------
clk                  50.000000    0.000000 25.000000

===========================================================================
report_clock_latency
============================================================================
Clock clk
rise -> rise
    min     max
0.000000 0.000000 source latency
2.270843         network latency _29539_/CLK
        2.361099 network latency _29449_/CLK
---------------
2.270843 2.361099 latency
        0.090256 skew

fall -> fall
    min     max
0.000000 0.000000 source latency
1.099030         network latency _29539_/CLK
        1.182524 network latency _29449_/CLK
---------------
1.099030 1.182524 latency
        0.083494 skew



===========================================================================
report_clock_min_period
============================================================================
clk period_min = 181.39 fmax = 5.51
