
===========================================================================
Violator List
============================================================================
[setup reg-reg] _29549_/Q -> _29577_/D : -131.390900
[setup reg-reg] _29549_/Q -> _29578_/D : -128.867142
[setup reg-reg] _29549_/Q -> _29579_/D : -125.571053
[setup reg-reg] _29549_/Q -> _29580_/D : -122.558334
[setup reg-reg] _29549_/Q -> _29581_/D : -119.435074
[setup reg-reg] _29549_/Q -> _29582_/D : -115.569237
[setup reg-reg] _29549_/Q -> _29583_/D : -112.582672
[setup reg-reg] _29549_/Q -> _29584_/D : -109.431557
[setup reg-reg] _29549_/Q -> _29585_/D : -106.252335
[setup reg-reg] _29549_/Q -> _29586_/D : -103.222267
[setup reg-reg] _29549_/Q -> _29587_/D : -100.429680
[setup reg-reg] _29549_/Q -> _29588_/D : -97.603592
[setup reg-reg] _29549_/Q -> _29589_/D : -94.125832
[setup reg-reg] _29549_/Q -> _29590_/D : -90.575699
[setup reg-reg] _29549_/Q -> _29591_/D : -87.742302
[setup reg-reg] _29549_/Q -> _29592_/D : -84.828201
[setup reg-reg] _29549_/Q -> _29593_/D : -82.093498
[setup reg-reg] _29549_/Q -> _29594_/D : -79.427483
[setup reg-reg] _29549_/Q -> _29595_/D : -76.695053
[setup reg-reg] _29549_/Q -> _29596_/D : -74.023689
[setup reg-reg] _29549_/Q -> _29597_/D : -70.165497
[setup reg-reg] _29549_/Q -> _29598_/D : -67.347130
[setup reg-reg] _29549_/Q -> _29599_/D : -64.151566
[setup reg-reg] _29549_/Q -> _29600_/D : -61.105385
[setup reg-reg] _29549_/Q -> _29601_/D : -58.374683
[setup reg-reg] _29549_/Q -> _29602_/D : -55.367889
[setup reg-reg] _29549_/Q -> _29603_/D : -51.809769
[setup reg-reg] _29549_/Q -> _29604_/D : -48.628086
[setup reg-reg] _29549_/Q -> _29605_/D : -46.172424
[setup reg-reg] _29549_/Q -> _29606_/D : -43.611740
[setup reg-reg] _29549_/Q -> _29607_/D : -40.545574
[setup reg-reg] _29549_/Q -> _29608_/D : -37.844128
[setup reg-reg] _29549_/Q -> _29609_/D : -35.181934
[setup reg-reg] _29549_/Q -> _29610_/D : -32.200397
[setup reg-reg] _29549_/Q -> _29611_/D : -28.715019
[setup reg-reg] _29549_/Q -> _29612_/D : -25.580236
[setup reg-reg] _29549_/Q -> _29613_/D : -22.576153
[setup reg-reg] _29549_/Q -> _29614_/D : -19.154198
[setup reg-reg] _29549_/Q -> _29615_/D : -15.873909
[setup reg-reg] _29549_/Q -> _29616_/D : -12.837468
[setup reg-reg] _29549_/Q -> _29617_/D : -10.331729
[setup reg-reg] _29549_/Q -> _29618_/D : -7.529625
[setup reg-reg] _29549_/Q -> _29619_/D : -4.602757
[setup reg-reg] _29549_/Q -> _29620_/D : -0.895508
Writing metric timing__hold_vio__count__corner:nom_tt_025C_1v80: 0
Writing metric timing__hold_r2r__ws__corner:nom_tt_025C_1v80: 0.171261
Writing metric timing__hold_r2r_vio__count__corner:nom_tt_025C_1v80: 0
Writing metric timing__setup_vio__count__corner:nom_tt_025C_1v80: 44
Writing metric timing__setup_r2r__ws__corner:nom_tt_025C_1v80: -131.390900
Writing metric timing__setup_r2r_vio__count__corner:nom_tt_025C_1v80: 44
