Clock: clk
Sources: clk 
Generated: no
Virtual: no
Propagated: no
Period: 25.000000

===========================================================================
report_clock_properties
============================================================================
Clock                   Period          Waveform
----------------------------------------------------
clk                  25.000000    0.000000 12.500000

===========================================================================
report_clock_latency
============================================================================
Clock clk
rise -> rise
    min     max
0.000000 0.000000 source latency
4.949954         network latency _4342_/CLK
        4.949954 network latency _4342_/CLK
---------------
4.949954 4.949954 latency
        0.000000 skew

fall -> fall
    min     max
0.000000 0.000000 source latency
2.780732         network latency _4342_/CLK
        2.780732 network latency _4342_/CLK
---------------
2.780732 2.780732 latency
        0.000000 skew



===========================================================================
report_clock_min_period
============================================================================
clk period_min = 7.46 fmax = 134.02
