Clock: clk
Sources: clk 
Generated: no
Virtual: yes
Propagated: no
Period: 25.000000

===========================================================================
report_clock_properties
============================================================================
Clock                   Period          Waveform
----------------------------------------------------
clk                  25.000000    0.000000 12.500000

===========================================================================
report_clock_latency
============================================================================
Clock clk
rise -> rise
    min     max
0.000000 0.000000 source latency
0.490203         network latency _3978_/CLK
        0.730310 network latency _3954_/CLK
---------------
0.490203 0.730310 latency
        0.240107 skew

fall -> fall
    min     max
0.000000 0.000000 source latency
0.426132         network latency _3978_/CLK
        0.642855 network latency _3954_/CLK
---------------
0.426132 0.642855 latency
        0.216723 skew



===========================================================================
report_clock_min_period
============================================================================
clk period_min = 10.60 fmax = 94.31
