Clock: clk
Sources: clk 
Generated: no
Virtual: yes
Propagated: no
Period: 25.000000

===========================================================================
report_clock_properties
============================================================================
Clock                   Period          Waveform
----------------------------------------------------
clk                  25.000000    0.000000 12.500000

===========================================================================
report_clock_latency
============================================================================
Clock clk
rise -> rise
    min     max
0.000000 0.000000 source latency
0.342662         network latency _3978_/CLK
        0.510261 network latency _3954_/CLK
---------------
0.342662 0.510261 latency
        0.167600 skew

fall -> fall
    min     max
0.000000 0.000000 source latency
0.294267         network latency _3978_/CLK
        0.444586 network latency _3954_/CLK
---------------
0.294267 0.444586 latency
        0.150319 skew



===========================================================================
report_clock_min_period
============================================================================
clk period_min = 6.35 fmax = 157.60
