┏━━━━━━━┳━━━━━━━━━┳━━━━━━━━━━┳━━━━━━━━━━━━━━━━━━━━┳━━━━━━━━━━━━━━┳━━━━━━━┓
┃ P / R ┃ Partial ┃ Required ┃ Net                ┃ Pin          ┃ Layer ┃
┡━━━━━━━╇━━━━━━━━━╇━━━━━━━━━━╇━━━━━━━━━━━━━━━━━━━━╇━━━━━━━━━━━━━━╇━━━━━━━┩
│ 4.55  │ 1819.38 │ 400.00   │ _08771_            │ fanout341/A  │ met3  │
│ 3.53  │ 1410.86 │ 400.00   │ net709             │ _23087_/A1_N │ met3  │
│ 3.53  │ 1410.03 │ 400.00   │ net671             │ fanout669/A  │ met3  │
│ 3.38  │ 1353.24 │ 400.00   │ net521             │ fanout514/A  │ met3  │
│ 3.09  │ 1235.62 │ 400.00   │ _09410_            │ _25363_/A    │ met3  │
│ 2.87  │ 1148.00 │ 400.00   │ _09985_            │ _27991_/A    │ met3  │
│ 2.58  │ 1030.50 │ 400.00   │ net775             │ fanout768/A  │ met3  │
│ 2.45  │ 979.17  │ 400.00   │ net569             │ fanout568/A  │ met3  │
│ 2.35  │ 941.28  │ 400.00   │ mantisaBshift[11\] │ fanout780/A  │ met3  │
│ 2.21  │ 885.14  │ 400.00   │ _00046_            │ _29434_/D    │ met3  │
│ 2.02  │ 807.44  │ 400.00   │ mantisaBshift[16\] │ fanout734/A  │ met3  │
│ 2.02  │ 807.44  │ 400.00   │ mantisaBshift[16\] │ fanout735/A  │ met3  │
│ 1.98  │ 793.19  │ 400.00   │ net339             │ _21820_/A    │ met3  │
│ 1.98  │ 793.19  │ 400.00   │ net339             │ _23104_/A    │ met3  │
│ 1.98  │ 793.19  │ 400.00   │ net339             │ _24572_/A    │ met3  │
│ 1.98  │ 793.19  │ 400.00   │ net339             │ _27903_/A_N  │ met3  │
│ 1.78  │ 711.73  │ 400.00   │ net563             │ _28062_/A    │ met1  │
│ 1.75  │ 701.43  │ 400.00   │ net93              │ output93/A   │ met3  │
│ 1.68  │ 673.65  │ 400.00   │ _09941_            │ fanout630/A  │ met3  │
│ 1.67  │ 668.00  │ 400.00   │ net749             │ _24377_/A    │ met1  │
│ 1.67  │ 666.22  │ 400.00   │ _09409_            │ _24884_/A_N  │ met1  │
│ 1.57  │ 629.04  │ 400.00   │ mantisaBshift[8\]  │ fanout816/A  │ met3  │
│ 1.57  │ 629.04  │ 400.00   │ net759             │ fanout758/A  │ met3  │
│ 1.57  │ 627.36  │ 400.00   │ _08407_            │ _24910_/A    │ met1  │
│ 1.56  │ 622.29  │ 400.00   │ mantisaBshift[9\]  │ _22991_/A    │ met3  │
│ 1.56  │ 622.29  │ 400.00   │ net341             │ _27710_/A    │ met3  │
│ 1.50  │ 601.83  │ 400.00   │ _10073_            │ _22218_/B1   │ met3  │
│ 1.50  │ 601.83  │ 400.00   │ _10073_            │ fanout549/A  │ met3  │
│ 1.46  │ 584.44  │ 400.00   │ _04595_            │ _28101_/B1   │ met3  │
│ 1.46  │ 583.92  │ 400.00   │ net340             │ _22546_/A    │ met1  │
│ 1.44  │ 575.44  │ 400.00   │ net563             │ fanout562/A  │ met3  │
│ 1.35  │ 539.83  │ 400.00   │ _14327_            │ _15116_/B    │ met3  │
│ 1.33  │ 530.37  │ 400.00   │ net865             │ fanout859/A  │ met1  │
│ 1.33  │ 530.19  │ 400.00   │ _10842_            │ _14794_/B    │ met3  │
│ 1.33  │ 530.19  │ 400.00   │ _10842_            │ _14846_/B_N  │ met3  │
│ 1.29  │ 515.25  │ 400.00   │ net539             │ _29184_/A    │ met3  │
│ 1.29  │ 515.25  │ 400.00   │ net539             │ _29190_/A    │ met3  │
│ 1.19  │ 476.65  │ 400.00   │ net882             │ fanout867/A  │ met1  │
│ 1.19  │ 474.64  │ 400.00   │ mantisaBshift[15\] │ fanout742/A  │ met1  │
│ 1.19  │ 474.37  │ 400.00   │ _04393_            │ _27922_/A    │ met1  │
│ 1.15  │ 458.22  │ 400.00   │ _08336_            │ _19279_/A    │ met1  │
│ 1.13  │ 450.62  │ 400.00   │ _10700_            │ _14779_/D    │ met3  │
│ 1.10  │ 438.25  │ 400.00   │ net496             │ _19269_/B    │ met1  │
│ 1.09  │ 435.33  │ 400.00   │ net596             │ fanout593/A  │ met1  │
│ 1.05  │ 418.14  │ 400.00   │ net617             │ fanout613/A  │ met1  │
│ 1.03  │ 412.52  │ 400.00   │ _08336_            │ _29111_/B    │ met1  │
│ 1.01  │ 405.08  │ 400.00   │ mantisaresult[38\] │ _14874_/B    │ met1  │
│ 1.01  │ 404.24  │ 400.00   │ net676             │ _15768_/A    │ met1  │
│ 1.00  │ 401.17  │ 400.00   │ net897             │ fanout888/A  │ met2  │
│ 1.00  │ 401.17  │ 400.00   │ net897             │ fanout890/A  │ met2  │
│ 1.00  │ 400.87  │ 400.00   │ net628             │ _28008_/A    │ met1  │
└───────┴─────────┴──────────┴────────────────────┴──────────────┴───────┘
