Clock: clk
Sources: clk 
Generated: no
Virtual: yes
Propagated: no
Period: 25.000000

===========================================================================
report_clock_properties
============================================================================
Clock                   Period          Waveform
----------------------------------------------------
clk                  25.000000    0.000000 12.500000

===========================================================================
report_clock_latency
============================================================================
Clock clk
rise -> rise
    min     max
0.000000 0.000000 source latency
0.316695         network latency _3978_/CLK
        0.474108 network latency _3954_/CLK
---------------
0.316695 0.474108 latency
        0.157413 skew

fall -> fall
    min     max
0.000000 0.000000 source latency
0.275533         network latency _3978_/CLK
        0.418089 network latency _3954_/CLK
---------------
0.275533 0.418089 latency
        0.142555 skew



===========================================================================
report_clock_min_period
============================================================================
clk period_min = 6.19 fmax = 161.43
