Reading OpenROAD database at '/home/niko_tambornini/EE531/my_designs/FPU_32_Bit/runs/RUN_2026-03-10_00-07-47/20-openroad-generatepdn/Reorder_buffer.odb'…
Reading library file at '/home/niko_tambornini/.ciel/ciel/sky130/versions/0fe599b2afb6708d281543108caf8310912f54af/sky130A/libs.ref/sky130_fd_sc_hd/lib/sky130_fd_sc_hd__tt_025C_1v80.lib'…
Reading design constraints file at '/nix/store/svkrfkkpaij5qb9xjbcwfymcd4s8hczv-python3-3.11.9-env/lib/python3.11/site-packages/librelane/scripts/base.sdc'…
[INFO] Using clock clk…
[INFO] Setting output delay to: 5
[INFO] Setting input delay to: 5
[INFO] Setting load to: 0.033442
[INFO] Setting clock uncertainty to: 0.25
[INFO] Setting clock transition to: 0.1499999999999999944488848768742172978818416595458984375
[INFO] Setting timing derate to: 5%
+ global_placement -density 0.6221800000000001 -skip_io -pad_right 0 -pad_left 0 -init_wirelength_coef 0.25
[INFO GPL-0002] DBU: 1000
[INFO GPL-0003] SiteSize: (  0.460  2.720 ) um
[INFO GPL-0004] CoreBBox: (  5.520 10.880 ) ( 265.420 269.280 ) um
[INFO GPL-0006] NumInstances:              3909
[INFO GPL-0007] NumPlaceInstances:         2749
[INFO GPL-0008] NumFixedInstances:         1160
[INFO GPL-0009] NumDummyInstances:            0
[INFO GPL-0010] NumNets:                   2868
[INFO GPL-0011] NumPins:                  11883
[INFO GPL-0012] DieBBox:  (  0.000  0.000 ) ( 271.250 281.970 ) um
[INFO GPL-0013] CoreBBox: (  5.520 10.880 ) ( 265.420 269.280 ) um
[INFO GPL-0016] CoreArea:             67158.160 um^2
[INFO GPL-0017] NonPlaceInstsArea:     1926.848 um^2
[INFO GPL-0018] PlaceInstsArea:       33854.970 um^2
[INFO GPL-0019] Util:                    51.900 %
[INFO GPL-0020] StdInstsArea:         33854.970 um^2
[INFO GPL-0021] MacroInstsArea:           0.000 um^2
[INFO GPL-0031] FillerInit:NumGCells:      3303
[INFO GPL-0032] FillerInit:NumGNets:       2868
[INFO GPL-0033] FillerInit:NumGPins:      11883
[INFO GPL-0023] TargetDensity:            0.622
[INFO GPL-0024] AvrgPlaceInstArea:       12.315 um^2
[INFO GPL-0025] IdealBinArea:            19.794 um^2
[INFO GPL-0026] IdealBinCnt:               3392
[INFO GPL-0027] TotalBinArea:         67158.160 um^2
[INFO GPL-0028] BinCnt:        32     32
[INFO GPL-0029] BinSize: (  8.122  8.075 )
[INFO GPL-0030] NumBins: 1024
[NesterovSolve] Iter:    1 overflow: 0.995 HPWL: 7628037
[NesterovSolve] Iter:   10 overflow: 0.992 HPWL: 3873442
[NesterovSolve] Iter:   20 overflow: 0.991 HPWL: 3805231
[NesterovSolve] Iter:   30 overflow: 0.992 HPWL: 3796615
[NesterovSolve] Iter:   40 overflow: 0.991 HPWL: 3789819
[NesterovSolve] Iter:   50 overflow: 0.991 HPWL: 3788630
[NesterovSolve] Iter:   60 overflow: 0.991 HPWL: 3789407
[NesterovSolve] Iter:   70 overflow: 0.991 HPWL: 3792156
[NesterovSolve] Iter:   80 overflow: 0.991 HPWL: 3796885
[NesterovSolve] Iter:   90 overflow: 0.991 HPWL: 3805046
[NesterovSolve] Iter:  100 overflow: 0.990 HPWL: 3824758
[NesterovSolve] Iter:  110 overflow: 0.990 HPWL: 3869551
[NesterovSolve] Iter:  120 overflow: 0.990 HPWL: 4004215
[NesterovSolve] Iter:  130 overflow: 0.987 HPWL: 4546326
[NesterovSolve] Iter:  140 overflow: 0.983 HPWL: 5898757
[NesterovSolve] Iter:  150 overflow: 0.979 HPWL: 8380770
[NesterovSolve] Iter:  160 overflow: 0.963 HPWL: 13339140
[NesterovSolve] Iter:  170 overflow: 0.948 HPWL: 17554130
[NesterovSolve] Iter:  180 overflow: 0.927 HPWL: 19228790
[NesterovSolve] Iter:  190 overflow: 0.904 HPWL: 21954672
[NesterovSolve] Iter:  200 overflow: 0.876 HPWL: 26810068
[NesterovSolve] Iter:  210 overflow: 0.847 HPWL: 29842959
[NesterovSolve] Iter:  220 overflow: 0.809 HPWL: 30955166
[NesterovSolve] Iter:  230 overflow: 0.770 HPWL: 34439863
[NesterovSolve] Iter:  240 overflow: 0.727 HPWL: 38213505
[NesterovSolve] Iter:  250 overflow: 0.679 HPWL: 40396959
[NesterovSolve] Iter:  260 overflow: 0.623 HPWL: 43108137
[NesterovSolve] Iter:  270 overflow: 0.565 HPWL: 45479596
[NesterovSolve] Iter:  280 overflow: 0.509 HPWL: 45973716
[NesterovSolve] Iter:  290 overflow: 0.463 HPWL: 46793436
[NesterovSolve] Iter:  300 overflow: 0.419 HPWL: 47635528
[NesterovSolve] Iter:  310 overflow: 0.374 HPWL: 48819909
[NesterovSolve] Iter:  320 overflow: 0.327 HPWL: 49500909
[NesterovSolve] Iter:  330 overflow: 0.294 HPWL: 49966741
[NesterovSolve] Iter:  340 overflow: 0.259 HPWL: 50238292
[NesterovSolve] Iter:  350 overflow: 0.227 HPWL: 50453452
[NesterovSolve] Iter:  360 overflow: 0.200 HPWL: 50578194
[NesterovSolve] Iter:  370 overflow: 0.170 HPWL: 50772276
[NesterovSolve] Iter:  380 overflow: 0.143 HPWL: 51029845
[NesterovSolve] Iter:  390 overflow: 0.121 HPWL: 51229770
[NesterovSolve] Iter:  400 overflow: 0.101 HPWL: 51578693
[NesterovSolve] Finished with Overflow: 0.098513
[INFO] Setting RC values…
Setting global connections for newly added cells…
[INFO] Setting global connections...
Updating metrics…
Cell type report:                       Count       Area
  Fill cell                               190     713.18
  Tap cell                                970    1213.66
  Inverter                                  9      33.78
  Sequential cell                         580   12336.83
  Multi-Input combinational cell         2160   21484.36
  Total                                  3909   35781.82
Writing OpenROAD database to '/home/niko_tambornini/EE531/my_designs/FPU_32_Bit/runs/RUN_2026-03-10_00-07-47/23-openroad-globalplacementskipio/Reorder_buffer.odb'…
Writing netlist to '/home/niko_tambornini/EE531/my_designs/FPU_32_Bit/runs/RUN_2026-03-10_00-07-47/23-openroad-globalplacementskipio/Reorder_buffer.nl.v'…
Writing powered netlist to '/home/niko_tambornini/EE531/my_designs/FPU_32_Bit/runs/RUN_2026-03-10_00-07-47/23-openroad-globalplacementskipio/Reorder_buffer.pnl.v'…
Writing layout to '/home/niko_tambornini/EE531/my_designs/FPU_32_Bit/runs/RUN_2026-03-10_00-07-47/23-openroad-globalplacementskipio/Reorder_buffer.def'…
Writing timing constraints to '/home/niko_tambornini/EE531/my_designs/FPU_32_Bit/runs/RUN_2026-03-10_00-07-47/23-openroad-globalplacementskipio/Reorder_buffer.sdc'…
