Reading OpenROAD database at '/mnt/c/Users/nikot/ee531/my_designs/FPU_32_Bit/runs/RUN_2026-03-13_00-42-29/41-openroad-repairantennas/1-diodeinsertion/FP32_Div.odb'…
Reading library file at '/home/nikotambo/.ciel/ciel/sky130/versions/0fe599b2afb6708d281543108caf8310912f54af/sky130A/libs.ref/sky130_fd_sc_hd/lib/sky130_fd_sc_hd__tt_025C_1v80.lib'…
Reading design constraints file at '/nix/store/ggca3knjd8cr3mvwr221rbqfs4vr36zy-python3-3.11.9-env/lib/python3.11/site-packages/librelane/scripts/base.sdc'…
[INFO] Using clock clk…
[INFO] Setting output delay to: 10
[INFO] Setting input delay to: 10
[INFO] Setting load to: 0.033442
[INFO] Setting clock uncertainty to: 0.25
[INFO] Setting clock transition to: 0.1499999999999999944488848768742172978818416595458984375
[INFO] Setting timing derate to: 5%
%OL_CREATE_REPORT /mnt/c/Users/nikot/ee531/my_designs/FPU_32_Bit/runs/RUN_2026-03-13_00-42-29/41-openroad-repairantennas/2-openroad-checkantennas/reports/antenna.rpt
Net: _08334_
  Pin:   _18205_/D_N (sky130_fd_sc_hd__or4b_4)
    Layer: mcon
      Partial area ratio:    0.23
      Required ratio:    3.00 (Gate area) 
      Cumulative area ratio:    0.23
      Required ratio:    0.00 (Cumulative area) 

    Layer: met1
      Partial area ratio:    2.58
      Required ratio:    0.00 (Gate area) 
      Cumulative area ratio:    2.58
      Required ratio:    0.00 (Cumulative area) 
      Partial area ratio:   11.42
      Required ratio:  400.00 (Side area) 
      Cumulative area ratio:   11.42
      Required ratio:    0.00 (Cumulative side area) 

    Layer: via
      Partial area ratio:    0.36
      Required ratio:    6.00 (Gate area) 
      Cumulative area ratio:    0.59
      Required ratio:    0.00 (Cumulative area) 

    Layer: met2
      Partial area ratio:   48.17
      Required ratio:    0.00 (Gate area) 
      Cumulative area ratio:   50.75
      Required ratio:    0.00 (Cumulative area) 
      Partial area ratio:  238.14
      Required ratio:  400.00 (Side area) 
      Cumulative area ratio:  249.56
      Required ratio:    0.00 (Cumulative side area) 

    Layer: via2
      Partial area ratio:    0.63
      Required ratio:    6.00 (Gate area) 
      Cumulative area ratio:    1.22
      Required ratio:    0.00 (Cumulative area) 

    Layer: met3
      Partial area ratio:  105.95
      Required ratio:    0.00 (Gate area) 
      Cumulative area ratio:  156.70
      Required ratio:    0.00 (Cumulative area) 
      Partial area ratio:  567.58
      Required ratio:  400.00 (Side area) (VIOLATED)
      Cumulative area ratio:  817.14
      Required ratio:    0.00 (Cumulative side area) 

    Layer: via3
      Partial area ratio:    0.11
      Required ratio:    6.00 (Gate area) 
      Cumulative area ratio:    1.33
      Required ratio:    0.00 (Cumulative area) 

    Layer: met4
      Partial area ratio:   37.21
      Required ratio:    0.00 (Gate area) 
      Cumulative area ratio:  193.91
      Required ratio:    0.00 (Cumulative area) 
      Partial area ratio:  198.88
      Required ratio: 3096.80 (Side area) 
      Cumulative area ratio: 1016.02
      Required ratio:    0.00 (Cumulative side area) 


  Pin:   _19276_/A (sky130_fd_sc_hd__nand2_1)
    Layer: mcon
      Partial area ratio:    0.12
      Required ratio:    3.00 (Gate area) 
      Cumulative area ratio:    0.12
      Required ratio:    0.00 (Cumulative area) 

    Layer: met1
      Partial area ratio:    1.92
      Required ratio:    0.00 (Gate area) 
      Cumulative area ratio:    1.92
      Required ratio:    0.00 (Cumulative area) 
      Partial area ratio:    8.84
      Required ratio:  400.00 (Side area) 
      Cumulative area ratio:    8.84
      Required ratio:    0.00 (Cumulative side area) 

    Layer: via
      Partial area ratio:    0.18
      Required ratio:    6.00 (Gate area) 
      Cumulative area ratio:    0.30
      Required ratio:    0.00 (Cumulative area) 

    Layer: met2
      Partial area ratio:    0.75
      Required ratio:    0.00 (Gate area) 
      Cumulative area ratio:    2.67
      Required ratio:    0.00 (Cumulative area) 
      Partial area ratio:    3.48
      Required ratio:  400.00 (Side area) 
      Cumulative area ratio:   12.32
      Required ratio:    0.00 (Cumulative side area) 

    Layer: via2
      Partial area ratio:    0.16
      Required ratio:    6.00 (Gate area) 
      Cumulative area ratio:    0.46
      Required ratio:    0.00 (Cumulative area) 

    Layer: met3
      Partial area ratio:  105.95
      Required ratio:    0.00 (Gate area) 
      Cumulative area ratio:  108.62
      Required ratio:    0.00 (Cumulative area) 
      Partial area ratio:  567.58
      Required ratio:  400.00 (Side area) (VIOLATED)
      Cumulative area ratio:  579.91
      Required ratio:    0.00 (Cumulative side area) 

    Layer: via3
      Partial area ratio:    0.11
      Required ratio:    6.00 (Gate area) 
      Cumulative area ratio:    0.57
      Required ratio:    0.00 (Cumulative area) 

    Layer: met4
      Partial area ratio:   37.21
      Required ratio:    0.00 (Gate area) 
      Cumulative area ratio:  145.84
      Required ratio:    0.00 (Cumulative area) 
      Partial area ratio:  198.88
      Required ratio: 3096.80 (Side area) 
      Cumulative area ratio:  778.79
      Required ratio:    0.00 (Cumulative side area) 


  Pin:   _21048_/A (sky130_fd_sc_hd__nand2_1)
    Layer: mcon
      Partial area ratio:    0.12
      Required ratio:    3.00 (Gate area) 
      Cumulative area ratio:    0.12
      Required ratio:    0.00 (Cumulative area) 

    Layer: met1
      Partial area ratio:    2.31
      Required ratio:    0.00 (Gate area) 
      Cumulative area ratio:    2.31
      Required ratio:    0.00 (Cumulative area) 
      Partial area ratio:   10.81
      Required ratio:  400.00 (Side area) 
      Cumulative area ratio:   10.81
      Required ratio:    0.00 (Cumulative side area) 

    Layer: via
      Partial area ratio:    0.18
      Required ratio:    6.00 (Gate area) 
      Cumulative area ratio:    0.30
      Required ratio:    0.00 (Cumulative area) 

    Layer: met2
      Partial area ratio:    4.80
      Required ratio:    0.00 (Gate area) 
      Cumulative area ratio:    7.11
      Required ratio:    0.00 (Cumulative area) 
      Partial area ratio:   23.26
      Required ratio:  400.00 (Side area) 
      Cumulative area ratio:   34.07
      Required ratio:    0.00 (Cumulative side area) 

    Layer: via2
      Partial area ratio:    0.16
      Required ratio:    6.00 (Gate area) 
      Cumulative area ratio:    0.46
      Required ratio:    0.00 (Cumulative area) 

    Layer: met3
      Partial area ratio:   19.84
      Required ratio:    0.00 (Gate area) 
      Cumulative area ratio:   26.95
      Required ratio:    0.00 (Cumulative area) 
      Partial area ratio:  107.10
      Required ratio:  400.00 (Side area) 
      Cumulative area ratio:  141.17
      Required ratio:    0.00 (Cumulative side area) 

    Layer: via3
      Partial area ratio:    0.05
      Required ratio:    6.00 (Gate area) 
      Cumulative area ratio:    0.51
      Required ratio:    0.00 (Cumulative area) 

    Layer: met4
      Partial area ratio:   37.21
      Required ratio:    0.00 (Gate area) 
      Cumulative area ratio:   64.17
      Required ratio:    0.00 (Cumulative area) 
      Partial area ratio:  198.88
      Required ratio: 3096.80 (Side area) 
      Cumulative area ratio:  340.05
      Required ratio:    0.00 (Cumulative side area) 


  Pin:   _22704_/A (sky130_fd_sc_hd__nand2_1)
    Layer: mcon
      Partial area ratio:    0.12
      Required ratio:    3.00 (Gate area) 
      Cumulative area ratio:    0.12
      Required ratio:    0.00 (Cumulative area) 

    Layer: met1
      Partial area ratio:   29.72
      Required ratio:    0.00 (Gate area) 
      Cumulative area ratio:   29.72
      Required ratio:    0.00 (Cumulative area) 
      Partial area ratio:  147.63
      Required ratio:  400.00 (Side area) 
      Cumulative area ratio:  147.63
      Required ratio:    0.00 (Cumulative side area) 

    Layer: via
      Partial area ratio:    0.18
      Required ratio:    6.00 (Gate area) 
      Cumulative area ratio:    0.30
      Required ratio:    0.00 (Cumulative area) 

    Layer: met2
      Partial area ratio:    0.75
      Required ratio:    0.00 (Gate area) 
      Cumulative area ratio:   30.47
      Required ratio:    0.00 (Cumulative area) 
      Partial area ratio:    3.48
      Required ratio:  400.00 (Side area) 
      Cumulative area ratio:  151.11
      Required ratio:    0.00 (Cumulative side area) 

    Layer: via2
      Partial area ratio:    0.16
      Required ratio:    6.00 (Gate area) 
      Cumulative area ratio:    0.46
      Required ratio:    0.00 (Cumulative area) 

    Layer: met3
      Partial area ratio:   19.84
      Required ratio:    0.00 (Gate area) 
      Cumulative area ratio:   50.31
      Required ratio:    0.00 (Cumulative area) 
      Partial area ratio:  107.10
      Required ratio:  400.00 (Side area) 
      Cumulative area ratio:  258.21
      Required ratio:    0.00 (Cumulative side area) 

    Layer: via3
      Partial area ratio:    0.05
      Required ratio:    6.00 (Gate area) 
      Cumulative area ratio:    0.51
      Required ratio:    0.00 (Cumulative area) 

    Layer: met4
      Partial area ratio:   37.21
      Required ratio:    0.00 (Gate area) 
      Cumulative area ratio:   87.53
      Required ratio:    0.00 (Cumulative area) 
      Partial area ratio:  198.88
      Required ratio: 3096.80 (Side area) 
      Cumulative area ratio:  457.09
      Required ratio:    0.00 (Cumulative side area) 


  Pin:   _25250_/A (sky130_fd_sc_hd__nand2_1)
    Layer: mcon
      Partial area ratio:    0.12
      Required ratio:    3.00 (Gate area) 
      Cumulative area ratio:    0.12
      Required ratio:    0.00 (Cumulative area) 

    Layer: met1
      Partial area ratio:   29.72
      Required ratio:    0.00 (Gate area) 
      Cumulative area ratio:   29.72
      Required ratio:    0.00 (Cumulative area) 
      Partial area ratio:  147.63
      Required ratio:  400.00 (Side area) 
      Cumulative area ratio:  147.63
      Required ratio:    0.00 (Cumulative side area) 

    Layer: via
      Partial area ratio:    0.18
      Required ratio:    6.00 (Gate area) 
      Cumulative area ratio:    0.30
      Required ratio:    0.00 (Cumulative area) 

    Layer: met2
      Partial area ratio:    0.75
      Required ratio:    0.00 (Gate area) 
      Cumulative area ratio:   30.47
      Required ratio:    0.00 (Cumulative area) 
      Partial area ratio:    3.48
      Required ratio:  400.00 (Side area) 
      Cumulative area ratio:  151.11
      Required ratio:    0.00 (Cumulative side area) 

    Layer: via2
      Partial area ratio:    0.16
      Required ratio:    6.00 (Gate area) 
      Cumulative area ratio:    0.46
      Required ratio:    0.00 (Cumulative area) 

    Layer: met3
      Partial area ratio:   19.84
      Required ratio:    0.00 (Gate area) 
      Cumulative area ratio:   50.31
      Required ratio:    0.00 (Cumulative area) 
      Partial area ratio:  107.10
      Required ratio:  400.00 (Side area) 
      Cumulative area ratio:  258.21
      Required ratio:    0.00 (Cumulative side area) 

    Layer: via3
      Partial area ratio:    0.05
      Required ratio:    6.00 (Gate area) 
      Cumulative area ratio:    0.51
      Required ratio:    0.00 (Cumulative area) 

    Layer: met4
      Partial area ratio:   37.21
      Required ratio:    0.00 (Gate area) 
      Cumulative area ratio:   87.53
      Required ratio:    0.00 (Cumulative area) 
      Partial area ratio:  198.88
      Required ratio: 3096.80 (Side area) 
      Cumulative area ratio:  457.09
      Required ratio:    0.00 (Cumulative side area) 



Net: _08407_
  Pin:   _18637_/A (sky130_fd_sc_hd__nand2_1)
    Layer: mcon
      Partial area ratio:    0.12
      Required ratio:    3.00 (Gate area) 
      Cumulative area ratio:    0.12
      Required ratio:    0.00 (Cumulative area) 

    Layer: met1
      Partial area ratio:    6.81
      Required ratio:    0.00 (Gate area) 
      Cumulative area ratio:    6.81
      Required ratio:    0.00 (Cumulative area) 
      Partial area ratio:   33.28
      Required ratio:  400.00 (Side area) 
      Cumulative area ratio:   33.28
      Required ratio:    0.00 (Cumulative side area) 

    Layer: via
      Partial area ratio:    0.18
      Required ratio:    6.00 (Gate area) 
      Cumulative area ratio:    0.30
      Required ratio:    0.00 (Cumulative area) 

    Layer: met2
      Partial area ratio:    8.70
      Required ratio:    0.00 (Gate area) 
      Cumulative area ratio:   15.51
      Required ratio:    0.00 (Cumulative area) 
      Partial area ratio:   42.78
      Required ratio:  400.00 (Side area) 
      Cumulative area ratio:   76.06
      Required ratio:    0.00 (Cumulative side area) 

    Layer: via2
      Partial area ratio:    0.16
      Required ratio:    6.00 (Gate area) 
      Cumulative area ratio:    0.46
      Required ratio:    0.00 (Cumulative area) 

    Layer: met3
      Partial area ratio:   72.73
      Required ratio:    0.00 (Gate area) 
      Cumulative area ratio:   88.23
      Required ratio:    0.00 (Cumulative area) 
      Partial area ratio:  390.38
      Required ratio: 2969.60 (Side area) 
      Cumulative area ratio:  466.44
      Required ratio:    0.00 (Cumulative side area) 

    Layer: via3
      Partial area ratio:    0.11
      Required ratio:   39.26 (Gate area) 
      Cumulative area ratio:    0.57
      Required ratio:    0.00 (Cumulative area) 

    Layer: met4
      Partial area ratio:   13.38
      Required ratio:    0.00 (Gate area) 
      Cumulative area ratio:  101.61
      Required ratio:    0.00 (Cumulative area) 
      Partial area ratio:   71.55
      Required ratio: 3143.48 (Side area) 
      Cumulative area ratio:  537.99
      Required ratio:    0.00 (Cumulative side area) 


  Pin:   _21297_/C (sky130_fd_sc_hd__and3b_2)
    Layer: mcon
      Partial area ratio:    0.23
      Required ratio:    3.00 (Gate area) 
      Cumulative area ratio:    0.23
      Required ratio:    0.00 (Cumulative area) 

    Layer: met1
      Partial area ratio:   10.92
      Required ratio:    0.00 (Gate area) 
      Cumulative area ratio:   10.92
      Required ratio:    0.00 (Cumulative area) 
      Partial area ratio:   53.14
      Required ratio:  400.00 (Side area) 
      Cumulative area ratio:   53.14
      Required ratio:    0.00 (Cumulative side area) 

    Layer: via
      Partial area ratio:    0.36
      Required ratio:    6.00 (Gate area) 
      Cumulative area ratio:    0.59
      Required ratio:    0.00 (Cumulative area) 

    Layer: met2
      Partial area ratio:  133.19
      Required ratio:    0.00 (Gate area) 
      Cumulative area ratio:  144.11
      Required ratio:    0.00 (Cumulative area) 
      Partial area ratio:  663.17
      Required ratio:  400.00 (Side area) (VIOLATED)
      Cumulative area ratio:  716.31
      Required ratio:    0.00 (Cumulative side area) 

    Layer: via2
      Partial area ratio:    0.63
      Required ratio:    6.00 (Gate area) 
      Cumulative area ratio:    1.22
      Required ratio:    0.00 (Cumulative area) 

    Layer: met3
      Partial area ratio:   72.73
      Required ratio:    0.00 (Gate area) 
      Cumulative area ratio:  216.84
      Required ratio:    0.00 (Cumulative area) 
      Partial area ratio:  390.38
      Required ratio: 2969.60 (Side area) 
      Cumulative area ratio: 1106.69
      Required ratio:    0.00 (Cumulative side area) 

    Layer: via3
      Partial area ratio:    0.11
      Required ratio:   39.26 (Gate area) 
      Cumulative area ratio:    1.33
      Required ratio:    0.00 (Cumulative area) 

    Layer: met4
      Partial area ratio:   13.38
      Required ratio:    0.00 (Gate area) 
      Cumulative area ratio:  230.22
      Required ratio:    0.00 (Cumulative area) 
      Partial area ratio:   71.55
      Required ratio: 3143.48 (Side area) 
      Cumulative area ratio: 1178.24
      Required ratio:    0.00 (Cumulative side area) 


  Pin:   _21705_/D (sky130_fd_sc_hd__and4b_1)
    Layer: mcon
      Partial area ratio:    0.23
      Required ratio:    3.00 (Gate area) 
      Cumulative area ratio:    0.23
      Required ratio:    0.00 (Cumulative area) 

    Layer: met1
      Partial area ratio:    7.36
      Required ratio:    0.00 (Gate area) 
      Cumulative area ratio:    7.36
      Required ratio:    0.00 (Cumulative area) 
      Partial area ratio:   35.33
      Required ratio:  400.00 (Side area) 
      Cumulative area ratio:   35.33
      Required ratio:    0.00 (Cumulative side area) 

    Layer: via
      Partial area ratio:    0.36
      Required ratio:    6.00 (Gate area) 
      Cumulative area ratio:    0.59
      Required ratio:    0.00 (Cumulative area) 

    Layer: met2
      Partial area ratio:    1.48
      Required ratio:    0.00 (Gate area) 
      Cumulative area ratio:    8.84
      Required ratio:    0.00 (Cumulative area) 
      Partial area ratio:    6.83
      Required ratio:  400.00 (Side area) 
      Cumulative area ratio:   42.17
      Required ratio:    0.00 (Cumulative side area) 

    Layer: via2
      Partial area ratio:    0.32
      Required ratio:    6.00 (Gate area) 
      Cumulative area ratio:    0.90
      Required ratio:    0.00 (Cumulative area) 

    Layer: met3
      Partial area ratio:    0.99
      Required ratio:    0.00 (Gate area) 
      Cumulative area ratio:    9.83
      Required ratio:    0.00 (Cumulative area) 
      Partial area ratio:    9.02
      Required ratio:  400.00 (Side area) 
      Cumulative area ratio:   51.18
      Required ratio:    0.00 (Cumulative side area) 

    Layer: via3
      Partial area ratio:    0.32
      Required ratio:    6.00 (Gate area) 
      Cumulative area ratio:    1.22
      Required ratio:    0.00 (Cumulative area) 

    Layer: met4
      Partial area ratio:   13.38
      Required ratio:    0.00 (Gate area) 
      Cumulative area ratio:   23.21
      Required ratio:    0.00 (Cumulative area) 
      Partial area ratio:   71.55
      Required ratio: 3143.48 (Side area) 
      Cumulative area ratio:  122.73
      Required ratio:    0.00 (Cumulative side area) 


  Pin:   _22116_/A (sky130_fd_sc_hd__nand4_1)
    Layer: mcon
      Partial area ratio:    0.12
      Required ratio:    3.00 (Gate area) 
      Cumulative area ratio:    0.12
      Required ratio:    0.00 (Cumulative area) 

    Layer: met1
      Partial area ratio:    9.58
      Required ratio:    0.00 (Gate area) 
      Cumulative area ratio:    9.58
      Required ratio:    0.00 (Cumulative area) 
      Partial area ratio:   46.96
      Required ratio:  400.00 (Side area) 
      Cumulative area ratio:   46.96
      Required ratio:    0.00 (Cumulative side area) 

    Layer: via
      Partial area ratio:    0.18
      Required ratio:    6.00 (Gate area) 
      Cumulative area ratio:    0.30
      Required ratio:    0.00 (Cumulative area) 

    Layer: met2
      Partial area ratio:    2.78
      Required ratio:    0.00 (Gate area) 
      Cumulative area ratio:   12.36
      Required ratio:    0.00 (Cumulative area) 
      Partial area ratio:   13.37
      Required ratio:  400.00 (Side area) 
      Cumulative area ratio:   60.33
      Required ratio:    0.00 (Cumulative side area) 

    Layer: via2
      Partial area ratio:    0.16
      Required ratio:    6.00 (Gate area) 
      Cumulative area ratio:    0.46
      Required ratio:    0.00 (Cumulative area) 

    Layer: met3
      Partial area ratio:   16.19
      Required ratio:    0.00 (Gate area) 
      Cumulative area ratio:   28.55
      Required ratio:    0.00 (Cumulative area) 
      Partial area ratio:   86.93
      Required ratio: 2773.88 (Side area) 
      Cumulative area ratio:  147.26
      Required ratio:    0.00 (Cumulative side area) 

    Layer: via3
      Partial area ratio:    0.02
      Required ratio:   21.65 (Gate area) 
      Cumulative area ratio:    0.48
      Required ratio:    0.00 (Cumulative area) 

    Layer: met4
      Partial area ratio:   13.38
      Required ratio:    0.00 (Gate area) 
      Cumulative area ratio:   41.93
      Required ratio:    0.00 (Cumulative area) 
      Partial area ratio:   71.55
      Required ratio: 3143.48 (Side area) 
      Cumulative area ratio:  218.81
      Required ratio:    0.00 (Cumulative side area) 


  Pin:   _22774_/B1 (sky130_fd_sc_hd__o21a_1)
    Layer: mcon
      Partial area ratio:    0.12
      Required ratio:    3.00 (Gate area) 
      Cumulative area ratio:    0.12
      Required ratio:    0.00 (Cumulative area) 

    Layer: met1
      Partial area ratio:    9.58
      Required ratio:    0.00 (Gate area) 
      Cumulative area ratio:    9.58
      Required ratio:    0.00 (Cumulative area) 
      Partial area ratio:   46.96
      Required ratio:  400.00 (Side area) 
      Cumulative area ratio:   46.96
      Required ratio:    0.00 (Cumulative side area) 

    Layer: via
      Partial area ratio:    0.18
      Required ratio:    6.00 (Gate area) 
      Cumulative area ratio:    0.30
      Required ratio:    0.00 (Cumulative area) 

    Layer: met2
      Partial area ratio:    2.78
      Required ratio:    0.00 (Gate area) 
      Cumulative area ratio:   12.36
      Required ratio:    0.00 (Cumulative area) 
      Partial area ratio:   13.37
      Required ratio:  400.00 (Side area) 
      Cumulative area ratio:   60.33
      Required ratio:    0.00 (Cumulative side area) 

    Layer: via2
      Partial area ratio:    0.16
      Required ratio:    6.00 (Gate area) 
      Cumulative area ratio:    0.46
      Required ratio:    0.00 (Cumulative area) 

    Layer: met3
      Partial area ratio:   16.19
      Required ratio:    0.00 (Gate area) 
      Cumulative area ratio:   28.55
      Required ratio:    0.00 (Cumulative area) 
      Partial area ratio:   86.93
      Required ratio: 2773.88 (Side area) 
      Cumulative area ratio:  147.26
      Required ratio:    0.00 (Cumulative side area) 

    Layer: via3
      Partial area ratio:    0.02
      Required ratio:   21.65 (Gate area) 
      Cumulative area ratio:    0.48
      Required ratio:    0.00 (Cumulative area) 

    Layer: met4
      Partial area ratio:   13.38
      Required ratio:    0.00 (Gate area) 
      Cumulative area ratio:   41.93
      Required ratio:    0.00 (Cumulative area) 
      Partial area ratio:   71.55
      Required ratio: 3143.48 (Side area) 
      Cumulative area ratio:  218.81
      Required ratio:    0.00 (Cumulative side area) 


  Pin:   _23559_/A (sky130_fd_sc_hd__and4_1)
    Layer: mcon
      Partial area ratio:    0.23
      Required ratio:    3.00 (Gate area) 
      Cumulative area ratio:    0.23
      Required ratio:    0.00 (Cumulative area) 

    Layer: met1
      Partial area ratio:    4.87
      Required ratio:    0.00 (Gate area) 
      Cumulative area ratio:    4.87
      Required ratio:    0.00 (Cumulative area) 
      Partial area ratio:   22.89
      Required ratio:  400.00 (Side area) 
      Cumulative area ratio:   22.89
      Required ratio:    0.00 (Cumulative side area) 

    Layer: via
      Partial area ratio:    0.36
      Required ratio:    6.00 (Gate area) 
      Cumulative area ratio:    0.59
      Required ratio:    0.00 (Cumulative area) 

    Layer: met2
      Partial area ratio:    7.32
      Required ratio:    0.00 (Gate area) 
      Cumulative area ratio:   12.19
      Required ratio:    0.00 (Cumulative area) 
      Partial area ratio:   36.10
      Required ratio: 2773.88 (Side area) 
      Cumulative area ratio:   58.99
      Required ratio:    0.00 (Cumulative side area) 

    Layer: via2
      Partial area ratio:    0.03
      Required ratio:   21.65 (Gate area) 
      Cumulative area ratio:    0.62
      Required ratio:    0.00 (Cumulative area) 

    Layer: met3
      Partial area ratio:   16.19
      Required ratio:    0.00 (Gate area) 
      Cumulative area ratio:   28.38
      Required ratio:    0.00 (Cumulative area) 
      Partial area ratio:   86.93
      Required ratio: 2773.88 (Side area) 
      Cumulative area ratio:  145.92
      Required ratio:    0.00 (Cumulative side area) 

    Layer: via3
      Partial area ratio:    0.02
      Required ratio:   21.65 (Gate area) 
      Cumulative area ratio:    0.64
      Required ratio:    0.00 (Cumulative area) 

    Layer: met4
      Partial area ratio:   13.38
      Required ratio:    0.00 (Gate area) 
      Cumulative area ratio:   41.76
      Required ratio:    0.00 (Cumulative area) 
      Partial area ratio:   71.55
      Required ratio: 3143.48 (Side area) 
      Cumulative area ratio:  217.47
      Required ratio:    0.00 (Cumulative side area) 


  Pin:   _24910_/A (sky130_fd_sc_hd__and4_1)
    Layer: mcon
      Partial area ratio:    0.23
      Required ratio:    3.00 (Gate area) 
      Cumulative area ratio:    0.23
      Required ratio:    0.00 (Cumulative area) 

    Layer: met1
      Partial area ratio:   28.81
      Required ratio:    0.00 (Gate area) 
      Cumulative area ratio:   28.81
      Required ratio:    0.00 (Cumulative area) 
      Partial area ratio:  143.03
      Required ratio: 2773.88 (Side area) 
      Cumulative area ratio:  143.03
      Required ratio:    0.00 (Cumulative side area) 

    Layer: via
      Partial area ratio:    0.20
      Required ratio:   21.65 (Gate area) 
      Cumulative area ratio:    0.43
      Required ratio:    0.00 (Cumulative area) 

    Layer: met2
      Partial area ratio:    7.32
      Required ratio:    0.00 (Gate area) 
      Cumulative area ratio:   36.13
      Required ratio:    0.00 (Cumulative area) 
      Partial area ratio:   36.10
      Required ratio: 2773.88 (Side area) 
      Cumulative area ratio:  179.14
      Required ratio:    0.00 (Cumulative side area) 

    Layer: via2
      Partial area ratio:    0.03
      Required ratio:   21.65 (Gate area) 
      Cumulative area ratio:    0.46
      Required ratio:    0.00 (Cumulative area) 

    Layer: met3
      Partial area ratio:   16.19
      Required ratio:    0.00 (Gate area) 
      Cumulative area ratio:   52.32
      Required ratio:    0.00 (Cumulative area) 
      Partial area ratio:   86.93
      Required ratio: 2773.88 (Side area) 
      Cumulative area ratio:  266.06
      Required ratio:    0.00 (Cumulative side area) 

    Layer: via3
      Partial area ratio:    0.02
      Required ratio:   21.65 (Gate area) 
      Cumulative area ratio:    0.49
      Required ratio:    0.00 (Cumulative area) 

    Layer: met4
      Partial area ratio:   13.38
      Required ratio:    0.00 (Gate area) 
      Cumulative area ratio:   65.70
      Required ratio:    0.00 (Cumulative area) 
      Partial area ratio:   71.55
      Required ratio: 3143.48 (Side area) 
      Cumulative area ratio:  337.62
      Required ratio:    0.00 (Cumulative side area) 


  Pin:   _25364_/C1 (sky130_fd_sc_hd__o211a_1)
    Layer: mcon
      Partial area ratio:    0.12
      Required ratio:    3.00 (Gate area) 
      Cumulative area ratio:    0.12
      Required ratio:    0.00 (Cumulative area) 

    Layer: met1
      Partial area ratio:    2.32
      Required ratio:    0.00 (Gate area) 
      Cumulative area ratio:    2.32
      Required ratio:    0.00 (Cumulative area) 
      Partial area ratio:   10.48
      Required ratio:  400.00 (Side area) 
      Cumulative area ratio:   10.48
      Required ratio:    0.00 (Cumulative side area) 

    Layer: via
      Partial area ratio:    0.18
      Required ratio:    6.00 (Gate area) 
      Cumulative area ratio:    0.30
      Required ratio:    0.00 (Cumulative area) 

    Layer: met2
      Partial area ratio:    7.32
      Required ratio:    0.00 (Gate area) 
      Cumulative area ratio:    9.64
      Required ratio:    0.00 (Cumulative area) 
      Partial area ratio:   36.10
      Required ratio: 2773.88 (Side area) 
      Cumulative area ratio:   46.58
      Required ratio:    0.00 (Cumulative side area) 

    Layer: via2
      Partial area ratio:    0.03
      Required ratio:   21.65 (Gate area) 
      Cumulative area ratio:    0.33
      Required ratio:    0.00 (Cumulative area) 

    Layer: met3
      Partial area ratio:   16.19
      Required ratio:    0.00 (Gate area) 
      Cumulative area ratio:   25.83
      Required ratio:    0.00 (Cumulative area) 
      Partial area ratio:   86.93
      Required ratio: 2773.88 (Side area) 
      Cumulative area ratio:  133.51
      Required ratio:    0.00 (Cumulative side area) 

    Layer: via3
      Partial area ratio:    0.02
      Required ratio:   21.65 (Gate area) 
      Cumulative area ratio:    0.36
      Required ratio:    0.00 (Cumulative area) 

    Layer: met4
      Partial area ratio:   13.38
      Required ratio:    0.00 (Gate area) 
      Cumulative area ratio:   39.21
      Required ratio:    0.00 (Cumulative area) 
      Partial area ratio:   71.55
      Required ratio: 3143.48 (Side area) 
      Cumulative area ratio:  205.06
      Required ratio:    0.00 (Cumulative side area) 


  Pin:   _28085_/C1 (sky130_fd_sc_hd__o211ai_1)
    Layer: mcon
      Partial area ratio:    0.12
      Required ratio:    3.00 (Gate area) 
      Cumulative area ratio:    0.12
      Required ratio:    0.00 (Cumulative area) 

    Layer: met1
      Partial area ratio:    1.93
      Required ratio:    0.00 (Gate area) 
      Cumulative area ratio:    1.93
      Required ratio:    0.00 (Cumulative area) 
      Partial area ratio:    8.92
      Required ratio:  400.00 (Side area) 
      Cumulative area ratio:    8.92
      Required ratio:    0.00 (Cumulative side area) 

    Layer: via
      Partial area ratio:    0.18
      Required ratio:    6.00 (Gate area) 
      Cumulative area ratio:    0.30
      Required ratio:    0.00 (Cumulative area) 

    Layer: met2
      Partial area ratio:    7.32
      Required ratio:    0.00 (Gate area) 
      Cumulative area ratio:    9.25
      Required ratio:    0.00 (Cumulative area) 
      Partial area ratio:   36.10
      Required ratio: 2773.88 (Side area) 
      Cumulative area ratio:   45.03
      Required ratio:    0.00 (Cumulative side area) 

    Layer: via2
      Partial area ratio:    0.03
      Required ratio:   21.65 (Gate area) 
      Cumulative area ratio:    0.33
      Required ratio:    0.00 (Cumulative area) 

    Layer: met3
      Partial area ratio:   16.19
      Required ratio:    0.00 (Gate area) 
      Cumulative area ratio:   25.45
      Required ratio:    0.00 (Cumulative area) 
      Partial area ratio:   86.93
      Required ratio: 2773.88 (Side area) 
      Cumulative area ratio:  131.95
      Required ratio:    0.00 (Cumulative side area) 

    Layer: via3
      Partial area ratio:    0.02
      Required ratio:   21.65 (Gate area) 
      Cumulative area ratio:    0.36
      Required ratio:    0.00 (Cumulative area) 

    Layer: met4
      Partial area ratio:   13.38
      Required ratio:    0.00 (Gate area) 
      Cumulative area ratio:   38.82
      Required ratio:    0.00 (Cumulative area) 
      Partial area ratio:   71.55
      Required ratio: 3143.48 (Side area) 
      Cumulative area ratio:  203.51
      Required ratio:    0.00 (Cumulative side area) 


  Pin:   ANTENNA_6/DIODE (sky130_fd_sc_hd__diode_2)
    Layer: mcon
      Partial area ratio:    0.07
      Required ratio:   10.82 (Gate area) 
      Cumulative area ratio:    0.07
      Required ratio:    0.00 (Cumulative area) 

    Layer: met1
      Partial area ratio:   28.81
      Required ratio:    0.00 (Gate area) 
      Cumulative area ratio:   28.81
      Required ratio:    0.00 (Cumulative area) 
      Partial area ratio:  143.03
      Required ratio: 2773.88 (Side area) 
      Cumulative area ratio:  143.03
      Required ratio:    0.00 (Cumulative side area) 

    Layer: via
      Partial area ratio:    0.20
      Required ratio:   21.65 (Gate area) 
      Cumulative area ratio:    0.27
      Required ratio:    0.00 (Cumulative area) 

    Layer: met2
      Partial area ratio:    7.32
      Required ratio:    0.00 (Gate area) 
      Cumulative area ratio:   36.13
      Required ratio:    0.00 (Cumulative area) 
      Partial area ratio:   36.10
      Required ratio: 2773.88 (Side area) 
      Cumulative area ratio:  179.14
      Required ratio:    0.00 (Cumulative side area) 

    Layer: via2
      Partial area ratio:    0.03
      Required ratio:   21.65 (Gate area) 
      Cumulative area ratio:    0.30
      Required ratio:    0.00 (Cumulative area) 

    Layer: met3
      Partial area ratio:   16.19
      Required ratio:    0.00 (Gate area) 
      Cumulative area ratio:   52.32
      Required ratio:    0.00 (Cumulative area) 
      Partial area ratio:   86.93
      Required ratio: 2773.88 (Side area) 
      Cumulative area ratio:  266.06
      Required ratio:    0.00 (Cumulative side area) 

    Layer: via3
      Partial area ratio:    0.02
      Required ratio:   21.65 (Gate area) 
      Cumulative area ratio:    0.32
      Required ratio:    0.00 (Cumulative area) 

    Layer: met4
      Partial area ratio:   13.38
      Required ratio:    0.00 (Gate area) 
      Cumulative area ratio:   65.70
      Required ratio:    0.00 (Cumulative area) 
      Partial area ratio:   71.55
      Required ratio: 3143.48 (Side area) 
      Cumulative area ratio:  337.62
      Required ratio:    0.00 (Cumulative side area) 



Net: _10018_
  Pin:   fanout582/A (sky130_fd_sc_hd__clkbuf_4)
    Layer: mcon
      Partial area ratio:    0.14
      Required ratio:    3.00 (Gate area) 
      Cumulative area ratio:    0.14
      Required ratio:    0.00 (Cumulative area) 

    Layer: met1
      Partial area ratio:    2.26
      Required ratio:    0.00 (Gate area) 
      Cumulative area ratio:    2.26
      Required ratio:    0.00 (Cumulative area) 
      Partial area ratio:   10.43
      Required ratio:  400.00 (Side area) 
      Cumulative area ratio:   10.43
      Required ratio:    0.00 (Cumulative side area) 

    Layer: via
      Partial area ratio:    0.21
      Required ratio:    6.00 (Gate area) 
      Cumulative area ratio:    0.35
      Required ratio:    0.00 (Cumulative area) 

    Layer: met2
      Partial area ratio:    0.88
      Required ratio:    0.00 (Gate area) 
      Cumulative area ratio:    3.14
      Required ratio:    0.00 (Cumulative area) 
      Partial area ratio:    4.04
      Required ratio:  400.00 (Side area) 
      Cumulative area ratio:   14.48
      Required ratio:    0.00 (Cumulative side area) 

    Layer: via2
      Partial area ratio:    0.19
      Required ratio:    6.00 (Gate area) 
      Cumulative area ratio:    0.53
      Required ratio:    0.00 (Cumulative area) 

    Layer: met3
      Partial area ratio:    0.59
      Required ratio:    0.00 (Gate area) 
      Cumulative area ratio:    3.72
      Required ratio:    0.00 (Cumulative area) 
      Partial area ratio:    5.33
      Required ratio:  400.00 (Side area) 
      Cumulative area ratio:   19.81
      Required ratio:    0.00 (Cumulative side area) 

    Layer: via3
      Partial area ratio:    0.19
      Required ratio:    6.00 (Gate area) 
      Cumulative area ratio:    0.72
      Required ratio:    0.00 (Cumulative area) 

    Layer: met4
      Partial area ratio:   71.06
      Required ratio:    0.00 (Gate area) 
      Cumulative area ratio:   74.78
      Required ratio:    0.00 (Cumulative area) 
      Partial area ratio:  380.37
      Required ratio: 2778.20 (Side area) 
      Cumulative area ratio:  400.18
      Required ratio:    0.00 (Cumulative side area) 


  Pin:   fanout583/A (sky130_fd_sc_hd__clkbuf_4)
    Layer: mcon
      Partial area ratio:    0.14
      Required ratio:    3.00 (Gate area) 
      Cumulative area ratio:    0.14
      Required ratio:    0.00 (Cumulative area) 

    Layer: met1
      Partial area ratio:    1.29
      Required ratio:    0.00 (Gate area) 
      Cumulative area ratio:    1.29
      Required ratio:    0.00 (Cumulative area) 
      Partial area ratio:    5.57
      Required ratio:  400.00 (Side area) 
      Cumulative area ratio:    5.57
      Required ratio:    0.00 (Cumulative side area) 

    Layer: via
      Partial area ratio:    0.21
      Required ratio:    6.00 (Gate area) 
      Cumulative area ratio:    0.35
      Required ratio:    0.00 (Cumulative area) 

    Layer: met2
      Partial area ratio:    5.58
      Required ratio:    0.00 (Gate area) 
      Cumulative area ratio:    6.86
      Required ratio:    0.00 (Cumulative area) 
      Partial area ratio:   27.03
      Required ratio:  400.00 (Side area) 
      Cumulative area ratio:   32.60
      Required ratio:    0.00 (Cumulative side area) 

    Layer: via2
      Partial area ratio:    0.19
      Required ratio:    6.00 (Gate area) 
      Cumulative area ratio:    0.53
      Required ratio:    0.00 (Cumulative area) 

    Layer: met3
      Partial area ratio:   49.17
      Required ratio:    0.00 (Gate area) 
      Cumulative area ratio:   56.04
      Required ratio:    0.00 (Cumulative area) 
      Partial area ratio:  264.45
      Required ratio:  400.00 (Side area) 
      Cumulative area ratio:  297.05
      Required ratio:    0.00 (Cumulative side area) 

    Layer: via3
      Partial area ratio:    0.19
      Required ratio:    6.00 (Gate area) 
      Cumulative area ratio:    0.72
      Required ratio:    0.00 (Cumulative area) 

    Layer: met4
      Partial area ratio:   71.06
      Required ratio:    0.00 (Gate area) 
      Cumulative area ratio:  127.10
      Required ratio:    0.00 (Cumulative area) 
      Partial area ratio:  380.37
      Required ratio: 2778.20 (Side area) 
      Cumulative area ratio:  677.42
      Required ratio:    0.00 (Cumulative side area) 


  Pin:   fanout585/A (sky130_fd_sc_hd__buf_4)
    Layer: mcon
      Partial area ratio:    0.12
      Required ratio:    3.00 (Gate area) 
      Cumulative area ratio:    0.12
      Required ratio:    0.00 (Cumulative area) 

    Layer: met1
      Partial area ratio:    2.18
      Required ratio:    0.00 (Gate area) 
      Cumulative area ratio:    2.18
      Required ratio:    0.00 (Cumulative area) 
      Partial area ratio:   10.15
      Required ratio:  400.00 (Side area) 
      Cumulative area ratio:   10.15
      Required ratio:    0.00 (Cumulative side area) 

    Layer: via
      Partial area ratio:    0.18
      Required ratio:    6.00 (Gate area) 
      Cumulative area ratio:    0.30
      Required ratio:    0.00 (Cumulative area) 

    Layer: met2
      Partial area ratio:    0.75
      Required ratio:    0.00 (Gate area) 
      Cumulative area ratio:    2.94
      Required ratio:    0.00 (Cumulative area) 
      Partial area ratio:    3.48
      Required ratio:  400.00 (Side area) 
      Cumulative area ratio:   13.63
      Required ratio:    0.00 (Cumulative side area) 

    Layer: via2
      Partial area ratio:    0.16
      Required ratio:    6.00 (Gate area) 
      Cumulative area ratio:    0.46
      Required ratio:    0.00 (Cumulative area) 

    Layer: met3
      Partial area ratio:   75.77
      Required ratio:    0.00 (Gate area) 
      Cumulative area ratio:   78.71
      Required ratio:    0.00 (Cumulative area) 
      Partial area ratio:  406.01
      Required ratio:  400.00 (Side area) (VIOLATED)
      Cumulative area ratio:  419.64
      Required ratio:    0.00 (Cumulative side area) 

    Layer: via3
      Partial area ratio:    0.16
      Required ratio:    6.00 (Gate area) 
      Cumulative area ratio:    0.62
      Required ratio:    0.00 (Cumulative area) 

    Layer: met4
      Partial area ratio:   71.06
      Required ratio:    0.00 (Gate area) 
      Cumulative area ratio:  149.77
      Required ratio:    0.00 (Cumulative area) 
      Partial area ratio:  380.37
      Required ratio: 2778.20 (Side area) 
      Cumulative area ratio:  800.01
      Required ratio:    0.00 (Cumulative side area) 



Net: _13447_
  Pin:   _15043_/C (sky130_fd_sc_hd__and4bb_1)
    Layer: mcon
      Partial area ratio:    0.23
      Required ratio:    3.00 (Gate area) 
      Cumulative area ratio:    0.23
      Required ratio:    0.00 (Cumulative area) 

    Layer: met1
      Partial area ratio:    3.17
      Required ratio:    0.00 (Gate area) 
      Cumulative area ratio:    3.17
      Required ratio:    0.00 (Cumulative area) 
      Partial area ratio:   14.36
      Required ratio:  400.00 (Side area) 
      Cumulative area ratio:   14.36
      Required ratio:    0.00 (Cumulative side area) 

    Layer: via
      Partial area ratio:    0.36
      Required ratio:    6.00 (Gate area) 
      Cumulative area ratio:    0.59
      Required ratio:    0.00 (Cumulative area) 

    Layer: met2
      Partial area ratio:    9.56
      Required ratio:    0.00 (Gate area) 
      Cumulative area ratio:   12.73
      Required ratio:    0.00 (Cumulative area) 
      Partial area ratio:   45.94
      Required ratio:  400.00 (Side area) 
      Cumulative area ratio:   60.31
      Required ratio:    0.00 (Cumulative side area) 

    Layer: via2
      Partial area ratio:    0.63
      Required ratio:    6.00 (Gate area) 
      Cumulative area ratio:    1.22
      Required ratio:    0.00 (Cumulative area) 

    Layer: met3
      Partial area ratio:   91.32
      Required ratio:    0.00 (Gate area) 
      Cumulative area ratio:  104.05
      Required ratio:    0.00 (Cumulative area) 
      Partial area ratio:  490.76
      Required ratio:  400.00 (Side area) (VIOLATED)
      Cumulative area ratio:  551.07
      Required ratio:    0.00 (Cumulative side area) 

    Layer: via3
      Partial area ratio:    0.16
      Required ratio:    6.00 (Gate area) 
      Cumulative area ratio:    1.38
      Required ratio:    0.00 (Cumulative area) 

    Layer: met4
      Partial area ratio:   49.76
      Required ratio:    0.00 (Gate area) 
      Cumulative area ratio:  153.80
      Required ratio:    0.00 (Cumulative area) 
      Partial area ratio:  267.24
      Required ratio: 2837.60 (Side area) 
      Cumulative area ratio:  818.31
      Required ratio:    0.00 (Cumulative side area) 


  Pin:   _15071_/D (sky130_fd_sc_hd__and4bb_1)
    Layer: mcon
      Partial area ratio:    0.23
      Required ratio:    3.00 (Gate area) 
      Cumulative area ratio:    0.23
      Required ratio:    0.00 (Cumulative area) 

    Layer: met1
      Partial area ratio:    3.11
      Required ratio:    0.00 (Gate area) 
      Cumulative area ratio:    3.11
      Required ratio:    0.00 (Cumulative area) 
      Partial area ratio:   14.09
      Required ratio:  400.00 (Side area) 
      Cumulative area ratio:   14.09
      Required ratio:    0.00 (Cumulative side area) 

    Layer: via
      Partial area ratio:    0.36
      Required ratio:    6.00 (Gate area) 
      Cumulative area ratio:    0.59
      Required ratio:    0.00 (Cumulative area) 

    Layer: met2
      Partial area ratio:    1.48
      Required ratio:    0.00 (Gate area) 
      Cumulative area ratio:    4.60
      Required ratio:    0.00 (Cumulative area) 
      Partial area ratio:    6.83
      Required ratio:  400.00 (Side area) 
      Cumulative area ratio:   20.93
      Required ratio:    0.00 (Cumulative side area) 

    Layer: via2
      Partial area ratio:    0.32
      Required ratio:    6.00 (Gate area) 
      Cumulative area ratio:    0.90
      Required ratio:    0.00 (Cumulative area) 

    Layer: met3
      Partial area ratio:   91.32
      Required ratio:    0.00 (Gate area) 
      Cumulative area ratio:   95.92
      Required ratio:    0.00 (Cumulative area) 
      Partial area ratio:  490.76
      Required ratio:  400.00 (Side area) (VIOLATED)
      Cumulative area ratio:  511.69
      Required ratio:    0.00 (Cumulative side area) 

    Layer: via3
      Partial area ratio:    0.16
      Required ratio:    6.00 (Gate area) 
      Cumulative area ratio:    1.06
      Required ratio:    0.00 (Cumulative area) 

    Layer: met4
      Partial area ratio:   49.76
      Required ratio:    0.00 (Gate area) 
      Cumulative area ratio:  145.67
      Required ratio:    0.00 (Cumulative area) 
      Partial area ratio:  267.24
      Required ratio: 2837.60 (Side area) 
      Cumulative area ratio:  778.93
      Required ratio:    0.00 (Cumulative side area) 



Net: net94
  Pin:   output94/A (sky130_fd_sc_hd__buf_2)
    Layer: mcon
      Partial area ratio:    0.18
      Required ratio:    3.00 (Gate area) 
      Cumulative area ratio:    0.18
      Required ratio:    0.00 (Cumulative area) 

    Layer: met1
      Partial area ratio:   27.96
      Required ratio:    0.00 (Gate area) 
      Cumulative area ratio:   27.96
      Required ratio:    0.00 (Cumulative area) 
      Partial area ratio:  138.62
      Required ratio:  400.00 (Side area) 
      Cumulative area ratio:  138.62
      Required ratio:    0.00 (Cumulative side area) 

    Layer: via
      Partial area ratio:    0.28
      Required ratio:    6.00 (Gate area) 
      Cumulative area ratio:    0.46
      Required ratio:    0.00 (Cumulative area) 

    Layer: met2
      Partial area ratio:    7.47
      Required ratio:    0.00 (Gate area) 
      Cumulative area ratio:   35.43
      Required ratio:    0.00 (Cumulative area) 
      Partial area ratio:   36.21
      Required ratio:  400.00 (Side area) 
      Cumulative area ratio:  174.83
      Required ratio:    0.00 (Cumulative side area) 

    Layer: via2
      Partial area ratio:    0.25
      Required ratio:    6.00 (Gate area) 
      Cumulative area ratio:    0.72
      Required ratio:    0.00 (Cumulative area) 

    Layer: met3
      Partial area ratio:  104.93
      Required ratio:    0.00 (Gate area) 
      Cumulative area ratio:  140.36
      Required ratio:    0.00 (Cumulative area) 
      Partial area ratio:  562.57
      Required ratio:  400.00 (Side area) (VIOLATED)
      Cumulative area ratio:  737.40
      Required ratio:    0.00 (Cumulative side area) 

    Layer: via3
      Partial area ratio:    0.25
      Required ratio:    6.00 (Gate area) 
      Cumulative area ratio:    0.97
      Required ratio:    0.00 (Cumulative area) 

    Layer: met4
      Partial area ratio:  117.92
      Required ratio:    0.00 (Gate area) 
      Cumulative area ratio:  258.28
      Required ratio:    0.00 (Cumulative area) 
      Partial area ratio:  631.85
      Required ratio: 2771.60 (Side area) 
      Cumulative area ratio: 1369.25
      Required ratio:    0.00 (Cumulative side area) 



Net: net545
  Pin:   _17867_/A (sky130_fd_sc_hd__nor2_1)
    Layer: mcon
      Partial area ratio:    0.12
      Required ratio:    3.00 (Gate area) 
      Cumulative area ratio:    0.12
      Required ratio:    0.00 (Cumulative area) 

    Layer: met1
      Partial area ratio:    1.41
      Required ratio:    0.00 (Gate area) 
      Cumulative area ratio:    1.41
      Required ratio:    0.00 (Cumulative area) 
      Partial area ratio:    6.43
      Required ratio:  400.00 (Side area) 
      Cumulative area ratio:    6.43
      Required ratio:    0.00 (Cumulative side area) 

    Layer: via
      Partial area ratio:    0.10
      Required ratio:    6.00 (Gate area) 
      Cumulative area ratio:    0.22
      Required ratio:    0.00 (Cumulative area) 

    Layer: met2
      Partial area ratio:    2.37
      Required ratio:    0.00 (Gate area) 
      Cumulative area ratio:    3.78
      Required ratio:    0.00 (Cumulative area) 
      Partial area ratio:   11.59
      Required ratio:  400.00 (Side area) 
      Cumulative area ratio:   18.01
      Required ratio:    0.00 (Cumulative side area) 

    Layer: via2
      Partial area ratio:    0.08
      Required ratio:    6.00 (Gate area) 
      Cumulative area ratio:    0.30
      Required ratio:    0.00 (Cumulative area) 

    Layer: met3
      Partial area ratio:    0.25
      Required ratio:    0.00 (Gate area) 
      Cumulative area ratio:    4.03
      Required ratio:    0.00 (Cumulative area) 
      Partial area ratio:    2.29
      Required ratio:  400.00 (Side area) 
      Cumulative area ratio:   20.31
      Required ratio:    0.00 (Cumulative side area) 

    Layer: via3
      Partial area ratio:    0.08
      Required ratio:    6.00 (Gate area) 
      Cumulative area ratio:    0.38
      Required ratio:    0.00 (Cumulative area) 

    Layer: met4
      Partial area ratio:   16.45
      Required ratio:    0.00 (Gate area) 
      Cumulative area ratio:   20.48
      Required ratio:    0.00 (Cumulative area) 
      Partial area ratio:   88.12
      Required ratio: 3236.16 (Side area) 
      Cumulative area ratio:  108.43
      Required ratio:    0.00 (Cumulative side area) 


  Pin:   _17910_/A1 (sky130_fd_sc_hd__a21oi_1)
    Layer: mcon
      Partial area ratio:    0.12
      Required ratio:    3.00 (Gate area) 
      Cumulative area ratio:    0.12
      Required ratio:    0.00 (Cumulative area) 

    Layer: met1
      Partial area ratio:    1.41
      Required ratio:    0.00 (Gate area) 
      Cumulative area ratio:    1.41
      Required ratio:    0.00 (Cumulative area) 
      Partial area ratio:    6.43
      Required ratio:  400.00 (Side area) 
      Cumulative area ratio:    6.43
      Required ratio:    0.00 (Cumulative side area) 

    Layer: via
      Partial area ratio:    0.10
      Required ratio:    6.00 (Gate area) 
      Cumulative area ratio:    0.22
      Required ratio:    0.00 (Cumulative area) 

    Layer: met2
      Partial area ratio:    2.37
      Required ratio:    0.00 (Gate area) 
      Cumulative area ratio:    3.78
      Required ratio:    0.00 (Cumulative area) 
      Partial area ratio:   11.59
      Required ratio:  400.00 (Side area) 
      Cumulative area ratio:   18.01
      Required ratio:    0.00 (Cumulative side area) 

    Layer: via2
      Partial area ratio:    0.08
      Required ratio:    6.00 (Gate area) 
      Cumulative area ratio:    0.30
      Required ratio:    0.00 (Cumulative area) 

    Layer: met3
      Partial area ratio:    0.25
      Required ratio:    0.00 (Gate area) 
      Cumulative area ratio:    4.03
      Required ratio:    0.00 (Cumulative area) 
      Partial area ratio:    2.29
      Required ratio:  400.00 (Side area) 
      Cumulative area ratio:   20.31
      Required ratio:    0.00 (Cumulative side area) 

    Layer: via3
      Partial area ratio:    0.08
      Required ratio:    6.00 (Gate area) 
      Cumulative area ratio:    0.38
      Required ratio:    0.00 (Cumulative area) 

    Layer: met4
      Partial area ratio:   16.45
      Required ratio:    0.00 (Gate area) 
      Cumulative area ratio:   20.48
      Required ratio:    0.00 (Cumulative area) 
      Partial area ratio:   88.12
      Required ratio: 3236.16 (Side area) 
      Cumulative area ratio:  108.43
      Required ratio:    0.00 (Cumulative side area) 


  Pin:   _23861_/A (sky130_fd_sc_hd__xnor2_2)
    Layer: mcon
      Partial area ratio:    0.03
      Required ratio:    3.00 (Gate area) 
      Cumulative area ratio:    0.03
      Required ratio:    0.00 (Cumulative area) 

    Layer: met1
      Partial area ratio:    2.52
      Required ratio:    0.00 (Gate area) 
      Cumulative area ratio:    2.52
      Required ratio:    0.00 (Cumulative area) 
      Partial area ratio:   12.41
      Required ratio:  400.00 (Side area) 
      Cumulative area ratio:   12.41
      Required ratio:    0.00 (Cumulative side area) 

    Layer: via
      Partial area ratio:    0.05
      Required ratio:    6.00 (Gate area) 
      Cumulative area ratio:    0.07
      Required ratio:    0.00 (Cumulative area) 

    Layer: met2
      Partial area ratio:   10.72
      Required ratio:    0.00 (Gate area) 
      Cumulative area ratio:   13.24
      Required ratio:    0.00 (Cumulative area) 
      Partial area ratio:   53.37
      Required ratio:  400.00 (Side area) 
      Cumulative area ratio:   65.78
      Required ratio:    0.00 (Cumulative side area) 

    Layer: via2
      Partial area ratio:    0.03
      Required ratio:    6.00 (Gate area) 
      Cumulative area ratio:    0.11
      Required ratio:    0.00 (Cumulative area) 

    Layer: met3
      Partial area ratio:    1.82
      Required ratio:    0.00 (Gate area) 
      Cumulative area ratio:   15.07
      Required ratio:    0.00 (Cumulative area) 
      Partial area ratio:   10.11
      Required ratio:  400.00 (Side area) 
      Cumulative area ratio:   75.90
      Required ratio:    0.00 (Cumulative side area) 

    Layer: via3
      Partial area ratio:    0.03
      Required ratio:    6.00 (Gate area) 
      Cumulative area ratio:    0.14
      Required ratio:    0.00 (Cumulative area) 

    Layer: met4
      Partial area ratio:   16.45
      Required ratio:    0.00 (Gate area) 
      Cumulative area ratio:   31.52
      Required ratio:    0.00 (Cumulative area) 
      Partial area ratio:   88.12
      Required ratio: 3236.16 (Side area) 
      Cumulative area ratio:  164.02
      Required ratio:    0.00 (Cumulative side area) 


  Pin:   fanout542/A (sky130_fd_sc_hd__buf_6)
    Layer: mcon
      Partial area ratio:    0.06
      Required ratio:    3.00 (Gate area) 
      Cumulative area ratio:    0.06
      Required ratio:    0.00 (Cumulative area) 

    Layer: met1
      Partial area ratio:   20.98
      Required ratio:    0.00 (Gate area) 
      Cumulative area ratio:   20.98
      Required ratio:    0.00 (Cumulative area) 
      Partial area ratio:  104.30
      Required ratio:  400.00 (Side area) 
      Cumulative area ratio:  104.30
      Required ratio:    0.00 (Cumulative side area) 

    Layer: via
      Partial area ratio:    0.14
      Required ratio:    6.00 (Gate area) 
      Cumulative area ratio:    0.19
      Required ratio:    0.00 (Cumulative area) 

    Layer: met2
      Partial area ratio:    2.37
      Required ratio:    0.00 (Gate area) 
      Cumulative area ratio:   23.35
      Required ratio:    0.00 (Cumulative area) 
      Partial area ratio:   11.59
      Required ratio:  400.00 (Side area) 
      Cumulative area ratio:  115.88
      Required ratio:    0.00 (Cumulative side area) 

    Layer: via2
      Partial area ratio:    0.08
      Required ratio:    6.00 (Gate area) 
      Cumulative area ratio:    0.28
      Required ratio:    0.00 (Cumulative area) 

    Layer: met3
      Partial area ratio:    0.25
      Required ratio:    0.00 (Gate area) 
      Cumulative area ratio:   23.60
      Required ratio:    0.00 (Cumulative area) 
      Partial area ratio:    2.29
      Required ratio:  400.00 (Side area) 
      Cumulative area ratio:  118.18
      Required ratio:    0.00 (Cumulative side area) 

    Layer: via3
      Partial area ratio:    0.08
      Required ratio:    6.00 (Gate area) 
      Cumulative area ratio:    0.36
      Required ratio:    0.00 (Cumulative area) 

    Layer: met4
      Partial area ratio:   16.45
      Required ratio:    0.00 (Gate area) 
      Cumulative area ratio:   40.05
      Required ratio:    0.00 (Cumulative area) 
      Partial area ratio:   88.12
      Required ratio: 3236.16 (Side area) 
      Cumulative area ratio:  206.30
      Required ratio:    0.00 (Cumulative side area) 


  Pin:   fanout543/A (sky130_fd_sc_hd__clkbuf_4)
    Layer: mcon
      Partial area ratio:    0.14
      Required ratio:    3.00 (Gate area) 
      Cumulative area ratio:    0.14
      Required ratio:    0.00 (Cumulative area) 

    Layer: met1
      Partial area ratio:    3.35
      Required ratio:    0.00 (Gate area) 
      Cumulative area ratio:    3.35
      Required ratio:    0.00 (Cumulative area) 
      Partial area ratio:   15.89
      Required ratio:  400.00 (Side area) 
      Cumulative area ratio:   15.89
      Required ratio:    0.00 (Cumulative side area) 

    Layer: via
      Partial area ratio:    0.21
      Required ratio:    6.00 (Gate area) 
      Cumulative area ratio:    0.35
      Required ratio:    0.00 (Cumulative area) 

    Layer: met2
      Partial area ratio:   10.72
      Required ratio:    0.00 (Gate area) 
      Cumulative area ratio:   14.08
      Required ratio:    0.00 (Cumulative area) 
      Partial area ratio:   53.37
      Required ratio:  400.00 (Side area) 
      Cumulative area ratio:   69.26
      Required ratio:    0.00 (Cumulative side area) 

    Layer: via2
      Partial area ratio:    0.03
      Required ratio:    6.00 (Gate area) 
      Cumulative area ratio:    0.38
      Required ratio:    0.00 (Cumulative area) 

    Layer: met3
      Partial area ratio:    1.82
      Required ratio:    0.00 (Gate area) 
      Cumulative area ratio:   15.90
      Required ratio:    0.00 (Cumulative area) 
      Partial area ratio:   10.11
      Required ratio:  400.00 (Side area) 
      Cumulative area ratio:   79.38
      Required ratio:    0.00 (Cumulative side area) 

    Layer: via3
      Partial area ratio:    0.03
      Required ratio:    6.00 (Gate area) 
      Cumulative area ratio:    0.41
      Required ratio:    0.00 (Cumulative area) 

    Layer: met4
      Partial area ratio:   16.45
      Required ratio:    0.00 (Gate area) 
      Cumulative area ratio:   32.35
      Required ratio:    0.00 (Cumulative area) 
      Partial area ratio:   88.12
      Required ratio: 3236.16 (Side area) 
      Cumulative area ratio:  167.50
      Required ratio:    0.00 (Cumulative side area) 


  Pin:   fanout544/A (sky130_fd_sc_hd__clkbuf_4)
    Layer: mcon
      Partial area ratio:    0.14
      Required ratio:    3.00 (Gate area) 
      Cumulative area ratio:    0.14
      Required ratio:    0.00 (Cumulative area) 

    Layer: met1
      Partial area ratio:    3.10
      Required ratio:    0.00 (Gate area) 
      Cumulative area ratio:    3.10
      Required ratio:    0.00 (Cumulative area) 
      Partial area ratio:   14.64
      Required ratio:  400.00 (Side area) 
      Cumulative area ratio:   14.64
      Required ratio:    0.00 (Cumulative side area) 

    Layer: via
      Partial area ratio:    0.21
      Required ratio:    6.00 (Gate area) 
      Cumulative area ratio:    0.35
      Required ratio:    0.00 (Cumulative area) 

    Layer: met2
      Partial area ratio:    0.88
      Required ratio:    0.00 (Gate area) 
      Cumulative area ratio:    3.98
      Required ratio:    0.00 (Cumulative area) 
      Partial area ratio:    4.04
      Required ratio:  400.00 (Side area) 
      Cumulative area ratio:   18.68
      Required ratio:    0.00 (Cumulative side area) 

    Layer: via2
      Partial area ratio:    0.19
      Required ratio:    6.00 (Gate area) 
      Cumulative area ratio:    0.53
      Required ratio:    0.00 (Cumulative area) 

    Layer: met3
      Partial area ratio:  282.41
      Required ratio:    0.00 (Gate area) 
      Cumulative area ratio:  286.39
      Required ratio:    0.00 (Cumulative area) 
      Partial area ratio: 1508.39
      Required ratio:  400.00 (Side area) (VIOLATED)
      Cumulative area ratio: 1527.08
      Required ratio:    0.00 (Cumulative side area) 

    Layer: via3
      Partial area ratio:    0.19
      Required ratio:    6.00 (Gate area) 
      Cumulative area ratio:    0.72
      Required ratio:    0.00 (Cumulative area) 

    Layer: met4
      Partial area ratio:   16.45
      Required ratio:    0.00 (Gate area) 
      Cumulative area ratio:  302.84
      Required ratio:    0.00 (Cumulative area) 
      Partial area ratio:   88.12
      Required ratio: 3236.16 (Side area) 
      Cumulative area ratio: 1615.20
      Required ratio:    0.00 (Cumulative side area) 



Net: net692
  Pin:   _15768_/C (sky130_fd_sc_hd__or3_1)
    Layer: mcon
      Partial area ratio:    0.23
      Required ratio:    3.00 (Gate area) 
      Cumulative area ratio:    0.23
      Required ratio:    0.00 (Cumulative area) 

    Layer: met1
      Partial area ratio:   87.16
      Required ratio:    0.00 (Gate area) 
      Cumulative area ratio:   87.16
      Required ratio:    0.00 (Cumulative area) 
      Partial area ratio:  433.47
      Required ratio:  400.00 (Side area) (VIOLATED)
      Cumulative area ratio:  433.47
      Required ratio:    0.00 (Cumulative side area) 

    Layer: via
      Partial area ratio:    0.54
      Required ratio:    6.00 (Gate area) 
      Cumulative area ratio:    0.77
      Required ratio:    0.00 (Cumulative area) 

    Layer: met2
      Partial area ratio:   10.48
      Required ratio:    0.00 (Gate area) 
      Cumulative area ratio:   97.64
      Required ratio:    0.00 (Cumulative area) 
      Partial area ratio:   51.70
      Required ratio: 3134.60 (Side area) 
      Cumulative area ratio:  485.17
      Required ratio:    0.00 (Cumulative side area) 

    Layer: via2
      Partial area ratio:    0.06
      Required ratio:   54.11 (Gate area) 
      Cumulative area ratio:    0.83
      Required ratio:    0.00 (Cumulative area) 

    Layer: met3
      Partial area ratio:    0.20
      Required ratio:    0.00 (Gate area) 
      Cumulative area ratio:   97.85
      Required ratio:    0.00 (Cumulative area) 
      Partial area ratio:    1.83
      Required ratio: 3134.60 (Side area) 
      Cumulative area ratio:  487.00
      Required ratio:    0.00 (Cumulative side area) 

    Layer: via3
      Partial area ratio:    0.06
      Required ratio:   54.11 (Gate area) 
      Cumulative area ratio:    0.89
      Required ratio:    0.00 (Cumulative area) 

    Layer: met4
      Partial area ratio:   60.57
      Required ratio:    0.00 (Gate area) 
      Cumulative area ratio:  158.42
      Required ratio:    0.00 (Cumulative area) 
      Partial area ratio:  323.53
      Required ratio: 3134.60 (Side area) 
      Cumulative area ratio:  810.53
      Required ratio:    0.00 (Cumulative side area) 


  Pin:   _15769_/C (sky130_fd_sc_hd__or4_4)
    Layer: mcon
      Partial area ratio:    0.12
      Required ratio:    3.00 (Gate area) 
      Cumulative area ratio:    0.12
      Required ratio:    0.00 (Cumulative area) 

    Layer: met1
      Partial area ratio:    4.49
      Required ratio:    0.00 (Gate area) 
      Cumulative area ratio:    4.49
      Required ratio:    0.00 (Cumulative area) 
      Partial area ratio:   21.60
      Required ratio:  400.00 (Side area) 
      Cumulative area ratio:   21.60
      Required ratio:    0.00 (Cumulative side area) 

    Layer: via
      Partial area ratio:    0.18
      Required ratio:    6.00 (Gate area) 
      Cumulative area ratio:    0.30
      Required ratio:    0.00 (Cumulative area) 

    Layer: met2
      Partial area ratio:   10.48
      Required ratio:    0.00 (Gate area) 
      Cumulative area ratio:   14.98
      Required ratio:    0.00 (Cumulative area) 
      Partial area ratio:   51.70
      Required ratio: 3134.60 (Side area) 
      Cumulative area ratio:   73.30
      Required ratio:    0.00 (Cumulative side area) 

    Layer: via2
      Partial area ratio:    0.06
      Required ratio:   54.11 (Gate area) 
      Cumulative area ratio:    0.36
      Required ratio:    0.00 (Cumulative area) 

    Layer: met3
      Partial area ratio:    0.20
      Required ratio:    0.00 (Gate area) 
      Cumulative area ratio:   15.18
      Required ratio:    0.00 (Cumulative area) 
      Partial area ratio:    1.83
      Required ratio: 3134.60 (Side area) 
      Cumulative area ratio:   75.13
      Required ratio:    0.00 (Cumulative side area) 

    Layer: via3
      Partial area ratio:    0.06
      Required ratio:   54.11 (Gate area) 
      Cumulative area ratio:    0.43
      Required ratio:    0.00 (Cumulative area) 

    Layer: met4
      Partial area ratio:   60.57
      Required ratio:    0.00 (Gate area) 
      Cumulative area ratio:   75.75
      Required ratio:    0.00 (Cumulative area) 
      Partial area ratio:  323.53
      Required ratio: 3134.60 (Side area) 
      Cumulative area ratio:  398.66
      Required ratio:    0.00 (Cumulative side area) 


  Pin:   _17833_/C1 (sky130_fd_sc_hd__o311a_1)
    Layer: mcon
      Partial area ratio:    0.12
      Required ratio:    3.00 (Gate area) 
      Cumulative area ratio:    0.12
      Required ratio:    0.00 (Cumulative area) 

    Layer: met1
      Partial area ratio:    4.32
      Required ratio:    0.00 (Gate area) 
      Cumulative area ratio:    4.32
      Required ratio:    0.00 (Cumulative area) 
      Partial area ratio:   20.17
      Required ratio: 3134.60 (Side area) 
      Cumulative area ratio:   20.17
      Required ratio:    0.00 (Cumulative side area) 

    Layer: via
      Partial area ratio:    0.27
      Required ratio:   54.11 (Gate area) 
      Cumulative area ratio:    0.39
      Required ratio:    0.00 (Cumulative area) 

    Layer: met2
      Partial area ratio:   10.48
      Required ratio:    0.00 (Gate area) 
      Cumulative area ratio:   14.81
      Required ratio:    0.00 (Cumulative area) 
      Partial area ratio:   51.70
      Required ratio: 3134.60 (Side area) 
      Cumulative area ratio:   71.87
      Required ratio:    0.00 (Cumulative side area) 

    Layer: via2
      Partial area ratio:    0.06
      Required ratio:   54.11 (Gate area) 
      Cumulative area ratio:    0.45
      Required ratio:    0.00 (Cumulative area) 

    Layer: met3
      Partial area ratio:    0.20
      Required ratio:    0.00 (Gate area) 
      Cumulative area ratio:   15.01
      Required ratio:    0.00 (Cumulative area) 
      Partial area ratio:    1.83
      Required ratio: 3134.60 (Side area) 
      Cumulative area ratio:   73.69
      Required ratio:    0.00 (Cumulative side area) 

    Layer: via3
      Partial area ratio:    0.06
      Required ratio:   54.11 (Gate area) 
      Cumulative area ratio:    0.52
      Required ratio:    0.00 (Cumulative area) 

    Layer: met4
      Partial area ratio:   60.57
      Required ratio:    0.00 (Gate area) 
      Cumulative area ratio:   75.58
      Required ratio:    0.00 (Cumulative area) 
      Partial area ratio:  323.53
      Required ratio: 3134.60 (Side area) 
      Cumulative area ratio:  397.22
      Required ratio:    0.00 (Cumulative side area) 


  Pin:   fanout690/A (sky130_fd_sc_hd__clkbuf_4)
    Layer: mcon
      Partial area ratio:    0.14
      Required ratio:    3.00 (Gate area) 
      Cumulative area ratio:    0.14
      Required ratio:    0.00 (Cumulative area) 

    Layer: met1
      Partial area ratio:   43.71
      Required ratio:    0.00 (Gate area) 
      Cumulative area ratio:   43.71
      Required ratio:    0.00 (Cumulative area) 
      Partial area ratio:  217.15
      Required ratio:  400.00 (Side area) 
      Cumulative area ratio:  217.15
      Required ratio:    0.00 (Cumulative side area) 

    Layer: via
      Partial area ratio:    0.32
      Required ratio:    6.00 (Gate area) 
      Cumulative area ratio:    0.45
      Required ratio:    0.00 (Cumulative area) 

    Layer: met2
      Partial area ratio:   11.44
      Required ratio:    0.00 (Gate area) 
      Cumulative area ratio:   55.14
      Required ratio:    0.00 (Cumulative area) 
      Partial area ratio:   56.66
      Required ratio:  400.00 (Side area) 
      Cumulative area ratio:  273.81
      Required ratio:    0.00 (Cumulative side area) 

    Layer: via2
      Partial area ratio:    0.11
      Required ratio:    6.00 (Gate area) 
      Cumulative area ratio:    0.56
      Required ratio:    0.00 (Cumulative area) 

    Layer: met3
      Partial area ratio:    0.34
      Required ratio:    0.00 (Gate area) 
      Cumulative area ratio:   55.48
      Required ratio:    0.00 (Cumulative area) 
      Partial area ratio:    3.05
      Required ratio:  400.00 (Side area) 
      Cumulative area ratio:  276.86
      Required ratio:    0.00 (Cumulative side area) 

    Layer: via3
      Partial area ratio:    0.11
      Required ratio:    6.00 (Gate area) 
      Cumulative area ratio:    0.67
      Required ratio:    0.00 (Cumulative area) 

    Layer: met4
      Partial area ratio:   60.57
      Required ratio:    0.00 (Gate area) 
      Cumulative area ratio:  116.05
      Required ratio:    0.00 (Cumulative area) 
      Partial area ratio:  323.53
      Required ratio: 3134.60 (Side area) 
      Cumulative area ratio:  600.39
      Required ratio:    0.00 (Cumulative side area) 


  Pin:   fanout691/A (sky130_fd_sc_hd__buf_2)
    Layer: mcon
      Partial area ratio:    0.18
      Required ratio:    3.00 (Gate area) 
      Cumulative area ratio:    0.18
      Required ratio:    0.00 (Cumulative area) 

    Layer: met1
      Partial area ratio:   20.70
      Required ratio:    0.00 (Gate area) 
      Cumulative area ratio:   20.70
      Required ratio:    0.00 (Cumulative area) 
      Partial area ratio:  102.46
      Required ratio:  400.00 (Side area) 
      Cumulative area ratio:  102.46
      Required ratio:    0.00 (Cumulative side area) 

    Layer: via
      Partial area ratio:    0.28
      Required ratio:    6.00 (Gate area) 
      Cumulative area ratio:    0.46
      Required ratio:    0.00 (Cumulative area) 

    Layer: met2
      Partial area ratio:   11.44
      Required ratio:    0.00 (Gate area) 
      Cumulative area ratio:   32.14
      Required ratio:    0.00 (Cumulative area) 
      Partial area ratio:   56.66
      Required ratio:  400.00 (Side area) 
      Cumulative area ratio:  159.11
      Required ratio:    0.00 (Cumulative side area) 

    Layer: via2
      Partial area ratio:    0.11
      Required ratio:    6.00 (Gate area) 
      Cumulative area ratio:    0.57
      Required ratio:    0.00 (Cumulative area) 

    Layer: met3
      Partial area ratio:    0.34
      Required ratio:    0.00 (Gate area) 
      Cumulative area ratio:   32.48
      Required ratio:    0.00 (Cumulative area) 
      Partial area ratio:    3.05
      Required ratio:  400.00 (Side area) 
      Cumulative area ratio:  162.17
      Required ratio:    0.00 (Cumulative side area) 

    Layer: via3
      Partial area ratio:    0.11
      Required ratio:    6.00 (Gate area) 
      Cumulative area ratio:    0.68
      Required ratio:    0.00 (Cumulative area) 

    Layer: met4
      Partial area ratio:   60.57
      Required ratio:    0.00 (Gate area) 
      Cumulative area ratio:   93.05
      Required ratio:    0.00 (Cumulative area) 
      Partial area ratio:  323.53
      Required ratio: 3134.60 (Side area) 
      Cumulative area ratio:  485.70
      Required ratio:    0.00 (Cumulative side area) 



Net: net1094
  Pin:   _21748_/C (sky130_fd_sc_hd__and3_4)
    Layer: mcon
      Partial area ratio:    0.12
      Required ratio:    3.00 (Gate area) 
      Cumulative area ratio:    0.12
      Required ratio:    0.00 (Cumulative area) 

    Layer: met1
      Partial area ratio:    7.28
      Required ratio:    0.00 (Gate area) 
      Cumulative area ratio:    7.28
      Required ratio:    0.00 (Cumulative area) 
      Partial area ratio:   35.13
      Required ratio:  400.00 (Side area) 
      Cumulative area ratio:   35.13
      Required ratio:    0.00 (Cumulative side area) 

    Layer: via
      Partial area ratio:    0.24
      Required ratio:    6.00 (Gate area) 
      Cumulative area ratio:    0.36
      Required ratio:    0.00 (Cumulative area) 

    Layer: met2
      Partial area ratio:    7.26
      Required ratio:    0.00 (Gate area) 
      Cumulative area ratio:   14.53
      Required ratio:    0.00 (Cumulative area) 
      Partial area ratio:   35.75
      Required ratio: 2736.24 (Side area) 
      Cumulative area ratio:   70.88
      Required ratio:    0.00 (Cumulative side area) 

    Layer: via2
      Partial area ratio:    0.06
      Required ratio:   18.26 (Gate area) 
      Cumulative area ratio:    0.42
      Required ratio:    0.00 (Cumulative area) 

    Layer: met3
      Partial area ratio:    0.20
      Required ratio:    0.00 (Gate area) 
      Cumulative area ratio:   14.73
      Required ratio:    0.00 (Cumulative area) 
      Partial area ratio:    1.82
      Required ratio: 2736.24 (Side area) 
      Cumulative area ratio:   72.69
      Required ratio:    0.00 (Cumulative side area) 

    Layer: via3
      Partial area ratio:    0.06
      Required ratio:   18.26 (Gate area) 
      Cumulative area ratio:    0.49
      Required ratio:    0.00 (Cumulative area) 

    Layer: met4
      Partial area ratio:   24.95
      Required ratio:    0.00 (Gate area) 
      Cumulative area ratio:   39.68
      Required ratio:    0.00 (Cumulative area) 
      Partial area ratio:  133.68
      Required ratio: 2736.24 (Side area) 
      Cumulative area ratio:  206.38
      Required ratio:    0.00 (Cumulative side area) 


  Pin:   _21805_/C (sky130_fd_sc_hd__and3_1)
    Layer: mcon
      Partial area ratio:    0.23
      Required ratio:    3.00 (Gate area) 
      Cumulative area ratio:    0.23
      Required ratio:    0.00 (Cumulative area) 

    Layer: met1
      Partial area ratio:    7.28
      Required ratio:    0.00 (Gate area) 
      Cumulative area ratio:    7.28
      Required ratio:    0.00 (Cumulative area) 
      Partial area ratio:   35.13
      Required ratio:  400.00 (Side area) 
      Cumulative area ratio:   35.13
      Required ratio:    0.00 (Cumulative side area) 

    Layer: via
      Partial area ratio:    0.24
      Required ratio:    6.00 (Gate area) 
      Cumulative area ratio:    0.47
      Required ratio:    0.00 (Cumulative area) 

    Layer: met2
      Partial area ratio:    7.26
      Required ratio:    0.00 (Gate area) 
      Cumulative area ratio:   14.53
      Required ratio:    0.00 (Cumulative area) 
      Partial area ratio:   35.75
      Required ratio: 2736.24 (Side area) 
      Cumulative area ratio:   70.88
      Required ratio:    0.00 (Cumulative side area) 

    Layer: via2
      Partial area ratio:    0.06
      Required ratio:   18.26 (Gate area) 
      Cumulative area ratio:    0.53
      Required ratio:    0.00 (Cumulative area) 

    Layer: met3
      Partial area ratio:    0.20
      Required ratio:    0.00 (Gate area) 
      Cumulative area ratio:   14.73
      Required ratio:    0.00 (Cumulative area) 
      Partial area ratio:    1.82
      Required ratio: 2736.24 (Side area) 
      Cumulative area ratio:   72.69
      Required ratio:    0.00 (Cumulative side area) 

    Layer: via3
      Partial area ratio:    0.06
      Required ratio:   18.26 (Gate area) 
      Cumulative area ratio:    0.60
      Required ratio:    0.00 (Cumulative area) 

    Layer: met4
      Partial area ratio:   24.95
      Required ratio:    0.00 (Gate area) 
      Cumulative area ratio:   39.68
      Required ratio:    0.00 (Cumulative area) 
      Partial area ratio:  133.68
      Required ratio: 2736.24 (Side area) 
      Cumulative area ratio:  206.38
      Required ratio:    0.00 (Cumulative side area) 


  Pin:   _21847_/B1 (sky130_fd_sc_hd__a2bb2o_1)
    Layer: mcon
      Partial area ratio:    0.23
      Required ratio:    3.00 (Gate area) 
      Cumulative area ratio:    0.23
      Required ratio:    0.00 (Cumulative area) 

    Layer: met1
      Partial area ratio:   18.69
      Required ratio:    0.00 (Gate area) 
      Cumulative area ratio:   18.69
      Required ratio:    0.00 (Cumulative area) 
      Partial area ratio:   91.97
      Required ratio:  400.00 (Side area) 
      Cumulative area ratio:   91.97
      Required ratio:    0.00 (Cumulative side area) 

    Layer: via
      Partial area ratio:    0.36
      Required ratio:    6.00 (Gate area) 
      Cumulative area ratio:    0.59
      Required ratio:    0.00 (Cumulative area) 

    Layer: met2
      Partial area ratio:   17.09
      Required ratio:    0.00 (Gate area) 
      Cumulative area ratio:   35.78
      Required ratio:    0.00 (Cumulative area) 
      Partial area ratio:   84.03
      Required ratio:  400.00 (Side area) 
      Cumulative area ratio:  176.00
      Required ratio:    0.00 (Cumulative side area) 

    Layer: via2
      Partial area ratio:    0.32
      Required ratio:    6.00 (Gate area) 
      Cumulative area ratio:    0.90
      Required ratio:    0.00 (Cumulative area) 

    Layer: met3
      Partial area ratio:   83.13
      Required ratio:    0.00 (Gate area) 
      Cumulative area ratio:  118.91
      Required ratio:    0.00 (Cumulative area) 
      Partial area ratio:  447.05
      Required ratio:  400.00 (Side area) (VIOLATED)
      Cumulative area ratio:  623.05
      Required ratio:    0.00 (Cumulative side area) 

    Layer: via3
      Partial area ratio:    0.32
      Required ratio:    6.00 (Gate area) 
      Cumulative area ratio:    1.22
      Required ratio:    0.00 (Cumulative area) 

    Layer: met4
      Partial area ratio:   24.95
      Required ratio:    0.00 (Gate area) 
      Cumulative area ratio:  143.86
      Required ratio:    0.00 (Cumulative area) 
      Partial area ratio:  133.68
      Required ratio: 2736.24 (Side area) 
      Cumulative area ratio:  756.73
      Required ratio:    0.00 (Cumulative side area) 


  Pin:   _23105_/A (sky130_fd_sc_hd__and2_1)
    Layer: mcon
      Partial area ratio:    0.23
      Required ratio:    3.00 (Gate area) 
      Cumulative area ratio:    0.23
      Required ratio:    0.00 (Cumulative area) 

    Layer: met1
      Partial area ratio:    6.01
      Required ratio:    0.00 (Gate area) 
      Cumulative area ratio:    6.01
      Required ratio:    0.00 (Cumulative area) 
      Partial area ratio:   28.33
      Required ratio:  400.00 (Side area) 
      Cumulative area ratio:   28.33
      Required ratio:    0.00 (Cumulative side area) 

    Layer: via
      Partial area ratio:    0.27
      Required ratio:    6.00 (Gate area) 
      Cumulative area ratio:    0.50
      Required ratio:    0.00 (Cumulative area) 

    Layer: met2
      Partial area ratio:    7.26
      Required ratio:    0.00 (Gate area) 
      Cumulative area ratio:   13.27
      Required ratio:    0.00 (Cumulative area) 
      Partial area ratio:   35.75
      Required ratio: 2736.24 (Side area) 
      Cumulative area ratio:   64.08
      Required ratio:    0.00 (Cumulative side area) 

    Layer: via2
      Partial area ratio:    0.06
      Required ratio:   18.26 (Gate area) 
      Cumulative area ratio:    0.56
      Required ratio:    0.00 (Cumulative area) 

    Layer: met3
      Partial area ratio:    0.20
      Required ratio:    0.00 (Gate area) 
      Cumulative area ratio:   13.46
      Required ratio:    0.00 (Cumulative area) 
      Partial area ratio:    1.82
      Required ratio: 2736.24 (Side area) 
      Cumulative area ratio:   65.90
      Required ratio:    0.00 (Cumulative side area) 

    Layer: via3
      Partial area ratio:    0.06
      Required ratio:   18.26 (Gate area) 
      Cumulative area ratio:    0.63
      Required ratio:    0.00 (Cumulative area) 

    Layer: met4
      Partial area ratio:   24.95
      Required ratio:    0.00 (Gate area) 
      Cumulative area ratio:   38.41
      Required ratio:    0.00 (Cumulative area) 
      Partial area ratio:  133.68
      Required ratio: 2736.24 (Side area) 
      Cumulative area ratio:  199.58
      Required ratio:    0.00 (Cumulative side area) 


  Pin:   _23106_/B (sky130_fd_sc_hd__and3_1)
    Layer: mcon
      Partial area ratio:    0.23
      Required ratio:    3.00 (Gate area) 
      Cumulative area ratio:    0.23
      Required ratio:    0.00 (Cumulative area) 

    Layer: met1
      Partial area ratio:    6.01
      Required ratio:    0.00 (Gate area) 
      Cumulative area ratio:    6.01
      Required ratio:    0.00 (Cumulative area) 
      Partial area ratio:   28.33
      Required ratio:  400.00 (Side area) 
      Cumulative area ratio:   28.33
      Required ratio:    0.00 (Cumulative side area) 

    Layer: via
      Partial area ratio:    0.27
      Required ratio:    6.00 (Gate area) 
      Cumulative area ratio:    0.50
      Required ratio:    0.00 (Cumulative area) 

    Layer: met2
      Partial area ratio:    7.26
      Required ratio:    0.00 (Gate area) 
      Cumulative area ratio:   13.27
      Required ratio:    0.00 (Cumulative area) 
      Partial area ratio:   35.75
      Required ratio: 2736.24 (Side area) 
      Cumulative area ratio:   64.08
      Required ratio:    0.00 (Cumulative side area) 

    Layer: via2
      Partial area ratio:    0.06
      Required ratio:   18.26 (Gate area) 
      Cumulative area ratio:    0.56
      Required ratio:    0.00 (Cumulative area) 

    Layer: met3
      Partial area ratio:    0.20
      Required ratio:    0.00 (Gate area) 
      Cumulative area ratio:   13.46
      Required ratio:    0.00 (Cumulative area) 
      Partial area ratio:    1.82
      Required ratio: 2736.24 (Side area) 
      Cumulative area ratio:   65.90
      Required ratio:    0.00 (Cumulative side area) 

    Layer: via3
      Partial area ratio:    0.06
      Required ratio:   18.26 (Gate area) 
      Cumulative area ratio:    0.63
      Required ratio:    0.00 (Cumulative area) 

    Layer: met4
      Partial area ratio:   24.95
      Required ratio:    0.00 (Gate area) 
      Cumulative area ratio:   38.41
      Required ratio:    0.00 (Cumulative area) 
      Partial area ratio:  133.68
      Required ratio: 2736.24 (Side area) 
      Cumulative area ratio:  199.58
      Required ratio:    0.00 (Cumulative side area) 



[INFO ANT-0002] Found 8 net violations.
[INFO ANT-0001] Found 10 pin violations.
%OL_END_REPORT
