Reading timing models for corner nom_tt_025C_1v80…
Reading timing library for the 'nom_tt_025C_1v80' corner at '/home/niko_tambornini/.ciel/ciel/sky130/versions/0fe599b2afb6708d281543108caf8310912f54af/sky130A/libs.ref/sky130_fd_sc_hd/lib/sky130_fd_sc_hd__tt_025C_1v80.lib'…
Reading timing models for corner nom_ff_n40C_1v95…
Reading timing library for the 'nom_ff_n40C_1v95' corner at '/home/niko_tambornini/.ciel/ciel/sky130/versions/0fe599b2afb6708d281543108caf8310912f54af/sky130A/libs.ref/sky130_fd_sc_hd/lib/sky130_fd_sc_hd__ff_n40C_1v95.lib'…
Reading timing models for corner nom_ss_100C_1v60…
Reading timing library for the 'nom_ss_100C_1v60' corner at '/home/niko_tambornini/.ciel/ciel/sky130/versions/0fe599b2afb6708d281543108caf8310912f54af/sky130A/libs.ref/sky130_fd_sc_hd/lib/sky130_fd_sc_hd__ss_100C_1v60.lib'…
Reading OpenROAD database at '/home/niko_tambornini/EE531/my_designs/FPU_32_Bit/runs/RUN_2026-03-10_00-07-47/34-openroad-cts/Reorder_buffer.odb'…
Reading design constraints file at '/nix/store/svkrfkkpaij5qb9xjbcwfymcd4s8hczv-python3-3.11.9-env/lib/python3.11/site-packages/librelane/scripts/base.sdc'…
[INFO] Using clock clk…
[INFO] Setting output delay to: 5
[INFO] Setting input delay to: 5
[INFO] Setting load to: 0.033442
[INFO] Setting clock uncertainty to: 0.25
[INFO] Setting clock transition to: 0.1499999999999999944488848768742172978818416595458984375
[INFO] Setting timing derate to: 5%
[INFO] Setting RC values…
[INFO RSZ-0098] No setup violations found
[INFO RSZ-0046] Found 556 endpoints with hold violations.
Iteration | Resized | Buffers | Cloned Gates |   WNS   |   TNS   | Endpoint
---------------------------------------------------------------------------
        0 |       0 |       0 |            0 |   0.035 |   0.000 | _4822_/D
    final |       0 |     555 |            0 |   0.101 |   0.000 | _4770_/D
---------------------------------------------------------------------------
[INFO RSZ-0032] Inserted 555 hold buffers.
Placement Analysis
---------------------------------
total displacement       6289.7 u
average displacement        1.2 u
max displacement           30.8 u
original HPWL          144545.1 u
legalized HPWL         152169.8 u
delta HPWL                    5 %

[INFO DPL-0020] Mirrored 1477 instances
[INFO DPL-0021] HPWL before          152169.8 u
[INFO DPL-0022] HPWL after           149250.2 u
[INFO DPL-0023] HPWL delta               -1.9 %
[INFO] Setting RC values…
Setting global connections for newly added cells…
[INFO] Setting global connections...
Updating metrics…
Cell type report:                       Count       Area
  Fill cell                               190     713.18
  Tap cell                                970    1213.66
  Clock buffer                             94    1351.30
  Timing Repair Buffer                   1321   10466.29
  Inverter                                  9      33.78
  Clock inverter                           36     366.60
  Sequential cell                         580   11614.89
  Multi-Input combinational cell         2160   19245.96
  Total                                  5360   45005.66
Writing OpenROAD database to '/home/niko_tambornini/EE531/my_designs/FPU_32_Bit/runs/RUN_2026-03-10_00-07-47/36-openroad-resizertimingpostcts/Reorder_buffer.odb'…
Writing netlist to '/home/niko_tambornini/EE531/my_designs/FPU_32_Bit/runs/RUN_2026-03-10_00-07-47/36-openroad-resizertimingpostcts/Reorder_buffer.nl.v'…
Writing powered netlist to '/home/niko_tambornini/EE531/my_designs/FPU_32_Bit/runs/RUN_2026-03-10_00-07-47/36-openroad-resizertimingpostcts/Reorder_buffer.pnl.v'…
Writing layout to '/home/niko_tambornini/EE531/my_designs/FPU_32_Bit/runs/RUN_2026-03-10_00-07-47/36-openroad-resizertimingpostcts/Reorder_buffer.def'…
Writing timing constraints to '/home/niko_tambornini/EE531/my_designs/FPU_32_Bit/runs/RUN_2026-03-10_00-07-47/36-openroad-resizertimingpostcts/Reorder_buffer.sdc'…
