
Magic 8.3 revision 489 - Compiled on Thu Aug 22 13:45:15 UTC 2024.
Starting magic under Tcl interpreter
Using the terminal as the console.
Using NULL graphics device.
Processing system .magicrc file
Sourcing design .magicrc for technology sky130A ...
2 Magic internal units = 1 Lambda
Input style sky130(): scaleFactor=2, multiplier=2
The following types are not handled by extraction and will be treated as non-electrical types:
    ubm 
Scaled tech values by 2 / 1 to match internal grid scaling
Loading sky130A Device Generator Menu ...
Loading "/nix/store/svkrfkkpaij5qb9xjbcwfymcd4s8hczv-python3-3.11.9-env/lib/python3.11/site-packages/librelane/scripts/magic/wrapper.tcl" from command line.
> lef read /home/niko_tambornini/.ciel/ciel/sky130/versions/0fe599b2afb6708d281543108caf8310912f54af/sky130A/libs.ref/sky130_fd_sc_hd/techlef/sky130_fd_sc_hd__nom.tlef
Reading LEF data from file /home/niko_tambornini/.ciel/ciel/sky130/versions/0fe599b2afb6708d281543108caf8310912f54af/sky130A/libs.ref/sky130_fd_sc_hd/techlef/sky130_fd_sc_hd__nom.tlef.
This action cannot be undone.
LEF read, Line 82 (Message): Unknown keyword "ANTENNAMODEL" in LEF file; ignoring.
LEF read, Line 83 (Message): Unknown keyword "ANTENNADIFFSIDEAREARATIO" in LEF file; ignoring.
LEF read, Line 116 (Message): Unknown keyword "MINENCLOSEDAREA" in LEF file; ignoring.
LEF read, Line 118 (Message): Unknown keyword "ANTENNAMODEL" in LEF file; ignoring.
LEF read, Line 119 (Message): Unknown keyword "ANTENNADIFFSIDEAREARATIO" in LEF file; ignoring.
LEF read, Line 125 (Message): Unknown keyword "MAXIMUMDENSITY" in LEF file; ignoring.
LEF read, Line 126 (Message): Unknown keyword "DENSITYCHECKWINDOW" in LEF file; ignoring.
LEF read, Line 127 (Message): Unknown keyword "DENSITYCHECKSTEP" in LEF file; ignoring.
LEF read, Line 160 (Message): Unknown keyword "MINENCLOSEDAREA" in LEF file; ignoring.
LEF read, Line 168 (Message): Unknown keyword "ANTENNAMODEL" in LEF file; ignoring.
LEF read, Line 169 (Message): Unknown keyword "ANTENNADIFFSIDEAREARATIO" in LEF file; ignoring.
LEF read, Line 171 (Message): Unknown keyword "MAXIMUMDENSITY" in LEF file; ignoring.
LEF read, Line 172 (Message): Unknown keyword "DENSITYCHECKWINDOW" in LEF file; ignoring.
LEF read, Line 173 (Message): Unknown keyword "DENSITYCHECKSTEP" in LEF file; ignoring.
LEF read, Line 210 (Message): Unknown keyword "ANTENNAMODEL" in LEF file; ignoring.
LEF read, Line 211 (Message): Unknown keyword "ANTENNADIFFSIDEAREARATIO" in LEF file; ignoring.
LEF read, Line 213 (Message): Unknown keyword "MAXIMUMDENSITY" in LEF file; ignoring.
LEF read, Line 214 (Message): Unknown keyword "DENSITYCHECKWINDOW" in LEF file; ignoring.
LEF read, Line 215 (Message): Unknown keyword "DENSITYCHECKSTEP" in LEF file; ignoring.
LEF read, Line 252 (Message): Unknown keyword "ANTENNAMODEL" in LEF file; ignoring.
LEF read, Line 253 (Message): Unknown keyword "ANTENNADIFFSIDEAREARATIO" in LEF file; ignoring.
LEF read, Line 255 (Message): Unknown keyword "MAXIMUMDENSITY" in LEF file; ignoring.
LEF read, Line 256 (Message): Unknown keyword "DENSITYCHECKWINDOW" in LEF file; ignoring.
LEF read, Line 257 (Message): Unknown keyword "DENSITYCHECKSTEP" in LEF file; ignoring.
LEF read, Line 294 (Message): Unknown keyword "ANTENNAMODEL" in LEF file; ignoring.
LEF read, Line 295 (Message): Unknown keyword "ANTENNADIFFSIDEAREARATIO" in LEF file; ignoring.
LEF read: Processed 801 lines.
> lef read /home/niko_tambornini/.ciel/ciel/sky130/versions/0fe599b2afb6708d281543108caf8310912f54af/sky130A/libs.ref/sky130_fd_sc_hd/lef/sky130_fd_sc_hd.lef
Reading LEF data from file /home/niko_tambornini/.ciel/ciel/sky130/versions/0fe599b2afb6708d281543108caf8310912f54af/sky130A/libs.ref/sky130_fd_sc_hd/lef/sky130_fd_sc_hd.lef.
This action cannot be undone.
LEF read: Processed 56536 lines.
> lef read /home/niko_tambornini/.ciel/ciel/sky130/versions/0fe599b2afb6708d281543108caf8310912f54af/sky130A/libs.ref/sky130_fd_sc_hd/lef/sky130_ef_sc_hd.lef
Reading LEF data from file /home/niko_tambornini/.ciel/ciel/sky130/versions/0fe599b2afb6708d281543108caf8310912f54af/sky130A/libs.ref/sky130_fd_sc_hd/lef/sky130_ef_sc_hd.lef.
This action cannot be undone.
LEF read: Processed 278 lines.
> def read /home/niko_tambornini/EE531/my_designs/FPU_32_Bit/runs/RUN_2026-03-10_00-07-47/52-odb-cellfrequencytables/Reorder_buffer.def -noblockage -labels
Reading DEF data from file /home/niko_tambornini/EE531/my_designs/FPU_32_Bit/runs/RUN_2026-03-10_00-07-47/52-odb-cellfrequencytables/Reorder_buffer.def.
This action cannot be undone.
  Processed 4 vias total.
  Processed 8976 subcell instances total.
  Processed 159 pins total.
  Processed 2 special nets total.
  Processed 4262 nets total.
DEF read: Processed 96234 lines.
Moving label "_0017_" from metal1 to via1 in cell Reorder_buffer.
Moving label "_0019_" from metal1 to via1 in cell Reorder_buffer.
Moving label "_0032_" from metal1 to via1 in cell Reorder_buffer.
Moving label "_0033_" from metal1 to via1 in cell Reorder_buffer.
Moving label "_0035_" from metal1 to via1 in cell Reorder_buffer.
Moving label "_0039_" from metal1 to via1 in cell Reorder_buffer.
Moving label "_0045_" from metal1 to via1 in cell Reorder_buffer.
Moving label "_0046_" from metal1 to via1 in cell Reorder_buffer.
Moving label "_0059_" from metal1 to via1 in cell Reorder_buffer.
Moving label "_0060_" from metal1 to via1 in cell Reorder_buffer.
Moving label "_0061_" from metal1 to via1 in cell Reorder_buffer.
Moving label "_0075_" from metal1 to via1 in cell Reorder_buffer.
Moving label "_0088_" from metal1 to via1 in cell Reorder_buffer.
Moving label "_0100_" from metal1 to via1 in cell Reorder_buffer.
Moving label "_0101_" from metal1 to via1 in cell Reorder_buffer.
Moving label "_0115_" from metal1 to via1 in cell Reorder_buffer.
Moving label "_0116_" from metal1 to via1 in cell Reorder_buffer.
Moving label "_0117_" from metal1 to via1 in cell Reorder_buffer.
Moving label "_0124_" from metal1 to via1 in cell Reorder_buffer.
Moving label "_0132_" from metal1 to via1 in cell Reorder_buffer.
Moving label "_0134_" from metal1 to via1 in cell Reorder_buffer.
Moving label "_0136_" from metal1 to via1 in cell Reorder_buffer.
Moving label "_0138_" from metal1 to via1 in cell Reorder_buffer.
Moving label "_0143_" from metal1 to via1 in cell Reorder_buffer.
Moving label "_0150_" from metal1 to via1 in cell Reorder_buffer.
Moving label "_0158_" from metal1 to via1 in cell Reorder_buffer.
Moving label "_0176_" from metal1 to via1 in cell Reorder_buffer.
Moving label "_0185_" from metal1 to via1 in cell Reorder_buffer.
Moving label "_0204_" from metal1 to via1 in cell Reorder_buffer.
Moving label "_0206_" from metal1 to via1 in cell Reorder_buffer.
Moving label "_0209_" from metal1 to via1 in cell Reorder_buffer.
Moving label "_0214_" from metal1 to viali in cell Reorder_buffer.
Moving label "_0219_" from metal1 to via1 in cell Reorder_buffer.
Moving label "_0225_" from metal1 to via1 in cell Reorder_buffer.
Moving label "_0229_" from metal1 to via1 in cell Reorder_buffer.
Moving label "_0230_" from metal1 to via1 in cell Reorder_buffer.
Moving label "_0242_" from metal1 to via1 in cell Reorder_buffer.
Moving label "_0246_" from metal1 to via1 in cell Reorder_buffer.
Moving label "_0248_" from metal1 to via1 in cell Reorder_buffer.
Moving label "_0250_" from metal1 to via1 in cell Reorder_buffer.
Moving label "_0254_" from metal1 to via1 in cell Reorder_buffer.
Moving label "_0255_" from metal1 to via1 in cell Reorder_buffer.
Moving label "_0257_" from metal1 to via1 in cell Reorder_buffer.
Moving label "_0262_" from metal1 to via1 in cell Reorder_buffer.
Moving label "_0274_" from metal1 to via1 in cell Reorder_buffer.
Moving label "_0277_" from metal1 to via1 in cell Reorder_buffer.
Moving label "_0279_" from metal1 to via1 in cell Reorder_buffer.
Moving label "_0286_" from metal1 to via1 in cell Reorder_buffer.
Moving label "_0295_" from metal1 to via1 in cell Reorder_buffer.
Moving label "_0301_" from metal1 to via1 in cell Reorder_buffer.
Moving label "_0310_" from metal1 to via1 in cell Reorder_buffer.
Moving label "_0319_" from metal1 to via1 in cell Reorder_buffer.
Moving label "_0332_" from metal1 to via1 in cell Reorder_buffer.
Moving label "_0341_" from metal1 to via1 in cell Reorder_buffer.
Moving label "_0348_" from metal1 to via1 in cell Reorder_buffer.
Moving label "_0355_" from metal1 to via1 in cell Reorder_buffer.
Moving label "_0363_" from metal1 to via1 in cell Reorder_buffer.
Moving label "_0371_" from metal1 to via1 in cell Reorder_buffer.
Moving label "_0393_" from metal1 to via1 in cell Reorder_buffer.
Moving label "_0406_" from metal1 to via1 in cell Reorder_buffer.
Moving label "_0412_" from metal1 to viali in cell Reorder_buffer.
Moving label "_0416_" from metal1 to via1 in cell Reorder_buffer.
Moving label "_0423_" from metal1 to via1 in cell Reorder_buffer.
Moving label "_0432_" from metal1 to via1 in cell Reorder_buffer.
Moving label "_0445_" from metal1 to via1 in cell Reorder_buffer.
Moving label "_0453_" from metal1 to via1 in cell Reorder_buffer.
Moving label "_0458_" from metal1 to via1 in cell Reorder_buffer.
Moving label "_0459_" from metal1 to via1 in cell Reorder_buffer.
Moving label "_0481_" from metal1 to via1 in cell Reorder_buffer.
Moving label "_0486_" from metal1 to via1 in cell Reorder_buffer.
Moving label "_0489_" from metal1 to via1 in cell Reorder_buffer.
Moving label "_0490_" from metal1 to via1 in cell Reorder_buffer.
Moving label "_0493_" from metal1 to via1 in cell Reorder_buffer.
Moving label "_0501_" from metal1 to via1 in cell Reorder_buffer.
Moving label "_0503_" from metal1 to via1 in cell Reorder_buffer.
Moving label "_0504_" from metal1 to via1 in cell Reorder_buffer.
Moving label "_0506_" from metal1 to via1 in cell Reorder_buffer.
Moving label "_0523_" from metal1 to via1 in cell Reorder_buffer.
Moving label "_0530_" from metal1 to via1 in cell Reorder_buffer.
Moving label "_0533_" from metal1 to via1 in cell Reorder_buffer.
Moving label "_0546_" from metal1 to via1 in cell Reorder_buffer.
Moving label "_0551_" from metal1 to via1 in cell Reorder_buffer.
Moving label "_0556_" from metal1 to via1 in cell Reorder_buffer.
Moving label "_0558_" from metal1 to via1 in cell Reorder_buffer.
Moving label "_0564_" from metal1 to via1 in cell Reorder_buffer.
Moving label "_0575_" from metal1 to via1 in cell Reorder_buffer.
Moving label "_0576_" from metal1 to via1 in cell Reorder_buffer.
Moving label "_0578_" from metal1 to via1 in cell Reorder_buffer.
Moving label "_0582_" from metal1 to via1 in cell Reorder_buffer.
Moving label "_0604_" from metal2 to via2 in cell Reorder_buffer.
Moving label "_0632_" from metal1 to viali in cell Reorder_buffer.
Moving label "_0638_" from metal1 to viali in cell Reorder_buffer.
Moving label "_0712_" from metal2 to via1 in cell Reorder_buffer.
Moving label "_0788_" from metal1 to viali in cell Reorder_buffer.
Moving label "_0833_" from metal2 to via2 in cell Reorder_buffer.
Moving label "_0836_" from metal1 to viali in cell Reorder_buffer.
Moving label "_0888_" from metal2 to via1 in cell Reorder_buffer.
Moving label "_0943_" from metal1 to viali in cell Reorder_buffer.
Moving label "_0955_" from metal2 to via2 in cell Reorder_buffer.
Moving label "_1001_" from metal2 to via2 in cell Reorder_buffer.
Moving label "_1010_" from metal2 to via2 in cell Reorder_buffer.
Moving label "_1069_" from metal2 to via2 in cell Reorder_buffer.
Moving label "_1285_" from metal1 to viali in cell Reorder_buffer.
Moving label "_1290_" from metal2 to via2 in cell Reorder_buffer.
Moving label "_1299_" from metal2 to via2 in cell Reorder_buffer.
Moving label "_1322_" from metal1 to via1 in cell Reorder_buffer.
Moving label "_1374_" from metal1 to viali in cell Reorder_buffer.
Moving label "_1427_" from metal1 to via1 in cell Reorder_buffer.
Moving label "_1428_" from metal1 to viali in cell Reorder_buffer.
Moving label "_1442_" from metal2 to via2 in cell Reorder_buffer.
Moving label "_1526_" from metal1 to viali in cell Reorder_buffer.
Moving label "_1535_" from metal1 to via1 in cell Reorder_buffer.
Moving label "_1568_" from metal2 to via2 in cell Reorder_buffer.
Moving label "_1606_" from metal2 to via2 in cell Reorder_buffer.
Moving label "_1616_" from metal2 to via2 in cell Reorder_buffer.
Moving label "_1728_" from metal2 to via2 in cell Reorder_buffer.
Moving label "_1733_" from metal2 to via2 in cell Reorder_buffer.
Moving label "_1739_" from metal1 to viali in cell Reorder_buffer.
Moving label "_1749_" from metal1 to via1 in cell Reorder_buffer.
Moving label "_1769_" from metal1 to via1 in cell Reorder_buffer.
Moving label "_1810_" from metal2 to via2 in cell Reorder_buffer.
Moving label "_1812_" from metal1 to via1 in cell Reorder_buffer.
Moving label "_1834_" from metal2 to via2 in cell Reorder_buffer.
Moving label "_1842_" from metal1 to via1 in cell Reorder_buffer.
Moving label "_1856_" from metal2 to via2 in cell Reorder_buffer.
Moving label "_1914_" from metal1 to via1 in cell Reorder_buffer.
Moving label "_1933_" from metal1 to viali in cell Reorder_buffer.
Moving label "_1935_" from metal1 to via1 in cell Reorder_buffer.
Moving label "_1945_" from metal1 to viali in cell Reorder_buffer.
Moving label "_1955_" from metal1 to via1 in cell Reorder_buffer.
Moving label "_1989_" from metal2 to via1 in cell Reorder_buffer.
Moving label "_1994_" from metal1 to via1 in cell Reorder_buffer.
Moving label "_2017_" from metal1 to via1 in cell Reorder_buffer.
Moving label "_2039_" from metal1 to via1 in cell Reorder_buffer.
Moving label "_2045_" from metal2 to via2 in cell Reorder_buffer.
Moving label "_2114_" from metal2 to via2 in cell Reorder_buffer.
Moving label "_2128_" from metal1 to viali in cell Reorder_buffer.
Moving label "_2129_" from metal1 to viali in cell Reorder_buffer.
Moving label "array\[12\]\[3\]" from metal2 to via2 in cell Reorder_buffer.
Moving label "array\[14\]\[26\]" from metal1 to via1 in cell Reorder_buffer.
Moving label "array\[14\]\[28\]" from metal1 to viali in cell Reorder_buffer.
Moving label "array\[15\]\[13\]" from metal1 to via1 in cell Reorder_buffer.
Moving label "array\[15\]\[17\]" from metal1 to via1 in cell Reorder_buffer.
Moving label "array\[15\]\[31\]" from metal1 to via1 in cell Reorder_buffer.
Moving label "array\[3\]\[6\]" from metal1 to viali in cell Reorder_buffer.
Moving label "array\[7\]\[0\]" from metal2 to via2 in cell Reorder_buffer.
Moving label "array\[7\]\[10\]" from metal1 to via1 in cell Reorder_buffer.
Moving label "array\[7\]\[11\]" from metal1 to via1 in cell Reorder_buffer.
Moving label "array\[7\]\[12\]" from metal1 to via1 in cell Reorder_buffer.
Moving label "array\[7\]\[14\]" from metal1 to viali in cell Reorder_buffer.
Moving label "array\[7\]\[15\]" from metal1 to via1 in cell Reorder_buffer.
Moving label "clknet_leaf_1_clk" from metal1 to via1 in cell Reorder_buffer.
Moving label "net1134" from metal1 to via1 in cell Reorder_buffer.
Moving label "net1160" from metal1 to viali in cell Reorder_buffer.
Moving label "net1314" from metal1 to viali in cell Reorder_buffer.
Moving label "net1316" from metal1 to via1 in cell Reorder_buffer.
Moving label "net170" from metal2 to via2 in cell Reorder_buffer.
Moving label "net182" from metal2 to via2 in cell Reorder_buffer.
Moving label "net197" from metal2 to via2 in cell Reorder_buffer.
Moving label "net233" from metal3 to via3 in cell Reorder_buffer.
Moving label "net234" from metal2 to via2 in cell Reorder_buffer.
Moving label "net270" from metal2 to via2 in cell Reorder_buffer.
Moving label "net278" from metal2 to via2 in cell Reorder_buffer.
Moving label "net284" from metal3 to via3 in cell Reorder_buffer.
Moving label "net293" from metal3 to via3 in cell Reorder_buffer.
Moving label "net294" from metal2 to via2 in cell Reorder_buffer.
Moving label "net304" from metal1 to via1 in cell Reorder_buffer.
Moving label "net305" from metal1 to via1 in cell Reorder_buffer.
Moving label "net315" from metal1 to via1 in cell Reorder_buffer.
Moving label "net316" from metal1 to via1 in cell Reorder_buffer.
Moving label "net318" from metal1 to via1 in cell Reorder_buffer.
Moving label "net321" from metal2 to via2 in cell Reorder_buffer.
Moving label "net326" from metal2 to via2 in cell Reorder_buffer.
Moving label "net329" from metal2 to via1 in cell Reorder_buffer.
Moving label "net330" from metal2 to via2 in cell Reorder_buffer.
Moving label "net354" from metal1 to via1 in cell Reorder_buffer.
Moving label "net355" from metal2 to via2 in cell Reorder_buffer.
Moving label "net364" from metal2 to via1 in cell Reorder_buffer.
Moving label "net365" from metal2 to via2 in cell Reorder_buffer.
Moving label "net374" from metal2 to via2 in cell Reorder_buffer.
Moving label "net377" from metal2 to via2 in cell Reorder_buffer.
Moving label "net383" from metal1 to via1 in cell Reorder_buffer.
Moving label "net385" from metal1 to viali in cell Reorder_buffer.
Moving label "net388" from metal2 to via2 in cell Reorder_buffer.
Moving label "net390" from metal2 to via2 in cell Reorder_buffer.
Moving label "net394" from metal2 to via2 in cell Reorder_buffer.
Moving label "net401" from metal2 to via2 in cell Reorder_buffer.
Moving label "net402" from metal1 to via1 in cell Reorder_buffer.
Moving label "net405" from metal1 to via1 in cell Reorder_buffer.
Moving label "net408" from metal1 to viali in cell Reorder_buffer.
Moving label "net409" from metal1 to via1 in cell Reorder_buffer.
Moving label "net415" from metal1 to via1 in cell Reorder_buffer.
Moving label "net426" from metal1 to via1 in cell Reorder_buffer.
Moving label "net428" from metal1 to via1 in cell Reorder_buffer.
Moving label "net429" from metal1 to via1 in cell Reorder_buffer.
Moving label "net44" from metal2 to via2 in cell Reorder_buffer.
Moving label "net455" from metal2 to via2 in cell Reorder_buffer.
Moving label "net473" from metal1 to via1 in cell Reorder_buffer.
Moving label "net477" from metal1 to via1 in cell Reorder_buffer.
Moving label "net484" from metal1 to via1 in cell Reorder_buffer.
Moving label "net493" from metal2 to via2 in cell Reorder_buffer.
Moving label "net500" from metal2 to via2 in cell Reorder_buffer.
Moving label "net510" from metal1 to via1 in cell Reorder_buffer.
Moving label "net511" from metal1 to via1 in cell Reorder_buffer.
Moving label "net520" from metal2 to via2 in cell Reorder_buffer.
Moving label "net544" from metal1 to viali in cell Reorder_buffer.
Moving label "net546" from metal1 to via1 in cell Reorder_buffer.
Moving label "net548" from metal1 to viali in cell Reorder_buffer.
Moving label "net551" from metal1 to via1 in cell Reorder_buffer.
Moving label "net552" from metal1 to viali in cell Reorder_buffer.
Moving label "net557" from metal1 to viali in cell Reorder_buffer.
Moving label "net564" from metal2 to via1 in cell Reorder_buffer.
Moving label "net578" from metal2 to via2 in cell Reorder_buffer.
Moving label "net6" from metal2 to via1 in cell Reorder_buffer.
Moving label "net614" from metal1 to via1 in cell Reorder_buffer.
Moving label "net623" from metal2 to via2 in cell Reorder_buffer.
Moving label "net628" from metal1 to viali in cell Reorder_buffer.
Moving label "net635" from metal1 to via1 in cell Reorder_buffer.
Moving label "net636" from metal1 to via1 in cell Reorder_buffer.
Moving label "net645" from metal1 to via1 in cell Reorder_buffer.
Moving label "net661" from metal1 to via1 in cell Reorder_buffer.
Moving label "net663" from metal1 to via1 in cell Reorder_buffer.
Moving label "net669" from metal1 to viali in cell Reorder_buffer.
Moving label "net681" from metal1 to viali in cell Reorder_buffer.
Moving label "net685" from metal1 to via1 in cell Reorder_buffer.
Moving label "net686" from metal1 to viali in cell Reorder_buffer.
Moving label "net689" from metal1 to via1 in cell Reorder_buffer.
Moving label "net690" from metal1 to via1 in cell Reorder_buffer.
Moving label "net721" from metal1 to via1 in cell Reorder_buffer.
Moving label "net733" from metal2 to via1 in cell Reorder_buffer.
Moving label "net736" from metal1 to via1 in cell Reorder_buffer.
Moving label "net738" from metal1 to via1 in cell Reorder_buffer.
Moving label "net750" from metal1 to via1 in cell Reorder_buffer.
Moving label "net9" from metal2 to via2 in cell Reorder_buffer.
Moving label "out[25]" from metal2 to via2 in cell Reorder_buffer.
Moving label "value0[31]" from metal2 to via2 in cell Reorder_buffer.
Processing Reorder_buffer
Extracting sky130_ef_sc_hd__decap_12 into sky130_ef_sc_hd__decap_12.ext:
Extracting sky130_fd_sc_hd__decap_3 into sky130_fd_sc_hd__decap_3.ext:
Extracting sky130_fd_sc_hd__fill_1 into sky130_fd_sc_hd__fill_1.ext:
Extracting sky130_fd_sc_hd__tapvpwrvgnd_1 into sky130_fd_sc_hd__tapvpwrvgnd_1.ext:
Extracting sky130_fd_sc_hd__dfxtp_1 into sky130_fd_sc_hd__dfxtp_1.ext:
Extracting sky130_fd_sc_hd__buf_2 into sky130_fd_sc_hd__buf_2.ext:
Extracting sky130_fd_sc_hd__mux2_1 into sky130_fd_sc_hd__mux2_1.ext:
Extracting sky130_fd_sc_hd__fill_2 into sky130_fd_sc_hd__fill_2.ext:
Extracting sky130_fd_sc_hd__decap_4 into sky130_fd_sc_hd__decap_4.ext:
Extracting sky130_fd_sc_hd__decap_8 into sky130_fd_sc_hd__decap_8.ext:
Extracting sky130_fd_sc_hd__dlygate4sd3_1 into sky130_fd_sc_hd__dlygate4sd3_1.ext:
Extracting sky130_fd_sc_hd__decap_6 into sky130_fd_sc_hd__decap_6.ext:
Extracting sky130_fd_sc_hd__and2_1 into sky130_fd_sc_hd__and2_1.ext:
Extracting sky130_fd_sc_hd__buf_1 into sky130_fd_sc_hd__buf_1.ext:
Extracting sky130_fd_sc_hd__nand2_1 into sky130_fd_sc_hd__nand2_1.ext:
Extracting sky130_fd_sc_hd__o22a_1 into sky130_fd_sc_hd__o22a_1.ext:
Extracting sky130_fd_sc_hd__clkbuf_1 into sky130_fd_sc_hd__clkbuf_1.ext:
Extracting sky130_fd_sc_hd__o21a_1 into sky130_fd_sc_hd__o21a_1.ext:
Extracting sky130_fd_sc_hd__inv_2 into sky130_fd_sc_hd__inv_2.ext:
Extracting sky130_fd_sc_hd__o21a_2 into sky130_fd_sc_hd__o21a_2.ext:
Extracting sky130_fd_sc_hd__o211ai_1 into sky130_fd_sc_hd__o211ai_1.ext:
Extracting sky130_fd_sc_hd__clkbuf_4 into sky130_fd_sc_hd__clkbuf_4.ext:
Extracting sky130_fd_sc_hd__o21ai_1 into sky130_fd_sc_hd__o21ai_1.ext:
Extracting sky130_fd_sc_hd__a21oi_1 into sky130_fd_sc_hd__a21oi_1.ext:
Extracting sky130_fd_sc_hd__or3b_2 into sky130_fd_sc_hd__or3b_2.ext:
Extracting sky130_fd_sc_hd__and3_1 into sky130_fd_sc_hd__and3_1.ext:
Extracting sky130_fd_sc_hd__diode_2 into sky130_fd_sc_hd__diode_2.ext:
Extracting sky130_fd_sc_hd__dfxtp_2 into sky130_fd_sc_hd__dfxtp_2.ext:
Extracting sky130_fd_sc_hd__clkbuf_8 into sky130_fd_sc_hd__clkbuf_8.ext:
Extracting sky130_fd_sc_hd__a31o_1 into sky130_fd_sc_hd__a31o_1.ext:
Extracting sky130_fd_sc_hd__and4b_1 into sky130_fd_sc_hd__and4b_1.ext:
Extracting sky130_fd_sc_hd__a211o_1 into sky130_fd_sc_hd__a211o_1.ext:
Extracting sky130_fd_sc_hd__a21o_1 into sky130_fd_sc_hd__a21o_1.ext:
Extracting sky130_fd_sc_hd__clkbuf_2 into sky130_fd_sc_hd__clkbuf_2.ext:
Extracting sky130_fd_sc_hd__or2_1 into sky130_fd_sc_hd__or2_1.ext:
Extracting sky130_fd_sc_hd__or3_1 into sky130_fd_sc_hd__or3_1.ext:
Extracting sky130_fd_sc_hd__or4b_2 into sky130_fd_sc_hd__or4b_2.ext:
Extracting sky130_fd_sc_hd__xnor2_1 into sky130_fd_sc_hd__xnor2_1.ext:
Extracting sky130_fd_sc_hd__o211a_1 into sky130_fd_sc_hd__o211a_1.ext:
Extracting sky130_fd_sc_hd__a22o_1 into sky130_fd_sc_hd__a22o_1.ext:
Extracting sky130_fd_sc_hd__a221o_1 into sky130_fd_sc_hd__a221o_1.ext:
Extracting sky130_fd_sc_hd__xor2_1 into sky130_fd_sc_hd__xor2_1.ext:
Extracting sky130_fd_sc_hd__and4_1 into sky130_fd_sc_hd__and4_1.ext:
Extracting sky130_fd_sc_hd__and2_4 into sky130_fd_sc_hd__and2_4.ext:
Extracting sky130_fd_sc_hd__clkinvlp_4 into sky130_fd_sc_hd__clkinvlp_4.ext:
Extracting sky130_fd_sc_hd__or4b_1 into sky130_fd_sc_hd__or4b_1.ext:
Extracting sky130_fd_sc_hd__buf_4 into sky130_fd_sc_hd__buf_4.ext:
Extracting sky130_fd_sc_hd__nor2_1 into sky130_fd_sc_hd__nor2_1.ext:
Extracting sky130_fd_sc_hd__and2b_2 into sky130_fd_sc_hd__and2b_2.ext:
Extracting sky130_fd_sc_hd__and2b_1 into sky130_fd_sc_hd__and2b_1.ext:
Extracting sky130_fd_sc_hd__nand2b_2 into sky130_fd_sc_hd__nand2b_2.ext:
Extracting sky130_fd_sc_hd__or3_4 into sky130_fd_sc_hd__or3_4.ext:
Extracting sky130_fd_sc_hd__nor2_4 into sky130_fd_sc_hd__nor2_4.ext:
Extracting sky130_fd_sc_hd__nand2_2 into sky130_fd_sc_hd__nand2_2.ext:
Extracting sky130_fd_sc_hd__inv_8 into sky130_fd_sc_hd__inv_8.ext:
Extracting sky130_fd_sc_hd__inv_6 into sky130_fd_sc_hd__inv_6.ext:
Extracting sky130_fd_sc_hd__o32a_1 into sky130_fd_sc_hd__o32a_1.ext:
Extracting sky130_fd_sc_hd__o31a_1 into sky130_fd_sc_hd__o31a_1.ext:
Extracting sky130_fd_sc_hd__mux4_1 into sky130_fd_sc_hd__mux4_1.ext:
Extracting sky130_fd_sc_hd__o2bb2a_1 into sky130_fd_sc_hd__o2bb2a_1.ext:
Extracting sky130_fd_sc_hd__o311a_1 into sky130_fd_sc_hd__o311a_1.ext:
Extracting sky130_fd_sc_hd__nand2b_1 into sky130_fd_sc_hd__nand2b_1.ext:
Extracting sky130_fd_sc_hd__clkinv_2 into sky130_fd_sc_hd__clkinv_2.ext:
Extracting sky130_fd_sc_hd__or3b_1 into sky130_fd_sc_hd__or3b_1.ext:
Extracting sky130_fd_sc_hd__nor2_2 into sky130_fd_sc_hd__nor2_2.ext:
Extracting sky130_fd_sc_hd__or2_4 into sky130_fd_sc_hd__or2_4.ext:
Extracting sky130_fd_sc_hd__clkbuf_16 into sky130_fd_sc_hd__clkbuf_16.ext:
Extracting sky130_fd_sc_hd__and3b_1 into sky130_fd_sc_hd__and3b_1.ext:
Extracting sky130_fd_sc_hd__nor4_2 into sky130_fd_sc_hd__nor4_2.ext:
Extracting sky130_fd_sc_hd__nand3b_1 into sky130_fd_sc_hd__nand3b_1.ext:
Extracting sky130_fd_sc_hd__and3b_2 into sky130_fd_sc_hd__and3b_2.ext:
Extracting sky130_fd_sc_hd__nand3_1 into sky130_fd_sc_hd__nand3_1.ext:
Extracting sky130_fd_sc_hd__dlymetal6s2s_1 into sky130_fd_sc_hd__dlymetal6s2s_1.ext:
Extracting sky130_fd_sc_hd__a311o_1 into sky130_fd_sc_hd__a311o_1.ext:
Extracting sky130_fd_sc_hd__and4bb_1 into sky130_fd_sc_hd__and4bb_1.ext:
Extracting sky130_fd_sc_hd__a21boi_1 into sky130_fd_sc_hd__a21boi_1.ext:
Extracting sky130_fd_sc_hd__a311oi_2 into sky130_fd_sc_hd__a311oi_2.ext:
Extracting sky130_fd_sc_hd__and4_4 into sky130_fd_sc_hd__and4_4.ext:
Extracting sky130_fd_sc_hd__or2_2 into sky130_fd_sc_hd__or2_2.ext:
Extracting sky130_fd_sc_hd__or4bb_1 into sky130_fd_sc_hd__or4bb_1.ext:
Extracting sky130_fd_sc_hd__nor3b_1 into sky130_fd_sc_hd__nor3b_1.ext:
Extracting sky130_fd_sc_hd__or3_2 into sky130_fd_sc_hd__or3_2.ext:
Extracting sky130_fd_sc_hd__and2_2 into sky130_fd_sc_hd__and2_2.ext:
Extracting sky130_fd_sc_hd__and4b_4 into sky130_fd_sc_hd__and4b_4.ext:
Extracting sky130_fd_sc_hd__clkinv_4 into sky130_fd_sc_hd__clkinv_4.ext:
Extracting sky130_fd_sc_hd__o21ai_4 into sky130_fd_sc_hd__o21ai_4.ext:
Extracting sky130_fd_sc_hd__and3b_4 into sky130_fd_sc_hd__and3b_4.ext:
Extracting sky130_fd_sc_hd__a31o_2 into sky130_fd_sc_hd__a31o_2.ext:
Extracting sky130_fd_sc_hd__o221a_4 into sky130_fd_sc_hd__o221a_4.ext:
Extracting sky130_fd_sc_hd__a32o_4 into sky130_fd_sc_hd__a32o_4.ext:
Extracting sky130_fd_sc_hd__a2bb2o_1 into sky130_fd_sc_hd__a2bb2o_1.ext:
Extracting sky130_fd_sc_hd__a21oi_2 into sky130_fd_sc_hd__a21oi_2.ext:
Extracting sky130_fd_sc_hd__nand4b_1 into sky130_fd_sc_hd__nand4b_1.ext:
Extracting sky130_fd_sc_hd__and3_4 into sky130_fd_sc_hd__and3_4.ext:
Extracting sky130_fd_sc_hd__and3_2 into sky130_fd_sc_hd__and3_2.ext:
Extracting sky130_fd_sc_hd__clkinv_8 into sky130_fd_sc_hd__clkinv_8.ext:
Extracting sky130_fd_sc_hd__and4b_2 into sky130_fd_sc_hd__and4b_2.ext:
Extracting sky130_fd_sc_hd__bufinv_16 into sky130_fd_sc_hd__bufinv_16.ext:
Extracting Reorder_buffer into Reorder_buffer.ext:
exttospice finished.
