
===========================================================================
report_checks -unconstrained
===========================================================================
======================= nom_ff_n40C_1v95 Corner ===================================

Startpoint: mantisaB[1] (input port clocked by clk)
Endpoint: _3937_ (rising edge-triggered flip-flop clocked by clk)
Path Group: clk
Path Type: max

Fanout         Cap        Slew       Delay        Time   Description
---------------------------------------------------------------------------------------------
                                  0.000000    0.000000   clock clk (rise edge)
                                  0.000000    0.000000   clock network delay (propagated)
                                  5.000000    5.000000 ^ input external delay
     1    0.002998    0.014622    0.007756    5.007756 ^ mantisaB[1] (in)
                                                         mantisaB[1] (net)
                      0.014627    0.000000    5.007756 ^ input51/A (sky130_fd_sc_hd__buf_1)
     3    0.010100    0.093391    0.090675    5.098431 ^ input51/X (sky130_fd_sc_hd__buf_1)
                                                         net51 (net)
                      0.093392    0.000243    5.098674 ^ _1961_/A (sky130_fd_sc_hd__inv_2)
     2    0.006123    0.026390    0.022905    5.121580 v _1961_/Y (sky130_fd_sc_hd__inv_2)
                                                         _1656_ (net)
                      0.026392    0.000174    5.121754 v _2136_/A2 (sky130_fd_sc_hd__a22o_1)
     1    0.002503    0.024960    0.110894    5.232648 v _2136_/X (sky130_fd_sc_hd__a22o_1)
                                                         _1797_ (net)
                      0.024960    0.000049    5.232697 v _2137_/C1 (sky130_fd_sc_hd__o221a_1)
     1    0.003803    0.036316    0.068465    5.301162 v _2137_/X (sky130_fd_sc_hd__o221a_1)
                                                         _1798_ (net)
                      0.036316    0.000121    5.301283 v _2138_/C1 (sky130_fd_sc_hd__a221o_1)
     1    0.003663    0.036460    0.097428    5.398711 v _2138_/X (sky130_fd_sc_hd__a221o_1)
                                                         _1799_ (net)
                      0.036460    0.000124    5.398836 v _2139_/B2 (sky130_fd_sc_hd__a22o_1)
     1    0.002848    0.026190    0.093492    5.492328 v _2139_/X (sky130_fd_sc_hd__a22o_1)
                                                         _1800_ (net)
                      0.026190    0.000083    5.492411 v _2140_/C1 (sky130_fd_sc_hd__o221a_1)
     1    0.003642    0.035775    0.068475    5.560886 v _2140_/X (sky130_fd_sc_hd__o221a_1)
                                                         _1801_ (net)
                      0.035775    0.000115    5.561000 v _2141_/C1 (sky130_fd_sc_hd__a221o_1)
     1    0.002522    0.031592    0.091690    5.652690 v _2141_/X (sky130_fd_sc_hd__a221o_1)
                                                         _1802_ (net)
                      0.031592    0.000072    5.652762 v _2142_/C1 (sky130_fd_sc_hd__o221a_1)
     1    0.003651    0.035869    0.070726    5.723488 v _2142_/X (sky130_fd_sc_hd__o221a_1)
                                                         _1803_ (net)
                      0.035869    0.000121    5.723609 v _2143_/C1 (sky130_fd_sc_hd__a221o_1)
     1    0.003106    0.033969    0.094561    5.818170 v _2143_/X (sky130_fd_sc_hd__a221o_1)
                                                         _1804_ (net)
                      0.033969    0.000094    5.818264 v _2144_/C1 (sky130_fd_sc_hd__o221a_1)
     1    0.002679    0.032177    0.068300    5.886565 v _2144_/X (sky130_fd_sc_hd__o221a_1)
                                                         _1805_ (net)
                      0.032177    0.000076    5.886641 v _2145_/C1 (sky130_fd_sc_hd__a221o_1)
     1    0.003423    0.035366    0.094770    5.981411 v _2145_/X (sky130_fd_sc_hd__a221o_1)
                                                         _1806_ (net)
                      0.035366    0.000107    5.981518 v _2146_/C1 (sky130_fd_sc_hd__o221a_1)
     1    0.002275    0.030811    0.067461    6.048978 v _2146_/X (sky130_fd_sc_hd__o221a_1)
                                                         _1807_ (net)
                      0.030811    0.000064    6.049043 v _2154_/B (sky130_fd_sc_hd__or3b_1)
     1    0.002865    0.042989    0.195810    6.244853 v _2154_/X (sky130_fd_sc_hd__or3b_1)
                                                         _1815_ (net)
                      0.042989    0.000083    6.244936 v _2156_/A2 (sky130_fd_sc_hd__o22a_1)
     1    0.021756    0.084235    0.173388    6.418324 v _2156_/X (sky130_fd_sc_hd__o22a_1)
                                                         _1817_ (net)
                      0.084240    0.000767    6.419092 v _2165_/A_N (sky130_fd_sc_hd__and3b_1)
     1    0.003564    0.040025    0.147831    6.566923 ^ _2165_/X (sky130_fd_sc_hd__and3b_1)
                                                         _1826_ (net)
                      0.040025    0.000112    6.567035 ^ _2167_/B1 (sky130_fd_sc_hd__o22a_1)
     1    0.003740    0.035295    0.070706    6.637741 ^ _2167_/X (sky130_fd_sc_hd__o22a_1)
                                                         _1828_ (net)
                      0.035295    0.000121    6.637862 ^ _2168_/C1 (sky130_fd_sc_hd__a221o_1)
     1    0.002926    0.033089    0.057798    6.695659 ^ _2168_/X (sky130_fd_sc_hd__a221o_1)
                                                         _1829_ (net)
                      0.033089    0.000084    6.695744 ^ _2169_/C1 (sky130_fd_sc_hd__o221a_1)
     1    0.007888    0.069757    0.096149    6.791893 ^ _2169_/X (sky130_fd_sc_hd__o221a_1)
                                                         _1830_ (net)
                      0.069757    0.000315    6.792207 ^ _2174_/A1 (sky130_fd_sc_hd__o21ba_1)
     2    0.019480    0.149414    0.168632    6.960839 ^ _2174_/X (sky130_fd_sc_hd__o21ba_1)
                                                         _1835_ (net)
                      0.149436    0.001514    6.962354 ^ fanout105/A (sky130_fd_sc_hd__clkbuf_2)
     5    0.030860    0.131414    0.160148    7.122501 ^ fanout105/X (sky130_fd_sc_hd__clkbuf_2)
                                                         net105 (net)
                      0.131469    0.002204    7.124706 ^ fanout104/A (sky130_fd_sc_hd__clkbuf_4)
    10    0.049743    0.117459    0.176295    7.301001 ^ fanout104/X (sky130_fd_sc_hd__clkbuf_4)
                                                         net104 (net)
                      0.117561    0.002139    7.303140 ^ fanout103/A (sky130_fd_sc_hd__clkbuf_4)
    10    0.045662    0.108929    0.167574    7.470714 ^ fanout103/X (sky130_fd_sc_hd__clkbuf_4)
                                                         net103 (net)
                      0.108930    0.000625    7.471339 ^ _2261_/S (sky130_fd_sc_hd__mux2_1)
     1    0.005750    0.049156    0.205000    7.676339 v _2261_/X (sky130_fd_sc_hd__mux2_1)
                                                         _1896_ (net)
                      0.049156    0.000249    7.676588 v _2262_/A0 (sky130_fd_sc_hd__mux2_1)
     1    0.002853    0.038159    0.146280    7.822868 v _2262_/X (sky130_fd_sc_hd__mux2_1)
                                                         _0060_ (net)
                      0.038159    0.000086    7.822954 v _3937_/D (sky130_fd_sc_hd__dfxtp_1)
                                              7.822954   data arrival time

                                 25.000000   25.000000   clock clk (rise edge)
                                  0.000000   25.000000   clock source latency
     1    0.027126    0.095074    0.066381   25.066380 ^ clk (in)
                                                         clk (net)
                      0.095150    0.000000   25.066380 ^ clkbuf_0_clk/A (sky130_fd_sc_hd__clkbuf_16)
     4    0.078488    0.073482    0.134451   25.200830 ^ clkbuf_0_clk/X (sky130_fd_sc_hd__clkbuf_16)
                                                         clknet_0_clk (net)
                      0.073692    0.003126   25.203957 ^ clkbuf_2_1__f_clk/A (sky130_fd_sc_hd__clkbuf_16)
    10    0.087754    0.079743    0.134307   25.338264 ^ clkbuf_2_1__f_clk/X (sky130_fd_sc_hd__clkbuf_16)
                                                         clknet_2_1__leaf_clk (net)
                      0.079885    0.002306   25.340569 ^ clkbuf_leaf_8_clk/A (sky130_fd_sc_hd__clkbuf_8)
    15    0.063307    0.089845    0.140622   25.481192 ^ clkbuf_leaf_8_clk/X (sky130_fd_sc_hd__clkbuf_8)
                                                         clknet_leaf_8_clk (net)
                      0.089850    0.000783   25.481974 ^ _3937_/CLK (sky130_fd_sc_hd__dfxtp_1)
                                 -0.250000   25.231976   clock uncertainty
                                  0.000000   25.231976   clock reconvergence pessimism
                                 -0.066630   25.165344   library setup time
                                             25.165344   data required time
---------------------------------------------------------------------------------------------
                                             25.165344   data required time
                                             -7.822954   data arrival time
---------------------------------------------------------------------------------------------
                                             17.342392   slack (MET)




===========================================================================
report_checks --slack_max -0.01
============================================================================
======================= nom_ff_n40C_1v95 Corner ===================================

No paths found.


===========================================================================
 report_check_types -max_slew -max_cap -max_fanout -violators
============================================================================
======================= nom_ff_n40C_1v95 Corner ===================================

max fanout

Pin                                   Limit Fanout  Slack
---------------------------------------------------------
clkbuf_leaf_26_clk/X                     10     25    -15 (VIOLATED)
clkbuf_leaf_6_clk/X                      10     25    -15 (VIOLATED)
clkbuf_leaf_24_clk/X                     10     19     -9 (VIOLATED)
clkbuf_leaf_16_clk/X                     10     17     -7 (VIOLATED)
clkbuf_leaf_9_clk/X                      10     16     -6 (VIOLATED)
clkbuf_leaf_17_clk/X                     10     15     -5 (VIOLATED)
clkbuf_leaf_8_clk/X                      10     15     -5 (VIOLATED)
clkbuf_leaf_14_clk/X                     10     14     -4 (VIOLATED)
clkbuf_leaf_20_clk/X                     10     14     -4 (VIOLATED)
clkbuf_leaf_29_clk/X                     10     14     -4 (VIOLATED)
clkbuf_leaf_2_clk/X                      10     14     -4 (VIOLATED)
clkbuf_leaf_15_clk/X                     10     13     -3 (VIOLATED)
clkbuf_leaf_21_clk/X                     10     13     -3 (VIOLATED)
clkbuf_leaf_12_clk/X                     10     12     -2 (VIOLATED)
clkbuf_leaf_1_clk/X                      10     12     -2 (VIOLATED)
clkbuf_leaf_25_clk/X                     10     11        (VIOLATED)



===========================================================================
report_parasitic_annotation -report_unannotated
============================================================================
Found 27 unannotated drivers.
 clkload0/Y
 clkload1/Y
 clkload10/Y
 clkload11/Y
 clkload12/Y
 clkload13/Y
 clkload14/Y
 clkload15/Y
 clkload16/Y
 clkload17/Y
 clkload18/Y
 clkload19/Y
 clkload2/Y
 clkload20/Y
 clkload21/X
 clkload22/X
 clkload23/Y
 clkload24/Y
 clkload25/Y
 clkload26/Y
 clkload3/Y
 clkload4/Y
 clkload5/Y
 clkload6/Y
 clkload7/Y
 clkload8/Y
 clkload9/Y
Found 0 partially unannotated drivers.

===========================================================================
max slew violation count 0
max fanout violation count 16
max cap violation count 0
============================================================================

===========================================================================
check_setup -verbose -unconstrained_endpoints -multiple_clock -no_clock -no_input_delay -loops -generated_clocks
===========================================================================
