
===========================================================================
report_checks -unconstrained
===========================================================================
======================= max_ff_n40C_1v95 Corner ===================================

Startpoint: reset (input port clocked by clk)
Endpoint: _4442_ (rising edge-triggered flip-flop clocked by clk)
Path Group: clk
Path Type: max

Fanout         Cap        Slew       Delay        Time   Description
---------------------------------------------------------------------------------------------
                                  0.000000    0.000000   clock clk (rise edge)
                                  0.000000    0.000000   clock network delay (propagated)
                                  5.000000    5.000000 ^ input external delay
     1    0.003418    0.016136    0.008908    5.008908 ^ reset (in)
                                                         reset (net)
                      0.016138    0.000000    5.008908 ^ input6/A (sky130_fd_sc_hd__buf_1)
     3    0.027965    0.246208    0.193597    5.202504 ^ input6/X (sky130_fd_sc_hd__buf_1)
                                                         net6 (net)
                      0.246218    0.001317    5.203822 ^ fanout656/A (sky130_fd_sc_hd__clkbuf_2)
     6    0.040634    0.171142    0.195202    5.399023 ^ fanout656/X (sky130_fd_sc_hd__clkbuf_2)
                                                         net656 (net)
                      0.171150    0.001002    5.400025 ^ fanout653/A (sky130_fd_sc_hd__buf_2)
    10    0.042467    0.157584    0.182132    5.582157 ^ fanout653/X (sky130_fd_sc_hd__buf_2)
                                                         net653 (net)
                      0.157915    0.005910    5.588067 ^ _2221_/B_N (sky130_fd_sc_hd__and4bb_1)
     6    0.016332    0.069167    0.181421    5.769488 v _2221_/X (sky130_fd_sc_hd__and4bb_1)
                                                         _0627_ (net)
                      0.069179    0.000965    5.770452 v _2440_/B (sky130_fd_sc_hd__and3_2)
     5    0.059770    0.111656    0.219985    5.990438 v _2440_/X (sky130_fd_sc_hd__and3_2)
                                                         _0782_ (net)
                      0.111696    0.001786    5.992224 v fanout514/A (sky130_fd_sc_hd__buf_4)
     9    0.093598    0.088270    0.180853    6.173077 v fanout514/X (sky130_fd_sc_hd__buf_4)
                                                         net514 (net)
                      0.088479    0.003617    6.176693 v _2441_/B1 (sky130_fd_sc_hd__a31o_2)
     4    0.095821    0.169991    0.215508    6.392201 v _2441_/X (sky130_fd_sc_hd__a31o_2)
                                                         _0783_ (net)
                      0.170250    0.004721    6.396922 v fanout403/A (sky130_fd_sc_hd__clkbuf_4)
    10    0.069813    0.099787    0.213020    6.609942 v fanout403/X (sky130_fd_sc_hd__clkbuf_4)
                                                         net403 (net)
                      0.100159    0.004654    6.614597 v _2447_/A (sky130_fd_sc_hd__nor2_2)
     3    0.103656    0.787113    0.611498    7.226095 ^ _2447_/Y (sky130_fd_sc_hd__nor2_2)
                                                         _0789_ (net)
                      0.787186    0.006435    7.232530 ^ fanout305/A (sky130_fd_sc_hd__clkbuf_4)
     8    0.078681    0.185135    0.266828    7.499358 ^ fanout305/X (sky130_fd_sc_hd__clkbuf_4)
                                                         net305 (net)
                      0.185331    0.004923    7.504281 ^ fanout304/A (sky130_fd_sc_hd__clkbuf_4)
    10    0.088332    0.203455    0.232006    7.736288 ^ fanout304/X (sky130_fd_sc_hd__clkbuf_4)
                                                         net304 (net)
                      0.205731    0.017401    7.753689 ^ _2542_/A2 (sky130_fd_sc_hd__a221o_1)
     1    0.005962    0.053700    0.119251    7.872940 ^ _2542_/X (sky130_fd_sc_hd__a221o_1)
                                                         _0853_ (net)
                      0.053701    0.000337    7.873277 ^ _2543_/B1 (sky130_fd_sc_hd__o21a_1)
     1    0.003155    0.032693    0.060162    7.933438 ^ _2543_/X (sky130_fd_sc_hd__o21a_1)
                                                         _0553_ (net)
                      0.032693    0.000127    7.933565 ^ _4442_/D (sky130_fd_sc_hd__dfxtp_1)
                                              7.933565   data arrival time

                                 25.000000   25.000000   clock clk (rise edge)
                                  0.000000   25.000000   clock source latency
     1    0.054413    0.185206    0.130907   25.130905 ^ clk (in)
                                                         clk (net)
                      0.185353    0.000000   25.130905 ^ clkbuf_0_clk/A (sky130_fd_sc_hd__clkbuf_16)
     8    0.190286    0.157425    0.198785   25.329691 ^ clkbuf_0_clk/X (sky130_fd_sc_hd__clkbuf_16)
                                                         clknet_0_clk (net)
                      0.161609    0.020282   25.349974 ^ clkbuf_3_2__f_clk/A (sky130_fd_sc_hd__clkbuf_16)
     8    0.082550    0.077406    0.148237   25.498211 ^ clkbuf_3_2__f_clk/X (sky130_fd_sc_hd__clkbuf_16)
                                                         clknet_3_2__leaf_clk (net)
                      0.077593    0.003062   25.501272 ^ clkbuf_leaf_46_clk/A (sky130_fd_sc_hd__clkbuf_8)
     8    0.032886    0.052846    0.112744   25.614016 ^ clkbuf_leaf_46_clk/X (sky130_fd_sc_hd__clkbuf_8)
                                                         clknet_leaf_46_clk (net)
                      0.052876    0.001146   25.615162 ^ _4442_/CLK (sky130_fd_sc_hd__dfxtp_1)
                                 -0.250000   25.365164   clock uncertainty
                                  0.000000   25.365164   clock reconvergence pessimism
                                 -0.028436   25.336727   library setup time
                                             25.336727   data required time
---------------------------------------------------------------------------------------------
                                             25.336727   data required time
                                             -7.933565   data arrival time
---------------------------------------------------------------------------------------------
                                             17.403162   slack (MET)




===========================================================================
report_checks --slack_max -0.01
============================================================================
======================= max_ff_n40C_1v95 Corner ===================================

No paths found.


===========================================================================
 report_check_types -max_slew -max_cap -max_fanout -violators
============================================================================
======================= max_ff_n40C_1v95 Corner ===================================

max slew

Pin                                        Limit        Slew       Slack
------------------------------------------------------------------------
fanout336/A                             0.750000    0.956096   -0.206096 (VIOLATED)
max_cap339/A                            0.750000    0.956048   -0.206048 (VIOLATED)
_4245_/Y                                0.750000    0.956029   -0.206029 (VIOLATED)
fanout224/A                             0.750000    0.858737   -0.108737 (VIOLATED)
ANTENNA_57/DIODE                        0.750000    0.858733   -0.108733 (VIOLATED)
fanout222/A                             0.750000    0.858406   -0.108406 (VIOLATED)
fanout223/A                             0.750000    0.858350   -0.108350 (VIOLATED)
ANTENNA_56/DIODE                        0.750000    0.858347   -0.108347 (VIOLATED)
fanout221/A                             0.750000    0.858295   -0.108295 (VIOLATED)
_4243_/Y                                0.750000    0.858195   -0.108195 (VIOLATED)
fanout244/A                             0.750000    0.848883   -0.098883 (VIOLATED)
ANTENNA_51/DIODE                        0.750000    0.848880   -0.098880 (VIOLATED)
fanout242/A                             0.750000    0.848817   -0.098817 (VIOLATED)
ANTENNA_50/DIODE                        0.750000    0.848814   -0.098814 (VIOLATED)
fanout243/A                             0.750000    0.847728   -0.097728 (VIOLATED)
fanout241/A                             0.750000    0.847704   -0.097704 (VIOLATED)
ANTENNA_49/DIODE                        0.750000    0.847703   -0.097703 (VIOLATED)
_3668_/Y                                0.750000    0.847631   -0.097631 (VIOLATED)
_3565_/C1                               0.750000    0.835127   -0.085127 (VIOLATED)
_3574_/C1                               0.750000    0.835112   -0.085112 (VIOLATED)
fanout253/A                             0.750000    0.834979   -0.084979 (VIOLATED)
fanout254/A                             0.750000    0.834303   -0.084303 (VIOLATED)
_3489_/Y                                0.750000    0.834175   -0.084175 (VIOLATED)
fanout230/A                             0.750000    0.787759   -0.037759 (VIOLATED)
fanout232/A                             0.750000    0.787705   -0.037705 (VIOLATED)
ANTENNA_54/DIODE                        0.750000    0.787702   -0.037702 (VIOLATED)
fanout231/A                             0.750000    0.787434   -0.037434 (VIOLATED)
ANTENNA_133/DIODE                       0.750000    0.787433   -0.037433 (VIOLATED)
fanout307/A                             0.750000    0.787359   -0.037359 (VIOLATED)
fanout229/A                             0.750000    0.787331   -0.037331 (VIOLATED)
_4147_/Y                                0.750000    0.787275   -0.037275 (VIOLATED)
fanout306/A                             0.750000    0.787257   -0.037257 (VIOLATED)
fanout305/A                             0.750000    0.787186   -0.037186 (VIOLATED)
_2447_/Y                                0.750000    0.787113   -0.037113 (VIOLATED)

max fanout

Pin                                   Limit Fanout  Slack
---------------------------------------------------------
fanout401/X                              10     17     -7 (VIOLATED)
fanout508/X                              10     17     -7 (VIOLATED)
clkbuf_leaf_0_clk/X                      10     16     -6 (VIOLATED)
clkbuf_leaf_2_clk/X                      10     16     -6 (VIOLATED)
clkbuf_leaf_57_clk/X                     10     15     -5 (VIOLATED)
clkbuf_leaf_40_clk/X                     10     14     -4 (VIOLATED)
clkbuf_leaf_60_clk/X                     10     14     -4 (VIOLATED)
clkbuf_leaf_62_clk/X                     10     14     -4 (VIOLATED)
fanout299/X                              10     14     -4 (VIOLATED)
fanout350/X                              10     14     -4 (VIOLATED)
fanout542/X                              10     14     -4 (VIOLATED)
clkbuf_leaf_41_clk/X                     10     13     -3 (VIOLATED)
clkbuf_leaf_54_clk/X                     10     13     -3 (VIOLATED)
clkbuf_leaf_58_clk/X                     10     13     -3 (VIOLATED)
clkbuf_leaf_15_clk/X                     10     12     -2 (VIOLATED)
clkbuf_leaf_17_clk/X                     10     12     -2 (VIOLATED)
clkbuf_leaf_33_clk/X                     10     12     -2 (VIOLATED)
clkbuf_leaf_38_clk/X                     10     12     -2 (VIOLATED)
fanout164/X                              10     12     -2 (VIOLATED)
fanout178/X                              10     12     -2 (VIOLATED)
fanout279/X                              10     12     -2 (VIOLATED)
fanout419/X                              10     12     -2 (VIOLATED)
fanout435/X                              10     12     -2 (VIOLATED)
fanout483/X                              10     12     -2 (VIOLATED)
clkbuf_leaf_13_clk/X                     10     11        (VIOLATED)
clkbuf_leaf_16_clk/X                     10     11        (VIOLATED)
clkbuf_leaf_18_clk/X                     10     11        (VIOLATED)
clkbuf_leaf_19_clk/X                     10     11        (VIOLATED)
clkbuf_leaf_20_clk/X                     10     11        (VIOLATED)
clkbuf_leaf_21_clk/X                     10     11        (VIOLATED)
clkbuf_leaf_23_clk/X                     10     11        (VIOLATED)
clkbuf_leaf_25_clk/X                     10     11        (VIOLATED)
clkbuf_leaf_26_clk/X                     10     11        (VIOLATED)
clkbuf_leaf_32_clk/X                     10     11        (VIOLATED)
clkbuf_leaf_3_clk/X                      10     11        (VIOLATED)
clkbuf_leaf_43_clk/X                     10     11        (VIOLATED)
clkbuf_leaf_4_clk/X                      10     11        (VIOLATED)
clkbuf_leaf_55_clk/X                     10     11        (VIOLATED)
clkbuf_leaf_56_clk/X                     10     11        (VIOLATED)
clkbuf_leaf_59_clk/X                     10     11        (VIOLATED)
clkbuf_leaf_8_clk/X                      10     11        (VIOLATED)
clkbuf_leaf_9_clk/X                      10     11        (VIOLATED)
fanout174/X                              10     11        (VIOLATED)
fanout176/X                              10     11        (VIOLATED)
fanout186/X                              10     11        (VIOLATED)
fanout188/X                              10     11        (VIOLATED)
fanout190/X                              10     11        (VIOLATED)
fanout233/X                              10     11        (VIOLATED)
fanout245/X                              10     11        (VIOLATED)
fanout249/X                              10     11        (VIOLATED)
fanout257/X                              10     11        (VIOLATED)
fanout261/X                              10     11        (VIOLATED)
fanout330/X                              10     11        (VIOLATED)
fanout351/X                              10     11        (VIOLATED)
fanout368/X                              10     11        (VIOLATED)
fanout373/X                              10     11        (VIOLATED)
fanout376/X                              10     11        (VIOLATED)
fanout491/X                              10     11        (VIOLATED)



===========================================================================
report_parasitic_annotation -report_unannotated
============================================================================
Found 61 unannotated drivers.
 value[0]
 value[1]
 value[2]
 value[3]
 clkload0/Y
 clkload1/Y
 clkload10/Y
 clkload11/X
 clkload12/Y
 clkload13/Y
 clkload14/X
 clkload15/Y
 clkload16/Y
 clkload17/Y
 clkload18/Y
 clkload19/Y
 clkload2/Y
 clkload20/X
 clkload21/Y
 clkload22/X
 clkload23/Y
 clkload24/Y
 clkload25/Y
 clkload26/Y
 clkload27/Y
 clkload28/X
 clkload29/Y
 clkload3/X
 clkload30/X
 clkload31/Y
 clkload32/X
 clkload33/X
 clkload34/Y
 clkload35/Y
 clkload36/Y
 clkload37/X
 clkload38/Y
 clkload39/X
 clkload4/X
 clkload40/X
 clkload41/X
 clkload42/X
 clkload43/X
 clkload44/X
 clkload45/Y
 clkload46/Y
 clkload47/Y
 clkload48/Y
 clkload49/Y
 clkload5/Y
 clkload50/Y
 clkload51/X
 clkload52/Y
 clkload53/Y
 clkload54/Y
 clkload55/Y
 clkload56/X
 clkload6/X
 clkload7/Y
 clkload8/Y
 clkload9/X
Found 0 partially unannotated drivers.

===========================================================================
max slew violation count 34
max fanout violation count 58
max cap violation count 0
============================================================================

===========================================================================
check_setup -verbose -unconstrained_endpoints -multiple_clock -no_clock -no_input_delay -loops -generated_clocks
===========================================================================
