Clock: clk
Sources: clk 
Generated: no
Virtual: yes
Propagated: no
Period: 25.000000

===========================================================================
report_clock_properties
============================================================================
Clock                   Period          Waveform
----------------------------------------------------
clk                  25.000000    0.000000 12.500000

===========================================================================
report_clock_latency
============================================================================
Clock clk
rise -> rise
    min     max
0.000000 0.000000 source latency
0.504472         network latency _4823_/CLK
        0.645219 network latency _4561_/CLK
---------------
0.504472 0.645219 latency
        0.140748 skew

fall -> fall
    min     max
0.000000 0.000000 source latency
0.407503         network latency _4823_/CLK
        0.541228 network latency _4383_/CLK
---------------
0.407503 0.541228 latency
        0.133726 skew



===========================================================================
report_clock_min_period
============================================================================
clk period_min = 2.79 fmax = 358.72
