Clock: clk
Sources: clk 
Generated: no
Virtual: yes
Propagated: no
Period: 50.000000

===========================================================================
report_clock_properties
============================================================================
Clock                   Period          Waveform
----------------------------------------------------
clk                  50.000000    0.000000 25.000000

===========================================================================
report_clock_latency
============================================================================
Clock clk
rise -> rise
    min     max
0.000000 0.000000 source latency
0.420332         network latency _29490_/CLK
        0.567734 network latency _29432_/CLK
---------------
0.420332 0.567734 latency
        0.147403 skew

fall -> fall
    min     max
0.000000 0.000000 source latency
0.343727         network latency _29490_/CLK
        0.482375 network latency _29547_/CLK
---------------
0.343727 0.482375 latency
        0.138648 skew



===========================================================================
report_clock_min_period
============================================================================
clk period_min = 95.74 fmax = 10.44
