
===========================================================================
report_checks -unconstrained
===========================================================================
======================= nom_tt_025C_1v80 Corner ===================================

Startpoint: reset (input port clocked by clk)
Endpoint: _4677_ (rising edge-triggered flip-flop clocked by clk)
Path Group: clk
Path Type: max

Fanout         Cap        Slew       Delay        Time   Description
---------------------------------------------------------------------------------------------
                                  0.000000    0.000000   clock clk (rise edge)
                                  0.000000    0.000000   clock network delay (propagated)
                                  5.000000    5.000000 v input external delay
     1    0.002658    0.008304    0.004173    5.004173 v reset (in)
                                                         reset (net)
                      0.008304    0.000000    5.004173 v input6/A (sky130_fd_sc_hd__buf_1)
     3    0.013129    0.081768    0.118003    5.122177 v input6/X (sky130_fd_sc_hd__buf_1)
                                                         net6 (net)
                      0.081768    0.000163    5.122340 v fanout652/A (sky130_fd_sc_hd__buf_2)
     7    0.025725    0.071098    0.180975    5.303315 v fanout652/X (sky130_fd_sc_hd__buf_2)
                                                         net652 (net)
                      0.071099    0.000418    5.303733 v _2219_/A (sky130_fd_sc_hd__or4b_2)
     4    0.016635    0.149707    0.750398    6.054131 v _2219_/X (sky130_fd_sc_hd__or4b_2)
                                                         _0626_ (net)
                      0.149707    0.000254    6.054385 v fanout525/A (sky130_fd_sc_hd__buf_2)
    10    0.028124    0.076446    0.216023    6.270408 v fanout525/X (sky130_fd_sc_hd__buf_2)
                                                         net525 (net)
                      0.076446    0.000134    6.270542 v _2961_/S (sky130_fd_sc_hd__mux2_1)
     6    0.014849    0.112410    0.385677    6.656219 v _2961_/X (sky130_fd_sc_hd__mux2_1)
                                                         _1143_ (net)
                      0.112410    0.000004    6.656224 v _2962_/B (sky130_fd_sc_hd__and2_1)
     2    0.005481    0.045855    0.193948    6.850172 v _2962_/X (sky130_fd_sc_hd__and2_1)
                                                         _1144_ (net)
                      0.045855    0.000002    6.850174 v fanout267/A (sky130_fd_sc_hd__clkbuf_2)
    10    0.024873    0.099026    0.163143    7.013318 v fanout267/X (sky130_fd_sc_hd__clkbuf_2)
                                                         net267 (net)
                      0.099026    0.000075    7.013392 v _3281_/C (sky130_fd_sc_hd__and3b_1)
     2    0.005538    0.048532    0.210837    7.224229 v _3281_/X (sky130_fd_sc_hd__and3b_1)
                                                         _1367_ (net)
                      0.048532    0.000011    7.224240 v _3285_/B (sky130_fd_sc_hd__or3b_1)
     1    0.007812    0.094196    0.383529    7.607769 v _3285_/X (sky130_fd_sc_hd__or3b_1)
                                                         _1371_ (net)
                      0.094196    0.000134    7.607903 v fanout156/A (sky130_fd_sc_hd__clkbuf_4)
     5    0.046266    0.101354    0.222243    7.830146 v fanout156/X (sky130_fd_sc_hd__clkbuf_4)
                                                         net156 (net)
                      0.101354    0.000191    7.830337 v fanout154/A (sky130_fd_sc_hd__buf_4)
    10    0.058755    0.083228    0.218929    8.049266 v fanout154/X (sky130_fd_sc_hd__buf_4)
                                                         net154 (net)
                      0.083239    0.001108    8.050374 v _3319_/A2 (sky130_fd_sc_hd__o22a_1)
     1    0.002800    0.041645    0.204066    8.254440 v _3319_/X (sky130_fd_sc_hd__o22a_1)
                                                         _0208_ (net)
                      0.041645    0.000012    8.254452 v _4677_/D (sky130_fd_sc_hd__dfxtp_1)
                                              8.254452   data arrival time

                                 25.000000   25.000000   clock clk (rise edge)
                                  0.000000   25.000000   clock source latency
     1    0.028963    0.135795    0.094589   25.094589 ^ clk (in)
                                                         clk (net)
                      0.135842    0.000000   25.094589 ^ clkbuf_0_clk/A (sky130_fd_sc_hd__clkbuf_16)
     8    0.097937    0.114061    0.217012   25.311600 ^ clkbuf_0_clk/X (sky130_fd_sc_hd__clkbuf_16)
                                                         clknet_0_clk (net)
                      0.114081    0.001503   25.313103 ^ clkbuf_3_2__f_clk/A (sky130_fd_sc_hd__clkbuf_16)
     8    0.056945    0.075252    0.179940   25.493044 ^ clkbuf_3_2__f_clk/X (sky130_fd_sc_hd__clkbuf_16)
                                                         clknet_3_2__leaf_clk (net)
                      0.075252    0.000226   25.493269 ^ clkbuf_leaf_46_clk/A (sky130_fd_sc_hd__clkbuf_8)
     8    0.023974    0.057080    0.148473   25.641743 ^ clkbuf_leaf_46_clk/X (sky130_fd_sc_hd__clkbuf_8)
                                                         clknet_leaf_46_clk (net)
                      0.057080    0.000021   25.641764 ^ _4677_/CLK (sky130_fd_sc_hd__dfxtp_1)
                                 -0.250000   25.391764   clock uncertainty
                                  0.000000   25.391764   clock reconvergence pessimism
                                 -0.106236   25.285528   library setup time
                                             25.285528   data required time
---------------------------------------------------------------------------------------------
                                             25.285528   data required time
                                             -8.254452   data arrival time
---------------------------------------------------------------------------------------------
                                             17.031076   slack (MET)




===========================================================================
report_checks --slack_max -0.01
============================================================================
======================= nom_tt_025C_1v80 Corner ===================================

No paths found.


===========================================================================
 report_check_types -max_slew -max_cap -max_fanout -violators
============================================================================
======================= nom_tt_025C_1v80 Corner ===================================

max fanout

Pin                                   Limit Fanout  Slack
---------------------------------------------------------
clkbuf_leaf_0_clk/X                      10     16     -6 (VIOLATED)
clkbuf_leaf_2_clk/X                      10     16     -6 (VIOLATED)
clkbuf_leaf_57_clk/X                     10     15     -5 (VIOLATED)
clkbuf_leaf_40_clk/X                     10     14     -4 (VIOLATED)
clkbuf_leaf_60_clk/X                     10     14     -4 (VIOLATED)
clkbuf_leaf_62_clk/X                     10     14     -4 (VIOLATED)
clkbuf_leaf_41_clk/X                     10     13     -3 (VIOLATED)
clkbuf_leaf_54_clk/X                     10     13     -3 (VIOLATED)
clkbuf_leaf_58_clk/X                     10     13     -3 (VIOLATED)
clkbuf_leaf_15_clk/X                     10     12     -2 (VIOLATED)
clkbuf_leaf_17_clk/X                     10     12     -2 (VIOLATED)
clkbuf_leaf_33_clk/X                     10     12     -2 (VIOLATED)
clkbuf_leaf_38_clk/X                     10     12     -2 (VIOLATED)
clkbuf_leaf_13_clk/X                     10     11        (VIOLATED)
clkbuf_leaf_16_clk/X                     10     11        (VIOLATED)
clkbuf_leaf_18_clk/X                     10     11        (VIOLATED)
clkbuf_leaf_19_clk/X                     10     11        (VIOLATED)
clkbuf_leaf_20_clk/X                     10     11        (VIOLATED)
clkbuf_leaf_21_clk/X                     10     11        (VIOLATED)
clkbuf_leaf_23_clk/X                     10     11        (VIOLATED)
clkbuf_leaf_25_clk/X                     10     11        (VIOLATED)
clkbuf_leaf_26_clk/X                     10     11        (VIOLATED)
clkbuf_leaf_32_clk/X                     10     11        (VIOLATED)
clkbuf_leaf_3_clk/X                      10     11        (VIOLATED)
clkbuf_leaf_43_clk/X                     10     11        (VIOLATED)
clkbuf_leaf_4_clk/X                      10     11        (VIOLATED)
clkbuf_leaf_55_clk/X                     10     11        (VIOLATED)
clkbuf_leaf_56_clk/X                     10     11        (VIOLATED)
clkbuf_leaf_59_clk/X                     10     11        (VIOLATED)
clkbuf_leaf_8_clk/X                      10     11        (VIOLATED)
clkbuf_leaf_9_clk/X                      10     11        (VIOLATED)



===========================================================================
report_parasitic_annotation -report_unannotated
============================================================================
Found 61 unannotated drivers.
 value[0]
 value[1]
 value[2]
 value[3]
 clkload0/Y
 clkload1/Y
 clkload10/Y
 clkload11/X
 clkload12/Y
 clkload13/Y
 clkload14/X
 clkload15/Y
 clkload16/Y
 clkload17/Y
 clkload18/Y
 clkload19/Y
 clkload2/Y
 clkload20/X
 clkload21/Y
 clkload22/X
 clkload23/Y
 clkload24/Y
 clkload25/Y
 clkload26/Y
 clkload27/Y
 clkload28/X
 clkload29/Y
 clkload3/X
 clkload30/X
 clkload31/Y
 clkload32/X
 clkload33/X
 clkload34/Y
 clkload35/Y
 clkload36/Y
 clkload37/X
 clkload38/Y
 clkload39/X
 clkload4/X
 clkload40/X
 clkload41/X
 clkload42/X
 clkload43/X
 clkload44/X
 clkload45/Y
 clkload46/Y
 clkload47/Y
 clkload48/Y
 clkload49/Y
 clkload5/Y
 clkload50/Y
 clkload51/X
 clkload52/Y
 clkload53/Y
 clkload54/Y
 clkload55/Y
 clkload56/X
 clkload6/X
 clkload7/Y
 clkload8/Y
 clkload9/X
Found 0 partially unannotated drivers.

===========================================================================
max slew violation count 0
Writing metric design__max_slew_violation__count__corner:nom_tt_025C_1v80: 0
max fanout violation count 31
Writing metric design__max_fanout_violation__count__corner:nom_tt_025C_1v80: 31
max cap violation count 0
Writing metric design__max_cap_violation__count__corner:nom_tt_025C_1v80: 0
============================================================================

===========================================================================
check_setup -verbose -unconstrained_endpoints -multiple_clock -no_clock -no_input_delay -loops -generated_clocks
===========================================================================
