Clock: clk
Sources: clk 
Generated: no
Virtual: yes
Propagated: no
Period: 25.000000

===========================================================================
report_clock_properties
============================================================================
Clock                   Period          Waveform
----------------------------------------------------
clk                  25.000000    0.000000 12.500000

===========================================================================
report_clock_latency
============================================================================
Clock clk
rise -> rise
    min     max
0.000000 0.000000 source latency
0.493123         network latency _4823_/CLK
        0.666114 network latency _4753_/CLK
---------------
0.493123 0.666114 latency
        0.172991 skew

fall -> fall
    min     max
0.000000 0.000000 source latency
0.423861         network latency _4823_/CLK
        0.592245 network latency _4753_/CLK
---------------
0.423861 0.592245 latency
        0.168384 skew



===========================================================================
report_clock_min_period
============================================================================
clk period_min = 3.62 fmax = 276.32
