                                                                     Buffers by Cell Master                                                                     
┏━━━━━━━━━━━━━━━━━━━━━━━━━━━━━━━━━━━━━━━━━━━━━━━━━━━━━━━━━━━━━━━━━━━━━━━━━━━━━━━━━━━━━━━━━━━━━━━━━━━━━━━━━━━━━━━━━━━━━━━━━━━━━━━━━━┳━━━━━━━━━━━━━━━━━━━━━━━━━━━┓
┃ Buffer                                                                                                                           ┃ Count                     ┃
┡━━━━━━━━━━━━━━━━━━━━━━━━━━━━━━━━━━━━━━━━━━━━━━━━━━━━━━━━━━━━━━━━━━━━━━━━━━━━━━━━━━━━━━━━━━━━━━━━━━━━━━━━━━━━━━━━━━━━━━━━━━━━━━━━━━╇━━━━━━━━━━━━━━━━━━━━━━━━━━━┩
│ sky130_fd_sc_hd__buf_1                                                                                                           │ 49                        │
│ sky130_fd_sc_hd__buf_12                                                                                                          │ 15                        │
│ sky130_fd_sc_hd__buf_2                                                                                                           │ 189                       │
│ sky130_fd_sc_hd__buf_4                                                                                                           │ 163                       │
│ sky130_fd_sc_hd__buf_6                                                                                                           │ 82                        │
│ sky130_fd_sc_hd__buf_8                                                                                                           │ 83                        │
│ sky130_fd_sc_hd__clkbuf_1                                                                                                        │ 163                       │
│ sky130_fd_sc_hd__clkbuf_16                                                                                                       │ 5                         │
│ sky130_fd_sc_hd__clkbuf_2                                                                                                        │ 77                        │
│ sky130_fd_sc_hd__clkbuf_4                                                                                                        │ 206                       │
│ sky130_fd_sc_hd__clkbuf_8                                                                                                        │ 67                        │
│ sky130_fd_sc_hd__dlygate4sd1_1                                                                                                   │ 41                        │
│ sky130_fd_sc_hd__dlygate4sd3_1                                                                                                   │ 142                       │
│ sky130_fd_sc_hd__dlymetal6s2s_1                                                                                                  │ 28                        │
│ sky130_fd_sc_hd__dlymetal6s4s_1                                                                                                  │ 2                         │
└──────────────────────────────────────────────────────────────────────────────────────────────────────────────────────────────────┴───────────────────────────┘
