Clock: clk
Sources: clk 
Generated: no
Virtual: yes
Propagated: no
Period: 50.000000

===========================================================================
report_clock_properties
============================================================================
Clock                   Period          Waveform
----------------------------------------------------
clk                  50.000000    0.000000 25.000000

===========================================================================
report_clock_latency
============================================================================
Clock clk
rise -> rise
    min     max
0.000000 0.000000 source latency
0.442924         network latency _29490_/CLK
        0.596812 network latency _29547_/CLK
---------------
0.442924 0.596812 latency
        0.153888 skew

fall -> fall
    min     max
0.000000 0.000000 source latency
0.360412         network latency _29490_/CLK
        0.505457 network latency _29547_/CLK
---------------
0.360412 0.505457 latency
        0.145045 skew



===========================================================================
report_clock_min_period
============================================================================
clk period_min = 97.33 fmax = 10.27
