Clock: clk
Sources: clk 
Generated: no
Virtual: yes
Propagated: no
Period: 25.000000

===========================================================================
report_clock_properties
============================================================================
Clock                   Period          Waveform
----------------------------------------------------
clk                  25.000000    0.000000 12.500000

===========================================================================
report_clock_latency
============================================================================
Clock clk
rise -> rise
    min     max
0.000000 0.000000 source latency
0.728098         network latency _4823_/CLK
        0.934302 network latency _4561_/CLK
---------------
0.728098 0.934302 latency
        0.206204 skew

fall -> fall
    min     max
0.000000 0.000000 source latency
0.582262         network latency _4823_/CLK
        0.775620 network latency _4383_/CLK
---------------
0.582262 0.775620 latency
        0.193357 skew



===========================================================================
report_clock_min_period
============================================================================
clk period_min = 4.27 fmax = 234.16
