Clock: clk
Sources: clk 
Generated: no
Virtual: yes
Propagated: no
Period: 50.000000

===========================================================================
report_clock_properties
============================================================================
Clock                   Period          Waveform
----------------------------------------------------
clk                  50.000000    0.000000 25.000000

===========================================================================
report_clock_latency
============================================================================
Clock clk
rise -> rise
    min     max
0.000000 0.000000 source latency
0.401108         network latency _29490_/CLK
        0.544902 network latency _29432_/CLK
---------------
0.401108 0.544902 latency
        0.143794 skew

fall -> fall
    min     max
0.000000 0.000000 source latency
0.329463         network latency _29490_/CLK
        0.465477 network latency _29547_/CLK
---------------
0.329463 0.465477 latency
        0.136014 skew



===========================================================================
report_clock_min_period
============================================================================
clk period_min = 94.39 fmax = 10.59
