Reading OpenROAD database at '/home/niko_tambornini/EE531/my_designs/FPU_32_Bit/runs/RUN_2026-03-10_00-07-47/38-openroad-globalrouting/Reorder_buffer.odb'…
Reading library file at '/home/niko_tambornini/.ciel/ciel/sky130/versions/0fe599b2afb6708d281543108caf8310912f54af/sky130A/libs.ref/sky130_fd_sc_hd/lib/sky130_fd_sc_hd__tt_025C_1v80.lib'…
Reading design constraints file at '/nix/store/svkrfkkpaij5qb9xjbcwfymcd4s8hczv-python3-3.11.9-env/lib/python3.11/site-packages/librelane/scripts/base.sdc'…
[INFO] Using clock clk…
[INFO] Setting output delay to: 5
[INFO] Setting input delay to: 5
[INFO] Setting load to: 0.033442
[INFO] Setting clock uncertainty to: 0.25
[INFO] Setting clock transition to: 0.1499999999999999944488848768742172978818416595458984375
[INFO] Setting timing derate to: 5%
[INFO] Setting signal min routing layer to: met1 and clock min routing layer to met1. 
[INFO] Setting signal max routing layer to: met5 and clock max routing layer to met5. 
-congestion_iterations 50 -verbose
[INFO GRT-0020] Min routing layer: met1
[INFO GRT-0021] Max routing layer: met5
[INFO GRT-0022] Global adjustment: 30%
[INFO GRT-0023] Grid origin: (0, 0)
[INFO GRT-0043] No OR_DEFAULT vias defined.
[INFO GRT-0088] Layer li1     Track-Pitch = 0.4600  line-2-Via Pitch: 0.3400
[INFO GRT-0088] Layer met1    Track-Pitch = 0.3400  line-2-Via Pitch: 0.3400
[INFO GRT-0088] Layer met2    Track-Pitch = 0.4600  line-2-Via Pitch: 0.3500
[INFO GRT-0088] Layer met3    Track-Pitch = 0.6800  line-2-Via Pitch: 0.6150
[INFO GRT-0088] Layer met4    Track-Pitch = 0.9200  line-2-Via Pitch: 1.0400
[INFO GRT-0088] Layer met5    Track-Pitch = 3.4000  line-2-Via Pitch: 3.1100
[INFO GRT-0019] Found 74 clock nets.
[INFO GRT-0001] Minimum degree: 2
[INFO GRT-0002] Maximum degree: 17
[INFO GRT-0003] Macros: 0
[INFO GRT-0043] No OR_DEFAULT vias defined.
[INFO GRT-0004] Blockages: 8208

[INFO GRT-0053] Routing resources analysis:
          Routing      Original      Derated      Resource
Layer     Direction    Resources     Resources    Reduction (%)
---------------------------------------------------------------
li1        Vertical            0             0          0.00%
met1       Horizontal      31843         15322          51.88%
met2       Vertical        23575         15295          35.12%
met3       Horizontal      15902         10780          32.21%
met4       Vertical         9486          5896          37.85%
met5       Horizontal       3157          1482          53.06%
---------------------------------------------------------------

[INFO GRT-0101] Running extra iterations to remove overflow.
[INFO GRT-0197] Via related to pin nodes: 28254
[INFO GRT-0198] Via related Steiner nodes: 1170
[INFO GRT-0199] Via filling finished.
[INFO GRT-0111] Final number of vias: 38351
[INFO GRT-0112] Final usage 3D: 143356

[INFO GRT-0096] Final congestion report:
Layer         Resource        Demand        Usage (%)    Max H / Max V / Total Overflow
---------------------------------------------------------------------------------------
li1                  0             0            0.00%             0 /  0 /  0
met1             15322          9420           61.48%             0 /  0 /  0
met2             15295         10342           67.62%             0 /  0 /  0
met3             10780          5294           49.11%             0 /  0 /  0
met4              5896          2837           48.12%             0 /  0 /  0
met5              1482           410           27.67%             0 /  0 /  0
---------------------------------------------------------------------------------------
Total            48775         28303           58.03%             0 /  0 /  0

[INFO GRT-0018] Total wirelength: 287136 um
[INFO GRT-0014] Routed nets: 4258
[INFO GRT-0006] Repairing antennas, iteration 1.
[INFO GRT-0043] No OR_DEFAULT vias defined.
[INFO GRT-0012] Found 72 antenna violations.
[INFO GRT-0015] Inserted 124 diodes.
[INFO GRT-0009] rerouting 1455 nets.
[INFO GRT-0001] Minimum degree: 2
[INFO GRT-0002] Maximum degree: 18
[INFO GRT-0006] Repairing antennas, iteration 2.
[INFO GRT-0043] No OR_DEFAULT vias defined.
[INFO GRT-0012] Found 28 antenna violations.
[INFO GRT-0015] Inserted 44 diodes.
[INFO GRT-0009] rerouting 170 nets.
[INFO GRT-0001] Minimum degree: 2
[INFO GRT-0002] Maximum degree: 18
[INFO GRT-0006] Repairing antennas, iteration 3.
[INFO GRT-0043] No OR_DEFAULT vias defined.
[INFO GRT-0012] Found 11 antenna violations.
[INFO GRT-0015] Inserted 13 diodes.
[INFO GRT-0009] rerouting 50 nets.
[INFO GRT-0001] Minimum degree: 2
[INFO GRT-0002] Maximum degree: 17
Placement Analysis
---------------------------------
total displacement          0.0 u
average displacement        0.0 u
max displacement            0.0 u
original HPWL          153595.5 u
legalized HPWL         153595.5 u
delta HPWL                    0 %

[INFO DPL-0020] Mirrored 1534 instances
[INFO DPL-0021] HPWL before          153595.5 u
[INFO DPL-0022] HPWL after           150659.0 u
[INFO DPL-0023] HPWL delta               -1.9 %
-congestion_iterations 50 -verbose
[INFO GRT-0020] Min routing layer: met1
[INFO GRT-0021] Max routing layer: met5
[INFO GRT-0022] Global adjustment: 30%
[INFO GRT-0023] Grid origin: (0, 0)
[INFO GRT-0043] No OR_DEFAULT vias defined.
[INFO GRT-0088] Layer li1     Track-Pitch = 0.4600  line-2-Via Pitch: 0.3400
[INFO GRT-0088] Layer met1    Track-Pitch = 0.3400  line-2-Via Pitch: 0.3400
[INFO GRT-0088] Layer met2    Track-Pitch = 0.4600  line-2-Via Pitch: 0.3500
[INFO GRT-0088] Layer met3    Track-Pitch = 0.6800  line-2-Via Pitch: 0.6150
[INFO GRT-0088] Layer met4    Track-Pitch = 0.9200  line-2-Via Pitch: 1.0400
[INFO GRT-0088] Layer met5    Track-Pitch = 3.4000  line-2-Via Pitch: 3.1100
[INFO GRT-0019] Found 74 clock nets.
[INFO GRT-0001] Minimum degree: 2
[INFO GRT-0002] Maximum degree: 18
[INFO GRT-0003] Macros: 0
[INFO GRT-0043] No OR_DEFAULT vias defined.
[INFO GRT-0004] Blockages: 8208

[INFO GRT-0053] Routing resources analysis:
          Routing      Original      Derated      Resource
Layer     Direction    Resources     Resources    Reduction (%)
---------------------------------------------------------------
li1        Vertical            0             0          0.00%
met1       Horizontal      31843         15319          51.89%
met2       Vertical        23575         15295          35.12%
met3       Horizontal      15902         10780          32.21%
met4       Vertical         9486          5896          37.85%
met5       Horizontal       3157          1482          53.06%
---------------------------------------------------------------

[INFO GRT-0101] Running extra iterations to remove overflow.
[INFO GRT-0197] Via related to pin nodes: 28609
[INFO GRT-0198] Via related Steiner nodes: 1190
[INFO GRT-0199] Via filling finished.
[INFO GRT-0111] Final number of vias: 38866
[INFO GRT-0112] Final usage 3D: 145165

[INFO GRT-0096] Final congestion report:
Layer         Resource        Demand        Usage (%)    Max H / Max V / Total Overflow
---------------------------------------------------------------------------------------
li1                  0             0            0.00%             0 /  0 /  0
met1             15319          9496           61.99%             0 /  0 /  0
met2             15295         10511           68.72%             0 /  0 /  0
met3             10780          5395           50.05%             0 /  0 /  0
met4              5896          2761           46.83%             0 /  0 /  0
met5              1482           404           27.26%             0 /  0 /  0
---------------------------------------------------------------------------------------
Total            48772         28567           58.57%             0 /  0 /  0

[INFO GRT-0018] Total wirelength: 289979 um
[INFO GRT-0014] Routed nets: 4258
[INFO] Setting RC values…
Setting global connections for newly added cells…
[INFO] Setting global connections...
Updating metrics…
Cell type report:                       Count       Area
  Fill cell                               190     713.18
  Tap cell                                970    1213.66
  Antenna cell                            181     452.93
  Clock buffer                             94    1351.30
  Timing Repair Buffer                   1321   10466.29
  Inverter                                  9      33.78
  Clock inverter                           36     366.60
  Sequential cell                         580   11614.89
  Multi-Input combinational cell         2160   19245.96
  Total                                  5541   45458.60
Writing OpenROAD database to '/home/niko_tambornini/EE531/my_designs/FPU_32_Bit/runs/RUN_2026-03-10_00-07-47/41-openroad-repairantennas/1-openroad-diodeinsertion/Reorder_buffer.odb'…
Writing layout to '/home/niko_tambornini/EE531/my_designs/FPU_32_Bit/runs/RUN_2026-03-10_00-07-47/41-openroad-repairantennas/1-openroad-diodeinsertion/Reorder_buffer.def'…
