129. Printing statistics.

=== FP32_Div ===

   Number of wires:              19306
   Number of wire bits:          19895
   Number of public wires:          37
   Number of public wire bits:     393
   Number of ports:                 10
   Number of port bits:             97
   Number of memories:               0
   Number of memory bits:            0
   Number of processes:              0
   Number of cells:              19642
     $_ANDNOT_                    6855
     $_AND_                        106
     $_DFFE_PN_                     23
     $_DFFE_PP_                    128
     $_DFF_P_                       27
     $_MUX_                       2654
     $_NAND_                       139
     $_NOR_                       1398
     $_NOT_                        835
     $_ORNOT_                     1168
     $_OR_                        2716
     $_SDFFCE_PN0N_                 16
     $_SDFF_PN1_                    31
     $_SDFF_PP0_                    46
     $_XNOR_                       301
     $_XOR_                       3199

   Area for cell type $_NOT_ is unknown!
   Area for cell type $_AND_ is unknown!
   Area for cell type $_NAND_ is unknown!
   Area for cell type $_OR_ is unknown!
   Area for cell type $_NOR_ is unknown!
   Area for cell type $_XOR_ is unknown!
   Area for cell type $_XNOR_ is unknown!
   Area for cell type $_ANDNOT_ is unknown!
   Area for cell type $_ORNOT_ is unknown!
   Area for cell type $_MUX_ is unknown!
   Area for cell type $_DFF_P_ is unknown!
   Area for cell type $_DFFE_PN_ is unknown!
   Area for cell type $_DFFE_PP_ is unknown!
   Area for cell type $_SDFF_PN1_ is unknown!
   Area for cell type $_SDFF_PP0_ is unknown!
   Area for cell type $_SDFFCE_PN0N_ is unknown!

