143. Printing statistics.

=== FP32_Div ===

   Number of wires:              14950
   Number of wire bits:          15037
   Number of public wires:         249
   Number of public wire bits:     336
   Number of ports:                 10
   Number of port bits:             97
   Number of memories:               0
   Number of memory bits:            0
   Number of processes:              0
   Number of cells:              14972
     sky130_fd_sc_hd__a2111o_2      68
     sky130_fd_sc_hd__a2111oi_2     15
     sky130_fd_sc_hd__a211o_2      221
     sky130_fd_sc_hd__a211oi_2      63
     sky130_fd_sc_hd__a21bo_2       94
     sky130_fd_sc_hd__a21boi_2      71
     sky130_fd_sc_hd__a21o_2       674
     sky130_fd_sc_hd__a21oi_2      800
     sky130_fd_sc_hd__a221o_2       41
     sky130_fd_sc_hd__a221oi_2       7
     sky130_fd_sc_hd__a22o_2        95
     sky130_fd_sc_hd__a22oi_2       22
     sky130_fd_sc_hd__a2bb2o_2      57
     sky130_fd_sc_hd__a311o_2       56
     sky130_fd_sc_hd__a311oi_2      22
     sky130_fd_sc_hd__a31o_2       221
     sky130_fd_sc_hd__a31oi_2       60
     sky130_fd_sc_hd__a32o_2        20
     sky130_fd_sc_hd__a32oi_2        7
     sky130_fd_sc_hd__a41o_2        28
     sky130_fd_sc_hd__a41oi_2        5
     sky130_fd_sc_hd__and2_2       840
     sky130_fd_sc_hd__and2b_2      264
     sky130_fd_sc_hd__and3_2       587
     sky130_fd_sc_hd__and3b_2       82
     sky130_fd_sc_hd__and4_2       237
     sky130_fd_sc_hd__and4b_2       66
     sky130_fd_sc_hd__and4bb_2      46
     sky130_fd_sc_hd__buf_1         46
     sky130_fd_sc_hd__dfxtp_2      271
     sky130_fd_sc_hd__inv_2        656
     sky130_fd_sc_hd__mux2_1      1046
     sky130_fd_sc_hd__nand2_2     1189
     sky130_fd_sc_hd__nand2b_2     133
     sky130_fd_sc_hd__nand3_2      124
     sky130_fd_sc_hd__nand3b_2      22
     sky130_fd_sc_hd__nand4_2       62
     sky130_fd_sc_hd__nand4b_2       6
     sky130_fd_sc_hd__nor2_2      1465
     sky130_fd_sc_hd__nor3_2        70
     sky130_fd_sc_hd__nor3b_2       26
     sky130_fd_sc_hd__nor4_2        26
     sky130_fd_sc_hd__nor4b_2       16
     sky130_fd_sc_hd__o2111a_2      32
     sky130_fd_sc_hd__o2111ai_2     12
     sky130_fd_sc_hd__o211a_2      106
     sky130_fd_sc_hd__o211ai_2      47
     sky130_fd_sc_hd__o21a_2       286
     sky130_fd_sc_hd__o21ai_2      263
     sky130_fd_sc_hd__o21ba_2      139
     sky130_fd_sc_hd__o21bai_2      50
     sky130_fd_sc_hd__o221a_2       48
     sky130_fd_sc_hd__o221ai_2      15
     sky130_fd_sc_hd__o22a_2       105
     sky130_fd_sc_hd__o22ai_2       16
     sky130_fd_sc_hd__o2bb2a_2      94
     sky130_fd_sc_hd__o2bb2ai_2      1
     sky130_fd_sc_hd__o311a_2       40
     sky130_fd_sc_hd__o311ai_2      16
     sky130_fd_sc_hd__o31a_2       170
     sky130_fd_sc_hd__o31ai_2       31
     sky130_fd_sc_hd__o32a_2        21
     sky130_fd_sc_hd__o32ai_2        3
     sky130_fd_sc_hd__o41a_2        23
     sky130_fd_sc_hd__o41ai_2        6
     sky130_fd_sc_hd__or2_2        924
     sky130_fd_sc_hd__or3_2        277
     sky130_fd_sc_hd__or3b_2        97
     sky130_fd_sc_hd__or4_2        277
     sky130_fd_sc_hd__or4b_2       103
     sky130_fd_sc_hd__or4bb_2       25
     sky130_fd_sc_hd__xnor2_2     1447
     sky130_fd_sc_hd__xor2_2       371

   Chip area for module '\FP32_Div': 142577.993600
     of which used for sequential elements: 5764.278400 (4.04%)

