┏━━━━━━━┳━━━━━━━━━┳━━━━━━━━━━┳━━━━━━━━┳━━━━━━━━━━━━━┳━━━━━━━┓
┃ P / R ┃ Partial ┃ Required ┃ Net    ┃ Pin         ┃ Layer ┃
┡━━━━━━━╇━━━━━━━━━╇━━━━━━━━━━╇━━━━━━━━╇━━━━━━━━━━━━━╇━━━━━━━┩
│ 1.95  │ 780.13  │ 400.00   │ _1435_ │ fanout480/A │ met3  │
│ 1.93  │ 772.32  │ 400.00   │ _1435_ │ fanout479/A │ met3  │
│ 1.88  │ 752.70  │ 400.00   │ _1635_ │ fanout424/A │ met3  │
│ 1.86  │ 745.05  │ 400.00   │ net362 │ fanout361/A │ met3  │
│ 1.86  │ 743.49  │ 400.00   │ net215 │ _3786_/A    │ met3  │
│ 1.86  │ 743.49  │ 400.00   │ net215 │ _3798_/A    │ met3  │
│ 1.80  │ 718.86  │ 400.00   │ net248 │ _3564_/B    │ met3  │
│ 1.80  │ 718.86  │ 400.00   │ net248 │ _3576_/B    │ met3  │
│ 1.80  │ 718.86  │ 400.00   │ net248 │ fanout247/A │ met3  │
│ 1.77  │ 707.98  │ 400.00   │ net288 │ fanout287/A │ met3  │
│ 1.56  │ 624.51  │ 400.00   │ net247 │ _3540_/B    │ met3  │
│ 1.54  │ 615.50  │ 400.00   │ net292 │ _2708_/A2   │ met3  │
│ 1.54  │ 614.69  │ 400.00   │ net435 │ _3876_/A1   │ met3  │
│ 1.53  │ 611.20  │ 400.00   │ net210 │ fanout209/A │ met3  │
│ 1.49  │ 595.44  │ 400.00   │ _0789_ │ fanout306/A │ met3  │
│ 1.49  │ 595.44  │ 400.00   │ _0789_ │ fanout307/A │ met3  │
│ 1.44  │ 575.45  │ 400.00   │ net174 │ _3295_/B1   │ met3  │
│ 1.41  │ 563.47  │ 400.00   │ _0783_ │ _2518_/B2   │ met3  │
│ 1.41  │ 563.47  │ 400.00   │ _0783_ │ fanout405/A │ met3  │
│ 1.24  │ 495.13  │ 400.00   │ _1606_ │ fanout437/A │ met3  │
│ 1.20  │ 478.74  │ 400.00   │ _0715_ │ fanout314/A │ met3  │
│ 1.18  │ 471.37  │ 400.00   │ net473 │ _3497_/A2   │ met3  │
│ 1.17  │ 467.51  │ 400.00   │ _1600_ │ fanout356/A │ met3  │
│ 1.17  │ 467.51  │ 400.00   │ _1600_ │ fanout358/A │ met3  │
│ 1.17  │ 467.49  │ 400.00   │ _1151_ │ fanout381/A │ met2  │
│ 1.17  │ 467.20  │ 400.00   │ net188 │ _3134_/A2   │ met3  │
│ 1.14  │ 457.71  │ 400.00   │ _2047_ │ fanout230/A │ met4  │
│ 1.13  │ 452.11  │ 400.00   │ net207 │ _2347_/A2   │ met3  │
│ 1.02  │ 409.13  │ 400.00   │ _1619_ │ fanout429/A │ met4  │
│ 1.02  │ 409.13  │ 400.00   │ _1619_ │ fanout430/A │ met4  │
│ 1.01  │ 403.96  │ 400.00   │ net154 │ _3336_/A2   │ met2  │
└───────┴─────────┴──────────┴────────┴─────────────┴───────┘
