Clock: clk
Sources: clk 
Generated: no
Virtual: no
Propagated: no
Period: 50.000000

===========================================================================
report_clock_properties
============================================================================
Clock                   Period          Waveform
----------------------------------------------------
clk                  50.000000    0.000000 25.000000

===========================================================================
report_clock_latency
============================================================================
Clock clk
rise -> rise
    min     max
0.000000 0.000000 source latency
1.236116         network latency _29402_/CLK
        1.236116 network latency _29402_/CLK
---------------
1.236116 1.236116 latency
        0.000000 skew

fall -> fall
    min     max
0.000000 0.000000 source latency
0.525020         network latency _29402_/CLK
        0.525020 network latency _29402_/CLK
---------------
0.525020 0.525020 latency
        0.000000 skew



===========================================================================
report_clock_min_period
============================================================================
clk period_min = 101.91 fmax = 9.81
