
===========================================================================
Violator List
============================================================================
[hold reg-reg] _29669_/Q -> _29458_/D : -0.024497
[hold reg-reg] _29514_/Q -> _29565_/D : -0.024497
[hold reg-reg] _29565_/Q -> _29641_/D : -0.024497
[hold reg-reg] _29641_/Q -> _29669_/D : -0.024497
[hold reg-reg] _29516_/Q -> _29567_/D : -0.019179
[hold reg-reg] _29517_/Q -> _29568_/D : -0.018489
[hold reg-reg] _29515_/Q -> _29566_/D : -0.018366
[hold reg-reg] _29567_/Q -> _29643_/D : -0.004734
[hold reg-reg] _29643_/Q -> _29671_/D : -0.004734
[hold reg-reg] _29568_/Q -> _29644_/D : -0.004461
[hold reg-reg] _29644_/Q -> _29672_/D : -0.004461
[hold reg-reg] _29566_/Q -> _29642_/D : -0.004123
[hold reg-reg] _29642_/Q -> _29670_/D : -0.004123
[setup reg-reg] _29549_/Q -> _29577_/D : -51.905491
[setup reg-reg] _29549_/Q -> _29578_/D : -50.516396
[setup reg-reg] _29549_/Q -> _29579_/D : -48.727505
[setup reg-reg] _29549_/Q -> _29580_/D : -47.034721
[setup reg-reg] _29549_/Q -> _29581_/D : -45.363651
[setup reg-reg] _29549_/Q -> _29582_/D : -43.171604
[setup reg-reg] _29549_/Q -> _29583_/D : -41.522594
[setup reg-reg] _29549_/Q -> _29584_/D : -39.776188
[setup reg-reg] _29549_/Q -> _29585_/D : -37.951973
[setup reg-reg] _29549_/Q -> _29586_/D : -36.289963
[setup reg-reg] _29549_/Q -> _29587_/D : -34.759899
[setup reg-reg] _29549_/Q -> _29588_/D : -33.166553
[setup reg-reg] _29549_/Q -> _29589_/D : -31.149235
[setup reg-reg] _29549_/Q -> _29590_/D : -29.318682
[setup reg-reg] _29549_/Q -> _29591_/D : -27.719641
[setup reg-reg] _29549_/Q -> _29592_/D : -26.093262
[setup reg-reg] _29549_/Q -> _29593_/D : -24.515970
[setup reg-reg] _29549_/Q -> _29594_/D : -23.101902
[setup reg-reg] _29549_/Q -> _29595_/D : -21.397881
[setup reg-reg] _29549_/Q -> _29596_/D : -19.896263
[setup reg-reg] _29549_/Q -> _29597_/D : -17.809378
[setup reg-reg] _29549_/Q -> _29598_/D : -16.258846
[setup reg-reg] _29549_/Q -> _29599_/D : -14.385737
[setup reg-reg] _29549_/Q -> _29600_/D : -12.794114
[setup reg-reg] _29549_/Q -> _29601_/D : -11.256276
[setup reg-reg] _29549_/Q -> _29602_/D : -9.639901
[setup reg-reg] _29549_/Q -> _29603_/D : -7.572989
[setup reg-reg] _29549_/Q -> _29604_/D : -5.905346
[setup reg-reg] _29549_/Q -> _29605_/D : -4.472586
[setup reg-reg] _29549_/Q -> _29606_/D : -2.984123
[setup reg-reg] _29549_/Q -> _29607_/D : -1.243144
