Reading OpenROAD database at '/mnt/c/Users/nikot/ee531/my_designs/FPU_32_Bit/runs/RUN_2026-03-13_00-42-29/15-odb-setpowerconnections/FP32_Div.odb'…
Reading library file at '/home/nikotambo/.ciel/ciel/sky130/versions/0fe599b2afb6708d281543108caf8310912f54af/sky130A/libs.ref/sky130_fd_sc_hd/lib/sky130_fd_sc_hd__tt_025C_1v80.lib'…
Reading design constraints file at '/nix/store/ggca3knjd8cr3mvwr221rbqfs4vr36zy-python3-3.11.9-env/lib/python3.11/site-packages/librelane/scripts/base.sdc'…
[INFO] Using clock clk…
[INFO] Setting output delay to: 10
[INFO] Setting input delay to: 10
[INFO] Setting load to: 0.033442
[INFO] Setting clock uncertainty to: 0.25
[INFO] Setting clock transition to: 0.1499999999999999944488848768742172978818416595458984375
[INFO] Setting timing derate to: 5%
Setting global connections for newly added cells…
[INFO] Setting global connections...
Updating metrics…
Cell type report:                       Count       Area
  Buffer                                   46     172.67
  Inverter                                656    2462.36
  Sequential cell                         271    5764.28
  Multi-Input combinational cell        13999  134178.69
  Total                                 14972  142577.99
Writing OpenROAD database to '/mnt/c/Users/nikot/ee531/my_designs/FPU_32_Bit/runs/RUN_2026-03-13_00-42-29/17-openroad-cutrows/FP32_Div.odb'…
Writing layout to '/mnt/c/Users/nikot/ee531/my_designs/FPU_32_Bit/runs/RUN_2026-03-13_00-42-29/17-openroad-cutrows/FP32_Div.def'…
