
Magic 8.3 revision 489 - Compiled on Thu Aug 22 13:45:15 UTC 2024.
Starting magic under Tcl interpreter
Using the terminal as the console.
Using NULL graphics device.
Processing system .magicrc file
Sourcing design .magicrc for technology sky130A ...
2 Magic internal units = 1 Lambda
Input style sky130(): scaleFactor=2, multiplier=2
The following types are not handled by extraction and will be treated as non-electrical types:
    ubm 
Scaled tech values by 2 / 1 to match internal grid scaling
Loading sky130A Device Generator Menu ...
Loading "/nix/store/svkrfkkpaij5qb9xjbcwfymcd4s8hczv-python3-3.11.9-env/lib/python3.11/site-packages/librelane/scripts/magic/wrapper.tcl" from command line.
Warning: Calma reading is not undoable!  I hope that's OK.
Library written using GDS-II Release 3.0
Library name: Reorder_buffer
Reading "sky130_ef_sc_hd__decap_12".
Reading "sky130_fd_sc_hd__decap_3".
Reading "sky130_fd_sc_hd__fill_1".
Reading "sky130_fd_sc_hd__tapvpwrvgnd_1".
Reading "sky130_fd_sc_hd__dfxtp_1".
Reading "sky130_fd_sc_hd__buf_2".
Reading "sky130_fd_sc_hd__mux2_1".
Reading "sky130_fd_sc_hd__fill_2".
Reading "sky130_fd_sc_hd__decap_4".
Reading "sky130_fd_sc_hd__decap_8".
Reading "sky130_fd_sc_hd__dlygate4sd3_1".
Reading "sky130_fd_sc_hd__decap_6".
Reading "sky130_fd_sc_hd__and2_1".
Reading "sky130_fd_sc_hd__buf_1".
Reading "sky130_fd_sc_hd__nand2_1".
Reading "sky130_fd_sc_hd__o22a_1".
Reading "sky130_fd_sc_hd__clkbuf_1".
Reading "sky130_fd_sc_hd__o21a_1".
Reading "sky130_fd_sc_hd__inv_2".
Reading "sky130_fd_sc_hd__o21a_2".
Reading "sky130_fd_sc_hd__o211ai_1".
Reading "sky130_fd_sc_hd__clkbuf_4".
Reading "sky130_fd_sc_hd__o21ai_1".
Reading "sky130_fd_sc_hd__a21oi_1".
Reading "sky130_fd_sc_hd__or3b_2".
Reading "sky130_fd_sc_hd__and3_1".
Reading "sky130_fd_sc_hd__diode_2".
Reading "sky130_fd_sc_hd__dfxtp_2".
Reading "sky130_fd_sc_hd__clkbuf_8".
Reading "sky130_fd_sc_hd__a31o_1".
Reading "sky130_fd_sc_hd__and4b_1".
Reading "sky130_fd_sc_hd__a211o_1".
Reading "sky130_fd_sc_hd__a21o_1".
Reading "sky130_fd_sc_hd__clkbuf_2".
Reading "sky130_fd_sc_hd__or2_1".
Reading "sky130_fd_sc_hd__or3_1".
Reading "sky130_fd_sc_hd__or4b_2".
Reading "sky130_fd_sc_hd__xnor2_1".
Reading "sky130_fd_sc_hd__o211a_1".
Reading "sky130_fd_sc_hd__a22o_1".
Reading "sky130_fd_sc_hd__a221o_1".
Reading "sky130_fd_sc_hd__xor2_1".
Reading "sky130_fd_sc_hd__and4_1".
Reading "sky130_fd_sc_hd__and2_4".
Reading "sky130_fd_sc_hd__clkinvlp_4".
Reading "sky130_fd_sc_hd__or4b_1".
Reading "sky130_fd_sc_hd__buf_4".
Reading "sky130_fd_sc_hd__nor2_1".
Reading "sky130_fd_sc_hd__and2b_2".
Reading "sky130_fd_sc_hd__and2b_1".
Reading "sky130_fd_sc_hd__nand2b_2".
Reading "sky130_fd_sc_hd__or3_4".
Reading "sky130_fd_sc_hd__nor2_4".
Reading "sky130_fd_sc_hd__nand2_2".
Reading "sky130_fd_sc_hd__inv_8".
Reading "sky130_fd_sc_hd__inv_6".
Reading "sky130_fd_sc_hd__o32a_1".
Reading "sky130_fd_sc_hd__o31a_1".
Reading "sky130_fd_sc_hd__mux4_1".
Reading "sky130_fd_sc_hd__o2bb2a_1".
Reading "sky130_fd_sc_hd__o311a_1".
Reading "sky130_fd_sc_hd__nand2b_1".
Reading "sky130_fd_sc_hd__clkinv_2".
Reading "sky130_fd_sc_hd__or3b_1".
Reading "sky130_fd_sc_hd__nor2_2".
Reading "sky130_fd_sc_hd__or2_4".
Reading "sky130_fd_sc_hd__clkbuf_16".
Reading "sky130_fd_sc_hd__and3b_1".
Reading "sky130_fd_sc_hd__nor4_2".
Reading "sky130_fd_sc_hd__nand3b_1".
Reading "sky130_fd_sc_hd__and3b_2".
Reading "sky130_fd_sc_hd__nand3_1".
Reading "sky130_fd_sc_hd__dlymetal6s2s_1".
Reading "sky130_fd_sc_hd__a311o_1".
Reading "sky130_fd_sc_hd__and4bb_1".
Reading "sky130_fd_sc_hd__a21boi_1".
Reading "sky130_fd_sc_hd__a311oi_2".
Reading "sky130_fd_sc_hd__and4_4".
Reading "sky130_fd_sc_hd__or2_2".
Reading "sky130_fd_sc_hd__or4bb_1".
Reading "sky130_fd_sc_hd__nor3b_1".
Reading "sky130_fd_sc_hd__or3_2".
Reading "sky130_fd_sc_hd__and2_2".
Reading "sky130_fd_sc_hd__and4b_4".
Reading "sky130_fd_sc_hd__clkinv_4".
Reading "sky130_fd_sc_hd__o21ai_4".
Reading "sky130_fd_sc_hd__and3b_4".
Reading "sky130_fd_sc_hd__a31o_2".
Reading "sky130_fd_sc_hd__o221a_4".
Reading "sky130_fd_sc_hd__a32o_4".
Reading "sky130_fd_sc_hd__a2bb2o_1".
Reading "sky130_fd_sc_hd__a21oi_2".
Reading "sky130_fd_sc_hd__nand4b_1".
Reading "sky130_fd_sc_hd__and3_4".
Reading "sky130_fd_sc_hd__and3_2".
Reading "sky130_fd_sc_hd__clkinv_8".
Reading "sky130_fd_sc_hd__and4b_2".
Reading "sky130_fd_sc_hd__bufinv_16".
Reading "Reorder_buffer".
    5000 uses
[INFO] Loading Reorder_buffer

DRC style is now "drc(full)"
Loading DRC CIF style.
No errors found.
[INFO] COUNT: 0
[INFO] Should be divided by 3 or 4
[INFO] DRC Checking DONE (/home/niko_tambornini/EE531/my_designs/FPU_32_Bit/runs/RUN_2026-03-10_00-07-47/62-magic-drc/reports/drc_violations.magic.rpt)
[INFO] Saving mag view with DRC errors (/home/niko_tambornini/EE531/my_designs/FPU_32_Bit/runs/RUN_2026-03-10_00-07-47/62-magic-drc/views/Reorder_buffer.drc.mag)
[INFO] Saved
