Reading OpenROAD database at '/home/niko_tambornini/EE531/my_designs/FPU_32_Bit/runs/RUN_2026-03-09_23-53-45/24-openroad-ioplacement/FP32_ADD.odb'…
Reading library file at '/home/niko_tambornini/.ciel/ciel/sky130/versions/0fe599b2afb6708d281543108caf8310912f54af/sky130A/libs.ref/sky130_fd_sc_hd/lib/sky130_fd_sc_hd__tt_025C_1v80.lib'…
Reading design constraints file at '/nix/store/svkrfkkpaij5qb9xjbcwfymcd4s8hczv-python3-3.11.9-env/lib/python3.11/site-packages/librelane/scripts/base.sdc'…
[INFO] Using clock clk…
[INFO] Setting output delay to: 5
[INFO] Setting input delay to: 5
[INFO] Setting load to: 0.033442
[INFO] Setting clock uncertainty to: 0.25
[INFO] Setting clock transition to: 0.1499999999999999944488848768742172978818416595458984375
[INFO] Setting timing derate to: 5%
[INFO] Setting RC values…
[INFO] Setting signal min routing layer to: met1 and clock min routing layer to met1. 
[INFO] Setting signal max routing layer to: met5 and clock max routing layer to met5. 
+ global_placement -density 0.621901 -timing_driven -routability_driven -pad_right 0 -pad_left 0 -init_wirelength_coef 0.25
[INFO GPL-0002] DBU: 1000
[INFO GPL-0003] SiteSize: (  0.460  2.720 ) um
[INFO GPL-0004] CoreBBox: (  5.520 10.880 ) ( 224.480 228.480 ) um
[INFO GPL-0006] NumInstances:              3055
[INFO GPL-0007] NumPlaceInstances:         2239
[INFO GPL-0008] NumFixedInstances:          816
[INFO GPL-0009] NumDummyInstances:            0
[INFO GPL-0010] NumNets:                   2305
[INFO GPL-0011] NumPins:                   8489
[INFO GPL-0012] DieBBox:  (  0.000  0.000 ) ( 230.335 241.055 ) um
[INFO GPL-0013] CoreBBox: (  5.520 10.880 ) ( 224.480 228.480 ) um
[INFO GPL-0016] CoreArea:             47645.696 um^2
[INFO GPL-0017] NonPlaceInstsArea:     1421.363 um^2
[INFO GPL-0018] PlaceInstsArea:       24045.562 um^2
[INFO GPL-0019] Util:                    52.019 %
[INFO GPL-0020] StdInstsArea:         24045.562 um^2
[INFO GPL-0021] MacroInstsArea:           0.000 um^2
[InitialPlace]  Iter: 1 CG residual: 0.00000005 HPWL: 61622957
[InitialPlace]  Iter: 2 CG residual: 0.00000009 HPWL: 34264853
[InitialPlace]  Iter: 3 CG residual: 0.00000012 HPWL: 33319519
[InitialPlace]  Iter: 4 CG residual: 0.00000010 HPWL: 33029598
[InitialPlace]  Iter: 5 CG residual: 0.00000011 HPWL: 32687109
[INFO GPL-0031] FillerInit:NumGCells:      2685
[INFO GPL-0032] FillerInit:NumGNets:       2305
[INFO GPL-0033] FillerInit:NumGPins:       8489
[INFO GPL-0023] TargetDensity:            0.622
[INFO GPL-0024] AvrgPlaceInstArea:       10.739 um^2
[INFO GPL-0025] IdealBinArea:            17.269 um^2
[INFO GPL-0026] IdealBinCnt:               2759
[INFO GPL-0027] TotalBinArea:         47645.696 um^2
[INFO GPL-0028] BinCnt:        32     32
[INFO GPL-0029] BinSize: (  6.843  6.800 )
[INFO GPL-0030] NumBins: 1024
[NesterovSolve] Iter:    1 overflow: 0.943 HPWL: 16888373
[NesterovSolve] Iter:   10 overflow: 0.852 HPWL: 20942124
[NesterovSolve] Iter:   20 overflow: 0.816 HPWL: 22778667
[NesterovSolve] Iter:   30 overflow: 0.795 HPWL: 23535528
[NesterovSolve] Iter:   40 overflow: 0.784 HPWL: 23833387
[INFO GPL-0100] Timing-driven: executing resizer for reweighting nets.
[INFO GPL-0101] Timing-driven: worst slack 1.56e-08
[INFO GPL-0103] Timing-driven: weighted 227 nets.
[NesterovSolve] Iter:   50 overflow: 0.775 HPWL: 23894547
[NesterovSolve] Iter:   60 overflow: 0.764 HPWL: 23962745
[NesterovSolve] Iter:   70 overflow: 0.753 HPWL: 24216749
[NesterovSolve] Iter:   80 overflow: 0.745 HPWL: 24420676
[NesterovSolve] Iter:   90 overflow: 0.742 HPWL: 24592046
[NesterovSolve] Iter:  100 overflow: 0.741 HPWL: 24723414
[NesterovSolve] Iter:  110 overflow: 0.739 HPWL: 24808839
[NesterovSolve] Iter:  120 overflow: 0.738 HPWL: 24856517
[NesterovSolve] Iter:  130 overflow: 0.737 HPWL: 24871843
[NesterovSolve] Iter:  140 overflow: 0.737 HPWL: 24866265
[NesterovSolve] Iter:  150 overflow: 0.737 HPWL: 24873766
[NesterovSolve] Iter:  160 overflow: 0.736 HPWL: 24934979
[NesterovSolve] Iter:  170 overflow: 0.734 HPWL: 25081137
[NesterovSolve] Iter:  180 overflow: 0.726 HPWL: 25344674
[NesterovSolve] Iter:  190 overflow: 0.721 HPWL: 25758263
[NesterovSolve] Iter:  200 overflow: 0.711 HPWL: 26405362
[NesterovSolve] Iter:  210 overflow: 0.694 HPWL: 27325391
[NesterovSolve] Iter:  220 overflow: 0.672 HPWL: 28450649
[NesterovSolve] Iter:  230 overflow: 0.645 HPWL: 29716923
[INFO GPL-0100] Timing-driven: executing resizer for reweighting nets.
[INFO GPL-0101] Timing-driven: worst slack 1.54e-08
[INFO GPL-0103] Timing-driven: weighted 229 nets.
[NesterovSolve] Iter:  240 overflow: 0.610 HPWL: 31044293
[NesterovSolve] Snapshot saved at iter = 243
[NesterovSolve] Iter:  250 overflow: 0.578 HPWL: 32421328
[NesterovSolve] Iter:  260 overflow: 0.541 HPWL: 33870143
[NesterovSolve] Iter:  270 overflow: 0.503 HPWL: 35324253
[INFO GPL-0100] Timing-driven: executing resizer for reweighting nets.
[INFO GPL-0101] Timing-driven: worst slack 1.54e-08
[INFO GPL-0103] Timing-driven: weighted 230 nets.
[NesterovSolve] Iter:  280 overflow: 0.455 HPWL: 36915566
[NesterovSolve] Iter:  290 overflow: 0.415 HPWL: 38426662
[NesterovSolve] Iter:  300 overflow: 0.368 HPWL: 39537267
[NesterovSolve] Iter:  310 overflow: 0.325 HPWL: 40245360
[INFO GPL-0075] Routability numCall: 1 inflationIterCnt: 1 bloatIterCnt: 0
[INFO GPL-0036] TileBBox: (    0    0 ) ( 6900 6900 ) DBU
[INFO GPL-0038] TileCnt:      33   34
[INFO GPL-0040] NumTiles: 1122
[INFO GPL-0081] TotalRouteOverflow: 1.481353998184204
[INFO GPL-0082] OverflowTileCnt: 19
[INFO GPL-0083] 0.5%RC: 1.1589651107788086
[INFO GPL-0084] 1.0%RC: 1.1094893614451091
[INFO GPL-0085] 2.0%RC: 1.0609247192092564
[INFO GPL-0086] 5.0%RC: 0.9537857561780695
[INFO GPL-0087] FinalRC: 1.1342273
[INFO GPL-0078] FinalRC lower than minRC (1e+30), min RC updated.
[INFO GPL-0045] InflatedAreaDelta:     1415.207 um^2
[INFO GPL-0046] TargetDensity:            0.622
[INFO GPL-0049] WhiteSpaceArea:       46224.333 um^2
[INFO GPL-0050] NesterovInstsArea:    24045.562 um^2
[INFO GPL-0051] TotalFillerArea:       4701.397 um^2
[INFO GPL-0052] TotalGCellsArea:      28746.959 um^2
[INFO GPL-0053] ExpectedGCellsArea:   30162.165 um^2
[INFO GPL-0054] NewTargetDensity:         0.653
[INFO GPL-0055] NewWhiteSpaceArea:    46224.333 um^2
[INFO GPL-0056] MovableArea:          30162.166 um^2
[INFO GPL-0057] NewNesterovInstArea:  25460.768 um^2
[INFO GPL-0058] NewTotalFillerArea:    4701.398 um^2
[INFO GPL-0059] NewTotalGCellsArea:   30162.166 um^2
[NesterovSolve] Revert back to snapshot coordi
[NesterovSolve] Iter:  320 overflow: 0.606 HPWL: 31714558
[NesterovSolve] Iter:  330 overflow: 0.564 HPWL: 33911847
[NesterovSolve] Iter:  340 overflow: 0.542 HPWL: 34740424
[NesterovSolve] Iter:  350 overflow: 0.512 HPWL: 35903685
[NesterovSolve] Iter:  360 overflow: 0.471 HPWL: 37410589
[NesterovSolve] Iter:  370 overflow: 0.444 HPWL: 38576914
[NesterovSolve] Iter:  380 overflow: 0.411 HPWL: 39727040
[NesterovSolve] Iter:  390 overflow: 0.369 HPWL: 40628675
[NesterovSolve] Iter:  400 overflow: 0.330 HPWL: 41339926
[NesterovSolve] Iter:  410 overflow: 0.298 HPWL: 42152661
[INFO GPL-0075] Routability numCall: 2 inflationIterCnt: 2 bloatIterCnt: 0
[INFO GPL-0036] TileBBox: (    0    0 ) ( 6900 6900 ) DBU
[INFO GPL-0038] TileCnt:      33   34
[INFO GPL-0040] NumTiles: 1122
[INFO GPL-0081] TotalRouteOverflow: 0.6734619140625
[INFO GPL-0082] OverflowTileCnt: 11
[INFO GPL-0083] 0.5%RC: 1.0929993589719136
[INFO GPL-0084] 1.0%RC: 1.0552457571029663
[INFO GPL-0085] 2.0%RC: 1.0110514941422835
[INFO GPL-0086] 5.0%RC: 0.9434615279498854
[INFO GPL-0087] FinalRC: 1.0741225
[INFO GPL-0078] FinalRC lower than minRC (1.1342273), min RC updated.
[INFO GPL-0045] InflatedAreaDelta:      532.619 um^2
[INFO GPL-0046] TargetDensity:            0.653
[INFO GPL-0049] WhiteSpaceArea:       46224.333 um^2
[INFO GPL-0050] NesterovInstsArea:    25460.768 um^2
[INFO GPL-0051] TotalFillerArea:       4701.398 um^2
[INFO GPL-0052] TotalGCellsArea:      30162.166 um^2
[INFO GPL-0053] ExpectedGCellsArea:   30694.785 um^2
[INFO GPL-0054] NewTargetDensity:         0.664
[INFO GPL-0055] NewWhiteSpaceArea:    46224.333 um^2
[INFO GPL-0056] MovableArea:          30694.783 um^2
[INFO GPL-0057] NewNesterovInstArea:  25993.388 um^2
[INFO GPL-0058] NewTotalFillerArea:    4701.395 um^2
[INFO GPL-0059] NewTotalGCellsArea:   30694.783 um^2
[NesterovSolve] Revert back to snapshot coordi
[NesterovSolve] Iter:  420 overflow: 0.568 HPWL: 34124659
[NesterovSolve] Iter:  430 overflow: 0.543 HPWL: 34968553
[NesterovSolve] Iter:  440 overflow: 0.517 HPWL: 36086828
[NesterovSolve] Iter:  450 overflow: 0.476 HPWL: 37689405
[NesterovSolve] Iter:  460 overflow: 0.446 HPWL: 38828969
[NesterovSolve] Iter:  470 overflow: 0.414 HPWL: 39996855
[NesterovSolve] Iter:  480 overflow: 0.373 HPWL: 40978169
[NesterovSolve] Iter:  490 overflow: 0.336 HPWL: 41761650
[NesterovSolve] Iter:  500 overflow: 0.303 HPWL: 42576163
[INFO GPL-0075] Routability numCall: 3 inflationIterCnt: 3 bloatIterCnt: 0
[INFO GPL-0036] TileBBox: (    0    0 ) ( 6900 6900 ) DBU
[INFO GPL-0038] TileCnt:      33   34
[INFO GPL-0040] NumTiles: 1122
[INFO GPL-0081] TotalRouteOverflow: 0.27307069301605225
[INFO GPL-0082] OverflowTileCnt: 10
[INFO GPL-0083] 0.5%RC: 1.0407451192537944
[INFO GPL-0084] 1.0%RC: 1.0217163960138957
[INFO GPL-0085] 2.0%RC: 0.9914421620576278
[INFO GPL-0086] 5.0%RC: 0.9298473366519862
[INFO GPL-0087] FinalRC: 1.0312308
[INFO GPL-0078] FinalRC lower than minRC (1.0741225), min RC updated.
[INFO GPL-0045] InflatedAreaDelta:      185.910 um^2
[INFO GPL-0046] TargetDensity:            0.664
[INFO GPL-0049] WhiteSpaceArea:       46224.333 um^2
[INFO GPL-0050] NesterovInstsArea:    25993.388 um^2
[INFO GPL-0051] TotalFillerArea:       4701.395 um^2
[INFO GPL-0052] TotalGCellsArea:      30694.783 um^2
[INFO GPL-0053] ExpectedGCellsArea:   30880.693 um^2
[INFO GPL-0054] NewTargetDensity:         0.668
[INFO GPL-0055] NewWhiteSpaceArea:    46224.333 um^2
[INFO GPL-0056] MovableArea:          30880.692 um^2
[INFO GPL-0057] NewNesterovInstArea:  26179.297 um^2
[INFO GPL-0058] NewTotalFillerArea:    4701.395 um^2
[INFO GPL-0059] NewTotalGCellsArea:   30880.692 um^2
[NesterovSolve] Revert back to snapshot coordi
[NesterovSolve] Iter:  510 overflow: 0.572 HPWL: 34065336
[NesterovSolve] Iter:  520 overflow: 0.545 HPWL: 35038953
[NesterovSolve] Iter:  530 overflow: 0.521 HPWL: 36036624
[NesterovSolve] Iter:  540 overflow: 0.480 HPWL: 37684535
[NesterovSolve] Iter:  550 overflow: 0.448 HPWL: 38834801
[NesterovSolve] Iter:  560 overflow: 0.418 HPWL: 40042341
[NesterovSolve] Iter:  570 overflow: 0.378 HPWL: 41048764
[NesterovSolve] Iter:  580 overflow: 0.340 HPWL: 41826470
[NesterovSolve] Iter:  590 overflow: 0.306 HPWL: 42689813
[INFO GPL-0075] Routability numCall: 4 inflationIterCnt: 4 bloatIterCnt: 0
[INFO GPL-0036] TileBBox: (    0    0 ) ( 6900 6900 ) DBU
[INFO GPL-0038] TileCnt:      33   34
[INFO GPL-0040] NumTiles: 1122
[INFO GPL-0081] TotalRouteOverflow: 0.2609987258911133
[INFO GPL-0082] OverflowTileCnt: 11
[INFO GPL-0083] 0.5%RC: 1.0379417141278584
[INFO GPL-0084] 1.0%RC: 1.021695077419281
[INFO GPL-0085] 2.0%RC: 0.9896766802538997
[INFO GPL-0086] 5.0%RC: 0.9290268274775723
[INFO GPL-0087] FinalRC: 1.0298184
[INFO GPL-0078] FinalRC lower than minRC (1.0312308), min RC updated.
[INFO GPL-0045] InflatedAreaDelta:      157.645 um^2
[INFO GPL-0046] TargetDensity:            0.668
[INFO GPL-0049] WhiteSpaceArea:       46224.333 um^2
[INFO GPL-0050] NesterovInstsArea:    26179.297 um^2
[INFO GPL-0051] TotalFillerArea:       4701.395 um^2
[INFO GPL-0052] TotalGCellsArea:      30880.692 um^2
[INFO GPL-0053] ExpectedGCellsArea:   31038.337 um^2
[INFO GPL-0054] NewTargetDensity:         0.671
[INFO GPL-0055] NewWhiteSpaceArea:    46224.333 um^2
[INFO GPL-0056] MovableArea:          31038.337 um^2
[INFO GPL-0057] NewNesterovInstArea:  26336.942 um^2
[INFO GPL-0058] NewTotalFillerArea:    4701.395 um^2
[INFO GPL-0059] NewTotalGCellsArea:   31038.337 um^2
[NesterovSolve] Revert back to snapshot coordi
[NesterovSolve] Iter:  600 overflow: 0.576 HPWL: 33917724
[NesterovSolve] Iter:  610 overflow: 0.546 HPWL: 35087189
[NesterovSolve] Iter:  620 overflow: 0.526 HPWL: 35958449
[NesterovSolve] Iter:  630 overflow: 0.484 HPWL: 37640922
[NesterovSolve] Iter:  640 overflow: 0.452 HPWL: 38829264
[NesterovSolve] Iter:  650 overflow: 0.422 HPWL: 40052823
[NesterovSolve] Iter:  660 overflow: 0.382 HPWL: 41075068
[NesterovSolve] Iter:  670 overflow: 0.344 HPWL: 41856947
[NesterovSolve] Iter:  680 overflow: 0.309 HPWL: 42700885
[INFO GPL-0075] Routability numCall: 5 inflationIterCnt: 0 bloatIterCnt: 1
[INFO GPL-0036] TileBBox: (    0    0 ) ( 6900 6900 ) DBU
[INFO GPL-0038] TileCnt:      33   34
[INFO GPL-0040] NumTiles: 1122
[INFO GPL-0081] TotalRouteOverflow: 0.08408284187316895
[INFO GPL-0082] OverflowTileCnt: 6
[INFO GPL-0083] 0.5%RC: 1.0140138069788616
[INFO GPL-0084] 1.0%RC: 0.9988116224606832
[INFO GPL-0085] 2.0%RC: 0.9726548739101576
[INFO GPL-0086] 5.0%RC: 0.9161302802855509
[INFO GPL-0087] FinalRC: 1.0064127
[INFO GPL-0077] FinalRC lower than targetRC(1.01), routability not needed.
[INFO GPL-0100] Timing-driven: executing resizer for reweighting nets.
[INFO GPL-0101] Timing-driven: worst slack 1.53e-08
[INFO GPL-0103] Timing-driven: weighted 230 nets.
[NesterovSolve] Iter:  690 overflow: 0.272 HPWL: 43167839
[NesterovSolve] Iter:  700 overflow: 0.238 HPWL: 43568696
[NesterovSolve] Iter:  710 overflow: 0.210 HPWL: 44058791
[INFO GPL-0100] Timing-driven: executing resizer for reweighting nets.
[INFO GPL-0101] Timing-driven: worst slack 1.52e-08
[INFO GPL-0103] Timing-driven: weighted 230 nets.
[NesterovSolve] Iter:  720 overflow: 0.183 HPWL: 44426826
[NesterovSolve] Iter:  730 overflow: 0.159 HPWL: 44734650
[INFO GPL-0100] Timing-driven: executing resizer for reweighting nets.
[INFO GPL-0101] Timing-driven: worst slack 1.52e-08
[INFO GPL-0103] Timing-driven: weighted 228 nets.
[NesterovSolve] Iter:  740 overflow: 0.137 HPWL: 44966317
[NesterovSolve] Iter:  750 overflow: 0.118 HPWL: 45145841
[NesterovSolve] Iter:  760 overflow: 0.103 HPWL: 45334062
[NesterovSolve] Finished with Overflow: 0.099975
[INFO] Setting RC values…
Setting global connections for newly added cells…
[INFO] Setting global connections...
Updating metrics…
Cell type report:                       Count       Area
  Fill cell                               160     600.58
  Tap cell                                656     820.79
  Inverter                                136     510.49
  Sequential cell                         312    6636.36
  Multi-Input combinational cell         1791   16898.71
  Total                                  3055   25466.92
Writing OpenROAD database to '/home/niko_tambornini/EE531/my_designs/FPU_32_Bit/runs/RUN_2026-03-09_23-53-45/27-openroad-globalplacement/FP32_ADD.odb'…
Writing netlist to '/home/niko_tambornini/EE531/my_designs/FPU_32_Bit/runs/RUN_2026-03-09_23-53-45/27-openroad-globalplacement/FP32_ADD.nl.v'…
Writing powered netlist to '/home/niko_tambornini/EE531/my_designs/FPU_32_Bit/runs/RUN_2026-03-09_23-53-45/27-openroad-globalplacement/FP32_ADD.pnl.v'…
Writing layout to '/home/niko_tambornini/EE531/my_designs/FPU_32_Bit/runs/RUN_2026-03-09_23-53-45/27-openroad-globalplacement/FP32_ADD.def'…
Writing timing constraints to '/home/niko_tambornini/EE531/my_designs/FPU_32_Bit/runs/RUN_2026-03-09_23-53-45/27-openroad-globalplacement/FP32_ADD.sdc'…
