Clock: clk
Sources: clk 
Generated: no
Virtual: yes
Propagated: no
Period: 50.000000

===========================================================================
report_clock_properties
============================================================================
Clock                   Period          Waveform
----------------------------------------------------
clk                  50.000000    0.000000 25.000000

===========================================================================
report_clock_latency
============================================================================
Clock clk
rise -> rise
    min     max
0.000000 0.000000 source latency
1.011551         network latency _29490_/CLK
        1.388706 network latency _29432_/CLK
---------------
1.011551 1.388706 latency
        0.377155 skew

fall -> fall
    min     max
0.000000 0.000000 source latency
0.873753         network latency _29490_/CLK
        1.223754 network latency _29491_/CLK
---------------
0.873753 1.223754 latency
        0.350001 skew



===========================================================================
report_clock_min_period
============================================================================
clk period_min = 291.94 fmax = 3.43
