Clock: clk
Sources: clk 
Generated: no
Virtual: yes
Propagated: no
Period: 25.000000

===========================================================================
report_clock_properties
============================================================================
Clock                   Period          Waveform
----------------------------------------------------
clk                  25.000000    0.000000 12.500000

===========================================================================
report_clock_latency
============================================================================
Clock clk
rise -> rise
    min     max
0.000000 0.000000 source latency
0.474010         network latency _3978_/CLK
        0.706479 network latency _3954_/CLK
---------------
0.474010 0.706479 latency
        0.232469 skew

fall -> fall
    min     max
0.000000 0.000000 source latency
0.414049         network latency _3978_/CLK
        0.625064 network latency _3954_/CLK
---------------
0.414049 0.625064 latency
        0.211014 skew



===========================================================================
report_clock_min_period
============================================================================
clk period_min = 10.54 fmax = 94.84
