[WARNING ORD-0039] .openroad ignored with -python
                                Cells by Master                                 
┏━━━━━━━━━━━━━━━━━━━━━━━━━━━━━━━━━━━━━━━━━━━━━━━━━━━━━━━━━━━━━━━━┳━━━━━━━━━━━━━┓
┃ Cell                                                           ┃ Count       ┃
┡━━━━━━━━━━━━━━━━━━━━━━━━━━━━━━━━━━━━━━━━━━━━━━━━━━━━━━━━━━━━━━━━╇━━━━━━━━━━━━━┩
│ sky130_ef_sc_hd__decap_12                                      │ 771         │
│ sky130_fd_sc_hd__a211o_1                                       │ 84          │
│ sky130_fd_sc_hd__a21boi_1                                      │ 1           │
│ sky130_fd_sc_hd__a21o_1                                        │ 5           │
│ sky130_fd_sc_hd__a21oi_1                                       │ 11          │
│ sky130_fd_sc_hd__a21oi_2                                       │ 1           │
│ sky130_fd_sc_hd__a221o_1                                       │ 512         │
│ sky130_fd_sc_hd__a22o_1                                        │ 357         │
│ sky130_fd_sc_hd__a2bb2o_1                                      │ 1           │
│ sky130_fd_sc_hd__a311o_1                                       │ 3           │
│ sky130_fd_sc_hd__a311oi_2                                      │ 1           │
│ sky130_fd_sc_hd__a31o_1                                        │ 15          │
│ sky130_fd_sc_hd__a31o_2                                        │ 1           │
│ sky130_fd_sc_hd__a32o_4                                        │ 1           │
│ sky130_fd_sc_hd__and2_1                                        │ 163         │
│ sky130_fd_sc_hd__and2_2                                        │ 4           │
│ sky130_fd_sc_hd__and2_4                                        │ 2           │
│ sky130_fd_sc_hd__and2b_1                                       │ 7           │
│ sky130_fd_sc_hd__and2b_2                                       │ 4           │
│ sky130_fd_sc_hd__and3_1                                        │ 66          │
│ sky130_fd_sc_hd__and3_2                                        │ 7           │
│ sky130_fd_sc_hd__and3_4                                        │ 4           │
│ sky130_fd_sc_hd__and3b_1                                       │ 5           │
│ sky130_fd_sc_hd__and3b_2                                       │ 7           │
│ sky130_fd_sc_hd__and3b_4                                       │ 1           │
│ sky130_fd_sc_hd__and4_1                                        │ 2           │
│ sky130_fd_sc_hd__and4_4                                        │ 1           │
│ sky130_fd_sc_hd__and4b_1                                       │ 7           │
│ sky130_fd_sc_hd__and4b_2                                       │ 1           │
│ sky130_fd_sc_hd__and4b_4                                       │ 2           │
│ sky130_fd_sc_hd__and4bb_1                                      │ 2           │
│ sky130_fd_sc_hd__buf_1                                         │ 94          │
│ sky130_fd_sc_hd__buf_2                                         │ 198         │
│ sky130_fd_sc_hd__buf_4                                         │ 104         │
│ sky130_fd_sc_hd__bufinv_16                                     │ 3           │
│ sky130_fd_sc_hd__clkbuf_1                                      │ 22          │
│ sky130_fd_sc_hd__clkbuf_16                                     │ 9           │
│ sky130_fd_sc_hd__clkbuf_2                                      │ 103         │
│ sky130_fd_sc_hd__clkbuf_4                                      │ 185         │
│ sky130_fd_sc_hd__clkbuf_8                                      │ 89          │
│ sky130_fd_sc_hd__clkinv_2                                      │ 5           │
│ sky130_fd_sc_hd__clkinv_4                                      │ 5           │
│ sky130_fd_sc_hd__clkinv_8                                      │ 1           │
│ sky130_fd_sc_hd__clkinvlp_4                                    │ 9           │
│ sky130_fd_sc_hd__decap_3                                       │ 556         │
│ sky130_fd_sc_hd__decap_4                                       │ 427         │
│ sky130_fd_sc_hd__decap_6                                       │ 263         │
│ sky130_fd_sc_hd__decap_8                                       │ 234         │
│ sky130_fd_sc_hd__dfxtp_1                                       │ 577         │
│ sky130_fd_sc_hd__dfxtp_2                                       │ 3           │
│ sky130_fd_sc_hd__diode_2                                       │ 181         │
│ sky130_fd_sc_hd__dlygate4sd3_1                                 │ 555         │
│ sky130_fd_sc_hd__dlymetal6s2s_1                                │ 56          │
│ sky130_fd_sc_hd__fill_1                                        │ 913         │
│ sky130_fd_sc_hd__fill_2                                        │ 461         │
│ sky130_fd_sc_hd__inv_2                                         │ 9           │
│ sky130_fd_sc_hd__inv_6                                         │ 9           │
│ sky130_fd_sc_hd__inv_8                                         │ 4           │
│ sky130_fd_sc_hd__mux2_1                                        │ 301         │
│ sky130_fd_sc_hd__mux4_1                                        │ 4           │
│ sky130_fd_sc_hd__nand2_1                                       │ 29          │
│ sky130_fd_sc_hd__nand2_2                                       │ 1           │
│ sky130_fd_sc_hd__nand2b_1                                      │ 6           │
│ sky130_fd_sc_hd__nand2b_2                                      │ 2           │
│ sky130_fd_sc_hd__nand3_1                                       │ 1           │
│ sky130_fd_sc_hd__nand3b_1                                      │ 2           │
│ sky130_fd_sc_hd__nand4b_1                                      │ 1           │
│ sky130_fd_sc_hd__nor2_1                                        │ 20          │
│ sky130_fd_sc_hd__nor2_2                                        │ 8           │
│ sky130_fd_sc_hd__nor2_4                                        │ 4           │
│ sky130_fd_sc_hd__nor3b_1                                       │ 1           │
│ sky130_fd_sc_hd__nor4_2                                        │ 1           │
│ sky130_fd_sc_hd__o211a_1                                       │ 7           │
│ sky130_fd_sc_hd__o211ai_1                                      │ 1           │
│ sky130_fd_sc_hd__o21a_1                                        │ 218         │
│ sky130_fd_sc_hd__o21a_2                                        │ 1           │
│ sky130_fd_sc_hd__o21ai_1                                       │ 4           │
│ sky130_fd_sc_hd__o21ai_4                                       │ 2           │
│ sky130_fd_sc_hd__o221a_4                                       │ 1           │
│ sky130_fd_sc_hd__o22a_1                                        │ 196         │
│ sky130_fd_sc_hd__o2bb2a_1                                      │ 1           │
│ sky130_fd_sc_hd__o311a_1                                       │ 2           │
│ sky130_fd_sc_hd__o31a_1                                        │ 10          │
│ sky130_fd_sc_hd__o32a_1                                        │ 6           │
│ sky130_fd_sc_hd__or2_1                                         │ 11          │
│ sky130_fd_sc_hd__or2_2                                         │ 2           │
│ sky130_fd_sc_hd__or2_4                                         │ 3           │
│ sky130_fd_sc_hd__or3_1                                         │ 13          │
│ sky130_fd_sc_hd__or3_2                                         │ 2           │
│ sky130_fd_sc_hd__or3_4                                         │ 4           │
│ sky130_fd_sc_hd__or3b_1                                        │ 4           │
│ sky130_fd_sc_hd__or3b_2                                        │ 2           │
│ sky130_fd_sc_hd__or4b_1                                        │ 1           │
│ sky130_fd_sc_hd__or4b_2                                        │ 1           │
│ sky130_fd_sc_hd__or4bb_1                                       │ 2           │
│ sky130_fd_sc_hd__tapvpwrvgnd_1                                 │ 970         │
│ sky130_fd_sc_hd__xnor2_1                                       │ 5           │
│ sky130_fd_sc_hd__xor2_1                                        │ 2           │
└────────────────────────────────────────────────────────────────┴─────────────┘
                               Cells by Function                                
┏━━━━━━━━━━━━━━━━━━━━━━━━━━━━━━━━━━━━━━━━━━━━━━━━━━━━━━━━━━━━━━━┳━━━━━━━━━━━━━━┓
┃ Cell Function                                                 ┃ Count        ┃
┡━━━━━━━━━━━━━━━━━━━━━━━━━━━━━━━━━━━━━━━━━━━━━━━━━━━━━━━━━━━━━━━╇━━━━━━━━━━━━━━┩
│ sky130_ef_sc_hd__decap                                        │ 771          │
│ sky130_fd_sc_hd__a211o                                        │ 84           │
│ sky130_fd_sc_hd__a21boi                                       │ 1            │
│ sky130_fd_sc_hd__a21o                                         │ 5            │
│ sky130_fd_sc_hd__a21oi                                        │ 12           │
│ sky130_fd_sc_hd__a221o                                        │ 512          │
│ sky130_fd_sc_hd__a22o                                         │ 357          │
│ sky130_fd_sc_hd__a2bb2o                                       │ 1            │
│ sky130_fd_sc_hd__a311o                                        │ 3            │
│ sky130_fd_sc_hd__a311oi                                       │ 1            │
│ sky130_fd_sc_hd__a31o                                         │ 16           │
│ sky130_fd_sc_hd__a32o                                         │ 1            │
│ sky130_fd_sc_hd__and2                                         │ 169          │
│ sky130_fd_sc_hd__and2b                                        │ 11           │
│ sky130_fd_sc_hd__and3                                         │ 77           │
│ sky130_fd_sc_hd__and3b                                        │ 13           │
│ sky130_fd_sc_hd__and4                                         │ 3            │
│ sky130_fd_sc_hd__and4b                                        │ 10           │
│ sky130_fd_sc_hd__and4bb                                       │ 2            │
│ sky130_fd_sc_hd__buf                                          │ 396          │
│ sky130_fd_sc_hd__bufinv                                       │ 3            │
│ sky130_fd_sc_hd__clkbuf                                       │ 408          │
│ sky130_fd_sc_hd__clkinv                                       │ 11           │
│ sky130_fd_sc_hd__clkinvlp                                     │ 9            │
│ sky130_fd_sc_hd__decap                                        │ 1480         │
│ sky130_fd_sc_hd__dfxtp                                        │ 580          │
│ sky130_fd_sc_hd__diode                                        │ 181          │
│ sky130_fd_sc_hd__dlygate4sd3                                  │ 555          │
│ sky130_fd_sc_hd__dlymetal6s2s                                 │ 56           │
│ sky130_fd_sc_hd__fill                                         │ 1374         │
│ sky130_fd_sc_hd__inv                                          │ 22           │
│ sky130_fd_sc_hd__mux2                                         │ 301          │
│ sky130_fd_sc_hd__mux4                                         │ 4            │
│ sky130_fd_sc_hd__nand2                                        │ 30           │
│ sky130_fd_sc_hd__nand2b                                       │ 8            │
│ sky130_fd_sc_hd__nand3                                        │ 1            │
│ sky130_fd_sc_hd__nand3b                                       │ 2            │
│ sky130_fd_sc_hd__nand4b                                       │ 1            │
│ sky130_fd_sc_hd__nor2                                         │ 32           │
│ sky130_fd_sc_hd__nor3b                                        │ 1            │
│ sky130_fd_sc_hd__nor4                                         │ 1            │
│ sky130_fd_sc_hd__o211a                                        │ 7            │
│ sky130_fd_sc_hd__o211ai                                       │ 1            │
│ sky130_fd_sc_hd__o21a                                         │ 219          │
│ sky130_fd_sc_hd__o21ai                                        │ 6            │
│ sky130_fd_sc_hd__o221a                                        │ 1            │
│ sky130_fd_sc_hd__o22a                                         │ 196          │
│ sky130_fd_sc_hd__o2bb2a                                       │ 1            │
│ sky130_fd_sc_hd__o311a                                        │ 2            │
│ sky130_fd_sc_hd__o31a                                         │ 10           │
│ sky130_fd_sc_hd__o32a                                         │ 6            │
│ sky130_fd_sc_hd__or2                                          │ 16           │
│ sky130_fd_sc_hd__or3                                          │ 19           │
│ sky130_fd_sc_hd__or3b                                         │ 6            │
│ sky130_fd_sc_hd__or4b                                         │ 2            │
│ sky130_fd_sc_hd__or4bb                                        │ 2            │
│ sky130_fd_sc_hd__tapvpwrvgnd                                  │ 970          │
│ sky130_fd_sc_hd__xnor2                                        │ 5            │
│ sky130_fd_sc_hd__xor2                                         │ 2            │
└───────────────────────────────────────────────────────────────┴──────────────┘
                                  Cells by SCL                                  
┏━━━━━━━━━━━━━━━━━━━━━━━━━━━━━━━━━━━━━━━━━━━━━━━━━━━━━━━┳━━━━━━━━━━━━━━━━━━━━━━┓
┃ SCL                                                   ┃ Count                ┃
┡━━━━━━━━━━━━━━━━━━━━━━━━━━━━━━━━━━━━━━━━━━━━━━━━━━━━━━━╇━━━━━━━━━━━━━━━━━━━━━━┩
│ sky130_ef_sc_hd                                       │ 771                  │
│ sky130_fd_sc_hd                                       │ 8205                 │
└───────────────────────────────────────────────────────┴──────────────────────┘
                             Buffers by Cell Master                             
┏━━━━━━━━━━━━━━━━━━━━━━━━━━━━━━━━━━━━━━━━━━━━━━━━━━━━━━━━━━━━━━━━┳━━━━━━━━━━━━━┓
┃ Buffer                                                         ┃ Count       ┃
┡━━━━━━━━━━━━━━━━━━━━━━━━━━━━━━━━━━━━━━━━━━━━━━━━━━━━━━━━━━━━━━━━╇━━━━━━━━━━━━━┩
│ sky130_fd_sc_hd__buf_1                                         │ 94          │
│ sky130_fd_sc_hd__buf_2                                         │ 198         │
│ sky130_fd_sc_hd__buf_4                                         │ 104         │
│ sky130_fd_sc_hd__clkbuf_1                                      │ 22          │
│ sky130_fd_sc_hd__clkbuf_16                                     │ 9           │
│ sky130_fd_sc_hd__clkbuf_2                                      │ 103         │
│ sky130_fd_sc_hd__clkbuf_4                                      │ 185         │
│ sky130_fd_sc_hd__clkbuf_8                                      │ 89          │
│ sky130_fd_sc_hd__dlygate4sd3_1                                 │ 555         │
│ sky130_fd_sc_hd__dlymetal6s2s_1                                │ 56          │
└────────────────────────────────────────────────────────────────┴─────────────┘
