Reading OpenROAD database at '/home/niko_tambornini/EE531/my_designs/FPU_32_Bit/runs/RUN_2026-03-10_00-07-47/41-openroad-repairantennas/1-openroad-diodeinsertion/Reorder_buffer.odb'…
Reading library file at '/home/niko_tambornini/.ciel/ciel/sky130/versions/0fe599b2afb6708d281543108caf8310912f54af/sky130A/libs.ref/sky130_fd_sc_hd/lib/sky130_fd_sc_hd__tt_025C_1v80.lib'…
Reading design constraints file at '/nix/store/svkrfkkpaij5qb9xjbcwfymcd4s8hczv-python3-3.11.9-env/lib/python3.11/site-packages/librelane/scripts/base.sdc'…
[INFO] Using clock clk…
[INFO] Setting output delay to: 5
[INFO] Setting input delay to: 5
[INFO] Setting load to: 0.033442
[INFO] Setting clock uncertainty to: 0.25
[INFO] Setting clock transition to: 0.1499999999999999944488848768742172978818416595458984375
[INFO] Setting timing derate to: 5%
[INFO ORD-0030] Using 28 thread(s).
[INFO DRT-0149] Reading tech and libs.
[WARNING DRT-0349] LEF58_ENCLOSURE with no CUTCLASS is not supported. Skipping for layer mcon
[WARNING DRT-0349] LEF58_ENCLOSURE with no CUTCLASS is not supported. Skipping for layer mcon
[WARNING DRT-0349] LEF58_ENCLOSURE with no CUTCLASS is not supported. Skipping for layer via
[WARNING DRT-0349] LEF58_ENCLOSURE with no CUTCLASS is not supported. Skipping for layer via
[WARNING DRT-0349] LEF58_ENCLOSURE with no CUTCLASS is not supported. Skipping for layer via2
[WARNING DRT-0349] LEF58_ENCLOSURE with no CUTCLASS is not supported. Skipping for layer via2
[WARNING DRT-0349] LEF58_ENCLOSURE with no CUTCLASS is not supported. Skipping for layer via3
[WARNING DRT-0349] LEF58_ENCLOSURE with no CUTCLASS is not supported. Skipping for layer via3
[WARNING DRT-0349] LEF58_ENCLOSURE with no CUTCLASS is not supported. Skipping for layer via4
[WARNING DRT-0349] LEF58_ENCLOSURE with no CUTCLASS is not supported. Skipping for layer via4

Units:                1000
Number of layers:     13
Number of macros:     441
Number of vias:       29
Number of viarulegen: 25

[INFO DRT-0150] Reading design.

Design:                   Reorder_buffer
Die area:                 ( 0 0 ) ( 271250 281970 )
Number of track patterns: 12
Number of DEF vias:       0
Number of components:     5541
Number of terminals:      159
Number of snets:          2
Number of nets:           4262

[INFO DRT-0167] List of default vias:
  Layer via
    default via: M1M2_PR
  Layer via2
    default via: M2M3_PR
  Layer via3
    default via: M3M4_PR
  Layer via4
    default via: M4M5_PR
[INFO DRT-0162] Library cell analysis.
[INFO DRT-0163] Instance analysis.
[INFO DRT-0164] Number of unique instances = 231.
[INFO DRT-0168] Init region query.
[INFO DRT-0024]   Complete FR_MASTERSLICE.
[INFO DRT-0024]   Complete licon.
[INFO DRT-0024]   Complete li1.
[INFO DRT-0024]   Complete mcon.
[INFO DRT-0024]   Complete met1.
[INFO DRT-0024]   Complete via.
[INFO DRT-0024]   Complete met2.
[INFO DRT-0024]   Complete via2.
[INFO DRT-0024]   Complete met3.
[INFO DRT-0024]   Complete via3.
[INFO DRT-0024]   Complete met4.
[INFO DRT-0024]   Complete via4.
[INFO DRT-0024]   Complete met5.
[INFO DRT-0033] FR_MASTERSLICE shape region query size = 0.
[INFO DRT-0033] licon shape region query size = 0.
[INFO DRT-0033] li1 shape region query size = 147685.
[INFO DRT-0033] mcon shape region query size = 0.
[INFO DRT-0033] met1 shape region query size = 16062.
[INFO DRT-0033] via shape region query size = 960.
[INFO DRT-0033] met2 shape region query size = 653.
[INFO DRT-0033] via2 shape region query size = 768.
[INFO DRT-0033] met3 shape region query size = 656.
[INFO DRT-0033] via3 shape region query size = 768.
[INFO DRT-0033] met4 shape region query size = 208.
[INFO DRT-0033] via4 shape region query size = 8.
[INFO DRT-0033] met5 shape region query size = 16.
[INFO DRT-0165] Start pin access.
[INFO DRT-0078]   Complete 792 pins.
[INFO DRT-0079]   Complete 100 unique inst patterns.
[INFO DRT-0079]   Complete 200 unique inst patterns.
[INFO DRT-0081]   Complete 225 unique inst patterns.
[INFO DRT-0084]   Complete 2091 groups.
#scanned instances     = 5541
#unique  instances     = 231
#stdCellGenAp          = 5825
#stdCellValidPlanarAp  = 0
#stdCellValidViaAp     = 4529
#stdCellPinNoAp        = 0
#stdCellPinCnt         = 14728
#instTermValidViaApCnt = 0
#macroGenAp            = 0
#macroValidPlanarAp    = 0
#macroValidViaAp       = 0
#macroNoAp             = 0
[INFO DRT-0166] Complete pin access.
[INFO DRT-0267] cpu time = 00:00:43, elapsed time = 00:00:01, memory = 172.88 (MB), peak = 172.88 (MB)

[INFO DRT-0157] Number of guides:     41723

[INFO DRT-0169] Post process guides.
[INFO DRT-0176] GCELLGRID X 0 DO 39 STEP 6900 ;
[INFO DRT-0177] GCELLGRID Y 0 DO 40 STEP 6900 ;
[INFO DRT-0028]   Complete FR_MASTERSLICE.
[INFO DRT-0028]   Complete licon.
[INFO DRT-0028]   Complete li1.
[INFO DRT-0028]   Complete mcon.
[INFO DRT-0028]   Complete met1.
[INFO DRT-0028]   Complete via.
[INFO DRT-0028]   Complete met2.
[INFO DRT-0028]   Complete via2.
[INFO DRT-0028]   Complete met3.
[INFO DRT-0028]   Complete via3.
[INFO DRT-0028]   Complete met4.
[INFO DRT-0028]   Complete via4.
[INFO DRT-0028]   Complete met5.
[INFO DRT-0178] Init guide query.
[INFO DRT-0035]   Complete FR_MASTERSLICE (guide).
[INFO DRT-0035]   Complete licon (guide).
[INFO DRT-0035]   Complete li1 (guide).
[INFO DRT-0035]   Complete mcon (guide).
[INFO DRT-0035]   Complete met1 (guide).
[INFO DRT-0035]   Complete via (guide).
[INFO DRT-0035]   Complete met2 (guide).
[INFO DRT-0035]   Complete via2 (guide).
[INFO DRT-0035]   Complete met3 (guide).
[INFO DRT-0035]   Complete via3 (guide).
[INFO DRT-0035]   Complete met4 (guide).
[INFO DRT-0035]   Complete via4 (guide).
[INFO DRT-0035]   Complete met5 (guide).
[INFO DRT-0036] FR_MASTERSLICE guide region query size = 0.
[INFO DRT-0036] licon guide region query size = 0.
[INFO DRT-0036] li1 guide region query size = 12687.
[INFO DRT-0036] mcon guide region query size = 0.
[INFO DRT-0036] met1 guide region query size = 10780.
[INFO DRT-0036] via guide region query size = 0.
[INFO DRT-0036] met2 guide region query size = 6702.
[INFO DRT-0036] via2 guide region query size = 0.
[INFO DRT-0036] met3 guide region query size = 1714.
[INFO DRT-0036] via3 guide region query size = 0.
[INFO DRT-0036] met4 guide region query size = 650.
[INFO DRT-0036] via4 guide region query size = 0.
[INFO DRT-0036] met5 guide region query size = 42.
[INFO DRT-0179] Init gr pin query.
[INFO DRT-0245] skipped writing guide updates to database.
[INFO DRT-0185] Post process initialize RPin region query.
[INFO DRT-0181] Start track assignment.
[INFO DRT-0184] Done with 20039 vertical wires in 1 frboxes and 12536 horizontal wires in 1 frboxes.
[INFO DRT-0186] Done with 3194 vertical wires in 1 frboxes and 4687 horizontal wires in 1 frboxes.
[INFO DRT-0182] Complete track assignment.
[INFO DRT-0267] cpu time = 00:00:08, elapsed time = 00:00:01, memory = 248.19 (MB), peak = 268.22 (MB)
[INFO DRT-0187] Start routing data preparation.
[INFO DRT-0267] cpu time = 00:00:00, elapsed time = 00:00:00, memory = 248.19 (MB), peak = 268.22 (MB)
[INFO DRT-0194] Start detail routing.
[INFO DRT-0195] Start 0th optimization iteration.
    Completing 10% with 0 violations.
    elapsed time = 00:00:01, memory = 489.41 (MB).
    Completing 20% with 0 violations.
    elapsed time = 00:00:03, memory = 429.76 (MB).
    Completing 30% with 905 violations.
    elapsed time = 00:00:04, memory = 647.74 (MB).
    Completing 40% with 905 violations.
    elapsed time = 00:00:07, memory = 628.20 (MB).
    Completing 50% with 905 violations.
    elapsed time = 00:00:08, memory = 531.58 (MB).
    Completing 60% with 1855 violations.
    elapsed time = 00:00:10, memory = 745.30 (MB).
    Completing 70% with 1855 violations.
    elapsed time = 00:00:15, memory = 736.80 (MB).
    Completing 80% with 2986 violations.
    elapsed time = 00:00:16, memory = 935.12 (MB).
    Completing 90% with 2986 violations.
    elapsed time = 00:00:21, memory = 907.84 (MB).
    Completing 100% with 4052 violations.
    elapsed time = 00:00:23, memory = 784.04 (MB).
[INFO DRT-0199]   Number of violations = 4466.
Viol/Layer         li1   mcon   met1    via   met2   met3   met4   met5
Metal Spacing       53      0    582      0    178     44      9      0
NS Metal             2      0      0      0      0      0      0      0
Recheck              1      0    234      0    127     30     21      1
Short                0      1   2750      1    420     10      2      0
[INFO DRT-0267] cpu time = 00:02:11, elapsed time = 00:00:23, memory = 1137.54 (MB), peak = 1137.54 (MB)
Total wire length = 207113 um.
Total wire length on LAYER li1 = 0 um.
Total wire length on LAYER met1 = 69918 um.
Total wire length on LAYER met2 = 76702 um.
Total wire length on LAYER met3 = 39303 um.
Total wire length on LAYER met4 = 18518 um.
Total wire length on LAYER met5 = 2671 um.
Total number of vias = 37735.
Up-via summary (total 37735):

------------------------
 FR_MASTERSLICE        0
            li1    14912
           met1    18794
           met2     2827
           met3     1135
           met4       67
------------------------
                   37735


[INFO DRT-0195] Start 1st optimization iteration.
    Completing 10% with 4466 violations.
    elapsed time = 00:00:00, memory = 1326.11 (MB).
    Completing 20% with 4466 violations.
    elapsed time = 00:00:04, memory = 1239.96 (MB).
    Completing 30% with 4162 violations.
    elapsed time = 00:00:05, memory = 1408.17 (MB).
    Completing 40% with 4162 violations.
    elapsed time = 00:00:07, memory = 1423.48 (MB).
    Completing 50% with 4162 violations.
    elapsed time = 00:00:10, memory = 1314.04 (MB).
    Completing 60% with 3865 violations.
    elapsed time = 00:00:11, memory = 1479.41 (MB).
    Completing 70% with 3865 violations.
    elapsed time = 00:00:14, memory = 1427.81 (MB).
    Completing 80% with 3344 violations.
    elapsed time = 00:00:17, memory = 1592.11 (MB).
    Completing 90% with 3344 violations.
    elapsed time = 00:00:22, memory = 1587.98 (MB).
    Completing 100% with 2833 violations.
    elapsed time = 00:00:24, memory = 1471.18 (MB).
[INFO DRT-0199]   Number of violations = 2833.
Viol/Layer        mcon   met1   met2   via2   met3   met4
Cut Spacing          3      0      0      2      0      0
Metal Spacing        0    368    136      0     45      0
Short                0   2042    220      0     15      2
[INFO DRT-0267] cpu time = 00:02:04, elapsed time = 00:00:24, memory = 1474.24 (MB), peak = 1626.67 (MB)
Total wire length = 205299 um.
Total wire length on LAYER li1 = 0 um.
Total wire length on LAYER met1 = 68572 um.
Total wire length on LAYER met2 = 75937 um.
Total wire length on LAYER met3 = 39655 um.
Total wire length on LAYER met4 = 18546 um.
Total wire length on LAYER met5 = 2587 um.
Total number of vias = 37340.
Up-via summary (total 37340):

------------------------
 FR_MASTERSLICE        0
            li1    14909
           met1    18402
           met2     2848
           met3     1120
           met4       61
------------------------
                   37340


[INFO DRT-0195] Start 2nd optimization iteration.
    Completing 10% with 2833 violations.
    elapsed time = 00:00:00, memory = 1474.24 (MB).
    Completing 20% with 2833 violations.
    elapsed time = 00:00:00, memory = 1642.68 (MB).
    Completing 30% with 2833 violations.
    elapsed time = 00:00:06, memory = 1548.73 (MB).
    Completing 40% with 2714 violations.
    elapsed time = 00:00:08, memory = 1593.80 (MB).
    Completing 50% with 2714 violations.
    elapsed time = 00:00:11, memory = 1606.36 (MB).
    Completing 60% with 2533 violations.
    elapsed time = 00:00:14, memory = 1531.36 (MB).
    Completing 70% with 2533 violations.
    elapsed time = 00:00:16, memory = 1709.45 (MB).
    Completing 80% with 2533 violations.
    elapsed time = 00:00:20, memory = 1570.62 (MB).
    Completing 90% with 2400 violations.
    elapsed time = 00:00:23, memory = 1707.32 (MB).
    Completing 100% with 2483 violations.
    elapsed time = 00:00:25, memory = 1570.62 (MB).
[INFO DRT-0199]   Number of violations = 2483.
Viol/Layer        mcon   met1   met2   met3   met4
Cut Spacing          2      0      0      0      0
Metal Spacing        0    283    100     27      1
Short                0   1850    209      8      3
[INFO DRT-0267] cpu time = 00:02:12, elapsed time = 00:00:25, memory = 1570.62 (MB), peak = 1746.82 (MB)
Total wire length = 204657 um.
Total wire length on LAYER li1 = 0 um.
Total wire length on LAYER met1 = 68067 um.
Total wire length on LAYER met2 = 75995 um.
Total wire length on LAYER met3 = 39461 um.
Total wire length on LAYER met4 = 18584 um.
Total wire length on LAYER met5 = 2549 um.
Total number of vias = 37186.
Up-via summary (total 37186):

------------------------
 FR_MASTERSLICE        0
            li1    14909
           met1    18266
           met2     2848
           met3     1104
           met4       59
------------------------
                   37186


[INFO DRT-0195] Start 3rd optimization iteration.
    Completing 10% with 2483 violations.
    elapsed time = 00:00:01, memory = 1801.40 (MB).
    Completing 20% with 2483 violations.
    elapsed time = 00:00:08, memory = 1700.27 (MB).
    Completing 30% with 2057 violations.
    elapsed time = 00:00:12, memory = 1798.56 (MB).
    Completing 40% with 2057 violations.
    elapsed time = 00:00:13, memory = 1762.36 (MB).
    Completing 50% with 2057 violations.
    elapsed time = 00:00:19, memory = 1694.97 (MB).
    Completing 60% with 1657 violations.
    elapsed time = 00:00:21, memory = 1841.97 (MB).
    Completing 70% with 1657 violations.
    elapsed time = 00:00:25, memory = 1775.27 (MB).
    Completing 80% with 1272 violations.
    elapsed time = 00:00:29, memory = 1905.37 (MB).
    Completing 90% with 1272 violations.
    elapsed time = 00:00:34, memory = 1903.49 (MB).
    Completing 100% with 910 violations.
    elapsed time = 00:00:44, memory = 1761.84 (MB).
[INFO DRT-0199]   Number of violations = 910.
Viol/Layer        met1    via   met2   met3   met4
Cut Spacing          0      1      0      0      0
Metal Spacing      153      0    103      5      0
Short              460      1    182      0      5
[INFO DRT-0267] cpu time = 00:02:48, elapsed time = 00:00:44, memory = 1761.84 (MB), peak = 1938.40 (MB)
Total wire length = 204625 um.
Total wire length on LAYER li1 = 0 um.
Total wire length on LAYER met1 = 62196 um.
Total wire length on LAYER met2 = 75247 um.
Total wire length on LAYER met3 = 44977 um.
Total wire length on LAYER met4 = 19653 um.
Total wire length on LAYER met5 = 2549 um.
Total number of vias = 38327.
Up-via summary (total 38327):

------------------------
 FR_MASTERSLICE        0
            li1    14909
           met1    18344
           met2     3746
           met3     1269
           met4       59
------------------------
                   38327


[INFO DRT-0195] Start 4th optimization iteration.
    Completing 10% with 910 violations.
    elapsed time = 00:00:00, memory = 1880.84 (MB).
    Completing 20% with 910 violations.
    elapsed time = 00:00:04, memory = 1826.86 (MB).
    Completing 30% with 638 violations.
    elapsed time = 00:00:05, memory = 1794.39 (MB).
    Completing 40% with 638 violations.
    elapsed time = 00:00:05, memory = 1909.02 (MB).
    Completing 50% with 638 violations.
    elapsed time = 00:00:08, memory = 1798.09 (MB).
    Completing 60% with 589 violations.
    elapsed time = 00:00:08, memory = 1872.97 (MB).
    Completing 70% with 589 violations.
    elapsed time = 00:00:12, memory = 1853.28 (MB).
    Completing 80% with 406 violations.
    elapsed time = 00:00:13, memory = 1971.46 (MB).
    Completing 90% with 406 violations.
    elapsed time = 00:00:14, memory = 1942.65 (MB).
    Completing 100% with 255 violations.
    elapsed time = 00:00:21, memory = 1820.66 (MB).
[INFO DRT-0199]   Number of violations = 255.
Viol/Layer        met1   met2
Metal Spacing       38     50
Short              102     65
[INFO DRT-0267] cpu time = 00:01:20, elapsed time = 00:00:21, memory = 1820.66 (MB), peak = 1978.68 (MB)
Total wire length = 204680 um.
Total wire length on LAYER li1 = 0 um.
Total wire length on LAYER met1 = 61795 um.
Total wire length on LAYER met2 = 75103 um.
Total wire length on LAYER met3 = 45336 um.
Total wire length on LAYER met4 = 19878 um.
Total wire length on LAYER met5 = 2567 um.
Total number of vias = 38417.
Up-via summary (total 38417):

------------------------
 FR_MASTERSLICE        0
            li1    14909
           met1    18357
           met2     3792
           met3     1300
           met4       59
------------------------
                   38417


[INFO DRT-0195] Start 5th optimization iteration.
    Completing 10% with 255 violations.
    elapsed time = 00:00:00, memory = 1820.66 (MB).
    Completing 20% with 255 violations.
    elapsed time = 00:00:01, memory = 1837.86 (MB).
    Completing 30% with 124 violations.
    elapsed time = 00:00:02, memory = 1827.99 (MB).
    Completing 40% with 124 violations.
    elapsed time = 00:00:02, memory = 1827.99 (MB).
    Completing 50% with 124 violations.
    elapsed time = 00:00:02, memory = 1827.99 (MB).
    Completing 60% with 115 violations.
    elapsed time = 00:00:02, memory = 1827.99 (MB).
    Completing 70% with 115 violations.
    elapsed time = 00:00:03, memory = 1870.65 (MB).
    Completing 80% with 104 violations.
    elapsed time = 00:00:09, memory = 1827.99 (MB).
    Completing 90% with 104 violations.
    elapsed time = 00:00:09, memory = 1827.99 (MB).
    Completing 100% with 91 violations.
    elapsed time = 00:00:14, memory = 1847.28 (MB).
[INFO DRT-0199]   Number of violations = 91.
Viol/Layer        met1   met2
Metal Spacing       13     17
Short               54      7
[INFO DRT-0267] cpu time = 00:00:48, elapsed time = 00:00:14, memory = 1847.28 (MB), peak = 1981.12 (MB)
Total wire length = 204672 um.
Total wire length on LAYER li1 = 0 um.
Total wire length on LAYER met1 = 61626 um.
Total wire length on LAYER met2 = 74949 um.
Total wire length on LAYER met3 = 45495 um.
Total wire length on LAYER met4 = 20032 um.
Total wire length on LAYER met5 = 2567 um.
Total number of vias = 38437.
Up-via summary (total 38437):

------------------------
 FR_MASTERSLICE        0
            li1    14909
           met1    18334
           met2     3824
           met3     1311
           met4       59
------------------------
                   38437


[INFO DRT-0195] Start 6th optimization iteration.
    Completing 10% with 91 violations.
    elapsed time = 00:00:00, memory = 1847.28 (MB).
    Completing 20% with 91 violations.
    elapsed time = 00:00:00, memory = 1847.28 (MB).
    Completing 30% with 91 violations.
    elapsed time = 00:00:02, memory = 1847.28 (MB).
    Completing 40% with 91 violations.
    elapsed time = 00:00:02, memory = 1847.28 (MB).
    Completing 50% with 91 violations.
    elapsed time = 00:00:03, memory = 1847.28 (MB).
    Completing 60% with 38 violations.
    elapsed time = 00:00:03, memory = 1847.28 (MB).
    Completing 70% with 38 violations.
    elapsed time = 00:00:03, memory = 1847.28 (MB).
    Completing 80% with 28 violations.
    elapsed time = 00:00:04, memory = 1847.27 (MB).
    Completing 90% with 28 violations.
    elapsed time = 00:00:04, memory = 1847.27 (MB).
    Completing 100% with 26 violations.
    elapsed time = 00:00:04, memory = 1847.27 (MB).
[INFO DRT-0199]   Number of violations = 26.
Viol/Layer        met1   met2
Metal Spacing        0      7
Short               15      4
[INFO DRT-0267] cpu time = 00:00:31, elapsed time = 00:00:04, memory = 1847.27 (MB), peak = 1981.12 (MB)
Total wire length = 204674 um.
Total wire length on LAYER li1 = 0 um.
Total wire length on LAYER met1 = 61591 um.
Total wire length on LAYER met2 = 74861 um.
Total wire length on LAYER met3 = 45563 um.
Total wire length on LAYER met4 = 20089 um.
Total wire length on LAYER met5 = 2567 um.
Total number of vias = 38447.
Up-via summary (total 38447):

------------------------
 FR_MASTERSLICE        0
            li1    14909
           met1    18332
           met2     3832
           met3     1315
           met4       59
------------------------
                   38447


[INFO DRT-0195] Start 7th optimization iteration.
    Completing 10% with 26 violations.
    elapsed time = 00:00:00, memory = 1847.27 (MB).
    Completing 20% with 26 violations.
    elapsed time = 00:00:00, memory = 1847.27 (MB).
    Completing 30% with 26 violations.
    elapsed time = 00:00:00, memory = 1847.27 (MB).
    Completing 40% with 4 violations.
    elapsed time = 00:00:02, memory = 1881.57 (MB).
    Completing 50% with 4 violations.
    elapsed time = 00:00:02, memory = 1881.57 (MB).
    Completing 60% with 4 violations.
    elapsed time = 00:00:02, memory = 1881.57 (MB).
    Completing 70% with 4 violations.
    elapsed time = 00:00:02, memory = 1881.57 (MB).
    Completing 80% with 4 violations.
    elapsed time = 00:00:02, memory = 1881.57 (MB).
    Completing 90% with 4 violations.
    elapsed time = 00:00:02, memory = 1881.57 (MB).
    Completing 100% with 4 violations.
    elapsed time = 00:00:02, memory = 1881.57 (MB).
[INFO DRT-0199]   Number of violations = 4.
Viol/Layer        met1
Metal Spacing        3
Short                1
[INFO DRT-0267] cpu time = 00:00:12, elapsed time = 00:00:02, memory = 1881.57 (MB), peak = 1981.12 (MB)
Total wire length = 204639 um.
Total wire length on LAYER li1 = 0 um.
Total wire length on LAYER met1 = 61570 um.
Total wire length on LAYER met2 = 74862 um.
Total wire length on LAYER met3 = 45575 um.
Total wire length on LAYER met4 = 20063 um.
Total wire length on LAYER met5 = 2567 um.
Total number of vias = 38435.
Up-via summary (total 38435):

------------------------
 FR_MASTERSLICE        0
            li1    14909
           met1    18325
           met2     3831
           met3     1311
           met4       59
------------------------
                   38435


[INFO DRT-0195] Start 8th optimization iteration.
    Completing 10% with 4 violations.
    elapsed time = 00:00:00, memory = 1881.57 (MB).
    Completing 20% with 4 violations.
    elapsed time = 00:00:00, memory = 1881.57 (MB).
    Completing 30% with 4 violations.
    elapsed time = 00:00:00, memory = 1881.57 (MB).
    Completing 40% with 4 violations.
    elapsed time = 00:00:00, memory = 1881.57 (MB).
    Completing 50% with 4 violations.
    elapsed time = 00:00:00, memory = 1881.57 (MB).
    Completing 60% with 4 violations.
    elapsed time = 00:00:00, memory = 1881.57 (MB).
    Completing 70% with 4 violations.
    elapsed time = 00:00:00, memory = 1881.57 (MB).
    Completing 80% with 4 violations.
    elapsed time = 00:00:00, memory = 1881.57 (MB).
    Completing 90% with 0 violations.
    elapsed time = 00:00:00, memory = 1884.40 (MB).
    Completing 100% with 0 violations.
    elapsed time = 00:00:00, memory = 1884.40 (MB).
[INFO DRT-0199]   Number of violations = 0.
[INFO DRT-0267] cpu time = 00:00:09, elapsed time = 00:00:00, memory = 1884.40 (MB), peak = 1981.12 (MB)
Total wire length = 204645 um.
Total wire length on LAYER li1 = 0 um.
Total wire length on LAYER met1 = 61579 um.
Total wire length on LAYER met2 = 74856 um.
Total wire length on LAYER met3 = 45577 um.
Total wire length on LAYER met4 = 20063 um.
Total wire length on LAYER met5 = 2567 um.
Total number of vias = 38435.
Up-via summary (total 38435):

------------------------
 FR_MASTERSLICE        0
            li1    14909
           met1    18326
           met2     3830
           met3     1311
           met4       59
------------------------
                   38435


[INFO DRT-0198] Complete detail routing.
Total wire length = 204645 um.
Total wire length on LAYER li1 = 0 um.
Total wire length on LAYER met1 = 61579 um.
Total wire length on LAYER met2 = 74856 um.
Total wire length on LAYER met3 = 45577 um.
Total wire length on LAYER met4 = 20063 um.
Total wire length on LAYER met5 = 2567 um.
Total number of vias = 38435.
Up-via summary (total 38435):

------------------------
 FR_MASTERSLICE        0
            li1    14909
           met1    18326
           met2     3830
           met3     1311
           met4       59
------------------------
                   38435


[INFO DRT-0267] cpu time = 00:12:21, elapsed time = 00:02:42, memory = 1884.40 (MB), peak = 1981.12 (MB)

[INFO DRT-0180] Post processing.
Setting global connections for newly added cells…
[INFO] Setting global connections...
Updating metrics…
Cell type report:                       Count       Area
  Fill cell                               190     713.18
  Tap cell                                970    1213.66
  Antenna cell                            181     452.93
  Clock buffer                             94    1351.30
  Timing Repair Buffer                   1321   10466.29
  Inverter                                  9      33.78
  Clock inverter                           36     366.60
  Sequential cell                         580   11614.89
  Multi-Input combinational cell         2160   19245.96
  Total                                  5541   45458.60
Writing OpenROAD database to '/home/niko_tambornini/EE531/my_designs/FPU_32_Bit/runs/RUN_2026-03-10_00-07-47/43-openroad-detailedrouting/Reorder_buffer.odb'…
Writing netlist to '/home/niko_tambornini/EE531/my_designs/FPU_32_Bit/runs/RUN_2026-03-10_00-07-47/43-openroad-detailedrouting/Reorder_buffer.nl.v'…
Writing powered netlist to '/home/niko_tambornini/EE531/my_designs/FPU_32_Bit/runs/RUN_2026-03-10_00-07-47/43-openroad-detailedrouting/Reorder_buffer.pnl.v'…
Writing layout to '/home/niko_tambornini/EE531/my_designs/FPU_32_Bit/runs/RUN_2026-03-10_00-07-47/43-openroad-detailedrouting/Reorder_buffer.def'…
Writing timing constraints to '/home/niko_tambornini/EE531/my_designs/FPU_32_Bit/runs/RUN_2026-03-10_00-07-47/43-openroad-detailedrouting/Reorder_buffer.sdc'…
