
===========================================================================
report_checks -unconstrained
===========================================================================
======================= min_tt_025C_1v80 Corner ===================================

Startpoint: reset (input port clocked by clk)
Endpoint: _4442_ (rising edge-triggered flip-flop clocked by clk)
Path Group: clk
Path Type: max

Fanout         Cap        Slew       Delay        Time   Description
---------------------------------------------------------------------------------------------
                                  0.000000    0.000000   clock clk (rise edge)
                                  0.000000    0.000000   clock network delay (propagated)
                                  5.000000    5.000000 ^ input external delay
     1    0.003094    0.020999    0.011326    5.011327 ^ reset (in)
                                                         reset (net)
                      0.020999    0.000000    5.011327 ^ input6/A (sky130_fd_sc_hd__buf_1)
     3    0.023450    0.277434    0.234754    5.246080 ^ input6/X (sky130_fd_sc_hd__buf_1)
                                                         net6 (net)
                      0.277434    0.000192    5.246273 ^ fanout656/A (sky130_fd_sc_hd__clkbuf_2)
     6    0.034420    0.190120    0.276259    5.522532 ^ fanout656/X (sky130_fd_sc_hd__clkbuf_2)
                                                         net656 (net)
                      0.190120    0.000073    5.522605 ^ fanout653/A (sky130_fd_sc_hd__buf_2)
    10    0.037007    0.183133    0.253680    5.776285 ^ fanout653/X (sky130_fd_sc_hd__buf_2)
                                                         net653 (net)
                      0.183143    0.001547    5.777832 ^ _2221_/B_N (sky130_fd_sc_hd__and4bb_1)
     6    0.014394    0.088711    0.287016    6.064848 v _2221_/X (sky130_fd_sc_hd__and4bb_1)
                                                         _0627_ (net)
                      0.088711    0.000130    6.064978 v _2440_/B (sky130_fd_sc_hd__and3_2)
     5    0.048693    0.133335    0.315685    6.380663 v _2440_/X (sky130_fd_sc_hd__and3_2)
                                                         _0782_ (net)
                      0.133335    0.000203    6.380866 v fanout514/A (sky130_fd_sc_hd__buf_4)
     9    0.078963    0.105074    0.250280    6.631146 v fanout514/X (sky130_fd_sc_hd__buf_4)
                                                         net514 (net)
                      0.105074    0.000584    6.631731 v _2441_/B1 (sky130_fd_sc_hd__a31o_2)
     4    0.079201    0.200144    0.394907    7.026638 v _2441_/X (sky130_fd_sc_hd__a31o_2)
                                                         _0783_ (net)
                      0.200144    0.000387    7.027025 v fanout403/A (sky130_fd_sc_hd__clkbuf_4)
    10    0.059386    0.122260    0.289598    7.316623 v fanout403/X (sky130_fd_sc_hd__clkbuf_4)
                                                         net403 (net)
                      0.122262    0.000707    7.317329 v _2447_/A (sky130_fd_sc_hd__nor2_2)
     3    0.086469    0.908461    0.739390    8.056720 ^ _2447_/Y (sky130_fd_sc_hd__nor2_2)
                                                         _0789_ (net)
                      0.908461    0.000663    8.057384 ^ fanout305/A (sky130_fd_sc_hd__clkbuf_4)
     8    0.066226    0.208153    0.442418    8.499801 ^ fanout305/X (sky130_fd_sc_hd__clkbuf_4)
                                                         net305 (net)
                      0.208155    0.001176    8.500978 ^ fanout304/A (sky130_fd_sc_hd__clkbuf_4)
    10    0.074635    0.225245    0.322154    8.823131 ^ fanout304/X (sky130_fd_sc_hd__clkbuf_4)
                                                         net304 (net)
                      0.225448    0.004206    8.827336 ^ _2542_/A2 (sky130_fd_sc_hd__a221o_1)
     1    0.005198    0.068447    0.200984    9.028320 ^ _2542_/X (sky130_fd_sc_hd__a221o_1)
                                                         _0853_ (net)
                      0.068447    0.000087    9.028408 ^ _2543_/B1 (sky130_fd_sc_hd__o21a_1)
     1    0.002842    0.041851    0.114298    9.142706 ^ _2543_/X (sky130_fd_sc_hd__o21a_1)
                                                         _0553_ (net)
                      0.041851    0.000023    9.142729 ^ _4442_/D (sky130_fd_sc_hd__dfxtp_1)
                                              9.142729   data arrival time

                                 25.000000   25.000000   clock clk (rise edge)
                                  0.000000   25.000000   clock source latency
     1    0.046814    0.214930    0.149649   25.149649 ^ clk (in)
                                                         clk (net)
                      0.214962    0.000000   25.149649 ^ clkbuf_0_clk/A (sky130_fd_sc_hd__clkbuf_16)
     8    0.162987    0.175552    0.282938   25.432587 ^ clkbuf_0_clk/X (sky130_fd_sc_hd__clkbuf_16)
                                                         clknet_0_clk (net)
                      0.175942    0.006716   25.439302 ^ clkbuf_3_2__f_clk/A (sky130_fd_sc_hd__clkbuf_16)
     8    0.074089    0.092048    0.211761   25.651064 ^ clkbuf_3_2__f_clk/X (sky130_fd_sc_hd__clkbuf_16)
                                                         clknet_3_2__leaf_clk (net)
                      0.092051    0.000700   25.651764 ^ clkbuf_leaf_46_clk/A (sky130_fd_sc_hd__clkbuf_8)
     8    0.029639    0.065782    0.161565   25.813330 ^ clkbuf_leaf_46_clk/X (sky130_fd_sc_hd__clkbuf_8)
                                                         clknet_leaf_46_clk (net)
                      0.065782    0.000224   25.813553 ^ _4442_/CLK (sky130_fd_sc_hd__dfxtp_1)
                                 -0.250000   25.563553   clock uncertainty
                                  0.000000   25.563553   clock reconvergence pessimism
                                 -0.050306   25.513248   library setup time
                                             25.513248   data required time
---------------------------------------------------------------------------------------------
                                             25.513248   data required time
                                             -9.142729   data arrival time
---------------------------------------------------------------------------------------------
                                             16.370522   slack (MET)




===========================================================================
report_checks --slack_max -0.01
============================================================================
======================= min_tt_025C_1v80 Corner ===================================

No paths found.


===========================================================================
 report_check_types -max_slew -max_cap -max_fanout -violators
============================================================================
======================= min_tt_025C_1v80 Corner ===================================

max slew

Pin                                        Limit        Slew       Slack
------------------------------------------------------------------------
fanout336/A                             0.750000    1.149394   -0.399394 (VIOLATED)
_4245_/Y                                0.750000    1.149388   -0.399388 (VIOLATED)
max_cap339/A                            0.750000    1.149388   -0.399388 (VIOLATED)
ANTENNA_51/DIODE                        0.750000    0.980584   -0.230584 (VIOLATED)
fanout244/A                             0.750000    0.980584   -0.230584 (VIOLATED)
ANTENNA_50/DIODE                        0.750000    0.980577   -0.230577 (VIOLATED)
fanout242/A                             0.750000    0.980577   -0.230577 (VIOLATED)
fanout243/A                             0.750000    0.980457   -0.230457 (VIOLATED)
ANTENNA_49/DIODE                        0.750000    0.980455   -0.230455 (VIOLATED)
_3668_/Y                                0.750000    0.980455   -0.230455 (VIOLATED)
fanout241/A                             0.750000    0.980455   -0.230455 (VIOLATED)
ANTENNA_57/DIODE                        0.750000    0.975038   -0.225038 (VIOLATED)
fanout224/A                             0.750000    0.975038   -0.225038 (VIOLATED)
fanout222/A                             0.750000    0.975018   -0.225018 (VIOLATED)
ANTENNA_56/DIODE                        0.750000    0.975016   -0.225016 (VIOLATED)
fanout223/A                             0.750000    0.975016   -0.225016 (VIOLATED)
_4243_/Y                                0.750000    0.975015   -0.225015 (VIOLATED)
fanout221/A                             0.750000    0.975015   -0.225015 (VIOLATED)
_3565_/C1                               0.750000    0.945312   -0.195312 (VIOLATED)
_3574_/C1                               0.750000    0.945311   -0.195311 (VIOLATED)
fanout253/A                             0.750000    0.945298   -0.195298 (VIOLATED)
fanout254/A                             0.750000    0.945232   -0.195232 (VIOLATED)
_3489_/Y                                0.750000    0.945229   -0.195230 (VIOLATED)
fanout307/A                             0.750000    0.908475   -0.158475 (VIOLATED)
fanout306/A                             0.750000    0.908466   -0.158466 (VIOLATED)
_2447_/Y                                0.750000    0.908461   -0.158461 (VIOLATED)
fanout305/A                             0.750000    0.908461   -0.158461 (VIOLATED)
fanout230/A                             0.750000    0.898850   -0.148850 (VIOLATED)
ANTENNA_54/DIODE                        0.750000    0.898846   -0.148846 (VIOLATED)
fanout232/A                             0.750000    0.898846   -0.148846 (VIOLATED)
ANTENNA_133/DIODE                       0.750000    0.898828   -0.148828 (VIOLATED)
fanout231/A                             0.750000    0.898828   -0.148828 (VIOLATED)
_4147_/Y                                0.750000    0.898823   -0.148823 (VIOLATED)
fanout229/A                             0.750000    0.898823   -0.148823 (VIOLATED)
ANTENNA_20/DIODE                        0.750000    0.839669   -0.089669 (VIOLATED)
fanout194/A                             0.750000    0.839669   -0.089669 (VIOLATED)
_2971_/Y                                0.750000    0.839663   -0.089663 (VIOLATED)
max_cap198/A                            0.750000    0.839663   -0.089663 (VIOLATED)
fanout264/A                             0.750000    0.752556   -0.002556 (VIOLATED)
fanout266/A                             0.750000    0.752555   -0.002555 (VIOLATED)
ANTENNA_36/DIODE                        0.750000    0.752555   -0.002555 (VIOLATED)
ANTENNA_35/DIODE                        0.750000    0.752552   -0.002552 (VIOLATED)
fanout265/A                             0.750000    0.752552   -0.002552 (VIOLATED)
_3385_/Y                                0.750000    0.752547   -0.002547 (VIOLATED)
fanout263/A                             0.750000    0.752547   -0.002547 (VIOLATED)

max fanout

Pin                                   Limit Fanout  Slack
---------------------------------------------------------
fanout401/X                              10     17     -7 (VIOLATED)
fanout508/X                              10     17     -7 (VIOLATED)
clkbuf_leaf_0_clk/X                      10     16     -6 (VIOLATED)
clkbuf_leaf_2_clk/X                      10     16     -6 (VIOLATED)
clkbuf_leaf_57_clk/X                     10     15     -5 (VIOLATED)
clkbuf_leaf_40_clk/X                     10     14     -4 (VIOLATED)
clkbuf_leaf_60_clk/X                     10     14     -4 (VIOLATED)
clkbuf_leaf_62_clk/X                     10     14     -4 (VIOLATED)
fanout299/X                              10     14     -4 (VIOLATED)
fanout350/X                              10     14     -4 (VIOLATED)
fanout542/X                              10     14     -4 (VIOLATED)
clkbuf_leaf_41_clk/X                     10     13     -3 (VIOLATED)
clkbuf_leaf_54_clk/X                     10     13     -3 (VIOLATED)
clkbuf_leaf_58_clk/X                     10     13     -3 (VIOLATED)
clkbuf_leaf_15_clk/X                     10     12     -2 (VIOLATED)
clkbuf_leaf_17_clk/X                     10     12     -2 (VIOLATED)
clkbuf_leaf_33_clk/X                     10     12     -2 (VIOLATED)
clkbuf_leaf_38_clk/X                     10     12     -2 (VIOLATED)
fanout164/X                              10     12     -2 (VIOLATED)
fanout178/X                              10     12     -2 (VIOLATED)
fanout279/X                              10     12     -2 (VIOLATED)
fanout419/X                              10     12     -2 (VIOLATED)
fanout435/X                              10     12     -2 (VIOLATED)
fanout483/X                              10     12     -2 (VIOLATED)
clkbuf_leaf_13_clk/X                     10     11        (VIOLATED)
clkbuf_leaf_16_clk/X                     10     11        (VIOLATED)
clkbuf_leaf_18_clk/X                     10     11        (VIOLATED)
clkbuf_leaf_19_clk/X                     10     11        (VIOLATED)
clkbuf_leaf_20_clk/X                     10     11        (VIOLATED)
clkbuf_leaf_21_clk/X                     10     11        (VIOLATED)
clkbuf_leaf_23_clk/X                     10     11        (VIOLATED)
clkbuf_leaf_25_clk/X                     10     11        (VIOLATED)
clkbuf_leaf_26_clk/X                     10     11        (VIOLATED)
clkbuf_leaf_32_clk/X                     10     11        (VIOLATED)
clkbuf_leaf_3_clk/X                      10     11        (VIOLATED)
clkbuf_leaf_43_clk/X                     10     11        (VIOLATED)
clkbuf_leaf_4_clk/X                      10     11        (VIOLATED)
clkbuf_leaf_55_clk/X                     10     11        (VIOLATED)
clkbuf_leaf_56_clk/X                     10     11        (VIOLATED)
clkbuf_leaf_59_clk/X                     10     11        (VIOLATED)
clkbuf_leaf_8_clk/X                      10     11        (VIOLATED)
clkbuf_leaf_9_clk/X                      10     11        (VIOLATED)
fanout174/X                              10     11        (VIOLATED)
fanout176/X                              10     11        (VIOLATED)
fanout186/X                              10     11        (VIOLATED)
fanout188/X                              10     11        (VIOLATED)
fanout190/X                              10     11        (VIOLATED)
fanout233/X                              10     11        (VIOLATED)
fanout245/X                              10     11        (VIOLATED)
fanout249/X                              10     11        (VIOLATED)
fanout257/X                              10     11        (VIOLATED)
fanout261/X                              10     11        (VIOLATED)
fanout330/X                              10     11        (VIOLATED)
fanout351/X                              10     11        (VIOLATED)
fanout368/X                              10     11        (VIOLATED)
fanout373/X                              10     11        (VIOLATED)
fanout376/X                              10     11        (VIOLATED)
fanout491/X                              10     11        (VIOLATED)



===========================================================================
report_parasitic_annotation -report_unannotated
============================================================================
Found 61 unannotated drivers.
 value[0]
 value[1]
 value[2]
 value[3]
 clkload0/Y
 clkload1/Y
 clkload10/Y
 clkload11/X
 clkload12/Y
 clkload13/Y
 clkload14/X
 clkload15/Y
 clkload16/Y
 clkload17/Y
 clkload18/Y
 clkload19/Y
 clkload2/Y
 clkload20/X
 clkload21/Y
 clkload22/X
 clkload23/Y
 clkload24/Y
 clkload25/Y
 clkload26/Y
 clkload27/Y
 clkload28/X
 clkload29/Y
 clkload3/X
 clkload30/X
 clkload31/Y
 clkload32/X
 clkload33/X
 clkload34/Y
 clkload35/Y
 clkload36/Y
 clkload37/X
 clkload38/Y
 clkload39/X
 clkload4/X
 clkload40/X
 clkload41/X
 clkload42/X
 clkload43/X
 clkload44/X
 clkload45/Y
 clkload46/Y
 clkload47/Y
 clkload48/Y
 clkload49/Y
 clkload5/Y
 clkload50/Y
 clkload51/X
 clkload52/Y
 clkload53/Y
 clkload54/Y
 clkload55/Y
 clkload56/X
 clkload6/X
 clkload7/Y
 clkload8/Y
 clkload9/X
Found 0 partially unannotated drivers.

===========================================================================
max slew violation count 45
max fanout violation count 58
max cap violation count 0
============================================================================

===========================================================================
check_setup -verbose -unconstrained_endpoints -multiple_clock -no_clock -no_input_delay -loops -generated_clocks
===========================================================================
