Clock: clk
Sources: clk 
Generated: no
Virtual: yes
Propagated: no
Period: 25.000000

===========================================================================
report_clock_properties
============================================================================
Clock                   Period          Waveform
----------------------------------------------------
clk                  25.000000    0.000000 12.500000

===========================================================================
report_clock_latency
============================================================================
Clock clk
rise -> rise
    min     max
0.000000 0.000000 source latency
0.652239         network latency _4823_/CLK
        0.846984 network latency _4347_/CLK
---------------
0.652239 0.846984 latency
        0.194745 skew

fall -> fall
    min     max
0.000000 0.000000 source latency
0.528679         network latency _4823_/CLK
        0.712845 network latency _4347_/CLK
---------------
0.528679 0.712845 latency
        0.184166 skew



===========================================================================
report_clock_min_period
============================================================================
clk period_min = 4.00 fmax = 249.88
